<?xml version="1.0" encoding="UTF-8"?>
<coverage generated="1585949961611" clover="3.2.0">
  <project timestamp="1585949961612" name="All files">
    <metrics statements="2694" coveredstatements="2103" conditionals="1648" coveredconditionals="1039" methods="429" coveredmethods="348" elements="4771" coveredelements="3490" complexity="0" loc="2694" ncloc="2694" packages="2" files="18" classes="18"/>
    <package name="src">
      <metrics statements="1349" coveredstatements="954" conditionals="788" coveredconditionals="457" methods="248" coveredmethods="191"/>
      <file name="AuthorizationClient.js" path="/Users/ktalmadge/dev/elv-client-js/src/AuthorizationClient.js">
        <metrics statements="321" coveredstatements="275" conditionals="223" coveredconditionals="149" methods="36" coveredmethods="33"/>
        <line num="1" count="5" type="stmt"/>
        <line num="2" count="5" type="stmt"/>
        <line num="3" count="5" type="stmt"/>
        <line num="4" count="5" type="stmt"/>
        <line num="5" count="5" type="stmt"/>
        <line num="6" count="5" type="stmt"/>
        <line num="20" count="5" type="stmt"/>
        <line num="32" count="5" type="stmt"/>
        <line num="57" count="352" type="cond" truecount="1" falsecount="1"/>
        <line num="59" count="0" type="cond" truecount="0" falsecount="2"/>
        <line num="60" count="0" type="stmt"/>
        <line num="63" count="0" type="cond" truecount="0" falsecount="2"/>
        <line num="71" count="29" type="stmt"/>
        <line num="72" count="29" type="stmt"/>
        <line num="74" count="29" type="stmt"/>
        <line num="75" count="29" type="stmt"/>
        <line num="76" count="29" type="stmt"/>
        <line num="77" count="29" type="stmt"/>
        <line num="78" count="29" type="stmt"/>
        <line num="80" count="29" type="stmt"/>
        <line num="91" count="29" type="stmt"/>
        <line num="102" count="29" type="stmt"/>
        <line num="103" count="29" type="stmt"/>
        <line num="104" count="29" type="stmt"/>
        <line num="105" count="29" type="stmt"/>
        <line num="106" count="29" type="stmt"/>
        <line num="107" count="29" type="stmt"/>
        <line num="112" count="376" type="stmt"/>
        <line num="114" count="375" type="stmt"/>
        <line num="116" count="375" type="cond" truecount="4" falsecount="0"/>
        <line num="117" count="18" type="stmt"/>
        <line num="120" count="375" type="stmt"/>
        <line num="137" count="435" type="stmt"/>
        <line num="139" count="435" type="stmt"/>
        <line num="141" count="435" type="cond" truecount="2" falsecount="2"/>
        <line num="142" count="0" type="stmt"/>
        <line num="146" count="435" type="cond" truecount="2" falsecount="0"/>
        <line num="147" count="25" type="stmt"/>
        <line num="149" count="410" type="stmt"/>
        <line num="160" count="434" type="stmt"/>
        <line num="162" count="1" type="stmt"/>
        <line num="164" count="435" type="stmt"/>
        <line num="169" count="410" type="cond" truecount="2" falsecount="0"/>
        <line num="173" count="410" type="cond" truecount="6" falsecount="0"/>
        <line num="174" count="18" type="stmt"/>
        <line num="175" count="18" type="cond" truecount="2" falsecount="0"/>
        <line num="176" count="1" type="stmt"/>
        <line num="177" count="1" type="stmt"/>
        <line num="181" count="410" type="stmt"/>
        <line num="186" count="410" type="cond" truecount="4" falsecount="0"/>
        <line num="187" count="317" type="stmt"/>
        <line num="197" count="316" type="stmt"/>
        <line num="200" count="409" type="cond" truecount="2" falsecount="0"/>
        <line num="201" count="395" type="stmt"/>
        <line num="204" count="409" type="cond" truecount="1" falsecount="1"/>
        <line num="205" count="0" type="stmt"/>
        <line num="208" count="409" type="cond" truecount="2" falsecount="0"/>
        <line num="209" count="1" type="stmt"/>
        <line num="212" count="409" type="stmt"/>
        <line num="214" count="409" type="stmt"/>
        <line num="215" count="409" type="stmt"/>
        <line num="217" count="409" type="stmt"/>
        <line num="231" count="318" type="cond" truecount="1" falsecount="1"/>
        <line num="232" count="0" type="stmt"/>
        <line num="236" count="318" type="stmt"/>
        <line num="240" count="318" type="cond" truecount="1" falsecount="1"/>
        <line num="242" count="0" type="stmt"/>
        <line num="244" count="0" type="cond" truecount="0" falsecount="2"/>
        <line num="245" count="0" type="stmt"/>
        <line num="249" count="318" type="cond" truecount="2" falsecount="0"/>
        <line num="251" count="318" type="cond" truecount="2" falsecount="1"/>
        <line num="252" count="318" type="stmt"/>
        <line num="253" count="318" type="stmt"/>
        <line num="261" count="318" type="stmt"/>
        <line num="264" count="318" type="cond" truecount="4" falsecount="0"/>
        <line num="265" count="317" type="cond" truecount="2" falsecount="0"/>
        <line num="267" count="317" type="cond" truecount="2" falsecount="0"/>
        <line num="271" count="100" type="cond" truecount="1" falsecount="1"/>
        <line num="273" count="100" type="stmt"/>
        <line num="275" count="100" type="cond" truecount="2" falsecount="0"/>
        <line num="276" count="66" type="stmt"/>
        <line num="277" count="66" type="stmt"/>
        <line num="279" count="34" type="stmt"/>
        <line num="280" count="34" type="stmt"/>
        <line num="284" count="99" type="cond" truecount="1" falsecount="1"/>
        <line num="285" count="99" type="stmt"/>
        <line num="288" count="99" type="stmt"/>
        <line num="289" count="98" type="cond" truecount="4" falsecount="0"/>
        <line num="290" count="7" type="stmt"/>
        <line num="291" count="7" type="stmt"/>
        <line num="298" count="99" type="stmt"/>
        <line num="302" count="34" type="stmt"/>
        <line num="305" count="34" type="stmt"/>
        <line num="306" count="34" type="cond" truecount="4" falsecount="0"/>
        <line num="307" count="8" type="stmt"/>
        <line num="309" count="7" type="cond" truecount="2" falsecount="0"/>
        <line num="311" count="2" type="stmt"/>
        <line num="313" count="2" type="stmt"/>
        <line num="317" count="33" type="cond" truecount="1" falsecount="1"/>
        <line num="318" count="0" type="stmt"/>
        <line num="322" count="33" type="stmt"/>
        <line num="323" count="33" type="cond" truecount="1" falsecount="1"/>
        <line num="324" count="0" type="stmt"/>
        <line num="326" count="33" type="stmt"/>
        <line num="329" count="33" type="cond" truecount="2" falsecount="0"/>
        <line num="330" count="1" type="stmt"/>
        <line num="331" count="1" type="stmt"/>
        <line num="334" count="32" type="stmt"/>
        <line num="343" count="32" type="cond" truecount="1" falsecount="1"/>
        <line num="344" count="0" type="stmt"/>
        <line num="347" count="32" type="stmt"/>
        <line num="351" count="66" type="stmt"/>
        <line num="358" count="66" type="stmt"/>
        <line num="364" count="66" type="cond" truecount="3" falsecount="1"/>
        <line num="365" count="0" type="stmt"/>
        <line num="368" count="66" type="stmt"/>
        <line num="372" count="25" type="cond" truecount="1" falsecount="1"/>
        <line num="373" count="0" type="stmt"/>
        <line num="379" count="25" type="cond" truecount="4" falsecount="0"/>
        <line num="380" count="23" type="stmt"/>
        <line num="383" count="2" type="stmt"/>
        <line num="385" count="2" type="stmt"/>
        <line num="387" count="2" type="stmt"/>
        <line num="394" count="2" type="stmt"/>
        <line num="401" count="2" type="stmt"/>
        <line num="402" count="2" type="stmt"/>
        <line num="404" count="2" type="stmt"/>
        <line num="405" count="2" type="cond" truecount="1" falsecount="1"/>
        <line num="406" count="2" type="stmt"/>
        <line num="407" count="2" type="stmt"/>
        <line num="410" count="2" type="stmt"/>
        <line num="416" count="2" type="stmt"/>
        <line num="417" count="2" type="stmt"/>
        <line num="419" count="2" type="stmt"/>
        <line num="421" count="2" type="cond" truecount="1" falsecount="1"/>
        <line num="422" count="2" type="stmt"/>
        <line num="425" count="2" type="stmt"/>
        <line num="429" count="1" type="stmt"/>
        <line num="431" count="1" type="stmt"/>
        <line num="433" count="1" type="stmt"/>
        <line num="440" count="1" type="stmt"/>
        <line num="447" count="1" type="stmt"/>
        <line num="448" count="1" type="stmt"/>
        <line num="450" count="1" type="stmt"/>
        <line num="452" count="1" type="stmt"/>
        <line num="458" count="1" type="stmt"/>
        <line num="460" count="1" type="stmt"/>
        <line num="464" count="0" type="cond" truecount="0" falsecount="2"/>
        <line num="465" count="0" type="stmt"/>
        <line num="468" count="0" type="cond" truecount="0" falsecount="4"/>
        <line num="469" count="0" type="stmt"/>
        <line num="472" count="0" type="stmt"/>
        <line num="474" count="0" type="cond" truecount="0" falsecount="4"/>
        <line num="475" count="0" type="cond" truecount="0" falsecount="2"/>
        <line num="478" count="0" type="stmt"/>
        <line num="483" count="0" type="stmt"/>
        <line num="492" count="0" type="cond" truecount="0" falsecount="2"/>
        <line num="493" count="0" type="stmt"/>
        <line num="496" count="0" type="stmt"/>
        <line num="500" count="99" type="cond" truecount="2" falsecount="0"/>
        <line num="502" count="99" type="cond" truecount="5" falsecount="0"/>
        <line num="504" count="5" type="stmt"/>
        <line num="505" count="5" type="stmt"/>
        <line num="508" count="10" type="stmt"/>
        <line num="509" count="10" type="stmt"/>
        <line num="512" count="7" type="stmt"/>
        <line num="513" count="7" type="stmt"/>
        <line num="516" count="15" type="cond" truecount="2" falsecount="0"/>
        <line num="517" count="15" type="stmt"/>
        <line num="519" count="62" type="stmt"/>
        <line num="522" count="99" type="stmt"/>
        <line num="526" count="856" type="cond" truecount="1" falsecount="1"/>
        <line num="527" count="856" type="stmt"/>
        <line num="534" count="856" type="stmt"/>
        <line num="540" count="318" type="cond" truecount="6" falsecount="1"/>
        <line num="542" count="18" type="stmt"/>
        <line num="546" count="18" type="stmt"/>
        <line num="549" count="34" type="stmt"/>
        <line num="553" count="34" type="stmt"/>
        <line num="556" count="24" type="stmt"/>
        <line num="560" count="24" type="stmt"/>
        <line num="563" count="7" type="stmt"/>
        <line num="567" count="7" type="stmt"/>
        <line num="570" count="55" type="stmt"/>
        <line num="574" count="55" type="stmt"/>
        <line num="577" count="180" type="cond" truecount="2" falsecount="0"/>
        <line num="586" count="180" type="stmt"/>
        <line num="588" count="180" type="cond" truecount="1" falsecount="1"/>
        <line num="589" count="180" type="cond" truecount="4" falsecount="0"/>
        <line num="591" count="1" type="cond" truecount="1" falsecount="1"/>
        <line num="594" count="179" type="stmt"/>
        <line num="603" count="180" type="stmt"/>
        <line num="605" count="0" type="stmt"/>
        <line num="611" count="318" type="cond" truecount="2" falsecount="3"/>
        <line num="612" count="0" type="stmt"/>
        <line num="618" count="318" type="stmt"/>
        <line num="627" count="902" type="stmt"/>
        <line num="629" count="902" type="cond" truecount="2" falsecount="0"/>
        <line num="631" count="50" type="cond" truecount="6" falsecount="1"/>
        <line num="633" count="4" type="stmt"/>
        <line num="634" count="4" type="stmt"/>
        <line num="636" count="10" type="stmt"/>
        <line num="637" count="10" type="stmt"/>
        <line num="639" count="19" type="stmt"/>
        <line num="640" count="19" type="stmt"/>
        <line num="642" count="4" type="stmt"/>
        <line num="643" count="4" type="stmt"/>
        <line num="645" count="2" type="stmt"/>
        <line num="646" count="2" type="stmt"/>
        <line num="648" count="11" type="stmt"/>
        <line num="649" count="11" type="stmt"/>
        <line num="651" count="0" type="stmt"/>
        <line num="654" count="50" type="stmt"/>
        <line num="657" count="902" type="stmt"/>
        <line num="661" count="1" type="stmt"/>
        <line num="662" count="1" type="stmt"/>
        <line num="664" count="1" type="stmt"/>
        <line num="665" count="1" type="stmt"/>
        <line num="667" count="1" type="cond" truecount="1" falsecount="1"/>
        <line num="670" count="1" type="stmt"/>
        <line num="677" count="1" type="stmt"/>
        <line num="678" count="1" type="stmt"/>
        <line num="680" count="1" type="stmt"/>
        <line num="686" count="856" type="cond" truecount="2" falsecount="0"/>
        <line num="687" count="856" type="cond" truecount="2" falsecount="0"/>
        <line num="689" count="856" type="stmt"/>
        <line num="690" count="856" type="cond" truecount="1" falsecount="1"/>
        <line num="691" count="856" type="stmt"/>
        <line num="693" count="856" type="cond" truecount="1" falsecount="1"/>
        <line num="695" count="856" type="stmt"/>
        <line num="703" count="2" type="stmt"/>
        <line num="705" count="2" type="stmt"/>
        <line num="712" count="2" type="stmt"/>
        <line num="716" count="44" type="cond" truecount="1" falsecount="1"/>
        <line num="718" count="44" type="cond" truecount="2" falsecount="0"/>
        <line num="719" count="43" type="stmt"/>
        <line num="722" count="44" type="stmt"/>
        <line num="728" count="43" type="stmt"/>
        <line num="732" count="415" type="stmt"/>
        <line num="738" count="2" type="cond" truecount="1" falsecount="1"/>
        <line num="739" count="0" type="stmt"/>
        <line num="742" count="2" type="stmt"/>
        <line num="744" count="2" type="stmt"/>
        <line num="753" count="5" type="cond" truecount="1" falsecount="1"/>
        <line num="754" count="0" type="stmt"/>
        <line num="756" count="0" type="stmt"/>
        <line num="764" count="5" type="cond" truecount="1" falsecount="1"/>
        <line num="765" count="0" type="stmt"/>
        <line num="768" count="5" type="stmt"/>
        <line num="771" count="5" type="stmt"/>
        <line num="781" count="5" type="stmt"/>
        <line num="783" count="5" type="stmt"/>
        <line num="791" count="1" type="cond" truecount="1" falsecount="1"/>
        <line num="793" count="1" type="stmt"/>
        <line num="794" count="1" type="stmt"/>
        <line num="795" count="1" type="stmt"/>
        <line num="801" count="1" type="stmt"/>
        <line num="802" count="1" type="cond" truecount="1" falsecount="1"/>
        <line num="804" count="1" type="stmt"/>
        <line num="805" count="1" type="stmt"/>
        <line num="807" count="1" type="stmt"/>
        <line num="815" count="4" type="cond" truecount="1" falsecount="1"/>
        <line num="817" count="4" type="stmt"/>
        <line num="819" count="4" type="stmt"/>
        <line num="820" count="7" type="stmt"/>
        <line num="821" count="7" type="stmt"/>
        <line num="828" count="7" type="stmt"/>
        <line num="829" count="7" type="stmt"/>
        <line num="831" count="3" type="stmt"/>
        <line num="834" count="3" type="cond" truecount="1" falsecount="1"/>
        <line num="835" count="0" type="stmt"/>
        <line num="842" count="985" type="stmt"/>
        <line num="844" count="985" type="stmt"/>
        <line num="846" count="985" type="cond" truecount="2" falsecount="0"/>
        <line num="847" count="164" type="stmt"/>
        <line num="849" count="164" type="cond" truecount="2" falsecount="0"/>
        <line num="850" count="96" type="stmt"/>
        <line num="853" count="8116" type="stmt"/>
        <line num="855" count="164" type="cond" truecount="2" falsecount="0"/>
        <line num="856" count="91" type="stmt"/>
        <line num="859" count="114" type="stmt"/>
        <line num="860" count="73" type="stmt"/>
        <line num="864" count="73" type="stmt"/>
        <line num="873" count="894" type="stmt"/>
        <line num="877" count="73" type="stmt"/>
        <line num="879" count="73" type="stmt"/>
        <line num="880" count="73" type="stmt"/>
        <line num="881" count="73" type="stmt"/>
        <line num="883" count="73" type="stmt"/>
        <line num="890" count="73" type="stmt"/>
        <line num="891" count="73" type="stmt"/>
        <line num="893" count="0" type="stmt"/>
        <line num="896" count="0" type="cond" truecount="0" falsecount="2"/>
        <line num="897" count="0" type="stmt"/>
        <line num="904" count="2" type="cond" truecount="1" falsecount="1"/>
        <line num="905" count="0" type="stmt"/>
        <line num="908" count="2" type="cond" truecount="2" falsecount="0"/>
        <line num="909" count="1" type="stmt"/>
        <line num="910" count="1" type="stmt"/>
        <line num="912" count="1" type="stmt"/>
        <line num="915" count="2" type="stmt"/>
        <line num="919" count="0" type="cond" truecount="0" falsecount="2"/>
        <line num="921" count="0" type="stmt"/>
        <line num="924" count="0" type="stmt"/>
        <line num="925" count="0" type="cond" truecount="0" falsecount="2"/>
        <line num="926" count="0" type="stmt"/>
        <line num="934" count="2" type="stmt"/>
        <line num="939" count="2" type="stmt"/>
        <line num="947" count="3" type="stmt"/>
        <line num="952" count="3" type="stmt"/>
        <line num="960" count="7" type="stmt"/>
        <line num="966" count="7" type="stmt"/>
        <line num="974" count="8" type="stmt"/>
        <line num="981" count="8" type="stmt"/>
        <line num="982" count="8" type="cond" truecount="1" falsecount="1"/>
        <line num="983" count="8" type="stmt"/>
        <line num="986" count="8" type="stmt"/>
        <line num="994" count="0" type="stmt"/>
        <line num="1005" count="0" type="stmt"/>
        <line num="1016" count="0" type="stmt"/>
        <line num="1020" count="5" type="stmt"/>
      </file>
      <file name="ContentObjectVerification.js" path="/Users/ktalmadge/dev/elv-client-js/src/ContentObjectVerification.js">
        <metrics statements="94" coveredstatements="0" conditionals="37" coveredconditionals="0" methods="14" coveredmethods="0"/>
        <line num="1" count="0" type="stmt"/>
        <line num="2" count="0" type="stmt"/>
        <line num="3" count="0" type="stmt"/>
        <line num="4" count="0" type="stmt"/>
        <line num="5" count="0" type="stmt"/>
        <line num="7" count="0" type="stmt"/>
        <line num="9" count="0" type="stmt"/>
        <line num="13" count="0" type="stmt"/>
        <line num="15" count="0" type="stmt"/>
        <line num="16" count="0" type="stmt"/>
        <line num="17" count="0" type="stmt"/>
        <line num="19" count="0" type="cond" truecount="0" falsecount="2"/>
        <line num="20" count="0" type="stmt"/>
        <line num="22" count="0" type="stmt"/>
        <line num="25" count="0" type="stmt"/>
        <line num="27" count="0" type="cond" truecount="0" falsecount="2"/>
        <line num="29" count="0" type="stmt"/>
        <line num="30" count="0" type="stmt"/>
        <line num="31" count="0" type="stmt"/>
        <line num="32" count="0" type="stmt"/>
        <line num="34" count="0" type="stmt"/>
        <line num="36" count="0" type="cond" truecount="0" falsecount="2"/>
        <line num="37" count="0" type="stmt"/>
        <line num="39" count="0" type="stmt"/>
        <line num="42" count="0" type="stmt"/>
        <line num="44" count="0" type="cond" truecount="0" falsecount="4"/>
        <line num="47" count="0" type="stmt"/>
        <line num="53" count="0" type="stmt"/>
        <line num="58" count="0" type="stmt"/>
        <line num="59" count="0" type="stmt"/>
        <line num="60" count="0" type="stmt"/>
        <line num="61" count="0" type="stmt"/>
        <line num="62" count="0" type="stmt"/>
        <line num="64" count="0" type="cond" truecount="0" falsecount="2"/>
        <line num="65" count="0" type="stmt"/>
        <line num="67" count="0" type="stmt"/>
        <line num="70" count="0" type="stmt"/>
        <line num="72" count="0" type="cond" truecount="0" falsecount="2"/>
        <line num="73" count="0" type="stmt"/>
        <line num="77" count="0" type="stmt"/>
        <line num="83" count="0" type="stmt"/>
        <line num="89" count="0" type="cond" truecount="0" falsecount="2"/>
        <line num="91" count="0" type="stmt"/>
        <line num="92" count="0" type="stmt"/>
        <line num="101" count="0" type="stmt"/>
        <line num="102" count="0" type="stmt"/>
        <line num="103" count="0" type="cond" truecount="0" falsecount="2"/>
        <line num="104" count="0" type="stmt"/>
        <line num="106" count="0" type="stmt"/>
        <line num="107" count="0" type="stmt"/>
        <line num="109" count="0" type="stmt"/>
        <line num="113" count="0" type="stmt"/>
        <line num="114" count="0" type="stmt"/>
        <line num="115" count="0" type="stmt"/>
        <line num="116" count="0" type="cond" truecount="0" falsecount="2"/>
        <line num="117" count="0" type="stmt"/>
        <line num="118" count="0" type="stmt"/>
        <line num="121" count="0" type="cond" truecount="0" falsecount="2"/>
        <line num="122" count="0" type="stmt"/>
        <line num="124" count="0" type="stmt"/>
        <line num="127" count="0" type="stmt"/>
        <line num="128" count="0" type="stmt"/>
        <line num="129" count="0" type="stmt"/>
        <line num="131" count="0" type="stmt"/>
        <line num="135" count="0" type="stmt"/>
        <line num="136" count="0" type="stmt"/>
        <line num="137" count="0" type="stmt"/>
        <line num="141" count="0" type="stmt"/>
        <line num="142" count="0" type="cond" truecount="0" falsecount="2"/>
        <line num="143" count="0" type="stmt"/>
        <line num="146" count="0" type="stmt"/>
        <line num="148" count="0" type="stmt"/>
        <line num="153" count="0" type="stmt"/>
        <line num="161" count="0" type="cond" truecount="0" falsecount="2"/>
        <line num="162" count="0" type="cond" truecount="0" falsecount="2"/>
        <line num="164" count="0" type="stmt"/>
        <line num="169" count="0" type="stmt"/>
        <line num="170" count="0" type="stmt"/>
        <line num="173" count="0" type="stmt"/>
        <line num="174" count="0" type="stmt"/>
        <line num="175" count="0" type="stmt"/>
        <line num="177" count="0" type="stmt"/>
        <line num="178" count="0" type="stmt"/>
        <line num="179" count="0" type="stmt"/>
        <line num="181" count="0" type="stmt"/>
        <line num="189" count="0" type="stmt"/>
        <line num="190" count="0" type="stmt"/>
        <line num="191" count="0" type="stmt"/>
        <line num="193" count="0" type="cond" truecount="0" falsecount="2"/>
        <line num="194" count="0" type="stmt"/>
        <line num="202" count="0" type="cond" truecount="0" falsecount="2"/>
        <line num="203" count="0" type="stmt"/>
        <line num="206" count="0" type="stmt"/>
        <line num="210" count="0" type="stmt"/>
      </file>
      <file name="Crypto.js" path="/Users/ktalmadge/dev/elv-client-js/src/Crypto.js">
        <metrics statements="109" coveredstatements="73" conditionals="18" coveredconditionals="9" methods="27" coveredmethods="19"/>
        <line num="1" count="5" type="cond" truecount="1" falsecount="1"/>
        <line num="3" count="5" type="stmt"/>
        <line num="4" count="5" type="stmt"/>
        <line num="5" count="5" type="stmt"/>
        <line num="8" count="5" type="cond" truecount="1" falsecount="1"/>
        <line num="10" count="0" type="cond" truecount="0" falsecount="2"/>
        <line num="11" count="0" type="stmt"/>
        <line num="12" count="0" type="stmt"/>
        <line num="13" count="0" type="stmt"/>
        <line num="16" count="0" type="stmt"/>
        <line num="17" count="0" type="stmt"/>
        <line num="19" count="5" type="stmt"/>
        <line num="20" count="5" type="stmt"/>
        <line num="28" count="5" type="stmt"/>
        <line num="30" count="36" type="stmt"/>
        <line num="31" count="36" type="cond" truecount="2" falsecount="0"/>
        <line num="32" count="1" type="stmt"/>
        <line num="35" count="36" type="stmt"/>
        <line num="38" count="0" type="stmt"/>
        <line num="40" count="0" type="stmt"/>
        <line num="45" count="0" type="stmt"/>
        <line num="47" count="0" type="stmt"/>
        <line num="49" count="0" type="stmt"/>
        <line num="51" count="0" type="stmt"/>
        <line num="52" count="0" type="cond" truecount="0" falsecount="2"/>
        <line num="53" count="0" type="stmt"/>
        <line num="56" count="0" type="stmt"/>
        <line num="60" count="0" type="stmt"/>
        <line num="61" count="0" type="stmt"/>
        <line num="62" count="0" type="stmt"/>
        <line num="63" count="0" type="stmt"/>
        <line num="64" count="0" type="stmt"/>
        <line num="66" count="0" type="cond" truecount="0" falsecount="2"/>
        <line num="67" count="0" type="stmt"/>
        <line num="70" count="0" type="stmt"/>
        <line num="74" count="2" type="stmt"/>
        <line num="75" count="2" type="stmt"/>
        <line num="76" count="2" type="stmt"/>
        <line num="78" count="2" type="stmt"/>
        <line num="80" count="2" type="stmt"/>
        <line num="86" count="2" type="stmt"/>
        <line num="90" count="0" type="stmt"/>
        <line num="91" count="0" type="stmt"/>
        <line num="93" count="0" type="stmt"/>
        <line num="94" count="0" type="stmt"/>
        <line num="95" count="0" type="stmt"/>
        <line num="96" count="0" type="stmt"/>
        <line num="98" count="0" type="stmt"/>
        <line num="105" count="0" type="stmt"/>
        <line num="109" count="1" type="stmt"/>
        <line num="111" count="1" type="stmt"/>
        <line num="112" count="1" type="stmt"/>
        <line num="114" count="1" type="stmt"/>
        <line num="122" count="1" type="stmt"/>
        <line num="124" count="1" type="stmt"/>
        <line num="126" count="1" type="stmt"/>
        <line num="133" count="48" type="stmt"/>
        <line num="135" count="16" type="stmt"/>
        <line num="143" count="16" type="stmt"/>
        <line num="145" count="16" type="stmt"/>
        <line num="148" count="16" type="cond" truecount="2" falsecount="0"/>
        <line num="150" count="15" type="stmt"/>
        <line num="151" count="15" type="stmt"/>
        <line num="158" count="1" type="stmt"/>
        <line num="159" count="1" type="stmt"/>
        <line num="165" count="16" type="stmt"/>
        <line num="178" count="12" type="stmt"/>
        <line num="181" count="12" type="cond" truecount="3" falsecount="1"/>
        <line num="182" count="0" type="stmt"/>
        <line num="185" count="12" type="stmt"/>
        <line num="187" count="12" type="stmt"/>
        <line num="188" count="12" type="stmt"/>
        <line num="189" count="12" type="stmt"/>
        <line num="192" count="12" type="stmt"/>
        <line num="194" count="12" type="stmt"/>
        <line num="195" count="12" type="stmt"/>
        <line num="196" count="12" type="stmt"/>
        <line num="198" count="12" type="stmt"/>
        <line num="201" count="12" type="stmt"/>
        <line num="204" count="0" type="stmt"/>
        <line num="208" count="12" type="stmt"/>
        <line num="212" count="12" type="stmt"/>
        <line num="213" count="12" type="stmt"/>
        <line num="215" count="12" type="stmt"/>
        <line num="216" count="12" type="stmt"/>
        <line num="218" count="12" type="stmt"/>
        <line num="221" count="12" type="stmt"/>
        <line num="224" count="0" type="stmt"/>
        <line num="238" count="1" type="stmt"/>
        <line num="240" count="1" type="stmt"/>
        <line num="241" count="1" type="stmt"/>
        <line num="242" count="1" type="stmt"/>
        <line num="243" count="1" type="stmt"/>
        <line num="246" count="1" type="stmt"/>
        <line num="248" count="1" type="stmt"/>
        <line num="249" count="1" type="stmt"/>
        <line num="250" count="1" type="stmt"/>
        <line num="252" count="1" type="stmt"/>
        <line num="255" count="1" type="stmt"/>
        <line num="258" count="0" type="stmt"/>
        <line num="262" count="1" type="stmt"/>
        <line num="266" count="4" type="stmt"/>
        <line num="267" count="4" type="stmt"/>
        <line num="269" count="4" type="stmt"/>
        <line num="270" count="4" type="stmt"/>
        <line num="272" count="4" type="stmt"/>
        <line num="275" count="4" type="stmt"/>
        <line num="278" count="0" type="stmt"/>
        <line num="283" count="5" type="stmt"/>
      </file>
      <file name="ElvClient.js" path="/Users/ktalmadge/dev/elv-client-js/src/ElvClient.js">
        <metrics statements="162" coveredstatements="90" conditionals="66" coveredconditionals="22" methods="25" coveredmethods="14"/>
        <line num="1" count="5" type="cond" truecount="1" falsecount="1"/>
        <line num="3" count="5" type="stmt"/>
        <line num="4" count="5" type="stmt"/>
        <line num="6" count="5" type="stmt"/>
        <line num="7" count="5" type="stmt"/>
        <line num="8" count="5" type="stmt"/>
        <line num="9" count="5" type="stmt"/>
        <line num="10" count="5" type="stmt"/>
        <line num="12" count="5" type="stmt"/>
        <line num="14" count="5" type="cond" truecount="1" falsecount="1"/>
        <line num="17" count="5" type="stmt"/>
        <line num="18" count="0" type="cond" truecount="0" falsecount="2"/>
        <line num="20" count="0" type="stmt"/>
        <line num="29" count="1011" type="cond" truecount="1" falsecount="1"/>
        <line num="31" count="0" type="cond" truecount="0" falsecount="2"/>
        <line num="32" count="0" type="stmt"/>
        <line num="35" count="0" type="cond" truecount="0" falsecount="2"/>
        <line num="50" count="0" type="stmt"/>
        <line num="51" count="0" type="cond" truecount="0" falsecount="2"/>
        <line num="52" count="0" type="cond" truecount="0" falsecount="2"/>
        <line num="53" count="0" type="cond" truecount="0" falsecount="2"/>
        <line num="54" count="0" type="cond" truecount="0" falsecount="2"/>
        <line num="56" count="0" type="cond" truecount="0" falsecount="2"/>
        <line num="57" count="0" type="stmt"/>
        <line num="92" count="15" type="stmt"/>
        <line num="94" count="15" type="stmt"/>
        <line num="95" count="15" type="stmt"/>
        <line num="96" count="15" type="stmt"/>
        <line num="97" count="15" type="stmt"/>
        <line num="99" count="15" type="stmt"/>
        <line num="100" count="15" type="stmt"/>
        <line num="101" count="15" type="stmt"/>
        <line num="103" count="15" type="stmt"/>
        <line num="104" count="15" type="stmt"/>
        <line num="106" count="15" type="stmt"/>
        <line num="108" count="15" type="stmt"/>
        <line num="128" count="16" type="stmt"/>
        <line num="129" count="16" type="stmt"/>
        <line num="131" count="16" type="cond" truecount="2" falsecount="0"/>
        <line num="132" count="3" type="stmt"/>
        <line num="135" count="16" type="stmt"/>
        <line num="140" count="128" type="stmt"/>
        <line num="142" count="16" type="stmt"/>
        <line num="143" count="16" type="cond" truecount="1" falsecount="1"/>
        <line num="144" count="16" type="stmt"/>
        <line num="147" count="16" type="stmt"/>
        <line num="148" count="16" type="cond" truecount="1" falsecount="1"/>
        <line num="149" count="16" type="stmt"/>
        <line num="152" count="16" type="stmt"/>
        <line num="161" count="0" type="stmt"/>
        <line num="163" count="0" type="stmt"/>
        <line num="165" count="0" type="stmt"/>
        <line num="193" count="14" type="stmt"/>
        <line num="198" count="14" type="stmt"/>
        <line num="207" count="14" type="stmt"/>
        <line num="209" count="14" type="stmt"/>
        <line num="214" count="29" type="stmt"/>
        <line num="215" count="29" type="stmt"/>
        <line num="216" count="29" type="stmt"/>
        <line num="217" count="29" type="stmt"/>
        <line num="218" count="29" type="stmt"/>
        <line num="219" count="29" type="stmt"/>
        <line num="220" count="29" type="stmt"/>
        <line num="222" count="29" type="stmt"/>
        <line num="223" count="29" type="stmt"/>
        <line num="225" count="29" type="stmt"/>
        <line num="234" count="29" type="stmt"/>
        <line num="241" count="0" type="stmt"/>
        <line num="242" count="0" type="stmt"/>
        <line num="258" count="2" type="cond" truecount="1" falsecount="1"/>
        <line num="259" count="0" type="stmt"/>
        <line num="262" count="2" type="stmt"/>
        <line num="267" count="2" type="stmt"/>
        <line num="268" count="2" type="stmt"/>
        <line num="270" count="2" type="stmt"/>
        <line num="271" count="2" type="stmt"/>
        <line num="273" count="2" type="stmt"/>
        <line num="274" count="2" type="stmt"/>
        <line num="276" count="2" type="stmt"/>
        <line num="292" count="0" type="cond" truecount="0" falsecount="2"/>
        <line num="293" count="0" type="stmt"/>
        <line num="296" count="0" type="stmt"/>
        <line num="312" count="0" type="stmt"/>
        <line num="317" count="0" type="stmt"/>
        <line num="328" count="0" type="stmt"/>
        <line num="344" count="0" type="cond" truecount="0" falsecount="2"/>
        <line num="345" count="0" type="stmt"/>
        <line num="347" count="0" type="stmt"/>
        <line num="348" count="0" type="stmt"/>
        <line num="351" count="0" type="cond" truecount="0" falsecount="2"/>
        <line num="352" count="0" type="stmt"/>
        <line num="354" count="0" type="stmt"/>
        <line num="355" count="0" type="stmt"/>
        <line num="370" count="12" type="stmt"/>
        <line num="379" count="0" type="stmt"/>
        <line num="381" count="0" type="stmt"/>
        <line num="390" count="0" type="stmt"/>
        <line num="401" count="14" type="stmt"/>
        <line num="402" count="14" type="stmt"/>
        <line num="403" count="14" type="stmt"/>
        <line num="405" count="14" type="stmt"/>
        <line num="419" count="0" type="stmt"/>
        <line num="420" count="0" type="stmt"/>
        <line num="421" count="0" type="stmt"/>
        <line num="422" count="0" type="stmt"/>
        <line num="423" count="0" type="stmt"/>
        <line num="433" count="1" type="cond" truecount="1" falsecount="1"/>
        <line num="442" count="0" type="stmt"/>
        <line num="444" count="0" type="stmt"/>
        <line num="445" count="0" type="stmt"/>
        <line num="447" count="0" type="stmt"/>
        <line num="459" count="0" type="cond" truecount="0" falsecount="2"/>
        <line num="460" count="0" type="stmt"/>
        <line num="463" count="0" type="stmt"/>
        <line num="465" count="0" type="stmt"/>
        <line num="466" count="0" type="cond" truecount="0" falsecount="2"/>
        <line num="468" count="0" type="stmt"/>
        <line num="469" count="0" type="stmt"/>
        <line num="473" count="0" type="stmt"/>
        <line num="477" count="0" type="cond" truecount="0" falsecount="4"/>
        <line num="478" count="0" type="stmt"/>
        <line num="481" count="0" type="stmt"/>
        <line num="484" count="0" type="stmt"/>
        <line num="486" count="0" type="stmt"/>
        <line num="487" count="0" type="stmt"/>
        <line num="489" count="0" type="stmt"/>
        <line num="498" count="0" type="stmt"/>
        <line num="500" count="0" type="stmt"/>
        <line num="503" count="0" type="stmt"/>
        <line num="505" count="0" type="stmt"/>
        <line num="506" count="0" type="stmt"/>
        <line num="508" count="0" type="stmt"/>
        <line num="510" count="0" type="stmt"/>
        <line num="518" count="12" type="stmt"/>
        <line num="534" count="12" type="stmt"/>
        <line num="535" count="1740" type="stmt"/>
        <line num="540" count="12" type="cond" truecount="1" falsecount="1"/>
        <line num="543" count="12" type="cond" truecount="2" falsecount="0"/>
        <line num="544" count="2" type="stmt"/>
        <line num="545" count="20" type="stmt"/>
        <line num="552" count="2" type="stmt"/>
        <line num="555" count="12" type="stmt"/>
        <line num="556" count="12" type="stmt"/>
        <line num="559" count="12" type="cond" truecount="2" falsecount="0"/>
        <line num="560" count="1" type="cond" truecount="1" falsecount="1"/>
        <line num="561" count="0" type="stmt"/>
        <line num="564" count="1" type="stmt"/>
        <line num="566" count="11" type="cond" truecount="1" falsecount="1"/>
        <line num="567" count="0" type="stmt"/>
        <line num="570" count="11" type="stmt"/>
        <line num="573" count="12" type="stmt"/>
        <line num="580" count="0" type="stmt"/>
        <line num="589" count="0" type="stmt"/>
        <line num="591" count="0" type="cond" truecount="0" falsecount="2"/>
        <line num="592" count="0" type="stmt"/>
        <line num="601" count="5" type="stmt"/>
        <line num="602" count="5" type="stmt"/>
        <line num="603" count="5" type="stmt"/>
        <line num="604" count="5" type="stmt"/>
        <line num="605" count="5" type="stmt"/>
        <line num="606" count="5" type="stmt"/>
        <line num="608" count="5" type="stmt"/>
      </file>
      <file name="ElvWallet.js" path="/Users/ktalmadge/dev/elv-client-js/src/ElvWallet.js">
        <metrics statements="26" coveredstatements="24" conditionals="12" coveredconditionals="9" methods="9" coveredmethods="9"/>
        <line num="1" count="5" type="stmt"/>
        <line num="14" count="12" type="stmt"/>
        <line num="15" count="12" type="stmt"/>
        <line num="24" count="7" type="stmt"/>
        <line num="37" count="7" type="stmt"/>
        <line num="39" count="7" type="stmt"/>
        <line num="56" count="3" type="cond" truecount="2" falsecount="0"/>
        <line num="57" count="1" type="stmt"/>
        <line num="60" count="3" type="stmt"/>
        <line num="62" count="3" type="stmt"/>
        <line num="78" count="24" type="stmt"/>
        <line num="79" count="24" type="stmt"/>
        <line num="81" count="24" type="cond" truecount="2" falsecount="0"/>
        <line num="82" count="5" type="stmt"/>
        <line num="85" count="24" type="stmt"/>
        <line num="101" count="8" type="cond" truecount="2" falsecount="0"/>
        <line num="103" count="8" type="cond" truecount="1" falsecount="1"/>
        <line num="104" count="0" type="stmt"/>
        <line num="107" count="8" type="stmt"/>
        <line num="125" count="1" type="cond" truecount="1" falsecount="1"/>
        <line num="127" count="1" type="cond" truecount="1" falsecount="1"/>
        <line num="128" count="0" type="stmt"/>
        <line num="131" count="1" type="stmt"/>
        <line num="143" count="3" type="stmt"/>
        <line num="153" count="1" type="stmt"/>
        <line num="157" count="5" type="stmt"/>
      </file>
      <file name="EthClient.js" path="/Users/ktalmadge/dev/elv-client-js/src/EthClient.js">
        <metrics statements="202" coveredstatements="161" conditionals="124" coveredconditionals="82" methods="42" coveredmethods="36"/>
        <line num="3" count="5" type="stmt"/>
        <line num="5" count="5" type="stmt"/>
        <line num="14" count="5" type="stmt"/>
        <line num="17" count="5" type="stmt"/>
        <line num="19" count="5" type="stmt"/>
        <line num="23" count="1369" type="cond" truecount="1" falsecount="1"/>
        <line num="25" count="0" type="cond" truecount="0" falsecount="2"/>
        <line num="26" count="0" type="stmt"/>
        <line num="29" count="0" type="cond" truecount="0" falsecount="2"/>
        <line num="38" count="29" type="stmt"/>
        <line num="39" count="29" type="stmt"/>
        <line num="40" count="29" type="stmt"/>
        <line num="41" count="29" type="stmt"/>
        <line num="42" count="29" type="stmt"/>
        <line num="44" count="29" type="stmt"/>
        <line num="45" count="29" type="stmt"/>
        <line num="48" count="29" type="stmt"/>
        <line num="50" count="29" type="stmt"/>
        <line num="54" count="1866" type="cond" truecount="2" falsecount="0"/>
        <line num="55" count="20" type="stmt"/>
        <line num="60" count="97" type="stmt"/>
        <line num="61" count="20" type="stmt"/>
        <line num="64" count="1866" type="stmt"/>
        <line num="68" count="902" type="stmt"/>
        <line num="70" count="902" type="cond" truecount="2" falsecount="0"/>
        <line num="71" count="50" type="stmt"/>
        <line num="73" count="50" type="stmt"/>
        <line num="81" count="50" type="stmt"/>
        <line num="85" count="50" type="stmt"/>
        <line num="87" count="0" type="stmt"/>
        <line num="91" count="902" type="stmt"/>
        <line num="96" count="477" type="cond" truecount="1" falsecount="1"/>
        <line num="97" count="477" type="stmt"/>
        <line num="100" count="477" type="cond" truecount="2" falsecount="0"/>
        <line num="101" count="47" type="stmt"/>
        <line num="102" count="47" type="stmt"/>
        <line num="104" count="47" type="cond" truecount="1" falsecount="1"/>
        <line num="105" count="47" type="stmt"/>
        <line num="109" count="477" type="stmt"/>
        <line num="113" count="689" type="stmt"/>
        <line num="114" count="689" type="stmt"/>
        <line num="115" count="689" type="stmt"/>
        <line num="117" count="689" type="stmt"/>
        <line num="118" count="689" type="stmt"/>
        <line num="121" count="0" type="stmt"/>
        <line num="123" count="0" type="cond" truecount="0" falsecount="2"/>
        <line num="124" count="0" type="stmt"/>
        <line num="125" count="0" type="stmt"/>
        <line num="126" count="0" type="stmt"/>
        <line num="127" count="0" type="stmt"/>
        <line num="130" count="0" type="stmt"/>
        <line num="138" count="180" type="cond" truecount="2" falsecount="0"/>
        <line num="139" count="20" type="cond" truecount="1" falsecount="1"/>
        <line num="140" count="0" type="cond" truecount="0" falsecount="2"/>
        <line num="142" count="0" type="stmt"/>
        <line num="145" count="20" type="stmt"/>
        <line num="146" count="20" type="stmt"/>
        <line num="149" count="160" type="cond" truecount="2" falsecount="1"/>
        <line num="151" count="1" type="stmt"/>
        <line num="153" count="0" type="stmt"/>
        <line num="155" count="159" type="stmt"/>
        <line num="161" count="472" type="stmt"/>
        <line num="163" count="18119" type="cond" truecount="2" falsecount="0"/>
        <line num="166" count="472" type="cond" truecount="1" falsecount="1"/>
        <line num="167" count="0" type="stmt"/>
        <line num="171" count="472" type="stmt"/>
        <line num="176" count="0" type="cond" truecount="0" falsecount="2"/>
        <line num="185" count="0" type="stmt"/>
        <line num="187" count="0" type="stmt"/>
        <line num="188" count="0" type="stmt"/>
        <line num="190" count="0" type="stmt"/>
        <line num="191" count="0" type="stmt"/>
        <line num="193" count="0" type="stmt"/>
        <line num="195" count="0" type="stmt"/>
        <line num="196" count="0" type="stmt"/>
        <line num="198" count="0" type="stmt"/>
        <line num="200" count="0" type="stmt"/>
        <line num="219" count="477" type="cond" truecount="2" falsecount="0"/>
        <line num="221" count="477" type="cond" truecount="2" falsecount="0"/>
        <line num="223" count="477" type="stmt"/>
        <line num="226" count="477" type="cond" truecount="2" falsecount="0"/>
        <line num="227" count="472" type="stmt"/>
        <line num="234" count="477" type="cond" truecount="2" falsecount="0"/>
        <line num="236" count="2" type="stmt"/>
        <line num="239" count="477" type="cond" truecount="1" falsecount="1"/>
        <line num="240" count="0" type="stmt"/>
        <line num="243" count="477" type="stmt"/>
        <line num="250" count="18329" type="stmt"/>
        <line num="253" count="477" type="cond" truecount="4" falsecount="0"/>
        <line num="254" count="207" type="stmt"/>
        <line num="255" count="20" type="stmt"/>
        <line num="258" count="207" type="stmt"/>
        <line num="261" count="477" type="stmt"/>
        <line num="263" count="477" type="stmt"/>
        <line num="264" count="477" type="stmt"/>
        <line num="265" count="477" type="stmt"/>
        <line num="266" count="477" type="stmt"/>
        <line num="267" count="476" type="stmt"/>
        <line num="269" count="1" type="cond" truecount="3" falsecount="1"/>
        <line num="270" count="0" type="stmt"/>
        <line num="271" count="0" type="stmt"/>
        <line num="272" count="0" type="cond" truecount="0" falsecount="2"/>
        <line num="273" count="1" type="cond" truecount="2" falsecount="2"/>
        <line num="274" count="0" type="stmt"/>
        <line num="275" count="0" type="stmt"/>
        <line num="276" count="0" type="stmt"/>
        <line num="277" count="0" type="stmt"/>
        <line num="278" count="0" type="stmt"/>
        <line num="280" count="1" type="stmt"/>
        <line num="281" count="1" type="stmt"/>
        <line num="282" count="1" type="cond" truecount="1" falsecount="1"/>
        <line num="283" count="1" type="stmt"/>
        <line num="288" count="476" type="stmt"/>
        <line num="291" count="477" type="cond" truecount="4" falsecount="0"/>
        <line num="292" count="207" type="stmt"/>
        <line num="308" count="202" type="cond" truecount="2" falsecount="0"/>
        <line num="310" count="202" type="stmt"/>
        <line num="313" count="202" type="stmt"/>
        <line num="323" count="202" type="stmt"/>
        <line num="326" count="202" type="stmt"/>
        <line num="327" count="202" type="stmt"/>
        <line num="330" count="202" type="stmt"/>
        <line num="331" count="281" type="stmt"/>
        <line num="333" count="281" type="cond" truecount="2" falsecount="0"/>
        <line num="334" count="202" type="stmt"/>
        <line num="335" count="280" type="stmt"/>
        <line num="341" count="202" type="stmt"/>
        <line num="344" count="79" type="stmt"/>
        <line num="345" count="79" type="stmt"/>
        <line num="348" count="202" type="cond" truecount="1" falsecount="1"/>
        <line num="349" count="0" type="stmt"/>
        <line num="352" count="202" type="stmt"/>
        <line num="356" count="50" type="stmt"/>
        <line num="358" count="50" type="stmt"/>
        <line num="359" count="50" type="stmt"/>
        <line num="360" count="49" type="stmt"/>
        <line num="361" count="49" type="stmt"/>
        <line num="367" count="106" type="stmt"/>
        <line num="369" count="106" type="stmt"/>
        <line num="370" count="170" type="stmt"/>
        <line num="371" count="170" type="cond" truecount="4" falsecount="0"/>
        <line num="372" count="106" type="stmt"/>
        <line num="384" count="20" type="stmt"/>
        <line num="385" count="20" type="stmt"/>
        <line num="386" count="20" type="stmt"/>
        <line num="388" count="20" type="cond" truecount="1" falsecount="1"/>
        <line num="389" count="0" type="stmt"/>
        <line num="392" count="20" type="stmt"/>
        <line num="394" count="20" type="stmt"/>
        <line num="403" count="2" type="stmt"/>
        <line num="413" count="3" type="stmt"/>
        <line num="423" count="7" type="stmt"/>
        <line num="425" count="7" type="stmt"/>
        <line num="436" count="8" type="cond" truecount="1" falsecount="1"/>
        <line num="438" count="8" type="stmt"/>
        <line num="448" count="52" type="stmt"/>
        <line num="458" count="0" type="stmt"/>
        <line num="466" count="0" type="stmt"/>
        <line num="476" count="1" type="cond" truecount="1" falsecount="1"/>
        <line num="485" count="1" type="cond" truecount="1" falsecount="1"/>
        <line num="486" count="0" type="stmt"/>
        <line num="489" count="1" type="stmt"/>
        <line num="491" count="1" type="stmt"/>
        <line num="495" count="17" type="stmt"/>
        <line num="496" count="17" type="stmt"/>
        <line num="501" count="17" type="cond" truecount="1" falsecount="1"/>
        <line num="502" count="0" type="stmt"/>
        <line num="508" count="17" type="cond" truecount="2" falsecount="0"/>
        <line num="512" count="16" type="cond" truecount="1" falsecount="1"/>
        <line num="517" count="357" type="cond" truecount="3" falsecount="1"/>
        <line num="518" count="357" type="stmt"/>
        <line num="519" count="357" type="stmt"/>
        <line num="520" count="357" type="cond" truecount="1" falsecount="1"/>
        <line num="521" count="357" type="stmt"/>
        <line num="522" count="357" type="cond" truecount="1" falsecount="1"/>
        <line num="523" count="357" type="stmt"/>
        <line num="532" count="357" type="stmt"/>
        <line num="539" count="7" type="stmt"/>
        <line num="540" count="7" type="stmt"/>
        <line num="541" count="6" type="stmt"/>
        <line num="549" count="6" type="cond" truecount="1" falsecount="1"/>
        <line num="553" count="7" type="stmt"/>
        <line num="554" count="7" type="stmt"/>
        <line num="555" count="357" type="cond" truecount="2" falsecount="0"/>
        <line num="558" count="7" type="stmt"/>
        <line num="559" count="7" type="stmt"/>
        <line num="563" count="242" type="stmt"/>
        <line num="564" count="242" type="stmt"/>
        <line num="566" count="242" type="cond" truecount="2" falsecount="0"/>
        <line num="567" count="29" type="stmt"/>
        <line num="568" count="29" type="stmt"/>
        <line num="569" count="29" type="stmt"/>
        <line num="577" count="29" type="stmt"/>
        <line num="580" count="242" type="cond" truecount="2" falsecount="0"/>
        <line num="581" count="100" type="stmt"/>
        <line num="583" count="100" type="stmt"/>
        <line num="585" count="164" type="cond" truecount="1" falsecount="1"/>
        <line num="586" count="164" type="stmt"/>
        <line num="591" count="164" type="stmt"/>
        <line num="599" count="242" type="stmt"/>
        <line num="603" count="7" type="stmt"/>
        <line num="607" count="5" type="stmt"/>
      </file>
      <file name="FrameClient.js" path="/Users/ktalmadge/dev/elv-client-js/src/FrameClient.js">
        <metrics statements="74" coveredstatements="66" conditionals="53" coveredconditionals="41" methods="17" coveredmethods="16"/>
        <line num="1" count="5" type="stmt"/>
        <line num="2" count="5" type="stmt"/>
        <line num="4" count="5" type="cond" truecount="1" falsecount="1"/>
        <line num="38" count="2" type="cond" truecount="4" falsecount="1"/>
        <line num="39" count="2" type="stmt"/>
        <line num="42" count="2" type="stmt"/>
        <line num="43" count="2" type="stmt"/>
        <line num="44" count="2" type="stmt"/>
        <line num="46" count="2" type="stmt"/>
        <line num="49" count="2" type="stmt"/>
        <line num="50" count="266" type="stmt"/>
        <line num="51" count="9" type="cond" truecount="2" falsecount="0"/>
        <line num="52" count="9" type="cond" truecount="2" falsecount="0"/>
        <line num="54" count="9" type="stmt"/>
        <line num="64" count="2" type="stmt"/>
        <line num="66" count="2" type="stmt"/>
        <line num="67" count="24" type="stmt"/>
        <line num="68" count="1" type="cond" truecount="1" falsecount="1"/>
        <line num="69" count="1" type="cond" truecount="1" falsecount="1"/>
        <line num="71" count="1" type="stmt"/>
        <line num="94" count="2" type="stmt"/>
        <line num="96" count="2" type="cond" truecount="2" falsecount="0"/>
        <line num="97" count="10" type="stmt"/>
        <line num="104" count="2" type="stmt"/>
        <line num="106" count="0" type="stmt"/>
        <line num="109" count="2" type="stmt"/>
        <line num="118" count="12" type="stmt"/>
        <line num="121" count="12" type="cond" truecount="2" falsecount="0"/>
        <line num="123" count="12" type="stmt"/>
        <line num="131" count="12" type="cond" truecount="1" falsecount="1"/>
        <line num="133" count="12" type="cond" truecount="1" falsecount="1"/>
        <line num="134" count="12" type="stmt"/>
        <line num="135" count="12" type="cond" truecount="4" falsecount="0"/>
        <line num="136" count="12" type="stmt"/>
        <line num="140" count="12" type="stmt"/>
        <line num="145" count="12" type="stmt"/>
        <line num="146" count="36" type="cond" truecount="1" falsecount="1"/>
        <line num="147" count="0" type="stmt"/>
        <line num="150" count="36" type="cond" truecount="2" falsecount="0"/>
        <line num="151" count="9" type="stmt"/>
        <line num="152" count="2" type="stmt"/>
        <line num="154" count="2" type="stmt"/>
        <line num="155" count="2" type="cond" truecount="1" falsecount="1"/>
        <line num="162" count="12" type="cond" truecount="2" falsecount="0"/>
        <line num="163" count="2" type="stmt"/>
        <line num="164" count="24" type="stmt"/>
        <line num="165" count="24" type="stmt"/>
        <line num="167" count="24" type="stmt"/>
        <line num="169" count="24" type="cond" truecount="4" falsecount="0"/>
        <line num="170" count="4" type="stmt"/>
        <line num="173" count="20" type="stmt"/>
        <line num="176" count="0" type="stmt"/>
        <line num="180" count="2" type="stmt"/>
        <line num="184" count="12" type="stmt"/>
        <line num="185" count="44" type="stmt"/>
        <line num="186" count="44" type="stmt"/>
        <line num="188" count="44" type="cond" truecount="4" falsecount="0"/>
        <line num="189" count="32" type="stmt"/>
        <line num="192" count="12" type="cond" truecount="1" falsecount="1"/>
        <line num="193" count="0" type="stmt"/>
        <line num="195" count="12" type="stmt"/>
        <line num="198" count="12" type="stmt"/>
        <line num="199" count="12" type="cond" truecount="2" falsecount="0"/>
        <line num="201" count="0" type="stmt"/>
        <line num="203" count="0" type="stmt"/>
        <line num="204" count="0" type="cond" truecount="0" falsecount="2"/>
        <line num="209" count="12" type="stmt"/>
        <line num="211" count="12" type="stmt"/>
        <line num="217" count="1" type="stmt"/>
        <line num="227" count="0" type="stmt"/>
        <line num="236" count="12" type="stmt"/>
        <line num="252" count="3" type="stmt"/>
        <line num="390" count="3" type="stmt"/>
        <line num="407" count="5" type="stmt"/>
      </file>
      <file name="HttpClient.js" path="/Users/ktalmadge/dev/elv-client-js/src/HttpClient.js">
        <metrics statements="43" coveredstatements="36" conditionals="47" coveredconditionals="33" methods="7" coveredmethods="7"/>
        <line num="1" count="5" type="stmt"/>
        <line num="2" count="5" type="cond" truecount="1" falsecount="1"/>
        <line num="6" count="509" type="cond" truecount="1" falsecount="1"/>
        <line num="8" count="0" type="cond" truecount="0" falsecount="2"/>
        <line num="9" count="0" type="stmt"/>
        <line num="12" count="0" type="cond" truecount="0" falsecount="2"/>
        <line num="20" count="63" type="stmt"/>
        <line num="21" count="63" type="stmt"/>
        <line num="22" count="63" type="stmt"/>
        <line num="26" count="560" type="stmt"/>
        <line num="30" count="528" type="stmt"/>
        <line num="34" count="509" type="cond" truecount="2" falsecount="0"/>
        <line num="35" count="382" type="stmt"/>
        <line num="38" count="509" type="cond" truecount="2" falsecount="0"/>
        <line num="39" count="467" type="stmt"/>
        <line num="40" count="42" type="cond" truecount="1" falsecount="1"/>
        <line num="41" count="42" type="stmt"/>
        <line num="44" count="509" type="stmt"/>
        <line num="58" count="509" type="stmt"/>
        <line num="63" count="509" type="stmt"/>
        <line num="68" count="509" type="cond" truecount="4" falsecount="0"/>
        <line num="69" count="202" type="cond" truecount="2" falsecount="0"/>
        <line num="70" count="160" type="stmt"/>
        <line num="72" count="42" type="stmt"/>
        <line num="78" count="509" type="stmt"/>
        <line num="79" count="509" type="stmt"/>
        <line num="85" count="0" type="stmt"/>
        <line num="94" count="509" type="cond" truecount="2" falsecount="0"/>
        <line num="95" count="49" type="cond" truecount="4" falsecount="2"/>
        <line num="97" count="0" type="stmt"/>
        <line num="99" count="0" type="stmt"/>
        <line num="101" count="0" type="stmt"/>
        <line num="114" count="49" type="cond" truecount="1" falsecount="1"/>
        <line num="116" count="49" type="stmt"/>
        <line num="117" count="49" type="cond" truecount="3" falsecount="1"/>
        <line num="118" count="49" type="cond" truecount="1" falsecount="1"/>
        <line num="121" count="49" type="stmt"/>
        <line num="131" count="49" type="stmt"/>
        <line num="136" count="49" type="stmt"/>
        <line num="139" count="460" type="stmt"/>
        <line num="141" count="460" type="stmt"/>
        <line num="145" count="41" type="stmt"/>
        <line num="154" count="5" type="stmt"/>
      </file>
      <file name="Id.js" path="/Users/ktalmadge/dev/elv-client-js/src/Id.js">
        <metrics statements="4" coveredstatements="4" conditionals="0" coveredconditionals="0" methods="1" coveredmethods="1"/>
        <line num="3" count="5" type="stmt"/>
        <line num="7" count="17" type="stmt"/>
        <line num="8" count="17" type="stmt"/>
        <line num="12" count="5" type="stmt"/>
      </file>
      <file name="UserProfileClient.js" path="/Users/ktalmadge/dev/elv-client-js/src/UserProfileClient.js">
        <metrics statements="148" coveredstatements="90" conditionals="92" coveredconditionals="41" methods="28" coveredmethods="17"/>
        <line num="1" count="5" type="stmt"/>
        <line num="2" count="5" type="stmt"/>
        <line num="3" count="5" type="stmt"/>
        <line num="12" count="23" type="cond" truecount="1" falsecount="1"/>
        <line num="14" count="0" type="cond" truecount="0" falsecount="2"/>
        <line num="15" count="0" type="stmt"/>
        <line num="18" count="0" type="cond" truecount="0" falsecount="2"/>
        <line num="70" count="29" type="stmt"/>
        <line num="71" count="29" type="stmt"/>
        <line num="72" count="29" type="stmt"/>
        <line num="76" count="4" type="cond" truecount="1" falsecount="1"/>
        <line num="77" count="0" type="stmt"/>
        <line num="78" count="0" type="stmt"/>
        <line num="82" count="4" type="stmt"/>
        <line num="84" count="4" type="stmt"/>
        <line num="86" count="4" type="cond" truecount="2" falsecount="2"/>
        <line num="87" count="4" type="stmt"/>
        <line num="90" count="4" type="stmt"/>
        <line num="91" count="4" type="cond" truecount="1" falsecount="1"/>
        <line num="92" count="0" type="stmt"/>
        <line num="95" count="4" type="stmt"/>
        <line num="101" count="4" type="stmt"/>
        <line num="102" count="4" type="stmt"/>
        <line num="109" count="4" type="stmt"/>
        <line num="113" count="4" type="stmt"/>
        <line num="114" count="4" type="stmt"/>
        <line num="116" count="4" type="stmt"/>
        <line num="117" count="4" type="stmt"/>
        <line num="119" count="4" type="cond" truecount="1" falsecount="1"/>
        <line num="120" count="4" type="stmt"/>
        <line num="121" count="4" type="stmt"/>
        <line num="123" count="4" type="stmt"/>
        <line num="133" count="4" type="stmt"/>
        <line num="142" count="0" type="stmt"/>
        <line num="144" count="0" type="stmt"/>
        <line num="146" count="4" type="stmt"/>
        <line num="156" count="371" type="cond" truecount="2" falsecount="0"/>
        <line num="158" count="4" type="stmt"/>
        <line num="164" count="4" type="cond" truecount="1" falsecount="1"/>
        <line num="165" count="0" type="stmt"/>
        <line num="168" count="4" type="cond" truecount="1" falsecount="1"/>
        <line num="169" count="4" type="stmt"/>
        <line num="172" count="4" type="stmt"/>
        <line num="184" count="331" type="cond" truecount="1" falsecount="1"/>
        <line num="185" count="331" type="stmt"/>
        <line num="188" count="0" type="cond" truecount="0" falsecount="2"/>
        <line num="189" count="0" type="stmt"/>
        <line num="192" count="0" type="stmt"/>
        <line num="198" count="0" type="cond" truecount="0" falsecount="2"/>
        <line num="199" count="0" type="stmt"/>
        <line num="203" count="0" type="stmt"/>
        <line num="217" count="23" type="cond" truecount="2" falsecount="0"/>
        <line num="221" count="23" type="stmt"/>
        <line num="250" count="5" type="cond" truecount="1" falsecount="1"/>
        <line num="252" count="5" type="stmt"/>
        <line num="254" count="5" type="cond" truecount="1" falsecount="1"/>
        <line num="256" count="5" type="cond" truecount="1" falsecount="1"/>
        <line num="258" count="5" type="stmt"/>
        <line num="260" count="5" type="cond" truecount="1" falsecount="1"/>
        <line num="262" count="5" type="stmt"/>
        <line num="296" count="8" type="stmt"/>
        <line num="298" count="8" type="stmt"/>
        <line num="300" count="8" type="stmt"/>
        <line num="317" count="2" type="stmt"/>
        <line num="319" count="2" type="stmt"/>
        <line num="321" count="2" type="stmt"/>
        <line num="323" count="2" type="stmt"/>
        <line num="324" count="2" type="stmt"/>
        <line num="335" count="2" type="stmt"/>
        <line num="337" count="2" type="stmt"/>
        <line num="339" count="2" type="stmt"/>
        <line num="341" count="2" type="stmt"/>
        <line num="342" count="2" type="stmt"/>
        <line num="352" count="1" type="stmt"/>
        <line num="354" count="1" type="stmt"/>
        <line num="356" count="1" type="stmt"/>
        <line num="358" count="1" type="stmt"/>
        <line num="359" count="1" type="stmt"/>
        <line num="372" count="4" type="cond" truecount="2" falsecount="0"/>
        <line num="384" count="2" type="stmt"/>
        <line num="386" count="2" type="cond" truecount="2" falsecount="0"/>
        <line num="387" count="1" type="stmt"/>
        <line num="390" count="1" type="stmt"/>
        <line num="406" count="2" type="cond" truecount="2" falsecount="0"/>
        <line num="407" count="1" type="stmt"/>
        <line num="409" count="1" type="stmt"/>
        <line num="410" count="1" type="stmt"/>
        <line num="413" count="2" type="cond" truecount="1" falsecount="1"/>
        <line num="415" count="2" type="stmt"/>
        <line num="417" count="2" type="cond" truecount="1" falsecount="1"/>
        <line num="419" count="2" type="stmt"/>
        <line num="421" count="2" type="cond" truecount="1" falsecount="1"/>
        <line num="423" count="2" type="stmt"/>
        <line num="437" count="2" type="stmt"/>
        <line num="439" count="2" type="cond" truecount="2" falsecount="1"/>
        <line num="440" count="2" type="cond" truecount="1" falsecount="1"/>
        <line num="441" count="0" type="stmt"/>
        <line num="444" count="2" type="stmt"/>
        <line num="446" count="2" type="stmt"/>
        <line num="448" count="2" type="stmt"/>
        <line num="462" count="2" type="stmt"/>
        <line num="475" count="2" type="stmt"/>
        <line num="488" count="0" type="cond" truecount="0" falsecount="2"/>
        <line num="493" count="0" type="stmt"/>
        <line num="494" count="0" type="stmt"/>
        <line num="497" count="0" type="stmt"/>
        <line num="502" count="0" type="stmt"/>
        <line num="503" count="0" type="cond" truecount="0" falsecount="2"/>
        <line num="505" count="0" type="cond" truecount="0" falsecount="4"/>
        <line num="506" count="0" type="stmt"/>
        <line num="509" count="0" type="cond" truecount="0" falsecount="2"/>
        <line num="510" count="0" type="stmt"/>
        <line num="514" count="0" type="stmt"/>
        <line num="515" count="0" type="cond" truecount="0" falsecount="2"/>
        <line num="517" count="0" type="stmt"/>
        <line num="518" count="0" type="stmt"/>
        <line num="519" count="0" type="stmt"/>
        <line num="522" count="0" type="stmt"/>
        <line num="523" count="0" type="stmt"/>
        <line num="531" count="0" type="stmt"/>
        <line num="538" count="0" type="cond" truecount="0" falsecount="4"/>
        <line num="539" count="0" type="stmt"/>
        <line num="540" count="0" type="stmt"/>
        <line num="542" count="0" type="stmt"/>
        <line num="543" count="0" type="cond" truecount="0" falsecount="2"/>
        <line num="545" count="0" type="stmt"/>
        <line num="546" count="0" type="stmt"/>
        <line num="549" count="0" type="stmt"/>
        <line num="557" count="0" type="stmt"/>
        <line num="566" count="0" type="stmt"/>
        <line num="600" count="0" type="stmt"/>
        <line num="602" count="0" type="stmt"/>
        <line num="603" count="0" type="stmt"/>
        <line num="605" count="0" type="stmt"/>
        <line num="606" count="0" type="cond" truecount="0" falsecount="2"/>
        <line num="607" count="0" type="stmt"/>
        <line num="608" count="0" type="stmt"/>
        <line num="610" count="0" type="stmt"/>
        <line num="618" count="0" type="stmt"/>
        <line num="619" count="0" type="stmt"/>
        <line num="620" count="0" type="stmt"/>
        <line num="623" count="0" type="stmt"/>
        <line num="628" count="0" type="stmt"/>
        <line num="633" count="0" type="stmt"/>
        <line num="638" count="2" type="stmt"/>
        <line num="653" count="2" type="stmt"/>
        <line num="654" count="44" type="stmt"/>
        <line num="658" count="5" type="stmt"/>
      </file>
      <file name="Utils.js" path="/Users/ktalmadge/dev/elv-client-js/src/Utils.js">
        <metrics statements="128" coveredstatements="110" conditionals="86" coveredconditionals="54" methods="34" coveredmethods="31"/>
        <line num="1" count="5" type="cond" truecount="1" falsecount="1"/>
        <line num="3" count="5" type="stmt"/>
        <line num="4" count="5" type="stmt"/>
        <line num="5" count="5" type="stmt"/>
        <line num="6" count="5" type="stmt"/>
        <line num="16" count="5" type="stmt"/>
        <line num="31" count="9" type="stmt"/>
        <line num="44" count="4" type="stmt"/>
        <line num="57" count="4" type="stmt"/>
        <line num="68" count="6157" type="cond" truecount="3" falsecount="1"/>
        <line num="69" count="0" type="stmt"/>
        <line num="72" count="6157" type="cond" truecount="2" falsecount="0"/>
        <line num="73" count="3" type="stmt"/>
        <line num="75" count="6157" type="stmt"/>
        <line num="86" count="411" type="stmt"/>
        <line num="87" count="411" type="stmt"/>
        <line num="98" count="123" type="cond" truecount="1" falsecount="1"/>
        <line num="99" count="0" type="stmt"/>
        <line num="102" count="123" type="stmt"/>
        <line num="105" count="123" type="stmt"/>
        <line num="108" count="123" type="stmt"/>
        <line num="109" count="123" type="stmt"/>
        <line num="110" count="123" type="stmt"/>
        <line num="113" count="123" type="stmt"/>
        <line num="114" count="123" type="stmt"/>
        <line num="115" count="123" type="stmt"/>
        <line num="117" count="123" type="stmt"/>
        <line num="120" count="123" type="stmt"/>
        <line num="121" count="123" type="stmt"/>
        <line num="122" count="123" type="stmt"/>
        <line num="125" count="123" type="stmt"/>
        <line num="128" count="123" type="stmt"/>
        <line num="130" count="123" type="stmt"/>
        <line num="146" count="762" type="stmt"/>
        <line num="147" count="762" type="stmt"/>
        <line num="158" count="2" type="stmt"/>
        <line num="169" count="31" type="stmt"/>
        <line num="180" count="698" type="stmt"/>
        <line num="191" count="3313" type="stmt"/>
        <line num="192" count="3313" type="stmt"/>
        <line num="204" count="386" type="cond" truecount="3" falsecount="1"/>
        <line num="205" count="0" type="stmt"/>
        <line num="208" count="386" type="stmt"/>
        <line num="221" count="7" type="cond" truecount="3" falsecount="1"/>
        <line num="222" count="0" type="stmt"/>
        <line num="225" count="7" type="cond" truecount="3" falsecount="1"/>
        <line num="226" count="0" type="stmt"/>
        <line num="229" count="7" type="stmt"/>
        <line num="240" count="1" type="stmt"/>
        <line num="241" count="12" type="stmt"/>
        <line num="244" count="1" type="stmt"/>
        <line num="248" count="4" type="stmt"/>
        <line num="252" count="822" type="stmt"/>
        <line num="256" count="17" type="stmt"/>
        <line num="266" count="16" type="stmt"/>
        <line num="268" count="16" type="stmt"/>
        <line num="270" count="16" type="stmt"/>
        <line num="272" count="16" type="stmt"/>
        <line num="279" count="130" type="stmt"/>
        <line num="280" count="130" type="stmt"/>
        <line num="281" count="130" type="stmt"/>
        <line num="282" count="1155" type="stmt"/>
        <line num="283" count="0" type="stmt"/>
        <line num="286" count="1155" type="stmt"/>
        <line num="287" count="1155" type="stmt"/>
        <line num="288" count="1155" type="stmt"/>
        <line num="289" count="1155" type="stmt"/>
        <line num="291" count="1155" type="stmt"/>
        <line num="294" count="130" type="stmt"/>
        <line num="295" count="130" type="stmt"/>
        <line num="296" count="130" type="stmt"/>
        <line num="297" count="130" type="cond" truecount="1" falsecount="1"/>
        <line num="298" count="597" type="stmt"/>
        <line num="299" count="597" type="stmt"/>
        <line num="301" count="597" type="stmt"/>
        <line num="302" count="558" type="stmt"/>
        <line num="303" count="558" type="stmt"/>
        <line num="305" count="0" type="stmt"/>
        <line num="308" count="558" type="stmt"/>
        <line num="312" count="597" type="stmt"/>
        <line num="313" count="597" type="cond" truecount="2" falsecount="0"/>
        <line num="314" count="130" type="stmt"/>
        <line num="321" count="343" type="stmt"/>
        <line num="325" count="386" type="stmt"/>
        <line num="327" count="337" type="cond" truecount="2" falsecount="5"/>
        <line num="329" count="299" type="stmt"/>
        <line num="331" count="0" type="stmt"/>
        <line num="333" count="0" type="stmt"/>
        <line num="335" count="38" type="stmt"/>
        <line num="337" count="0" type="stmt"/>
        <line num="339" count="0" type="stmt"/>
        <line num="341" count="0" type="stmt"/>
        <line num="352" count="336" type="cond" truecount="2" falsecount="0"/>
        <line num="354" count="207" type="stmt"/>
        <line num="357" count="129" type="cond" truecount="10" falsecount="5"/>
        <line num="368" count="27" type="stmt"/>
        <line num="371" count="227" type="stmt"/>
        <line num="373" count="5" type="cond" truecount="2" falsecount="0"/>
        <line num="376" count="3" type="stmt"/>
        <line num="378" count="8" type="stmt"/>
        <line num="395" count="59" type="cond" truecount="2" falsecount="0"/>
        <line num="397" count="7" type="cond" truecount="2" falsecount="0"/>
        <line num="398" count="1" type="stmt"/>
        <line num="401" count="6" type="cond" truecount="5" falsecount="13"/>
        <line num="404" count="3" type="stmt"/>
        <line num="415" count="0" type="stmt"/>
        <line num="417" count="0" type="stmt"/>
        <line num="419" count="0" type="stmt"/>
        <line num="421" count="1" type="stmt"/>
        <line num="422" count="1" type="stmt"/>
        <line num="423" count="4" type="stmt"/>
        <line num="425" count="4" type="cond" truecount="2" falsecount="0"/>
        <line num="426" count="3" type="stmt"/>
        <line num="429" count="1" type="stmt"/>
        <line num="431" count="1" type="stmt"/>
        <line num="433" count="1" type="stmt"/>
        <line num="434" count="1" type="stmt"/>
        <line num="435" count="11" type="stmt"/>
        <line num="437" count="11" type="cond" truecount="2" falsecount="0"/>
        <line num="438" count="9" type="stmt"/>
        <line num="441" count="1" type="stmt"/>
        <line num="443" count="0" type="stmt"/>
        <line num="452" count="15" type="cond" truecount="3" falsecount="1"/>
        <line num="453" count="0" type="stmt"/>
        <line num="454" count="15" type="cond" truecount="3" falsecount="1"/>
        <line num="455" count="15" type="stmt"/>
        <line num="457" count="0" type="stmt"/>
        <line num="462" count="5" type="stmt"/>
      </file>
      <file name="Validation.js" path="/Users/ktalmadge/dev/elv-client-js/src/Validation.js">
        <metrics statements="38" coveredstatements="25" conditionals="30" coveredconditionals="17" methods="8" coveredmethods="8"/>
        <line num="1" count="5" type="stmt"/>
        <line num="2" count="10" type="cond" truecount="1" falsecount="1"/>
        <line num="3" count="0" type="stmt"/>
        <line num="7" count="5" type="stmt"/>
        <line num="8" count="474" type="cond" truecount="1" falsecount="1"/>
        <line num="9" count="0" type="stmt"/>
        <line num="10" count="474" type="cond" truecount="1" falsecount="1"/>
        <line num="11" count="0" type="stmt"/>
        <line num="15" count="5" type="stmt"/>
        <line num="16" count="530" type="cond" truecount="1" falsecount="1"/>
        <line num="17" count="0" type="stmt"/>
        <line num="18" count="530" type="cond" truecount="1" falsecount="1"/>
        <line num="19" count="0" type="stmt"/>
        <line num="23" count="5" type="stmt"/>
        <line num="24" count="101" type="cond" truecount="1" falsecount="1"/>
        <line num="25" count="0" type="stmt"/>
        <line num="26" count="101" type="cond" truecount="1" falsecount="1"/>
        <line num="27" count="0" type="stmt"/>
        <line num="31" count="5" type="stmt"/>
        <line num="32" count="190" type="cond" truecount="1" falsecount="1"/>
        <line num="33" count="0" type="stmt"/>
        <line num="34" count="190" type="cond" truecount="1" falsecount="1"/>
        <line num="35" count="0" type="stmt"/>
        <line num="39" count="5" type="stmt"/>
        <line num="40" count="17" type="cond" truecount="1" falsecount="1"/>
        <line num="41" count="0" type="stmt"/>
        <line num="42" count="17" type="cond" truecount="3" falsecount="1"/>
        <line num="43" count="0" type="stmt"/>
        <line num="47" count="5" type="stmt"/>
        <line num="48" count="470" type="cond" truecount="2" falsecount="0"/>
        <line num="49" count="33" type="stmt"/>
        <line num="51" count="437" type="stmt"/>
        <line num="52" count="437" type="stmt"/>
        <line num="56" count="5" type="stmt"/>
        <line num="57" count="398" type="cond" truecount="1" falsecount="1"/>
        <line num="58" count="0" type="stmt"/>
        <line num="59" count="398" type="cond" truecount="1" falsecount="1"/>
        <line num="60" count="0" type="stmt"/>
      </file>
    </package>
    <package name="src.client">
      <metrics statements="1345" coveredstatements="1149" conditionals="860" coveredconditionals="582" methods="181" coveredmethods="157"/>
      <file name="ABRPublishing.js" path="/Users/ktalmadge/dev/elv-client-js/src/client/ABRPublishing.js">
        <metrics statements="116" coveredstatements="97" conditionals="101" coveredconditionals="62" methods="13" coveredmethods="13"/>
        <line num="7" count="5" type="stmt"/>
        <line num="8" count="5" type="stmt"/>
        <line num="14" count="5" type="stmt"/>
        <line num="40" count="5" type="stmt"/>
        <line num="52" count="1" type="stmt"/>
        <line num="54" count="1" type="stmt"/>
        <line num="60" count="1" type="cond" truecount="1" falsecount="1"/>
        <line num="61" count="1" type="cond" truecount="1" falsecount="1"/>
        <line num="63" count="0" type="stmt"/>
        <line num="65" count="0" type="stmt"/>
        <line num="78" count="0" type="stmt"/>
        <line num="96" count="1" type="stmt"/>
        <line num="107" count="1" type="stmt"/>
        <line num="118" count="1" type="stmt"/>
        <line num="135" count="1" type="stmt"/>
        <line num="142" count="1" type="stmt"/>
        <line num="168" count="5" type="stmt"/>
        <line num="180" count="1" type="stmt"/>
        <line num="181" count="1" type="stmt"/>
        <line num="183" count="1" type="cond" truecount="1" falsecount="1"/>
        <line num="184" count="0" type="stmt"/>
        <line num="187" count="1" type="stmt"/>
        <line num="189" count="1" type="cond" truecount="1" falsecount="1"/>
        <line num="192" count="1" type="cond" truecount="1" falsecount="1"/>
        <line num="194" count="0" type="stmt"/>
        <line num="200" count="0" type="stmt"/>
        <line num="201" count="0" type="stmt"/>
        <line num="204" count="1" type="stmt"/>
        <line num="209" count="1" type="stmt"/>
        <line num="210" count="1" type="stmt"/>
        <line num="213" count="1" type="stmt"/>
        <line num="219" count="1" type="stmt"/>
        <line num="220" count="1" type="stmt"/>
        <line num="221" count="1" type="stmt"/>
        <line num="222" count="1" type="stmt"/>
        <line num="224" count="1" type="stmt"/>
        <line num="225" count="3" type="stmt"/>
        <line num="228" count="1" type="stmt"/>
        <line num="234" count="1" type="stmt"/>
        <line num="235" count="1" type="cond" truecount="1" falsecount="1"/>
        <line num="236" count="0" type="stmt"/>
        <line num="237" count="0" type="stmt"/>
        <line num="240" count="1" type="stmt"/>
        <line num="247" count="1" type="cond" truecount="1" falsecount="1"/>
        <line num="249" count="0" type="stmt"/>
        <line num="256" count="1" type="stmt"/>
        <line num="266" count="1" type="stmt"/>
        <line num="286" count="1" type="cond" truecount="2" falsecount="2"/>
        <line num="287" count="1" type="cond" truecount="1" falsecount="1"/>
        <line num="288" count="1" type="cond" truecount="1" falsecount="1"/>
[...]
        <line num="7" count="5" type="stmt"/>
        <line num="13" count="5" type="stmt"/>
        <line num="25" count="5" type="stmt"/>
        <line num="26" count="0" type="stmt"/>
        <line num="28" count="0" type="stmt"/>
        <line num="41" count="5" type="stmt"/>
        <line num="42" count="398" type="stmt"/>
        <line num="44" count="398" type="cond" truecount="1" falsecount="1"/>
        <line num="45" count="0" type="stmt"/>
        <line num="48" count="398" type="stmt"/>
        <line num="62" count="5" type="stmt"/>
        <line num="63" count="0" type="stmt"/>
        <line num="78" count="5" type="cond" truecount="0" falsecount="1"/>
        <line num="79" count="0" type="stmt"/>
        <line num="96" count="5" type="stmt"/>
        <line num="104" count="1" type="stmt"/>
        <line num="106" count="1" type="cond" truecount="1" falsecount="1"/>
        <line num="108" count="1" type="stmt"/>
        <line num="110" count="1" type="stmt"/>
        <line num="112" count="1" type="stmt"/>
        <line num="140" count="5" type="stmt"/>
        <line num="151" count="211" type="stmt"/>
        <line num="154" count="211" type="stmt"/>
        <line num="155" count="211" type="cond" truecount="4" falsecount="0"/>
        <line num="156" count="1" type="stmt"/>
        <line num="159" count="211" type="cond" truecount="2" falsecount="0"/>
        <line num="161" count="211" type="stmt"/>
        <line num="195" count="5" type="stmt"/>
        <line num="206" count="125" type="stmt"/>
        <line num="209" count="125" type="stmt"/>
        <line num="210" count="125" type="cond" truecount="2" falsecount="2"/>
        <line num="211" count="0" type="stmt"/>
        <line num="214" count="125" type="cond" truecount="2" falsecount="0"/>
        <line num="216" count="125" type="stmt"/>
        <line num="240" count="5" type="stmt"/>
        <line num="241" count="0" type="stmt"/>
        <line num="243" count="0" type="cond" truecount="0" falsecount="2"/>
        <line num="244" count="0" type="stmt"/>
        <line num="247" count="0" type="cond" truecount="0" falsecount="4"/>
        <line num="249" count="0" type="stmt"/>
        <line num="252" count="0" type="stmt"/>
        <line num="254" count="0" type="stmt"/>
        <line num="255" count="0" type="stmt"/>
        <line num="262" count="0" type="cond" truecount="0" falsecount="2"/>
        <line num="264" count="0" type="stmt"/>
        <line num="285" count="5" type="stmt"/>
        <line num="295" count="0" type="stmt"/>
        <line num="296" count="0" type="stmt"/>
        <line num="298" count="0" type="stmt"/>
        <line num="300" count="0" type="stmt"/>
        <line num="302" count="0" type="stmt"/>
        <line num="309" count="0" type="stmt"/>
        <line num="311" count="0" type="stmt"/>
        <line num="325" count="0" type="stmt"/>
        <line num="327" count="0" type="stmt"/>
        <line num="345" count="5" type="stmt"/>
        <line num="346" count="76" type="stmt"/>
        <line num="363" count="5" type="stmt"/>
        <line num="364" count="10" type="stmt"/>
        <line num="365" count="10" type="cond" truecount="1" falsecount="1"/>
        <line num="368" count="5" type="cond" truecount="0" falsecount="1"/>
        <line num="369" count="8" type="stmt"/>
        <line num="371" count="8" type="cond" truecount="2" falsecount="0"/>
        <line num="372" count="7" type="cond" truecount="2" falsecount="0"/>
        <line num="373" count="6" type="stmt"/>
        <line num="374" count="6" type="stmt"/>
        <line num="376" count="1" type="stmt"/>
        <line num="378" count="1" type="cond" truecount="1" falsecount="1"/>
        <line num="379" count="0" type="stmt"/>
        <line num="383" count="8" type="cond" truecount="2" falsecount="0"/>
        <line num="384" count="1" type="stmt"/>
        <line num="387" count="8" type="cond" truecount="1" falsecount="1"/>
        <line num="388" count="0" type="stmt"/>
        <line num="391" count="8" type="stmt"/>
        <line num="408" count="5" type="cond" truecount="2" falsecount="1"/>
        <line num="409" count="7" type="stmt"/>
        <line num="411" count="7" type="stmt"/>
        <line num="413" count="7" type="stmt"/>
        <line num="427" count="5" type="stmt"/>
        <line num="428" count="8" type="stmt"/>
        <line num="440" count="5" type="stmt"/>
        <line num="441" count="15" type="stmt"/>
        <line num="443" count="15" type="stmt"/>
        <line num="445" count="15" type="stmt"/>
        <line num="458" count="5" type="stmt"/>
        <line num="459" count="6" type="stmt"/>
        <line num="461" count="6" type="stmt"/>
        <line num="466" count="6" type="stmt"/>
      </file>
      <file name="Files.js" path="/Users/ktalmadge/dev/elv-client-js/src/client/Files.js">
        <metrics statements="280" coveredstatements="260" conditionals="122" coveredconditionals="86" methods="37" coveredmethods="35"/>
        <line num="7" count="5" type="stmt"/>
        <line num="10" count="5" type="cond" truecount="1" falsecount="1"/>
        <line num="13" count="5" type="stmt"/>
        <line num="14" count="5" type="stmt"/>
        <line num="17" count="5" type="stmt"/>
        <line num="18" count="5" type="stmt"/>
        <line num="25" count="5" type="stmt"/>
        <line num="40" count="5" type="stmt"/>
        <line num="41" count="2" type="stmt"/>
        <line num="43" count="2" type="cond" truecount="1" falsecount="1"/>
        <line num="45" count="2" type="cond" truecount="2" falsecount="0"/>
        <line num="47" count="2" type="stmt"/>
        <line num="84" count="5" type="stmt"/>
        <line num="96" count="4" type="stmt"/>
        <line num="97" count="4" type="stmt"/>
        <line num="99" count="4" type="stmt"/>
        <line num="101" count="4" type="stmt"/>
        <line num="116" count="4" type="stmt"/>
        <line num="117" count="4" type="cond" truecount="2" falsecount="0"/>
        <line num="118" count="2" type="stmt"/>
        <line num="127" count="2" type="stmt"/>
        <line num="139" count="4" type="stmt"/>
        <line num="142" count="3" type="stmt"/>
        <line num="143" count="3" type="stmt"/>
        <line num="145" count="3" type="stmt"/>
        <line num="147" count="3" type="cond" truecount="2" falsecount="2"/>
        <line num="148" count="0" type="stmt"/>
        <line num="149" count="3" type="cond" truecount="2" falsecount="0"/>
        <line num="150" count="1" type="stmt"/>
        <line num="151" count="1" type="stmt"/>
        <line num="152" count="2" type="cond" truecount="1" falsecount="1"/>
        <line num="153" count="0" type="stmt"/>
        <line num="156" count="2" type="stmt"/>
        <line num="157" count="2" type="cond" truecount="2" falsecount="0"/>
        <line num="158" count="1" type="stmt"/>
        <line num="160" count="1" type="cond" truecount="1" falsecount="1"/>
        <line num="161" count="1" type="stmt"/>
        <line num="163" count="1" type="stmt"/>
        <line num="173" count="1" type="stmt"/>
        <line num="175" count="1" type="cond" truecount="1" falsecount="1"/>
        <line num="176" count="1" type="stmt"/>
        <line num="178" count="1" type="stmt"/>
        <line num="186" count="2" type="cond" truecount="1" falsecount="1"/>
        <line num="216" count="5" type="cond" truecount="1" falsecount="0"/>
        <line num="217" count="5" type="stmt"/>
        <line num="218" count="5" type="stmt"/>
        <line num="220" count="5" type="stmt"/>
        <line num="223" count="5" type="cond" truecount="1" falsecount="1"/>
        <line num="224" count="0" type="stmt"/>
        <line num="228" count="5" type="stmt"/>
        <line num="229" count="5" type="stmt"/>
        <line num="231" count="5" type="stmt"/>
        <line num="232" count="6" type="stmt"/>
        <line num="234" count="6" type="stmt"/>
        <line num="236" count="6" type="cond" truecount="1" falsecount="1"/>
        <line num="237" count="0" type="stmt"/>
        <line num="242" count="6" type="stmt"/>
        <line num="244" count="6" type="stmt"/>
        <line num="245" count="6" type="stmt"/>
        <line num="247" count="6" type="stmt"/>
        <line num="252" count="6" type="stmt"/>
        <line num="255" count="5" type="stmt"/>
        <line num="257" count="5" type="cond" truecount="2" falsecount="0"/>
        <line num="258" count="1" type="stmt"/>
        <line num="261" count="5" type="stmt"/>
        <line num="269" count="5" type="stmt"/>
        <line num="270" count="5" type="stmt"/>
        <line num="273" count="5" type="stmt"/>
        <line num="275" count="5" type="stmt"/>
        <line num="276" count="5" type="stmt"/>
        <line num="277" count="5" type="stmt"/>
        <line num="280" count="5" type="stmt"/>
        <line num="281" count="5" type="stmt"/>
        <line num="282" count="5" type="stmt"/>
        <line num="284" count="0" type="stmt"/>
        <line num="288" count="5" type="stmt"/>
        <line num="289" count="5" type="stmt"/>
        <line num="297" count="5" type="stmt"/>
        <line num="298" count="6" type="stmt"/>
        <line num="301" count="6" type="cond" truecount="1" falsecount="1"/>
        <line num="303" count="0" type="stmt"/>
        <line num="304" count="0" type="stmt"/>
        <line num="307" count="6" type="stmt"/>
        <line num="310" count="6" type="cond" truecount="1" falsecount="1"/>
        <line num="311" count="0" type="stmt"/>
        <line num="314" count="6" type="stmt"/>
        <line num="316" count="6" type="stmt"/>
        <line num="319" count="5" type="stmt"/>
        <line num="322" count="5" type="stmt"/>
        <line num="326" count="5" type="stmt"/>
        <line num="327" count="5" type="stmt"/>
        <line num="329" count="9" type="stmt"/>
        <line num="332" count="5" type="stmt"/>
        <line num="333" count="5" type="stmt"/>
        <line num="336" count="5" type="stmt"/>
        <line num="337" count="6" type="stmt"/>
        <line num="339" count="6" type="stmt"/>
        <line num="341" count="6" type="stmt"/>
        <line num="342" count="6" type="stmt"/>
        <line num="344" count="6" type="cond" truecount="2" falsecount="0"/>
        <line num="345" count="2" type="stmt"/>
        <line num="350" count="2" type="stmt"/>
        <line num="356" count="5" type="stmt"/>
        <line num="359" count="5" type="stmt"/>
        <line num="360" count="5" type="stmt"/>
        <line num="361" count="5" type="stmt"/>
        <line num="362" count="5" type="stmt"/>
        <line num="363" count="5" type="stmt"/>
        <line num="364" count="5" type="stmt"/>
        <line num="365" count="6" type="stmt"/>
        <line num="366" count="5" type="stmt"/>
        <line num="369" count="5" type="stmt"/>
        <line num="372" count="5" type="stmt"/>
        <line num="373" count="5" type="stmt"/>
        <line num="377" count="5" type="cond" truecount="1" falsecount="1"/>
        <line num="379" count="0" type="stmt"/>
        <line num="384" count="5" type="cond" truecount="2" falsecount="0"/>
        <line num="385" count="11" type="stmt"/>
        <line num="386" count="11" type="stmt"/>
        <line num="388" count="11" type="stmt"/>
        <line num="389" count="11" type="stmt"/>
        <line num="391" count="11" type="stmt"/>
        <line num="393" count="11" type="cond" truecount="1" falsecount="1"/>
        <line num="394" count="0" type="stmt"/>
        <line num="397" count="11" type="stmt"/>
        <line num="404" count="11" type="stmt"/>
        <line num="415" count="5" type="stmt"/>
        <line num="416" count="3" type="stmt"/>
        <line num="417" count="3" type="stmt"/>
        <line num="419" count="3" type="stmt"/>
        <line num="421" count="3" type="stmt"/>
        <line num="431" count="5" type="stmt"/>
        <line num="432" count="5" type="stmt"/>
        <line num="433" count="5" type="stmt"/>
        <line num="435" count="5" type="stmt"/>
        <line num="437" count="5" type="stmt"/>
        <line num="447" count="5" type="stmt"/>
        <line num="448" count="6" type="stmt"/>
        <line num="449" count="6" type="stmt"/>
        <line num="451" count="6" type="stmt"/>
        <line num="453" count="6" type="stmt"/>
        <line num="468" count="5" type="stmt"/>
        <line num="469" count="0" type="stmt"/>
        <line num="470" count="0" type="stmt"/>
        <line num="472" count="0" type="stmt"/>
        <line num="474" count="0" type="stmt"/>
        <line num="476" count="0" type="stmt"/>
        <line num="496" count="5" type="stmt"/>
        <line num="497" count="1" type="stmt"/>
        <line num="498" count="1" type="stmt"/>
        <line num="500" count="1" type="stmt"/>
        <line num="501" count="1" type="stmt"/>
        <line num="503" count="3" type="stmt"/>
        <line num="505" count="1" type="stmt"/>
        <line num="519" count="5" type="stmt"/>
        <line num="520" count="1" type="stmt"/>
        <line num="521" count="1" type="stmt"/>
        <line num="523" count="1" type="stmt"/>
        <line num="524" count="1" type="stmt"/>
        <line num="526" count="3" type="stmt"/>
        <line num="528" count="1" type="stmt"/>
        <line num="553" count="5" type="stmt"/>
        <line num="564" count="3" type="stmt"/>
        <line num="565" count="3" type="stmt"/>
        <line num="567" count="3" type="cond" truecount="1" falsecount="1"/>
        <line num="569" count="3" type="stmt"/>
        <line num="577" count="3" type="cond" truecount="3" falsecount="0"/>
        <line num="578" count="3" type="cond" truecount="1" falsecount="1"/>
        <line num="579" count="3" type="cond" truecount="3" falsecount="0"/>
        <line num="581" count="3" type="stmt"/>
        <line num="582" count="3" type="stmt"/>
        <line num="585" count="3" type="cond" truecount="1" falsecount="1"/>
        <line num="586" count="0" type="stmt"/>
        <line num="589" count="3" type="stmt"/>
        <line num="591" count="3" type="cond" truecount="1" falsecount="1"/>
        <line num="592" count="0" type="stmt"/>
        <line num="602" count="3" type="stmt"/>
        <line num="628" count="5" type="stmt"/>
        <line num="629" count="2" type="stmt"/>
        <line num="631" count="2" type="cond" truecount="1" falsecount="1"/>
        <line num="633" count="2" type="cond" truecount="1" falsecount="1"/>
        <line num="635" count="2" type="cond" truecount="2" falsecount="0"/>
        <line num="637" count="2" type="stmt"/>
        <line num="645" count="2" type="stmt"/>
        <line num="661" count="5" type="stmt"/>
        <line num="662" count="7" type="stmt"/>
        <line num="663" count="7" type="stmt"/>
        <line num="665" count="7" type="cond" truecount="1" falsecount="1"/>
        <line num="667" count="7" type="cond" truecount="1" falsecount="1"/>
        <line num="669" count="7" type="cond" truecount="2" falsecount="0"/>
        <line num="671" count="7" type="stmt"/>
        <line num="704" count="5" type="stmt"/>
        <line num="715" count="7" type="stmt"/>
        <line num="716" count="7" type="stmt"/>
        <line num="718" count="7" type="cond" truecount="1" falsecount="1"/>
        <line num="720" count="7" type="stmt"/>
        <line num="721" count="7" type="cond" truecount="2" falsecount="0"/>
        <line num="722" count="7" type="cond" truecount="3" falsecount="0"/>
        <line num="724" count="7" type="stmt"/>
        <line num="726" count="7" type="stmt"/>
        <line num="728" count="7" type="cond" truecount="2" falsecount="0"/>
        <line num="729" count="3" type="stmt"/>
        <line num="739" count="4" type="stmt"/>
        <line num="751" count="5" type="stmt"/>
        <line num="760" count="7" type="cond" truecount="3" falsecount="1"/>
        <line num="765" count="7" type="cond" truecount="2" falsecount="0"/>
        <line num="766" count="4" type="stmt"/>
        <line num="770" count="7" type="stmt"/>
        <line num="771" count="7" type="stmt"/>
        <line num="772" count="7" type="stmt"/>
        <line num="773" count="131" type="stmt"/>
        <line num="774" count="131" type="stmt"/>
        <line num="776" count="131" type="stmt"/>
        <line num="778" count="131" type="cond" truecount="2" falsecount="0"/>
        <line num="779" count="30" type="stmt"/>
        <line num="781" count="101" type="cond" truecount="1" falsecount="1"/>
        <line num="782" count="0" type="stmt"/>
        <line num="785" count="101" type="stmt"/>
        <line num="791" count="7" type="cond" truecount="2" falsecount="0"/>
        <line num="792" count="4" type="stmt"/>
        <line num="799" count="5" type="stmt"/>
        <line num="809" count="3" type="cond" truecount="3" falsecount="1"/>
        <line num="811" count="3" type="stmt"/>
        <line num="812" count="3" type="stmt"/>
        <line num="814" count="3" type="stmt"/>
        <line num="817" count="3" type="stmt"/>
        <line num="818" count="3" type="stmt"/>
        <line num="819" count="12" type="cond" truecount="2" falsecount="0"/>
        <line num="821" count="10" type="cond" truecount="1" falsecount="1"/>
        <line num="822" count="10" type="stmt"/>
        <line num="824" count="10" type="cond" truecount="1" falsecount="1"/>
        <line num="825" count="10" type="stmt"/>
        <line num="827" count="0" type="stmt"/>
        <line num="834" count="10" type="stmt"/>
        <line num="840" count="2" type="cond" truecount="1" falsecount="1"/>
        <line num="841" count="0" type="stmt"/>
        <line num="847" count="2" type="stmt"/>
        <line num="851" count="3" type="stmt"/>
        <line num="852" count="3" type="stmt"/>
        <line num="853" count="3" type="stmt"/>
        <line num="854" count="3" type="stmt"/>
        <line num="856" count="3" type="stmt"/>
        <line num="858" count="3" type="stmt"/>
        <line num="862" count="3" type="stmt"/>
        <line num="863" count="3" type="stmt"/>
        <line num="864" count="3" type="stmt"/>
        <line num="865" count="3" type="stmt"/>
        <line num="869" count="3" type="cond" truecount="2" falsecount="0"/>
        <line num="870" count="2" type="stmt"/>
        <line num="887" count="5" type="stmt"/>
        <line num="888" count="6" type="stmt"/>
        <line num="889" count="6" type="stmt"/>
        <line num="891" count="6" type="stmt"/>
        <line num="893" count="6" type="stmt"/>
        <line num="904" count="6" type="stmt"/>
        <line num="922" count="5" type="stmt"/>
        <line num="923" count="24" type="stmt"/>
        <line num="924" count="24" type="stmt"/>
        <line num="926" count="24" type="cond" truecount="4" falsecount="0"/>
        <line num="927" count="11" type="stmt"/>
        <line num="928" count="11" type="stmt"/>
        <line num="931" count="24" type="stmt"/>
        <line num="932" count="24" type="stmt"/>
        <line num="958" count="5" type="stmt"/>
        <line num="959" count="6" type="stmt"/>
        <line num="960" count="6" type="stmt"/>
        <line num="962" count="6" type="stmt"/>
        <line num="963" count="6" type="stmt"/>
        <line num="994" count="5" type="cond" truecount="1" falsecount="0"/>
        <line num="995" count="4" type="stmt"/>
        <line num="996" count="4" type="stmt"/>
        <line num="998" count="4" type="stmt"/>
        <line num="1000" count="4" type="stmt"/>
        <line num="1002" count="4" type="stmt"/>
        <line num="1016" count="5" type="stmt"/>
        <line num="1017" count="2" type="stmt"/>
        <line num="1018" count="2" type="stmt"/>
        <line num="1019" count="2" type="stmt"/>
        <line num="1021" count="2" type="stmt"/>
        <line num="1023" count="2" type="stmt"/>
      </file>
    </package>
  </project>
</coverage>
