{"/Users/ktalmadge/dev/elv-client-js/src/AuthorizationClient.js": {"path":"/Users/ktalmadge/dev/elv-client-js/src/AuthorizationClient.js","statementMap":{"0":{"start":{"line":1,"column":15},"end":{"line":1,"column":32}},"1":{"start":{"line":2,"column":11},"end":{"line":2,"column":26}},"2":{"start":{"line":3,"column":15},"end":{"line":3,"column":34}},"3":{"start":{"line":4,"column":14},"end":{"line":4,"column":32}},"4":{"start":{"line":7,"column":22},"end":{"line":7,"column":61}},"5":{"start":{"line":8,"column":24},"end":{"line":8,"column":58}},"6":{"start":{"line":9,"column":21},"end":{"line":9,"column":59}},"7":{"start":{"line":10,"column":24},"end":{"line":10,"column":58}},"8":{"start":{"line":11,"column":27},"end":{"line":11,"column":60}},"9":{"start":{"line":12,"column":25},"end":{"line":12,"column":56}},"10":{"start":{"line":14,"column":21},"end":{"line":22,"column":1}},"11":{"start":{"line":26,"column":4},"end":{"line":26,"column":31}},"12":{"start":{"line":26,"column":22},"end":{"line":26,"column":29}},"13":{"start":{"line":28,"column":4},"end":{"line":30,"column":5}},"14":{"start":{"line":29,"column":6},"end":{"line":29,"column":40}},"15":{"start":{"line":32,"column":4},"end":{"line":36,"column":72}},"16":{"start":{"line":40,"column":4},"end":{"line":40,"column":25}},"17":{"start":{"line":41,"column":4},"end":{"line":41,"column":41}},"18":{"start":{"line":42,"column":4},"end":{"line":42,"column":27}},"19":{"start":{"line":43,"column":4},"end":{"line":43,"column":25}},"20":{"start":{"line":44,"column":4},"end":{"line":44,"column":23}},"21":{"start":{"line":46,"column":4},"end":{"line":53,"column":6}},"22":{"start":{"line":55,"column":4},"end":{"line":62,"column":6}},"23":{"start":{"line":64,"column":4},"end":{"line":64,"column":35}},"24":{"start":{"line":65,"column":4},"end":{"line":65,"column":31}},"25":{"start":{"line":66,"column":4},"end":{"line":66,"column":25}},"26":{"start":{"line":71,"column":31},"end":{"line":71,"column":68}},"27":{"start":{"line":73,"column":20},"end":{"line":73,"column":69}},"28":{"start":{"line":75,"column":4},"end":{"line":77,"column":5}},"29":{"start":{"line":76,"column":6},"end":{"line":76,"column":72}},"30":{"start":{"line":79,"column":4},"end":{"line":79,"column":19}},"31":{"start":{"line":95,"column":27},"end":{"line":95,"column":39}},"32":{"start":{"line":97,"column":4},"end":{"line":123,"column":5}},"33":{"start":{"line":99,"column":6},"end":{"line":101,"column":7}},"34":{"start":{"line":100,"column":8},"end":{"line":100,"column":28}},"35":{"start":{"line":104,"column":6},"end":{"line":116,"column":7}},"36":{"start":{"line":105,"column":8},"end":{"line":105,"column":94}},"37":{"start":{"line":107,"column":8},"end":{"line":115,"column":11}},"38":{"start":{"line":118,"column":6},"end":{"line":118,"column":32}},"39":{"start":{"line":120,"column":6},"end":{"line":120,"column":18}},"40":{"start":{"line":122,"column":6},"end":{"line":122,"column":36}},"41":{"start":{"line":127,"column":4},"end":{"line":127,"column":81}},"42":{"start":{"line":127,"column":22},"end":{"line":127,"column":79}},"43":{"start":{"line":131,"column":4},"end":{"line":137,"column":5}},"44":{"start":{"line":132,"column":20},"end":{"line":132,"column":78}},"45":{"start":{"line":133,"column":6},"end":{"line":136,"column":7}},"46":{"start":{"line":134,"column":20},"end":{"line":134,"column":70}},"47":{"start":{"line":135,"column":8},"end":{"line":135,"column":35}},"48":{"start":{"line":139,"column":16},"end":{"line":142,"column":5}},"49":{"start":{"line":144,"column":4},"end":{"line":156,"column":5}},"50":{"start":{"line":145,"column":35},"end":{"line":153,"column":8}},"51":{"start":{"line":155,"column":6},"end":{"line":155,"column":36}},"52":{"start":{"line":158,"column":4},"end":{"line":160,"column":5}},"53":{"start":{"line":159,"column":6},"end":{"line":159,"column":32}},"54":{"start":{"line":162,"column":4},"end":{"line":164,"column":5}},"55":{"start":{"line":163,"column":6},"end":{"line":163,"column":30}},"56":{"start":{"line":166,"column":4},"end":{"line":168,"column":5}},"57":{"start":{"line":167,"column":6},"end":{"line":167,"column":32}},"58":{"start":{"line":170,"column":4},"end":{"line":170,"column":45}},"59":{"start":{"line":172,"column":22},"end":{"line":172,"column":94}},"60":{"start":{"line":173,"column":21},"end":{"line":173,"column":53}},"61":{"start":{"line":175,"column":4},"end":{"line":175,"column":45}},"62":{"start":{"line":189,"column":4},"end":{"line":191,"column":5}},"63":{"start":{"line":190,"column":6},"end":{"line":190,"column":37}},"64":{"start":{"line":194,"column":34},"end":{"line":196,"column":6}},"65":{"start":{"line":198,"column":4},"end":{"line":205,"column":5}},"66":{"start":{"line":200,"column":28},"end":{"line":200,"column":79}},"67":{"start":{"line":202,"column":6},"end":{"line":204,"column":7}},"68":{"start":{"line":203,"column":8},"end":{"line":203,"column":80}},"69":{"start":{"line":207,"column":4},"end":{"line":207,"column":81}},"70":{"start":{"line":207,"column":22},"end":{"line":207,"column":79}},"71":{"start":{"line":209,"column":15},"end":{"line":209,"column":59}},"72":{"start":{"line":210,"column":23},"end":{"line":210,"column":48}},"73":{"start":{"line":212,"column":56},"end":{"line":212,"column":110}},"74":{"start":{"line":214,"column":20},"end":{"line":214,"column":43}},"75":{"start":{"line":217,"column":4},"end":{"line":221,"column":5}},"76":{"start":{"line":218,"column":21},"end":{"line":218,"column":75}},"77":{"start":{"line":220,"column":6},"end":{"line":220,"column":60}},"78":{"start":{"line":220,"column":21},"end":{"line":220,"column":58}},"79":{"start":{"line":224,"column":4},"end":{"line":224,"column":29}},"80":{"start":{"line":224,"column":20},"end":{"line":224,"column":27}},"81":{"start":{"line":226,"column":24},"end":{"line":226,"column":47}},"82":{"start":{"line":228,"column":4},"end":{"line":234,"column":5}},"83":{"start":{"line":229,"column":6},"end":{"line":229,"column":63}},"84":{"start":{"line":230,"column":6},"end":{"line":230,"column":58}},"85":{"start":{"line":232,"column":6},"end":{"line":232,"column":63}},"86":{"start":{"line":233,"column":6},"end":{"line":233,"column":95}},"87":{"start":{"line":237,"column":4},"end":{"line":247,"column":5}},"88":{"start":{"line":238,"column":6},"end":{"line":238,"column":118}},"89":{"start":{"line":241,"column":6},"end":{"line":246,"column":9}},"90":{"start":{"line":242,"column":8},"end":{"line":245,"column":9}},"91":{"start":{"line":243,"column":10},"end":{"line":243,"column":58}},"92":{"start":{"line":244,"column":10},"end":{"line":244,"column":22}},"93":{"start":{"line":249,"column":4},"end":{"line":249,"column":68}},"94":{"start":{"line":251,"column":4},"end":{"line":251,"column":25}},"95":{"start":{"line":256,"column":23},"end":{"line":256,"column":24}},"96":{"start":{"line":257,"column":23},"end":{"line":257,"column":48}},"97":{"start":{"line":258,"column":4},"end":{"line":267,"column":5}},"98":{"start":{"line":259,"column":20},"end":{"line":259,"column":47}},"99":{"start":{"line":261,"column":6},"end":{"line":266,"column":7}},"100":{"start":{"line":263,"column":33},"end":{"line":263,"column":60}},"101":{"start":{"line":265,"column":8},"end":{"line":265,"column":108}},"102":{"start":{"line":269,"column":4},"end":{"line":271,"column":5}},"103":{"start":{"line":270,"column":6},"end":{"line":270,"column":49}},"104":{"start":{"line":274,"column":18},"end":{"line":280,"column":6}},"105":{"start":{"line":282,"column":31},"end":{"line":286,"column":6}},"106":{"start":{"line":288,"column":4},"end":{"line":290,"column":5}},"107":{"start":{"line":289,"column":6},"end":{"line":289,"column":35}},"108":{"start":{"line":292,"column":4},"end":{"line":292,"column":17}},"109":{"start":{"line":296,"column":18},"end":{"line":301,"column":6}},"110":{"start":{"line":303,"column":31},"end":{"line":307,"column":6}},"111":{"start":{"line":309,"column":4},"end":{"line":311,"column":5}},"112":{"start":{"line":310,"column":6},"end":{"line":310,"column":43}},"113":{"start":{"line":313,"column":4},"end":{"line":313,"column":17}},"114":{"start":{"line":317,"column":4},"end":{"line":319,"column":5}},"115":{"start":{"line":318,"column":6},"end":{"line":318,"column":49}},"116":{"start":{"line":321,"column":4},"end":{"line":321,"column":65}},"117":{"start":{"line":323,"column":18},"end":{"line":323,"column":40}},"118":{"start":{"line":325,"column":23},"end":{"line":330,"column":5}},"119":{"start":{"line":332,"column":17},"end":{"line":337,"column":5}},"120":{"start":{"line":339,"column":23},"end":{"line":339,"column":73}},"121":{"start":{"line":340,"column":4},"end":{"line":340,"column":44}},"122":{"start":{"line":342,"column":26},"end":{"line":342,"column":53}},"123":{"start":{"line":343,"column":4},"end":{"line":346,"column":5}},"124":{"start":{"line":344,"column":6},"end":{"line":344,"column":59}},"125":{"start":{"line":345,"column":6},"end":{"line":345,"column":47}},"126":{"start":{"line":348,"column":20},"end":{"line":352,"column":6}},"127":{"start":{"line":354,"column":22},"end":{"line":354,"column":96}},"128":{"start":{"line":355,"column":21},"end":{"line":355,"column":53}},"129":{"start":{"line":357,"column":18},"end":{"line":357,"column":53}},"130":{"start":{"line":359,"column":4},"end":{"line":361,"column":5}},"131":{"start":{"line":360,"column":6},"end":{"line":360,"column":50}},"132":{"start":{"line":363,"column":4},"end":{"line":363,"column":17}},"133":{"start":{"line":367,"column":4},"end":{"line":367,"column":67}},"134":{"start":{"line":369,"column":18},"end":{"line":369,"column":40}},"135":{"start":{"line":371,"column":23},"end":{"line":376,"column":5}},"136":{"start":{"line":378,"column":17},"end":{"line":383,"column":5}},"137":{"start":{"line":385,"column":23},"end":{"line":385,"column":73}},"138":{"start":{"line":386,"column":4},"end":{"line":386,"column":44}},"139":{"start":{"line":388,"column":4},"end":{"line":388,"column":45}},"140":{"start":{"line":390,"column":19},"end":{"line":394,"column":6}},"141":{"start":{"line":396,"column":4},"end":{"line":396,"column":52}},"142":{"start":{"line":398,"column":4},"end":{"line":398,"column":18}},"143":{"start":{"line":402,"column":16},"end":{"line":402,"column":74}},"144":{"start":{"line":404,"column":4},"end":{"line":422,"column":5}},"145":{"start":{"line":406,"column":8},"end":{"line":406,"column":29}},"146":{"start":{"line":407,"column":8},"end":{"line":407,"column":14}},"147":{"start":{"line":410,"column":8},"end":{"line":410,"column":32}},"148":{"start":{"line":411,"column":8},"end":{"line":411,"column":14}},"149":{"start":{"line":414,"column":8},"end":{"line":414,"column":28}},"150":{"start":{"line":415,"column":8},"end":{"line":415,"column":14}},"151":{"start":{"line":418,"column":8},"end":{"line":418,"column":67}},"152":{"start":{"line":419,"column":8},"end":{"line":419,"column":14}},"153":{"start":{"line":421,"column":8},"end":{"line":421,"column":28}},"154":{"start":{"line":424,"column":4},"end":{"line":424,"column":37}},"155":{"start":{"line":430,"column":4},"end":{"line":488,"column":5}},"156":{"start":{"line":432,"column":8},"end":{"line":432,"column":32}},"157":{"start":{"line":433,"column":8},"end":{"line":436,"column":10}},"158":{"start":{"line":437,"column":8},"end":{"line":437,"column":14}},"159":{"start":{"line":440,"column":8},"end":{"line":440,"column":34}},"160":{"start":{"line":441,"column":8},"end":{"line":444,"column":10}},"161":{"start":{"line":445,"column":8},"end":{"line":445,"column":14}},"162":{"start":{"line":448,"column":8},"end":{"line":448,"column":31}},"163":{"start":{"line":449,"column":8},"end":{"line":452,"column":10}},"164":{"start":{"line":453,"column":8},"end":{"line":453,"column":14}},"165":{"start":{"line":456,"column":8},"end":{"line":456,"column":34}},"166":{"start":{"line":457,"column":8},"end":{"line":465,"column":12}},"167":{"start":{"line":466,"column":8},"end":{"line":466,"column":33}},"168":{"start":{"line":468,"column":8},"end":{"line":480,"column":9}},"169":{"start":{"line":470,"column":10},"end":{"line":470,"column":97}},"170":{"start":{"line":473,"column":10},"end":{"line":479,"column":12}},"171":{"start":{"line":481,"column":8},"end":{"line":481,"column":14}},"172":{"start":{"line":483,"column":8},"end":{"line":483,"column":69}},"173":{"start":{"line":484,"column":8},"end":{"line":487,"column":10}},"174":{"start":{"line":490,"column":4},"end":{"line":495,"column":6}},"175":{"start":{"line":500,"column":25},"end":{"line":500,"column":90}},"176":{"start":{"line":502,"column":4},"end":{"line":517,"column":5}},"177":{"start":{"line":504,"column":8},"end":{"line":504,"column":34}},"178":{"start":{"line":506,"column":8},"end":{"line":506,"column":36}},"179":{"start":{"line":508,"column":8},"end":{"line":508,"column":33}},"180":{"start":{"line":510,"column":8},"end":{"line":510,"column":35}},"181":{"start":{"line":512,"column":8},"end":{"line":512,"column":34}},"182":{"start":{"line":514,"column":8},"end":{"line":514,"column":35}},"183":{"start":{"line":516,"column":8},"end":{"line":516,"column":34}},"184":{"start":{"line":521,"column":4},"end":{"line":521,"column":69}},"185":{"start":{"line":523,"column":20},"end":{"line":523,"column":43}},"186":{"start":{"line":524,"column":22},"end":{"line":524,"column":46}},"187":{"start":{"line":526,"column":4},"end":{"line":526,"column":67}},"188":{"start":{"line":526,"column":21},"end":{"line":526,"column":65}},"189":{"start":{"line":529,"column":18},"end":{"line":534,"column":6}},"190":{"start":{"line":536,"column":4},"end":{"line":536,"column":36}},"191":{"start":{"line":537,"column":4},"end":{"line":537,"column":52}},"192":{"start":{"line":539,"column":4},"end":{"line":539,"column":17}},"193":{"start":{"line":545,"column":17},"end":{"line":550,"column":6}},"194":{"start":{"line":552,"column":4},"end":{"line":552,"column":19}},"195":{"start":{"line":556,"column":4},"end":{"line":556,"column":45}},"196":{"start":{"line":556,"column":30},"end":{"line":556,"column":43}},"197":{"start":{"line":558,"column":25},"end":{"line":563,"column":6}},"198":{"start":{"line":565,"column":4},"end":{"line":565,"column":45}},"199":{"start":{"line":569,"column":4},"end":{"line":571,"column":6}},"200":{"start":{"line":575,"column":4},"end":{"line":577,"column":5}},"201":{"start":{"line":576,"column":6},"end":{"line":576,"column":63}},"202":{"start":{"line":579,"column":4},"end":{"line":583,"column":7}},"203":{"start":{"line":587,"column":4},"end":{"line":587,"column":81}},"204":{"start":{"line":587,"column":22},"end":{"line":587,"column":79}},"205":{"start":{"line":590,"column":20},"end":{"line":596,"column":6}},"206":{"start":{"line":599,"column":22},"end":{"line":599,"column":91}},"207":{"start":{"line":601,"column":4},"end":{"line":604,"column":6}},"208":{"start":{"line":609,"column":4},"end":{"line":609,"column":82}},"209":{"start":{"line":609,"column":21},"end":{"line":609,"column":80}},"210":{"start":{"line":611,"column":23},"end":{"line":611,"column":56}},"211":{"start":{"line":612,"column":21},"end":{"line":612,"column":71}},"212":{"start":{"line":613,"column":19},"end":{"line":617,"column":6}},"213":{"start":{"line":619,"column":4},"end":{"line":623,"column":7}},"214":{"start":{"line":627,"column":4},"end":{"line":627,"column":81}},"215":{"start":{"line":627,"column":22},"end":{"line":627,"column":79}},"216":{"start":{"line":629,"column":20},"end":{"line":629,"column":70}},"217":{"start":{"line":631,"column":4},"end":{"line":650,"column":5}},"218":{"start":{"line":631,"column":16},"end":{"line":631,"column":17}},"219":{"start":{"line":632,"column":6},"end":{"line":649,"column":7}},"220":{"start":{"line":633,"column":8},"end":{"line":638,"column":10}},"221":{"start":{"line":640,"column":37},"end":{"line":640,"column":85}},"222":{"start":{"line":641,"column":8},"end":{"line":641,"column":67}},"223":{"start":{"line":643,"column":8},"end":{"line":643,"column":51}},"224":{"start":{"line":646,"column":8},"end":{"line":648,"column":9}},"225":{"start":{"line":647,"column":10},"end":{"line":647,"column":22}},"226":{"start":{"line":654,"column":4},"end":{"line":656,"column":5}},"227":{"start":{"line":655,"column":6},"end":{"line":655,"column":63}},"228":{"start":{"line":658,"column":4},"end":{"line":663,"column":5}},"229":{"start":{"line":659,"column":16},"end":{"line":659,"column":49}},"230":{"start":{"line":660,"column":6},"end":{"line":660,"column":71}},"231":{"start":{"line":662,"column":6},"end":{"line":662,"column":44}},"232":{"start":{"line":665,"column":4},"end":{"line":665,"column":43}},"233":{"start":{"line":669,"column":4},"end":{"line":669,"column":54}},"234":{"start":{"line":669,"column":45},"end":{"line":669,"column":52}},"235":{"start":{"line":672,"column":18},"end":{"line":672,"column":76}},"236":{"start":{"line":673,"column":4},"end":{"line":675,"column":5}},"237":{"start":{"line":674,"column":6},"end":{"line":674,"column":89}},"238":{"start":{"line":682,"column":49},"end":{"line":685,"column":6}},"239":{"start":{"line":687,"column":4},"end":{"line":690,"column":6}},"240":{"start":{"line":695,"column":49},"end":{"line":698,"column":6}},"241":{"start":{"line":700,"column":4},"end":{"line":703,"column":6}},"242":{"start":{"line":708,"column":47},"end":{"line":712,"column":6}},"243":{"start":{"line":714,"column":4},"end":{"line":717,"column":6}},"244":{"start":{"line":722,"column":49},"end":{"line":726,"column":6}},"245":{"start":{"line":729,"column":21},"end":{"line":729,"column":61}},"246":{"start":{"line":730,"column":4},"end":{"line":732,"column":5}},"247":{"start":{"line":731,"column":6},"end":{"line":731,"column":66}},"248":{"start":{"line":734,"column":4},"end":{"line":737,"column":6}},"249":{"start":{"line":742,"column":4},"end":{"line":749,"column":6}},"250":{"start":{"line":751,"column":4},"end":{"line":758,"column":6}},"251":{"start":{"line":760,"column":4},"end":{"line":760,"column":35}},"252":{"start":{"line":764,"column":0},"end":{"line":764,"column":37}}},"fnMap":{"0":{"name":"(anonymous_0)","decl":{"start":{"line":25,"column":2},"end":{"line":25,"column":3}},"loc":{"start":{"line":25,"column":28},"end":{"line":37,"column":3}},"line":25},"1":{"name":"(anonymous_1)","decl":{"start":{"line":39,"column":2},"end":{"line":39,"column":3}},"loc":{"start":{"line":39,"column":82},"end":{"line":67,"column":3}},"line":39},"2":{"name":"(anonymous_2)","decl":{"start":{"line":70,"column":2},"end":{"line":70,"column":3}},"loc":{"start":{"line":70,"column":36},"end":{"line":80,"column":3}},"line":70},"3":{"name":"(anonymous_3)","decl":{"start":{"line":83,"column":2},"end":{"line":83,"column":3}},"loc":{"start":{"line":94,"column":5},"end":{"line":124,"column":3}},"line":94},"4":{"name":"(anonymous_4)","decl":{"start":{"line":126,"column":2},"end":{"line":126,"column":3}},"loc":{"start":{"line":126,"column":121},"end":{"line":176,"column":3}},"line":126},"5":{"name":"(anonymous_5)","decl":{"start":{"line":178,"column":2},"end":{"line":178,"column":3}},"loc":{"start":{"line":188,"column":5},"end":{"line":252,"column":3}},"line":188},"6":{"name":"(anonymous_6)","decl":{"start":{"line":241,"column":30},"end":{"line":241,"column":31}},"loc":{"start":{"line":241,"column":37},"end":{"line":246,"column":7}},"line":241},"7":{"name":"(anonymous_7)","decl":{"start":{"line":254,"column":2},"end":{"line":254,"column":3}},"loc":{"start":{"line":254,"column":67},"end":{"line":293,"column":3}},"line":254},"8":{"name":"(anonymous_8)","decl":{"start":{"line":295,"column":2},"end":{"line":295,"column":3}},"loc":{"start":{"line":295,"column":33},"end":{"line":314,"column":3}},"line":295},"9":{"name":"(anonymous_9)","decl":{"start":{"line":316,"column":2},"end":{"line":316,"column":3}},"loc":{"start":{"line":316,"column":71},"end":{"line":364,"column":3}},"line":316},"10":{"name":"(anonymous_10)","decl":{"start":{"line":366,"column":2},"end":{"line":366,"column":3}},"loc":{"start":{"line":366,"column":68},"end":{"line":399,"column":3}},"line":366},"11":{"name":"(anonymous_11)","decl":{"start":{"line":401,"column":2},"end":{"line":401,"column":3}},"loc":{"start":{"line":401,"column":78},"end":{"line":425,"column":3}},"line":401},"12":{"name":"(anonymous_12)","decl":{"start":{"line":427,"column":2},"end":{"line":427,"column":3}},"loc":{"start":{"line":427,"column":58},"end":{"line":496,"column":3}},"line":427},"13":{"name":"(anonymous_13)","decl":{"start":{"line":499,"column":2},"end":{"line":499,"column":3}},"loc":{"start":{"line":499,"column":23},"end":{"line":518,"column":3}},"line":499},"14":{"name":"(anonymous_14)","decl":{"start":{"line":520,"column":2},"end":{"line":520,"column":3}},"loc":{"start":{"line":520,"column":41},"end":{"line":540,"column":3}},"line":520},"15":{"name":"(anonymous_15)","decl":{"start":{"line":544,"column":2},"end":{"line":544,"column":3}},"loc":{"start":{"line":544,"column":42},"end":{"line":553,"column":3}},"line":544},"16":{"name":"(anonymous_16)","decl":{"start":{"line":555,"column":2},"end":{"line":555,"column":3}},"loc":{"start":{"line":555,"column":25},"end":{"line":566,"column":3}},"line":555},"17":{"name":"(anonymous_17)","decl":{"start":{"line":568,"column":2},"end":{"line":568,"column":3}},"loc":{"start":{"line":568,"column":22},"end":{"line":572,"column":3}},"line":568},"18":{"name":"(anonymous_18)","decl":{"start":{"line":574,"column":2},"end":{"line":574,"column":3}},"loc":{"start":{"line":574,"column":44},"end":{"line":584,"column":3}},"line":574},"19":{"name":"(anonymous_19)","decl":{"start":{"line":586,"column":2},"end":{"line":586,"column":3}},"loc":{"start":{"line":586,"column":41},"end":{"line":605,"column":3}},"line":586},"20":{"name":"(anonymous_20)","decl":{"start":{"line":608,"column":2},"end":{"line":608,"column":3}},"loc":{"start":{"line":608,"column":47},"end":{"line":624,"column":3}},"line":608},"21":{"name":"(anonymous_21)","decl":{"start":{"line":626,"column":2},"end":{"line":626,"column":3}},"loc":{"start":{"line":626,"column":65},"end":{"line":651,"column":3}},"line":626},"22":{"name":"(anonymous_22)","decl":{"start":{"line":653,"column":2},"end":{"line":653,"column":3}},"loc":{"start":{"line":653,"column":61},"end":{"line":666,"column":3}},"line":653},"23":{"name":"(anonymous_23)","decl":{"start":{"line":668,"column":2},"end":{"line":668,"column":3}},"loc":{"start":{"line":668,"column":67},"end":{"line":676,"column":3}},"line":668},"24":{"name":"(anonymous_24)","decl":{"start":{"line":680,"column":2},"end":{"line":680,"column":3}},"loc":{"start":{"line":680,"column":28},"end":{"line":691,"column":3}},"line":680},"25":{"name":"(anonymous_25)","decl":{"start":{"line":693,"column":2},"end":{"line":693,"column":3}},"loc":{"start":{"line":693,"column":28},"end":{"line":704,"column":3}},"line":693},"26":{"name":"(anonymous_26)","decl":{"start":{"line":706,"column":2},"end":{"line":706,"column":3}},"loc":{"start":{"line":706,"column":38},"end":{"line":718,"column":3}},"line":706},"27":{"name":"(anonymous_27)","decl":{"start":{"line":720,"column":2},"end":{"line":720,"column":3}},"loc":{"start":{"line":720,"column":49},"end":{"line":738,"column":3}},"line":720},"28":{"name":"(anonymous_28)","decl":{"start":{"line":741,"column":2},"end":{"line":741,"column":3}},"loc":{"start":{"line":741,"column":15},"end":{"line":761,"column":3}},"line":741}},"branchMap":{"0":{"loc":{"start":{"line":25,"column":15},"end":{"line":25,"column":26}},"type":"default-arg","locations":[{"start":{"line":25,"column":21},"end":{"line":25,"column":26}}],"line":25},"1":{"loc":{"start":{"line":26,"column":4},"end":{"line":26,"column":31}},"type":"if","locations":[{"start":{"line":26,"column":4},"end":{"line":26,"column":31}},{"start":{"line":26,"column":4},"end":{"line":26,"column":31}}],"line":26},"2":{"loc":{"start":{"line":28,"column":4},"end":{"line":30,"column":5}},"type":"if","locations":[{"start":{"line":28,"column":4},"end":{"line":30,"column":5}},{"start":{"line":28,"column":4},"end":{"line":30,"column":5}}],"line":28},"3":{"loc":{"start":{"line":32,"column":4},"end":{"line":36,"column":71}},"type":"cond-expr","locations":[{"start":{"line":34,"column":6},"end":{"line":34,"column":73}},{"start":{"line":36,"column":6},"end":{"line":36,"column":71}}],"line":32},"4":{"loc":{"start":{"line":39,"column":39},"end":{"line":39,"column":50}},"type":"default-arg","locations":[{"start":{"line":39,"column":45},"end":{"line":39,"column":50}}],"line":39},"5":{"loc":{"start":{"line":39,"column":52},"end":{"line":39,"column":65}},"type":"default-arg","locations":[{"start":{"line":39,"column":60},"end":{"line":39,"column":65}}],"line":39},"6":{"loc":{"start":{"line":39,"column":67},"end":{"line":39,"column":79}},"type":"default-arg","locations":[{"start":{"line":39,"column":74},"end":{"line":39,"column":79}}],"line":39},"7":{"loc":{"start":{"line":75,"column":4},"end":{"line":77,"column":5}},"type":"if","locations":[{"start":{"line":75,"column":4},"end":{"line":77,"column":5}},{"start":{"line":75,"column":4},"end":{"line":77,"column":5}}],"line":75},"8":{"loc":{"start":{"line":75,"column":7},"end":{"line":75,"column":56}},"type":"binary-expr","locations":[{"start":{"line":75,"column":7},"end":{"line":75,"column":24}},{"start":{"line":75,"column":28},"end":{"line":75,"column":56}}],"line":75},"9":{"loc":{"start":{"line":90,"column":4},"end":{"line":90,"column":16}},"type":"default-arg","locations":[{"start":{"line":90,"column":11},"end":{"line":90,"column":16}}],"line":90},"10":{"loc":{"start":{"line":91,"column":4},"end":{"line":91,"column":21}},"type":"default-arg","locations":[{"start":{"line":91,"column":16},"end":{"line":91,"column":21}}],"line":91},"11":{"loc":{"start":{"line":92,"column":4},"end":{"line":92,"column":17}},"type":"default-arg","locations":[{"start":{"line":92,"column":12},"end":{"line":92,"column":17}}],"line":92},"12":{"loc":{"start":{"line":93,"column":4},"end":{"line":93,"column":16}},"type":"default-arg","locations":[{"start":{"line":93,"column":11},"end":{"line":93,"column":16}}],"line":93},"13":{"loc":{"start":{"line":99,"column":6},"end":{"line":101,"column":7}},"type":"if","locations":[{"start":{"line":99,"column":6},"end":{"line":101,"column":7}},{"start":{"line":99,"column":6},"end":{"line":101,"column":7}}],"line":99},"14":{"loc":{"start":{"line":99,"column":9},"end":{"line":99,"column":33}},"type":"binary-expr","locations":[{"start":{"line":99,"column":9},"end":{"line":99,"column":16}},{"start":{"line":99,"column":20},"end":{"line":99,"column":33}}],"line":99},"15":{"loc":{"start":{"line":104,"column":6},"end":{"line":116,"column":7}},"type":"if","locations":[{"start":{"line":104,"column":6},"end":{"line":116,"column":7}},{"start":{"line":104,"column":6},"end":{"line":116,"column":7}}],"line":104},"16":{"loc":{"start":{"line":126,"column":92},"end":{"line":126,"column":104}},"type":"default-arg","locations":[{"start":{"line":126,"column":99},"end":{"line":126,"column":104}}],"line":126},"17":{"loc":{"start":{"line":126,"column":106},"end":{"line":126,"column":118}},"type":"default-arg","locations":[{"start":{"line":126,"column":113},"end":{"line":126,"column":118}}],"line":126},"18":{"loc":{"start":{"line":127,"column":4},"end":{"line":127,"column":81}},"type":"if","locations":[{"start":{"line":127,"column":4},"end":{"line":127,"column":81}},{"start":{"line":127,"column":4},"end":{"line":127,"column":81}}],"line":127},"19":{"loc":{"start":{"line":131,"column":4},"end":{"line":137,"column":5}},"type":"if","locations":[{"start":{"line":131,"column":4},"end":{"line":137,"column":5}},{"start":{"line":131,"column":4},"end":{"line":137,"column":5}}],"line":131},"20":{"loc":{"start":{"line":131,"column":7},"end":{"line":131,"column":88}},"type":"binary-expr","locations":[{"start":{"line":131,"column":7},"end":{"line":131,"column":17}},{"start":{"line":131,"column":21},"end":{"line":131,"column":29}},{"start":{"line":131,"column":33},"end":{"line":131,"column":88}}],"line":131},"21":{"loc":{"start":{"line":133,"column":6},"end":{"line":136,"column":7}},"type":"if","locations":[{"start":{"line":133,"column":6},"end":{"line":136,"column":7}},{"start":{"line":133,"column":6},"end":{"line":136,"column":7}}],"line":133},"22":{"loc":{"start":{"line":141,"column":33},"end":{"line":141,"column":89}},"type":"binary-expr","locations":[{"start":{"line":141,"column":34},"end":{"line":141,"column":52}},{"start":{"line":141,"column":56},"end":{"line":141,"column":82}},{"start":{"line":141,"column":87},"end":{"line":141,"column":89}}],"line":141},"23":{"loc":{"start":{"line":144,"column":4},"end":{"line":156,"column":5}},"type":"if","locations":[{"start":{"line":144,"column":4},"end":{"line":156,"column":5}},{"start":{"line":144,"column":4},"end":{"line":156,"column":5}}],"line":144},"24":{"loc":{"start":{"line":144,"column":9},"end":{"line":144,"column":30}},"type":"binary-expr","locations":[{"start":{"line":144,"column":9},"end":{"line":144,"column":20}},{"start":{"line":144,"column":24},"end":{"line":144,"column":30}}],"line":144},"25":{"loc":{"start":{"line":152,"column":16},"end":{"line":152,"column":37}},"type":"binary-expr","locations":[{"start":{"line":152,"column":16},"end":{"line":152,"column":27}},{"start":{"line":152,"column":31},"end":{"line":152,"column":37}}],"line":152},"26":{"loc":{"start":{"line":158,"column":4},"end":{"line":160,"column":5}},"type":"if","locations":[{"start":{"line":158,"column":4},"end":{"line":160,"column":5}},{"start":{"line":158,"column":4},"end":{"line":160,"column":5}}],"line":158},"27":{"loc":{"start":{"line":162,"column":4},"end":{"line":164,"column":5}},"type":"if","locations":[{"start":{"line":162,"column":4},"end":{"line":164,"column":5}},{"start":{"line":162,"column":4},"end":{"line":164,"column":5}}],"line":162},"28":{"loc":{"start":{"line":166,"column":4},"end":{"line":168,"column":5}},"type":"if","locations":[{"start":{"line":166,"column":4},"end":{"line":168,"column":5}},{"start":{"line":166,"column":4},"end":{"line":168,"column":5}}],"line":166},"29":{"loc":{"start":{"line":182,"column":4},"end":{"line":182,"column":11}},"type":"default-arg","locations":[{"start":{"line":182,"column":9},"end":{"line":182,"column":11}}],"line":182},"30":{"loc":{"start":{"line":183,"column":4},"end":{"line":183,"column":16}},"type":"default-arg","locations":[{"start":{"line":183,"column":14},"end":{"line":183,"column":16}}],"line":183},"31":{"loc":{"start":{"line":184,"column":4},"end":{"line":184,"column":16}},"type":"default-arg","locations":[{"start":{"line":184,"column":11},"end":{"line":184,"column":16}}],"line":184},"32":{"loc":{"start":{"line":185,"column":4},"end":{"line":185,"column":19}},"type":"default-arg","locations":[{"start":{"line":185,"column":14},"end":{"line":185,"column":19}}],"line":185},"33":{"loc":{"start":{"line":186,"column":4},"end":{"line":186,"column":17}},"type":"default-arg","locations":[{"start":{"line":186,"column":12},"end":{"line":186,"column":17}}],"line":186},"34":{"loc":{"start":{"line":189,"column":4},"end":{"line":191,"column":5}},"type":"if","locations":[{"start":{"line":189,"column":4},"end":{"line":191,"column":5}},{"start":{"line":189,"column":4},"end":{"line":191,"column":5}}],"line":189},"35":{"loc":{"start":{"line":198,"column":4},"end":{"line":205,"column":5}},"type":"if","locations":[{"start":{"line":198,"column":4},"end":{"line":205,"column":5}},{"start":{"line":198,"column":4},"end":{"line":205,"column":5}}],"line":198},"36":{"loc":{"start":{"line":202,"column":6},"end":{"line":204,"column":7}},"type":"if","locations":[{"start":{"line":202,"column":6},"end":{"line":204,"column":7}},{"start":{"line":202,"column":6},"end":{"line":204,"column":7}}],"line":202},"37":{"loc":{"start":{"line":207,"column":4},"end":{"line":207,"column":81}},"type":"if","locations":[{"start":{"line":207,"column":4},"end":{"line":207,"column":81}},{"start":{"line":207,"column":4},"end":{"line":207,"column":81}}],"line":207},"38":{"loc":{"start":{"line":209,"column":15},"end":{"line":209,"column":59}},"type":"binary-expr","locations":[{"start":{"line":209,"column":15},"end":{"line":209,"column":23}},{"start":{"line":209,"column":27},"end":{"line":209,"column":36}},{"start":{"line":209,"column":40},"end":{"line":209,"column":59}}],"line":209},"39":{"loc":{"start":{"line":217,"column":4},"end":{"line":221,"column":5}},"type":"if","locations":[{"start":{"line":217,"column":4},"end":{"line":221,"column":5}},{"start":{"line":217,"column":4},"end":{"line":221,"column":5}}],"line":217},"40":{"loc":{"start":{"line":217,"column":7},"end":{"line":217,"column":29}},"type":"binary-expr","locations":[{"start":{"line":217,"column":7},"end":{"line":217,"column":15}},{"start":{"line":217,"column":19},"end":{"line":217,"column":29}}],"line":217},"41":{"loc":{"start":{"line":218,"column":21},"end":{"line":218,"column":75}},"type":"cond-expr","locations":[{"start":{"line":218,"column":30},"end":{"line":218,"column":51}},{"start":{"line":218,"column":54},"end":{"line":218,"column":75}}],"line":218},"42":{"loc":{"start":{"line":220,"column":6},"end":{"line":220,"column":60}},"type":"if","locations":[{"start":{"line":220,"column":6},"end":{"line":220,"column":60}},{"start":{"line":220,"column":6},"end":{"line":220,"column":60}}],"line":220},"43":{"loc":{"start":{"line":224,"column":4},"end":{"line":224,"column":29}},"type":"if","locations":[{"start":{"line":224,"column":4},"end":{"line":224,"column":29}},{"start":{"line":224,"column":4},"end":{"line":224,"column":29}}],"line":224},"44":{"loc":{"start":{"line":228,"column":4},"end":{"line":234,"column":5}},"type":"if","locations":[{"start":{"line":228,"column":4},"end":{"line":234,"column":5}},{"start":{"line":228,"column":4},"end":{"line":234,"column":5}}],"line":228},"45":{"loc":{"start":{"line":237,"column":4},"end":{"line":247,"column":5}},"type":"if","locations":[{"start":{"line":237,"column":4},"end":{"line":247,"column":5}},{"start":{"line":237,"column":4},"end":{"line":247,"column":5}}],"line":237},"46":{"loc":{"start":{"line":242,"column":8},"end":{"line":245,"column":9}},"type":"if","locations":[{"start":{"line":242,"column":8},"end":{"line":245,"column":9}},{"start":{"line":242,"column":8},"end":{"line":245,"column":9}}],"line":242},"47":{"loc":{"start":{"line":242,"column":11},"end":{"line":242,"column":45}},"type":"binary-expr","locations":[{"start":{"line":242,"column":11},"end":{"line":242,"column":21}},{"start":{"line":242,"column":25},"end":{"line":242,"column":45}}],"line":242},"48":{"loc":{"start":{"line":254,"column":32},"end":{"line":254,"column":39}},"type":"default-arg","locations":[{"start":{"line":254,"column":37},"end":{"line":254,"column":39}}],"line":254},"49":{"loc":{"start":{"line":254,"column":41},"end":{"line":254,"column":64}},"type":"default-arg","locations":[{"start":{"line":254,"column":59},"end":{"line":254,"column":64}}],"line":254},"50":{"loc":{"start":{"line":258,"column":4},"end":{"line":267,"column":5}},"type":"if","locations":[{"start":{"line":258,"column":4},"end":{"line":267,"column":5}},{"start":{"line":258,"column":4},"end":{"line":267,"column":5}}],"line":258},"51":{"loc":{"start":{"line":258,"column":7},"end":{"line":258,"column":62}},"type":"binary-expr","locations":[{"start":{"line":258,"column":7},"end":{"line":258,"column":24}},{"start":{"line":258,"column":28},"end":{"line":258,"column":62}}],"line":258},"52":{"loc":{"start":{"line":261,"column":6},"end":{"line":266,"column":7}},"type":"if","locations":[{"start":{"line":261,"column":6},"end":{"line":266,"column":7}},{"start":{"line":261,"column":6},"end":{"line":266,"column":7}}],"line":261},"53":{"loc":{"start":{"line":269,"column":4},"end":{"line":271,"column":5}},"type":"if","locations":[{"start":{"line":269,"column":4},"end":{"line":271,"column":5}},{"start":{"line":269,"column":4},"end":{"line":271,"column":5}}],"line":269},"54":{"loc":{"start":{"line":288,"column":4},"end":{"line":290,"column":5}},"type":"if","locations":[{"start":{"line":288,"column":4},"end":{"line":290,"column":5}},{"start":{"line":288,"column":4},"end":{"line":290,"column":5}}],"line":288},"55":{"loc":{"start":{"line":288,"column":7},"end":{"line":288,"column":53}},"type":"binary-expr","locations":[{"start":{"line":288,"column":7},"end":{"line":288,"column":30}},{"start":{"line":288,"column":34},"end":{"line":288,"column":53}}],"line":288},"56":{"loc":{"start":{"line":309,"column":4},"end":{"line":311,"column":5}},"type":"if","locations":[{"start":{"line":309,"column":4},"end":{"line":311,"column":5}},{"start":{"line":309,"column":4},"end":{"line":311,"column":5}}],"line":309},"57":{"loc":{"start":{"line":309,"column":7},"end":{"line":309,"column":53}},"type":"binary-expr","locations":[{"start":{"line":309,"column":7},"end":{"line":309,"column":30}},{"start":{"line":309,"column":34},"end":{"line":309,"column":53}}],"line":309},"58":{"loc":{"start":{"line":316,"column":61},"end":{"line":316,"column":68}},"type":"default-arg","locations":[{"start":{"line":316,"column":67},"end":{"line":316,"column":68}}],"line":316},"59":{"loc":{"start":{"line":317,"column":4},"end":{"line":319,"column":5}},"type":"if","locations":[{"start":{"line":317,"column":4},"end":{"line":319,"column":5}},{"start":{"line":317,"column":4},"end":{"line":319,"column":5}}],"line":317},"60":{"loc":{"start":{"line":317,"column":7},"end":{"line":317,"column":59}},"type":"binary-expr","locations":[{"start":{"line":317,"column":7},"end":{"line":317,"column":20}},{"start":{"line":317,"column":24},"end":{"line":317,"column":59}}],"line":317},"61":{"loc":{"start":{"line":343,"column":4},"end":{"line":346,"column":5}},"type":"if","locations":[{"start":{"line":343,"column":4},"end":{"line":346,"column":5}},{"start":{"line":343,"column":4},"end":{"line":346,"column":5}}],"line":343},"62":{"loc":{"start":{"line":359,"column":4},"end":{"line":361,"column":5}},"type":"if","locations":[{"start":{"line":359,"column":4},"end":{"line":361,"column":5}},{"start":{"line":359,"column":4},"end":{"line":361,"column":5}}],"line":359},"63":{"loc":{"start":{"line":366,"column":56},"end":{"line":366,"column":65}},"type":"default-arg","locations":[{"start":{"line":366,"column":64},"end":{"line":366,"column":65}}],"line":366},"64":{"loc":{"start":{"line":402,"column":16},"end":{"line":402,"column":74}},"type":"cond-expr","locations":[{"start":{"line":402,"column":25},"end":{"line":402,"column":48}},{"start":{"line":402,"column":51},"end":{"line":402,"column":74}}],"line":402},"65":{"loc":{"start":{"line":404,"column":4},"end":{"line":422,"column":5}},"type":"switch","locations":[{"start":{"line":405,"column":6},"end":{"line":407,"column":14}},{"start":{"line":409,"column":6},"end":{"line":411,"column":14}},{"start":{"line":413,"column":6},"end":{"line":415,"column":14}},{"start":{"line":417,"column":6},"end":{"line":419,"column":14}},{"start":{"line":420,"column":6},"end":{"line":421,"column":28}}],"line":404},"66":{"loc":{"start":{"line":418,"column":16},"end":{"line":418,"column":66}},"type":"cond-expr","locations":[{"start":{"line":418,"column":28},"end":{"line":418,"column":50}},{"start":{"line":418,"column":53},"end":{"line":418,"column":66}}],"line":418},"67":{"loc":{"start":{"line":427,"column":37},"end":{"line":427,"column":49}},"type":"default-arg","locations":[{"start":{"line":427,"column":44},"end":{"line":427,"column":49}}],"line":427},"68":{"loc":{"start":{"line":430,"column":4},"end":{"line":488,"column":5}},"type":"switch","locations":[{"start":{"line":431,"column":6},"end":{"line":437,"column":14}},{"start":{"line":439,"column":6},"end":{"line":445,"column":14}},{"start":{"line":447,"column":6},"end":{"line":453,"column":14}},{"start":{"line":455,"column":6},"end":{"line":481,"column":14}},{"start":{"line":482,"column":6},"end":{"line":487,"column":10}}],"line":430},"69":{"loc":{"start":{"line":457,"column":16},"end":{"line":465,"column":11}},"type":"cond-expr","locations":[{"start":{"line":458,"column":10},"end":{"line":461,"column":11}},{"start":{"line":462,"column":10},"end":{"line":465,"column":11}}],"line":457},"70":{"loc":{"start":{"line":468,"column":8},"end":{"line":480,"column":9}},"type":"if","locations":[{"start":{"line":468,"column":8},"end":{"line":480,"column":9}},{"start":{"line":468,"column":8},"end":{"line":480,"column":9}}],"line":468},"71":{"loc":{"start":{"line":468,"column":11},"end":{"line":468,"column":34}},"type":"binary-expr","locations":[{"start":{"line":468,"column":11},"end":{"line":468,"column":15}},{"start":{"line":468,"column":19},"end":{"line":468,"column":34}}],"line":468},"72":{"loc":{"start":{"line":470,"column":20},"end":{"line":470,"column":96}},"type":"cond-expr","locations":[{"start":{"line":470,"column":52},"end":{"line":470,"column":91}},{"start":{"line":470,"column":94},"end":{"line":470,"column":96}}],"line":470},"73":{"loc":{"start":{"line":475,"column":12},"end":{"line":475,"column":88}},"type":"cond-expr","locations":[{"start":{"line":475,"column":44},"end":{"line":475,"column":83}},{"start":{"line":475,"column":86},"end":{"line":475,"column":88}}],"line":475},"74":{"loc":{"start":{"line":483,"column":14},"end":{"line":483,"column":68}},"type":"cond-expr","locations":[{"start":{"line":483,"column":23},"end":{"line":483,"column":43}},{"start":{"line":483,"column":46},"end":{"line":483,"column":68}}],"line":483},"75":{"loc":{"start":{"line":502,"column":4},"end":{"line":517,"column":5}},"type":"switch","locations":[{"start":{"line":503,"column":6},"end":{"line":504,"column":34}},{"start":{"line":505,"column":6},"end":{"line":506,"column":36}},{"start":{"line":507,"column":6},"end":{"line":508,"column":33}},{"start":{"line":509,"column":6},"end":{"line":510,"column":35}},{"start":{"line":511,"column":6},"end":{"line":512,"column":34}},{"start":{"line":513,"column":6},"end":{"line":514,"column":35}},{"start":{"line":515,"column":6},"end":{"line":516,"column":34}}],"line":502},"76":{"loc":{"start":{"line":526,"column":4},"end":{"line":526,"column":67}},"type":"if","locations":[{"start":{"line":526,"column":4},"end":{"line":526,"column":67}},{"start":{"line":526,"column":4},"end":{"line":526,"column":67}}],"line":526},"77":{"loc":{"start":{"line":556,"column":4},"end":{"line":556,"column":45}},"type":"if","locations":[{"start":{"line":556,"column":4},"end":{"line":556,"column":45}},{"start":{"line":556,"column":4},"end":{"line":556,"column":45}}],"line":556},"78":{"loc":{"start":{"line":575,"column":4},"end":{"line":577,"column":5}},"type":"if","locations":[{"start":{"line":575,"column":4},"end":{"line":577,"column":5}},{"start":{"line":575,"column":4},"end":{"line":577,"column":5}}],"line":575},"79":{"loc":{"start":{"line":587,"column":4},"end":{"line":587,"column":81}},"type":"if","locations":[{"start":{"line":587,"column":4},"end":{"line":587,"column":81}},{"start":{"line":587,"column":4},"end":{"line":587,"column":81}}],"line":587},"80":{"loc":{"start":{"line":609,"column":4},"end":{"line":609,"column":82}},"type":"if","locations":[{"start":{"line":609,"column":4},"end":{"line":609,"column":82}},{"start":{"line":609,"column":4},"end":{"line":609,"column":82}}],"line":609},"81":{"loc":{"start":{"line":627,"column":4},"end":{"line":627,"column":81}},"type":"if","locations":[{"start":{"line":627,"column":4},"end":{"line":627,"column":81}},{"start":{"line":627,"column":4},"end":{"line":627,"column":81}}],"line":627},"82":{"loc":{"start":{"line":646,"column":8},"end":{"line":648,"column":9}},"type":"if","locations":[{"start":{"line":646,"column":8},"end":{"line":648,"column":9}},{"start":{"line":646,"column":8},"end":{"line":648,"column":9}}],"line":646},"83":{"loc":{"start":{"line":654,"column":4},"end":{"line":656,"column":5}},"type":"if","locations":[{"start":{"line":654,"column":4},"end":{"line":656,"column":5}},{"start":{"line":654,"column":4},"end":{"line":656,"column":5}}],"line":654},"84":{"loc":{"start":{"line":658,"column":4},"end":{"line":663,"column":5}},"type":"if","locations":[{"start":{"line":658,"column":4},"end":{"line":663,"column":5}},{"start":{"line":658,"column":4},"end":{"line":663,"column":5}}],"line":658},"85":{"loc":{"start":{"line":669,"column":4},"end":{"line":669,"column":54}},"type":"if","locations":[{"start":{"line":669,"column":4},"end":{"line":669,"column":54}},{"start":{"line":669,"column":4},"end":{"line":669,"column":54}}],"line":669},"86":{"loc":{"start":{"line":673,"column":4},"end":{"line":675,"column":5}},"type":"if","locations":[{"start":{"line":673,"column":4},"end":{"line":675,"column":5}},{"start":{"line":673,"column":4},"end":{"line":675,"column":5}}],"line":673},"87":{"loc":{"start":{"line":724,"column":19},"end":{"line":724,"column":75}},"type":"cond-expr","locations":[{"start":{"line":724,"column":28},"end":{"line":724,"column":55}},{"start":{"line":724,"column":58},"end":{"line":724,"column":75}}],"line":724},"88":{"loc":{"start":{"line":730,"column":4},"end":{"line":732,"column":5}},"type":"if","locations":[{"start":{"line":730,"column":4},"end":{"line":732,"column":5}},{"start":{"line":730,"column":4},"end":{"line":732,"column":5}}],"line":730}},"s":{"0":5,"1":5,"2":5,"3":5,"4":5,"5":5,"6":5,"7":5,"8":5,"9":5,"10":5,"11":49,"12":49,"13":0,"14":0,"15":0,"16":29,"17":29,"18":29,"19":29,"20":29,"21":29,"22":29,"23":29,"24":29,"25":29,"26":431,"27":431,"28":431,"29":18,"30":431,"31":464,"32":464,"33":464,"34":0,"35":464,"36":9,"37":455,"38":464,"39":0,"40":464,"41":455,"42":17,"43":455,"44":28,"45":28,"46":1,"47":1,"48":455,"49":455,"50":256,"51":256,"52":455,"53":443,"54":455,"55":0,"56":455,"57":1,"58":455,"59":455,"60":455,"61":455,"62":259,"63":0,"64":259,"65":259,"66":0,"67":0,"68":0,"69":259,"70":11,"71":259,"72":259,"73":259,"74":259,"75":259,"76":258,"77":258,"78":213,"79":46,"80":1,"81":45,"82":45,"83":31,"84":31,"85":14,"86":14,"87":45,"88":45,"89":45,"90":63,"91":9,"92":9,"93":45,"94":45,"95":14,"96":14,"97":14,"98":9,"99":9,"100":4,"101":4,"102":14,"103":0,"104":14,"105":14,"106":14,"107":0,"108":14,"109":31,"110":31,"111":31,"112":0,"113":31,"114":9,"115":8,"116":1,"117":1,"118":1,"119":1,"120":1,"121":1,"122":1,"123":1,"124":1,"125":1,"126":1,"127":1,"128":1,"129":1,"130":1,"131":1,"132":1,"133":0,"134":0,"135":0,"136":0,"137":0,"138":0,"139":0,"140":0,"141":0,"142":0,"143":45,"144":45,"145":0,"146":0,"147":11,"148":11,"149":1,"150":1,"151":27,"152":27,"153":6,"154":45,"155":259,"156":0,"157":0,"158":0,"159":34,"160":34,"161":34,"162":3,"163":3,"164":3,"165":163,"166":163,"167":163,"168":163,"169":1,"170":162,"171":163,"172":59,"173":59,"174":259,"175":314,"176":314,"177":0,"178":42,"179":3,"180":66,"181":3,"182":200,"183":0,"184":1,"185":1,"186":1,"187":1,"188":0,"189":1,"190":1,"191":1,"192":1,"193":4,"194":4,"195":78,"196":0,"197":78,"198":78,"199":457,"200":2,"201":0,"202":2,"203":3,"204":0,"205":3,"206":3,"207":3,"208":1,"209":0,"210":1,"211":1,"212":1,"213":1,"214":2,"215":0,"216":2,"217":2,"218":2,"219":2,"220":2,"221":2,"222":2,"223":0,"224":0,"225":0,"226":2,"227":0,"228":2,"229":1,"230":1,"231":1,"232":2,"233":45,"234":18,"235":27,"236":27,"237":4,"238":1,"239":1,"240":1,"241":1,"242":6,"243":6,"244":17,"245":17,"246":17,"247":17,"248":17,"249":2,"250":2,"251":2,"252":5},"f":{"0":49,"1":29,"2":431,"3":464,"4":455,"5":259,"6":63,"7":14,"8":31,"9":9,"10":0,"11":45,"12":259,"13":314,"14":1,"15":4,"16":78,"17":457,"18":2,"19":3,"20":1,"21":2,"22":2,"23":45,"24":1,"25":1,"26":6,"27":17,"28":2},"b":{"0":[49],"1":[49,0],"2":[0,0],"3":[0,0],"4":[0],"5":[0],"6":[0],"7":[18,413],"8":[431,37],"9":[257],"10":[441],"11":[438],"12":[245],"13":[0,464],"14":[464,0],"15":[9,455],"16":[0],"17":[0],"18":[17,438],"19":[28,427],"20":[455,37,37],"21":[1,27],"22":[455,455,0],"23":[256,199],"24":[455,455],"25":[256,256],"26":[443,12],"27":[0,455],"28":[1,454],"29":[258],"30":[258],"31":[2],"32":[258],"33":[2],"34":[0,259],"35":[0,259],"36":[0,0],"37":[11,248],"38":[259,9,0],"39":[258,1],"40":[259,259],"41":[207,51],"42":[213,45],"43":[1,45],"44":[31,14],"45":[45,0],"46":[9,54],"47":[63,63],"48":[0],"49":[5],"50":[9,5],"51":[14,9],"52":[4,5],"53":[0,14],"54":[0,14],"55":[14,14],"56":[0,31],"57":[31,31],"58":[9],"59":[8,1],"60":[9,9],"61":[1,0],"62":[1,0],"63":[0],"64":[31,14],"65":[0,11,1,27,6],"66":[1,26],"67":[0],"68":[0,34,3,163,59],"69":[1,162],"70":[1,162],"71":[163,163],"72":[1,0],"73":[162,0],"74":[59,0],"75":[0,42,3,66,3,200,0],"76":[0,1],"77":[0,78],"78":[0,2],"79":[0,3],"80":[0,1],"81":[0,2],"82":[0,0],"83":[0,2],"84":[1,1],"85":[18,27],"86":[4,23],"87":[3,14],"88":[17,0]},"_coverageSchema":"43e27e138ebf9cfc5966b082cf9a028302ed4184","hash":"82925af6930fd08aa8fe4e709a6e9a69ea2bb1e3"}
,"/Users/ktalmadge/dev/elv-client-js/src/ContentObjectVerification.js": {"path":"/Users/ktalmadge/dev/elv-client-js/src/ContentObjectVerification.js","statementMap":{"0":{"start":{"line":1,"column":13},"end":{"line":1,"column":28}},"1":{"start":{"line":2,"column":13},"end":{"line":2,"column":28}},"2":{"start":{"line":3,"column":18},"end":{"line":3,"column":40}},"3":{"start":{"line":4,"column":18},"end":{"line":4,"column":39}},"4":{"start":{"line":5,"column":14},"end":{"line":5,"column":32}},"5":{"start":{"line":7,"column":34},"end":{"line":208,"column":1}},"6":{"start":{"line":9,"column":19},"end":{"line":11,"column":5}},"7":{"start":{"line":13,"column":21},"end":{"line":13,"column":66}},"8":{"start":{"line":15,"column":27},"end":{"line":16,"column":46}},"9":{"start":{"line":16,"column":24},"end":{"line":16,"column":45}},"10":{"start":{"line":17,"column":29},"end":{"line":17,"column":120}},"11":{"start":{"line":19,"column":4},"end":{"line":23,"column":5}},"12":{"start":{"line":20,"column":6},"end":{"line":20,"column":38}},"13":{"start":{"line":22,"column":6},"end":{"line":22,"column":78}},"14":{"start":{"line":25,"column":4},"end":{"line":25,"column":34}},"15":{"start":{"line":27,"column":4},"end":{"line":75,"column":5}},"16":{"start":{"line":29,"column":22},"end":{"line":29,"column":57}},"17":{"start":{"line":30,"column":31},"end":{"line":30,"column":95}},"18":{"start":{"line":31,"column":35},"end":{"line":32,"column":48}},"19":{"start":{"line":32,"column":26},"end":{"line":32,"column":47}},"20":{"start":{"line":34,"column":35},"end":{"line":34,"column":140}},"21":{"start":{"line":36,"column":6},"end":{"line":40,"column":7}},"22":{"start":{"line":37,"column":8},"end":{"line":37,"column":39}},"23":{"start":{"line":39,"column":8},"end":{"line":39,"column":83}},"24":{"start":{"line":42,"column":6},"end":{"line":42,"column":43}},"25":{"start":{"line":44,"column":6},"end":{"line":54,"column":7}},"26":{"start":{"line":47,"column":25},"end":{"line":51,"column":10}},"27":{"start":{"line":53,"column":8},"end":{"line":53,"column":134}},"28":{"start":{"line":58,"column":26},"end":{"line":58,"column":65}},"29":{"start":{"line":59,"column":29},"end":{"line":59,"column":101}},"30":{"start":{"line":60,"column":33},"end":{"line":61,"column":48}},"31":{"start":{"line":61,"column":26},"end":{"line":61,"column":47}},"32":{"start":{"line":62,"column":33},"end":{"line":62,"column":134}},"33":{"start":{"line":64,"column":6},"end":{"line":68,"column":7}},"34":{"start":{"line":65,"column":8},"end":{"line":65,"column":43}},"35":{"start":{"line":67,"column":8},"end":{"line":67,"column":85}},"36":{"start":{"line":70,"column":6},"end":{"line":70,"column":45}},"37":{"start":{"line":72,"column":6},"end":{"line":74,"column":7}},"38":{"start":{"line":73,"column":8},"end":{"line":73,"column":105}},"39":{"start":{"line":77,"column":4},"end":{"line":81,"column":56}},"40":{"start":{"line":83,"column":4},"end":{"line":83,"column":20}},"41":{"start":{"line":89,"column":4},"end":{"line":89,"column":35}},"42":{"start":{"line":89,"column":23},"end":{"line":89,"column":33}},"43":{"start":{"line":91,"column":4},"end":{"line":96,"column":7}},"44":{"start":{"line":92,"column":6},"end":{"line":95,"column":8}},"45":{"start":{"line":101,"column":16},"end":{"line":101,"column":18}},"46":{"start":{"line":101,"column":25},"end":{"line":101,"column":53}},"47":{"start":{"line":102,"column":6},"end":{"line":108,"column":7}},"48":{"start":{"line":103,"column":8},"end":{"line":105,"column":9}},"49":{"start":{"line":104,"column":10},"end":{"line":104,"column":25}},"50":{"start":{"line":106,"column":8},"end":{"line":106,"column":29}},"51":{"start":{"line":107,"column":8},"end":{"line":107,"column":18}},"52":{"start":{"line":109,"column":6},"end":{"line":109,"column":17}},"53":{"start":{"line":113,"column":16},"end":{"line":113,"column":18}},"54":{"start":{"line":113,"column":27},"end":{"line":113,"column":28}},"55":{"start":{"line":114,"column":6},"end":{"line":120,"column":7}},"56":{"start":{"line":115,"column":8},"end":{"line":115,"column":34}},"57":{"start":{"line":116,"column":8},"end":{"line":119,"column":9}},"58":{"start":{"line":117,"column":10},"end":{"line":117,"column":24}},"59":{"start":{"line":118,"column":10},"end":{"line":118,"column":18}},"60":{"start":{"line":121,"column":6},"end":{"line":123,"column":7}},"61":{"start":{"line":122,"column":8},"end":{"line":122,"column":54}},"62":{"start":{"line":124,"column":6},"end":{"line":124,"column":17}},"63":{"start":{"line":127,"column":17},"end":{"line":127,"column":53}},"64":{"start":{"line":128,"column":16},"end":{"line":128,"column":32}},"65":{"start":{"line":129,"column":14},"end":{"line":129,"column":42}},"66":{"start":{"line":131,"column":4},"end":{"line":131,"column":68}},"67":{"start":{"line":135,"column":17},"end":{"line":135,"column":59}},"68":{"start":{"line":136,"column":14},"end":{"line":136,"column":36}},"69":{"start":{"line":137,"column":4},"end":{"line":137,"column":37}},"70":{"start":{"line":141,"column":4},"end":{"line":157,"column":5}},"71":{"start":{"line":142,"column":6},"end":{"line":144,"column":7}},"72":{"start":{"line":143,"column":8},"end":{"line":143,"column":43}},"73":{"start":{"line":146,"column":17},"end":{"line":146,"column":69}},"74":{"start":{"line":148,"column":6},"end":{"line":151,"column":8}},"75":{"start":{"line":153,"column":6},"end":{"line":156,"column":8}},"76":{"start":{"line":161,"column":4},"end":{"line":161,"column":44}},"77":{"start":{"line":161,"column":24},"end":{"line":161,"column":42}},"78":{"start":{"line":162,"column":4},"end":{"line":162,"column":36}},"79":{"start":{"line":162,"column":20},"end":{"line":162,"column":34}},"80":{"start":{"line":164,"column":19},"end":{"line":167,"column":5}},"81":{"start":{"line":169,"column":21},"end":{"line":169,"column":46}},"82":{"start":{"line":170,"column":25},"end":{"line":170,"column":46}},"83":{"start":{"line":173,"column":26},"end":{"line":175,"column":62}},"84":{"start":{"line":174,"column":19},"end":{"line":174,"column":44}},"85":{"start":{"line":175,"column":39},"end":{"line":175,"column":60}},"86":{"start":{"line":177,"column":4},"end":{"line":186,"column":5}},"87":{"start":{"line":178,"column":24},"end":{"line":178,"column":41}},"88":{"start":{"line":179,"column":28},"end":{"line":179,"column":41}},"89":{"start":{"line":181,"column":6},"end":{"line":185,"column":9}},"90":{"start":{"line":189,"column":4},"end":{"line":200,"column":5}},"91":{"start":{"line":190,"column":24},"end":{"line":190,"column":53}},"92":{"start":{"line":191,"column":28},"end":{"line":191,"column":53}},"93":{"start":{"line":193,"column":6},"end":{"line":199,"column":7}},"94":{"start":{"line":194,"column":8},"end":{"line":198,"column":11}},"95":{"start":{"line":202,"column":4},"end":{"line":204,"column":5}},"96":{"start":{"line":203,"column":6},"end":{"line":203,"column":29}},"97":{"start":{"line":206,"column":4},"end":{"line":206,"column":20}},"98":{"start":{"line":210,"column":0},"end":{"line":210,"column":43}}},"fnMap":{"0":{"name":"(anonymous_0)","decl":{"start":{"line":8,"column":2},"end":{"line":8,"column":3}},"loc":{"start":{"line":8,"column":72},"end":{"line":84,"column":3}},"line":8},"1":{"name":"(anonymous_1)","decl":{"start":{"line":16,"column":12},"end":{"line":16,"column":13}},"loc":{"start":{"line":16,"column":24},"end":{"line":16,"column":45}},"line":16},"2":{"name":"(anonymous_2)","decl":{"start":{"line":32,"column":14},"end":{"line":32,"column":15}},"loc":{"start":{"line":32,"column":26},"end":{"line":32,"column":47}},"line":32},"3":{"name":"(anonymous_3)","decl":{"start":{"line":61,"column":14},"end":{"line":61,"column":15}},"loc":{"start":{"line":61,"column":26},"end":{"line":61,"column":47}},"line":61},"4":{"name":"(anonymous_4)","decl":{"start":{"line":88,"column":2},"end":{"line":88,"column":3}},"loc":{"start":{"line":88,"column":30},"end":{"line":97,"column":3}},"line":88},"5":{"name":"(anonymous_5)","decl":{"start":{"line":91,"column":27},"end":{"line":91,"column":28}},"loc":{"start":{"line":91,"column":41},"end":{"line":96,"column":5}},"line":91},"6":{"name":"(anonymous_6)","decl":{"start":{"line":99,"column":2},"end":{"line":99,"column":3}},"loc":{"start":{"line":99,"column":15},"end":{"line":132,"column":3}},"line":99},"7":{"name":"fromBits","decl":{"start":{"line":100,"column":13},"end":{"line":100,"column":21}},"loc":{"start":{"line":100,"column":27},"end":{"line":110,"column":5}},"line":100},"8":{"name":"toBits","decl":{"start":{"line":112,"column":13},"end":{"line":112,"column":19}},"loc":{"start":{"line":112,"column":27},"end":{"line":125,"column":5}},"line":112},"9":{"name":"(anonymous_9)","decl":{"start":{"line":134,"column":2},"end":{"line":134,"column":3}},"loc":{"start":{"line":134,"column":27},"end":{"line":138,"column":3}},"line":134},"10":{"name":"(anonymous_10)","decl":{"start":{"line":140,"column":2},"end":{"line":140,"column":3}},"loc":{"start":{"line":140,"column":42},"end":{"line":158,"column":3}},"line":140},"11":{"name":"(anonymous_11)","decl":{"start":{"line":160,"column":2},"end":{"line":160,"column":3}},"loc":{"start":{"line":160,"column":44},"end":{"line":207,"column":3}},"line":160},"12":{"name":"(anonymous_12)","decl":{"start":{"line":174,"column":14},"end":{"line":174,"column":15}},"loc":{"start":{"line":174,"column":19},"end":{"line":174,"column":44}},"line":174},"13":{"name":"(anonymous_13)","decl":{"start":{"line":175,"column":34},"end":{"line":175,"column":35}},"loc":{"start":{"line":175,"column":39},"end":{"line":175,"column":60}},"line":175}},"branchMap":{"0":{"loc":{"start":{"line":19,"column":4},"end":{"line":23,"column":5}},"type":"if","locations":[{"start":{"line":19,"column":4},"end":{"line":23,"column":5}},{"start":{"line":19,"column":4},"end":{"line":23,"column":5}}],"line":19},"1":{"loc":{"start":{"line":27,"column":4},"end":{"line":75,"column":5}},"type":"if","locations":[{"start":{"line":27,"column":4},"end":{"line":75,"column":5}},{"start":{"line":27,"column":4},"end":{"line":75,"column":5}}],"line":27},"2":{"loc":{"start":{"line":36,"column":6},"end":{"line":40,"column":7}},"type":"if","locations":[{"start":{"line":36,"column":6},"end":{"line":40,"column":7}},{"start":{"line":36,"column":6},"end":{"line":40,"column":7}}],"line":36},"3":{"loc":{"start":{"line":44,"column":6},"end":{"line":54,"column":7}},"type":"if","locations":[{"start":{"line":44,"column":6},"end":{"line":54,"column":7}},{"start":{"line":44,"column":6},"end":{"line":54,"column":7}}],"line":44},"4":{"loc":{"start":{"line":44,"column":9},"end":{"line":44,"column":40}},"type":"binary-expr","locations":[{"start":{"line":44,"column":9},"end":{"line":44,"column":27}},{"start":{"line":44,"column":31},"end":{"line":44,"column":40}}],"line":44},"5":{"loc":{"start":{"line":64,"column":6},"end":{"line":68,"column":7}},"type":"if","locations":[{"start":{"line":64,"column":6},"end":{"line":68,"column":7}},{"start":{"line":64,"column":6},"end":{"line":68,"column":7}}],"line":64},"6":{"loc":{"start":{"line":72,"column":6},"end":{"line":74,"column":7}},"type":"if","locations":[{"start":{"line":72,"column":6},"end":{"line":74,"column":7}},{"start":{"line":72,"column":6},"end":{"line":74,"column":7}}],"line":72},"7":{"loc":{"start":{"line":78,"column":6},"end":{"line":81,"column":55}},"type":"binary-expr","locations":[{"start":{"line":78,"column":6},"end":{"line":78,"column":25}},{"start":{"line":79,"column":6},"end":{"line":79,"column":24}},{"start":{"line":80,"column":6},"end":{"line":80,"column":28}},{"start":{"line":81,"column":7},"end":{"line":81,"column":26}},{"start":{"line":81,"column":30},"end":{"line":81,"column":54}}],"line":78},"8":{"loc":{"start":{"line":89,"column":4},"end":{"line":89,"column":35}},"type":"if","locations":[{"start":{"line":89,"column":4},"end":{"line":89,"column":35}},{"start":{"line":89,"column":4},"end":{"line":89,"column":35}}],"line":89},"9":{"loc":{"start":{"line":103,"column":8},"end":{"line":105,"column":9}},"type":"if","locations":[{"start":{"line":103,"column":8},"end":{"line":105,"column":9}},{"start":{"line":103,"column":8},"end":{"line":105,"column":9}}],"line":103},"10":{"loc":{"start":{"line":116,"column":8},"end":{"line":119,"column":9}},"type":"if","locations":[{"start":{"line":116,"column":8},"end":{"line":119,"column":9}},{"start":{"line":116,"column":8},"end":{"line":119,"column":9}}],"line":116},"11":{"loc":{"start":{"line":121,"column":6},"end":{"line":123,"column":7}},"type":"if","locations":[{"start":{"line":121,"column":6},"end":{"line":123,"column":7}},{"start":{"line":121,"column":6},"end":{"line":123,"column":7}}],"line":121},"12":{"loc":{"start":{"line":142,"column":6},"end":{"line":144,"column":7}},"type":"if","locations":[{"start":{"line":142,"column":6},"end":{"line":144,"column":7}},{"start":{"line":142,"column":6},"end":{"line":144,"column":7}}],"line":142},"13":{"loc":{"start":{"line":161,"column":4},"end":{"line":161,"column":44}},"type":"if","locations":[{"start":{"line":161,"column":4},"end":{"line":161,"column":44}},{"start":{"line":161,"column":4},"end":{"line":161,"column":44}}],"line":161},"14":{"loc":{"start":{"line":162,"column":4},"end":{"line":162,"column":36}},"type":"if","locations":[{"start":{"line":162,"column":4},"end":{"line":162,"column":36}},{"start":{"line":162,"column":4},"end":{"line":162,"column":36}}],"line":162},"15":{"loc":{"start":{"line":193,"column":6},"end":{"line":199,"column":7}},"type":"if","locations":[{"start":{"line":193,"column":6},"end":{"line":199,"column":7}},{"start":{"line":193,"column":6},"end":{"line":199,"column":7}}],"line":193},"16":{"loc":{"start":{"line":202,"column":4},"end":{"line":204,"column":5}},"type":"if","locations":[{"start":{"line":202,"column":4},"end":{"line":204,"column":5}},{"start":{"line":202,"column":4},"end":{"line":204,"column":5}}],"line":202}},"s":{"0":0,"1":0,"2":0,"3":0,"4":0,"5":0,"6":0,"7":0,"8":0,"9":0,"10":0,"11":0,"12":0,"13":0,"14":0,"15":0,"16":0,"17":0,"18":0,"19":0,"20":0,"21":0,"22":0,"23":0,"24":0,"25":0,"26":0,"27":0,"28":0,"29":0,"30":0,"31":0,"32":0,"33":0,"34":0,"35":0,"36":0,"37":0,"38":0,"39":0,"40":0,"41":0,"42":0,"43":0,"44":0,"45":0,"46":0,"47":0,"48":0,"49":0,"50":0,"51":0,"52":0,"53":0,"54":0,"55":0,"56":0,"57":0,"58":0,"59":0,"60":0,"61":0,"62":0,"63":0,"64":0,"65":0,"66":0,"67":0,"68":0,"69":0,"70":0,"71":0,"72":0,"73":0,"74":0,"75":0,"76":0,"77":0,"78":0,"79":0,"80":0,"81":0,"82":0,"83":0,"84":0,"85":0,"86":0,"87":0,"88":0,"89":0,"90":0,"91":0,"92":0,"93":0,"94":0,"95":0,"96":0,"97":0,"98":0},"f":{"0":0,"1":0,"2":0,"3":0,"4":0,"5":0,"6":0,"7":0,"8":0,"9":0,"10":0,"11":0,"12":0,"13":0},"b":{"0":[0,0],"1":[0,0],"2":[0,0],"3":[0,0],"4":[0,0],"5":[0,0],"6":[0,0],"7":[0,0,0,0,0],"8":[0,0],"9":[0,0],"10":[0,0],"11":[0,0],"12":[0,0],"13":[0,0],"14":[0,0],"15":[0,0],"16":[0,0]},"hash":"ff62bcf8fc283d8739f5a53d5df1de4e76af1f8a"}
,"/Users/ktalmadge/dev/elv-client-js/src/Crypto.js": {"path":"/Users/ktalmadge/dev/elv-client-js/src/Crypto.js","statementMap":{"0":{"start":{"line":1,"column":0},"end":{"line":1,"column":73}},"1":{"start":{"line":1,"column":36},"end":{"line":1,"column":71}},"2":{"start":{"line":3,"column":13},"end":{"line":3,"column":28}},"3":{"start":{"line":4,"column":15},"end":{"line":4,"column":32}},"4":{"start":{"line":5,"column":14},"end":{"line":5,"column":32}},"5":{"start":{"line":8,"column":0},"end":{"line":25,"column":1}},"6":{"start":{"line":10,"column":4},"end":{"line":18,"column":5}},"7":{"start":{"line":11,"column":21},"end":{"line":11,"column":38}},"8":{"start":{"line":13,"column":6},"end":{"line":17,"column":9}},"9":{"start":{"line":15,"column":34},"end":{"line":15,"column":64}},"10":{"start":{"line":20,"column":4},"end":{"line":20,"column":76}},"11":{"start":{"line":21,"column":4},"end":{"line":21,"column":10}},"12":{"start":{"line":23,"column":4},"end":{"line":23,"column":78}},"13":{"start":{"line":24,"column":4},"end":{"line":24,"column":10}},"14":{"start":{"line":32,"column":15},"end":{"line":218,"column":1}},"15":{"start":{"line":34,"column":4},"end":{"line":45,"column":5}},"16":{"start":{"line":35,"column":6},"end":{"line":37,"column":7}},"17":{"start":{"line":36,"column":8},"end":{"line":36,"column":56}},"18":{"start":{"line":39,"column":6},"end":{"line":39,"column":30}},"19":{"start":{"line":42,"column":6},"end":{"line":42,"column":53}},"20":{"start":{"line":44,"column":6},"end":{"line":44,"column":27}},"21":{"start":{"line":49,"column":22},"end":{"line":49,"column":46}},"22":{"start":{"line":50,"column":4},"end":{"line":50,"column":80}},"23":{"start":{"line":51,"column":4},"end":{"line":51,"column":61}},"24":{"start":{"line":53,"column":38},"end":{"line":53,"column":83}},"25":{"start":{"line":55,"column":16},"end":{"line":59,"column":6}},"26":{"start":{"line":61,"column":4},"end":{"line":61,"column":26}},"27":{"start":{"line":65,"column":22},"end":{"line":65,"column":46}},"28":{"start":{"line":66,"column":4},"end":{"line":66,"column":82}},"29":{"start":{"line":68,"column":4},"end":{"line":68,"column":55}},"30":{"start":{"line":69,"column":25},"end":{"line":69,"column":50}},"31":{"start":{"line":70,"column":16},"end":{"line":70,"column":42}},"32":{"start":{"line":71,"column":17},"end":{"line":71,"column":39}},"33":{"start":{"line":73,"column":16},"end":{"line":78,"column":5}},"34":{"start":{"line":80,"column":4},"end":{"line":80,"column":51}},"35":{"start":{"line":84,"column":22},"end":{"line":84,"column":46}},"36":{"start":{"line":86,"column":35},"end":{"line":86,"column":66}},"37":{"start":{"line":87,"column":25},"end":{"line":87,"column":63}},"38":{"start":{"line":89,"column":4},"end":{"line":93,"column":6}},"39":{"start":{"line":97,"column":22},"end":{"line":97,"column":46}},"40":{"start":{"line":99,"column":35},"end":{"line":99,"column":65}},"41":{"start":{"line":101,"column":4},"end":{"line":104,"column":6}},"42":{"start":{"line":108,"column":23},"end":{"line":108,"column":71}},"43":{"start":{"line":108,"column":30},"end":{"line":108,"column":71}},"44":{"start":{"line":110,"column":4},"end":{"line":114,"column":6}},"45":{"start":{"line":118,"column":22},"end":{"line":118,"column":46}},"46":{"start":{"line":120,"column":49},"end":{"line":120,"column":70}},"47":{"start":{"line":123,"column":4},"end":{"line":138,"column":5}},"48":{"start":{"line":125,"column":6},"end":{"line":125,"column":43}},"49":{"start":{"line":126,"column":6},"end":{"line":130,"column":8}},"50":{"start":{"line":133,"column":6},"end":{"line":133,"column":42}},"51":{"start":{"line":134,"column":6},"end":{"line":137,"column":8}},"52":{"start":{"line":140,"column":4},"end":{"line":140,"column":27}},"53":{"start":{"line":154,"column":4},"end":{"line":156,"column":5}},"54":{"start":{"line":155,"column":6},"end":{"line":155,"column":65}},"55":{"start":{"line":158,"column":22},"end":{"line":158,"column":46}},"56":{"start":{"line":160,"column":24},"end":{"line":160,"column":59}},"57":{"start":{"line":162,"column":22},"end":{"line":162,"column":42}},"58":{"start":{"line":163,"column":26},"end":{"line":163,"column":71}},"59":{"start":{"line":164,"column":32},"end":{"line":164,"column":58}},"60":{"start":{"line":166,"column":4},"end":{"line":166,"column":19}},"61":{"start":{"line":168,"column":4},"end":{"line":168,"column":31}},"62":{"start":{"line":181,"column":19},"end":{"line":181,"column":57}},"63":{"start":{"line":183,"column":4},"end":{"line":183,"column":46}},"64":{"start":{"line":185,"column":26},"end":{"line":185,"column":28}},"65":{"start":{"line":186,"column":4},"end":{"line":197,"column":7}},"66":{"start":{"line":187,"column":6},"end":{"line":196,"column":11}},"67":{"start":{"line":189,"column":10},"end":{"line":189,"column":38}},"68":{"start":{"line":192,"column":10},"end":{"line":192,"column":20}},"69":{"start":{"line":195,"column":10},"end":{"line":195,"column":20}},"70":{"start":{"line":199,"column":4},"end":{"line":199,"column":42}},"71":{"start":{"line":203,"column":22},"end":{"line":203,"column":46}},"72":{"start":{"line":204,"column":28},"end":{"line":204,"column":63}},"73":{"start":{"line":206,"column":19},"end":{"line":206,"column":43}},"74":{"start":{"line":207,"column":21},"end":{"line":207,"column":60}},"75":{"start":{"line":209,"column":4},"end":{"line":216,"column":9}},"76":{"start":{"line":212,"column":8},"end":{"line":212,"column":23}},"77":{"start":{"line":215,"column":8},"end":{"line":215,"column":23}},"78":{"start":{"line":220,"column":0},"end":{"line":220,"column":24}}},"fnMap":{"0":{"name":"(anonymous_0)","decl":{"start":{"line":15,"column":27},"end":{"line":15,"column":28}},"loc":{"start":{"line":15,"column":34},"end":{"line":15,"column":64}},"line":15},"1":{"name":"(anonymous_1)","decl":{"start":{"line":33,"column":13},"end":{"line":33,"column":14}},"loc":{"start":{"line":33,"column":25},"end":{"line":46,"column":3}},"line":33},"2":{"name":"(anonymous_2)","decl":{"start":{"line":48,"column":2},"end":{"line":48,"column":3}},"loc":{"start":{"line":48,"column":37},"end":{"line":62,"column":3}},"line":48},"3":{"name":"(anonymous_3)","decl":{"start":{"line":64,"column":2},"end":{"line":64,"column":3}},"loc":{"start":{"line":64,"column":45},"end":{"line":81,"column":3}},"line":64},"4":{"name":"(anonymous_4)","decl":{"start":{"line":83,"column":2},"end":{"line":83,"column":3}},"loc":{"start":{"line":83,"column":30},"end":{"line":94,"column":3}},"line":83},"5":{"name":"(anonymous_5)","decl":{"start":{"line":96,"column":2},"end":{"line":96,"column":3}},"loc":{"start":{"line":96,"column":29},"end":{"line":105,"column":3}},"line":96},"6":{"name":"(anonymous_6)","decl":{"start":{"line":107,"column":2},"end":{"line":107,"column":3}},"loc":{"start":{"line":107,"column":17},"end":{"line":115,"column":3}},"line":107},"7":{"name":"(anonymous_7)","decl":{"start":{"line":108,"column":23},"end":{"line":108,"column":24}},"loc":{"start":{"line":108,"column":30},"end":{"line":108,"column":71}},"line":108},"8":{"name":"(anonymous_8)","decl":{"start":{"line":117,"column":2},"end":{"line":117,"column":3}},"loc":{"start":{"line":117,"column":31},"end":{"line":141,"column":3}},"line":117},"9":{"name":"(anonymous_9)","decl":{"start":{"line":152,"column":11},"end":{"line":152,"column":12}},"loc":{"start":{"line":152,"column":32},"end":{"line":169,"column":3}},"line":152},"10":{"name":"(anonymous_10)","decl":{"start":{"line":180,"column":11},"end":{"line":180,"column":12}},"loc":{"start":{"line":180,"column":41},"end":{"line":200,"column":3}},"line":180},"11":{"name":"(anonymous_11)","decl":{"start":{"line":186,"column":22},"end":{"line":186,"column":23}},"loc":{"start":{"line":186,"column":43},"end":{"line":197,"column":5}},"line":186},"12":{"name":"(anonymous_12)","decl":{"start":{"line":188,"column":20},"end":{"line":188,"column":21}},"loc":{"start":{"line":188,"column":29},"end":{"line":190,"column":9}},"line":188},"13":{"name":"(anonymous_13)","decl":{"start":{"line":191,"column":22},"end":{"line":191,"column":23}},"loc":{"start":{"line":191,"column":28},"end":{"line":193,"column":9}},"line":191},"14":{"name":"(anonymous_14)","decl":{"start":{"line":194,"column":21},"end":{"line":194,"column":22}},"loc":{"start":{"line":194,"column":28},"end":{"line":196,"column":9}},"line":194},"15":{"name":"(anonymous_15)","decl":{"start":{"line":202,"column":24},"end":{"line":202,"column":25}},"loc":{"start":{"line":202,"column":39},"end":{"line":217,"column":3}},"line":202},"16":{"name":"(anonymous_16)","decl":{"start":{"line":211,"column":20},"end":{"line":211,"column":21}},"loc":{"start":{"line":211,"column":26},"end":{"line":213,"column":7}},"line":211},"17":{"name":"(anonymous_17)","decl":{"start":{"line":214,"column":19},"end":{"line":214,"column":20}},"loc":{"start":{"line":214,"column":26},"end":{"line":216,"column":7}},"line":214}},"branchMap":{"0":{"loc":{"start":{"line":1,"column":0},"end":{"line":1,"column":73}},"type":"if","locations":[{"start":{"line":1,"column":0},"end":{"line":1,"column":73}},{"start":{"line":1,"column":0},"end":{"line":1,"column":73}}],"line":1},"1":{"loc":{"start":{"line":8,"column":0},"end":{"line":25,"column":1}},"type":"switch","locations":[{"start":{"line":9,"column":2},"end":{"line":21,"column":10}},{"start":{"line":22,"column":2},"end":{"line":24,"column":10}}],"line":8},"2":{"loc":{"start":{"line":10,"column":4},"end":{"line":18,"column":5}},"type":"if","locations":[{"start":{"line":10,"column":4},"end":{"line":18,"column":5}},{"start":{"line":10,"column":4},"end":{"line":18,"column":5}}],"line":10},"3":{"loc":{"start":{"line":35,"column":6},"end":{"line":37,"column":7}},"type":"if","locations":[{"start":{"line":35,"column":6},"end":{"line":37,"column":7}},{"start":{"line":35,"column":6},"end":{"line":37,"column":7}}],"line":35},"4":{"loc":{"start":{"line":123,"column":4},"end":{"line":138,"column":5}},"type":"if","locations":[{"start":{"line":123,"column":4},"end":{"line":138,"column":5}},{"start":{"line":123,"column":4},"end":{"line":138,"column":5}}],"line":123},"5":{"loc":{"start":{"line":154,"column":4},"end":{"line":156,"column":5}},"type":"if","locations":[{"start":{"line":154,"column":4},"end":{"line":156,"column":5}},{"start":{"line":154,"column":4},"end":{"line":156,"column":5}}],"line":154},"6":{"loc":{"start":{"line":154,"column":7},"end":{"line":154,"column":63}},"type":"binary-expr","locations":[{"start":{"line":154,"column":7},"end":{"line":154,"column":29}},{"start":{"line":154,"column":33},"end":{"line":154,"column":63}}],"line":154}},"s":{"0":5,"1":0,"2":5,"3":5,"4":5,"5":5,"6":0,"7":0,"8":0,"9":0,"10":0,"11":0,"12":5,"13":5,"14":5,"15":32,"16":32,"17":1,"18":32,"19":0,"20":0,"21":2,"22":2,"23":2,"24":2,"25":2,"26":2,"27":0,"28":0,"29":0,"30":0,"31":0,"32":0,"33":0,"34":0,"35":1,"36":1,"37":1,"38":1,"39":1,"40":1,"41":1,"42":14,"43":42,"44":14,"45":14,"46":14,"47":14,"48":13,"49":13,"50":1,"51":1,"52":14,"53":11,"54":0,"55":11,"56":11,"57":11,"58":11,"59":11,"60":11,"61":11,"62":2,"63":2,"64":2,"65":2,"66":2,"67":2,"68":2,"69":0,"70":2,"71":3,"72":3,"73":3,"74":3,"75":3,"76":3,"77":0,"78":5},"f":{"0":0,"1":32,"2":2,"3":0,"4":1,"5":1,"6":14,"7":42,"8":14,"9":11,"10":2,"11":2,"12":2,"13":2,"14":0,"15":3,"16":3,"17":0},"b":{"0":[0,5],"1":[0,5],"2":[0,0],"3":[1,31],"4":[13,1],"5":[0,11],"6":[11,11]},"_coverageSchema":"43e27e138ebf9cfc5966b082cf9a028302ed4184","hash":"31fff9e1d3413916ef37fb044b3f8fe4f2e785bb"}
,"/Users/ktalmadge/dev/elv-client-js/src/ElvClient.js": {"path":"/Users/ktalmadge/dev/elv-client-js/src/ElvClient.js","statementMap":{"0":{"start":{"line":1,"column":0},"end":{"line":1,"column":27}},"1":{"start":{"line":3,"column":0},"end":{"line":3,"column":73}},"2":{"start":{"line":3,"column":36},"end":{"line":3,"column":71}},"3":{"start":{"line":5,"column":16},"end":{"line":5,"column":35}},"4":{"start":{"line":6,"column":15},"end":{"line":6,"column":32}},"5":{"start":{"line":8,"column":28},"end":{"line":8,"column":60}},"6":{"start":{"line":9,"column":18},"end":{"line":9,"column":40}},"7":{"start":{"line":10,"column":18},"end":{"line":10,"column":40}},"8":{"start":{"line":11,"column":26},"end":{"line":11,"column":56}},"9":{"start":{"line":12,"column":19},"end":{"line":12,"column":42}},"10":{"start":{"line":14,"column":14},"end":{"line":14,"column":32}},"11":{"start":{"line":15,"column":15},"end":{"line":15,"column":34}},"12":{"start":{"line":16,"column":19},"end":{"line":16,"column":42}},"13":{"start":{"line":18,"column":22},"end":{"line":18,"column":61}},"14":{"start":{"line":19,"column":24},"end":{"line":19,"column":58}},"15":{"start":{"line":20,"column":24},"end":{"line":20,"column":58}},"16":{"start":{"line":21,"column":28},"end":{"line":21,"column":66}},"17":{"start":{"line":22,"column":28},"end":{"line":22,"column":73}},"18":{"start":{"line":25,"column":0},"end":{"line":36,"column":1}},"19":{"start":{"line":29,"column":4},"end":{"line":29,"column":21}},"20":{"start":{"line":30,"column":4},"end":{"line":30,"column":10}},"21":{"start":{"line":34,"column":4},"end":{"line":34,"column":55}},"22":{"start":{"line":35,"column":4},"end":{"line":35,"column":10}},"23":{"start":{"line":38,"column":23},"end":{"line":40,"column":1}},"24":{"start":{"line":39,"column":2},"end":{"line":39,"column":44}},"25":{"start":{"line":42,"column":25},"end":{"line":61,"column":1}},"26":{"start":{"line":43,"column":2},"end":{"line":43,"column":28}},"27":{"start":{"line":45,"column":2},"end":{"line":60,"column":3}},"28":{"start":{"line":47,"column":6},"end":{"line":47,"column":35}},"29":{"start":{"line":49,"column":6},"end":{"line":49,"column":35}},"30":{"start":{"line":51,"column":6},"end":{"line":51,"column":35}},"31":{"start":{"line":53,"column":6},"end":{"line":53,"column":42}},"32":{"start":{"line":55,"column":6},"end":{"line":55,"column":39}},"33":{"start":{"line":57,"column":6},"end":{"line":57,"column":37}},"34":{"start":{"line":59,"column":6},"end":{"line":59,"column":22}},"35":{"start":{"line":65,"column":4},"end":{"line":65,"column":31}},"36":{"start":{"line":65,"column":22},"end":{"line":65,"column":29}},"37":{"start":{"line":67,"column":4},"end":{"line":69,"column":5}},"38":{"start":{"line":68,"column":6},"end":{"line":68,"column":40}},"39":{"start":{"line":71,"column":4},"end":{"line":75,"column":62}},"40":{"start":{"line":86,"column":4},"end":{"line":86,"column":24}},"41":{"start":{"line":87,"column":4},"end":{"line":87,"column":65}},"42":{"start":{"line":88,"column":4},"end":{"line":88,"column":63}},"43":{"start":{"line":89,"column":4},"end":{"line":89,"column":65}},"44":{"start":{"line":90,"column":4},"end":{"line":90,"column":79}},"45":{"start":{"line":92,"column":4},"end":{"line":99,"column":5}},"46":{"start":{"line":93,"column":6},"end":{"line":98,"column":8}},"47":{"start":{"line":123,"column":4},"end":{"line":123,"column":23}},"48":{"start":{"line":125,"column":4},"end":{"line":125,"column":41}},"49":{"start":{"line":126,"column":4},"end":{"line":126,"column":72}},"50":{"start":{"line":127,"column":4},"end":{"line":127,"column":89}},"51":{"start":{"line":128,"column":4},"end":{"line":128,"column":87}},"52":{"start":{"line":130,"column":4},"end":{"line":130,"column":33}},"53":{"start":{"line":131,"column":4},"end":{"line":131,"column":37}},"54":{"start":{"line":133,"column":4},"end":{"line":133,"column":27}},"55":{"start":{"line":134,"column":4},"end":{"line":134,"column":25}},"56":{"start":{"line":136,"column":4},"end":{"line":136,"column":23}},"57":{"start":{"line":138,"column":4},"end":{"line":138,"column":29}},"58":{"start":{"line":156,"column":4},"end":{"line":192,"column":5}},"59":{"start":{"line":157,"column":25},"end":{"line":157,"column":60}},"60":{"start":{"line":158,"column":25},"end":{"line":164,"column":7}},"61":{"start":{"line":167,"column":26},"end":{"line":167,"column":70}},"62":{"start":{"line":167,"column":33},"end":{"line":167,"column":70}},"63":{"start":{"line":169,"column":23},"end":{"line":169,"column":63}},"64":{"start":{"line":170,"column":6},"end":{"line":172,"column":7}},"65":{"start":{"line":171,"column":8},"end":{"line":171,"column":52}},"66":{"start":{"line":174,"column":25},"end":{"line":174,"column":67}},"67":{"start":{"line":175,"column":6},"end":{"line":177,"column":7}},"68":{"start":{"line":176,"column":8},"end":{"line":176,"column":56}},"69":{"start":{"line":179,"column":6},"end":{"line":184,"column":8}},"70":{"start":{"line":187,"column":6},"end":{"line":187,"column":62}},"71":{"start":{"line":189,"column":6},"end":{"line":189,"column":27}},"72":{"start":{"line":191,"column":6},"end":{"line":191,"column":18}},"73":{"start":{"line":218,"column":8},"end":{"line":221,"column":6}},"74":{"start":{"line":
[...]
},"14":{"start":{"line":75,"column":6},"end":{"line":75,"column":31}},"15":{"start":{"line":77,"column":4},"end":{"line":77,"column":33}},"16":{"start":{"line":88,"column":4},"end":{"line":88,"column":32}},"17":{"start":{"line":89,"column":4},"end":{"line":89,"column":60}},"18":{"start":{"line":100,"column":4},"end":{"line":102,"column":5}},"19":{"start":{"line":101,"column":6},"end":{"line":101,"column":64}},"20":{"start":{"line":104,"column":4},"end":{"line":104,"column":50}},"21":{"start":{"line":107,"column":16},"end":{"line":107,"column":52}},"22":{"start":{"line":110,"column":24},"end":{"line":110,"column":42}},"23":{"start":{"line":111,"column":19},"end":{"line":111,"column":46}},"24":{"start":{"line":112,"column":4},"end":{"line":112,"column":28}},"25":{"start":{"line":115,"column":21},"end":{"line":115,"column":22}},"26":{"start":{"line":116,"column":4},"end":{"line":118,"column":5}},"27":{"start":{"line":117,"column":6},"end":{"line":117,"column":19}},"28":{"start":{"line":119,"column":4},"end":{"line":119,"column":17}},"29":{"start":{"line":122,"column":22},"end":{"line":122,"column":48}},"30":{"start":{"line":123,"column":17},"end":{"line":123,"column":41}},"31":{"start":{"line":124,"column":4},"end":{"line":124,"column":36}},"32":{"start":{"line":127,"column":21},"end":{"line":127,"column":58}},"33":{"start":{"line":130,"column":21},"end":{"line":130,"column":92}},"34":{"start":{"line":132,"column":4},"end":{"line":137,"column":6}},"35":{"start":{"line":148,"column":4},"end":{"line":148,"column":40}},"36":{"start":{"line":149,"column":4},"end":{"line":149,"column":52}},"37":{"start":{"line":160,"column":4},"end":{"line":160,"column":49}},"38":{"start":{"line":171,"column":4},"end":{"line":171,"column":49}},"39":{"start":{"line":182,"column":4},"end":{"line":182,"column":49}},"40":{"start":{"line":193,"column":4},"end":{"line":193,"column":26}},"41":{"start":{"line":194,"column":4},"end":{"line":194,"column":52}},"42":{"start":{"line":206,"column":4},"end":{"line":208,"column":5}},"43":{"start":{"line":207,"column":6},"end":{"line":207,"column":19}},"44":{"start":{"line":210,"column":4},"end":{"line":210,"column":86}},"45":{"start":{"line":223,"column":4},"end":{"line":225,"column":5}},"46":{"start":{"line":224,"column":6},"end":{"line":224,"column":19}},"47":{"start":{"line":227,"column":4},"end":{"line":229,"column":5}},"48":{"start":{"line":228,"column":6},"end":{"line":228,"column":19}},"49":{"start":{"line":231,"column":4},"end":{"line":231,"column":80}},"50":{"start":{"line":242,"column":20},"end":{"line":244,"column":15}},"51":{"start":{"line":243,"column":6},"end":{"line":243,"column":45}},"52":{"start":{"line":246,"column":4},"end":{"line":246,"column":55}},"53":{"start":{"line":250,"column":4},"end":{"line":250,"column":89}},"54":{"start":{"line":254,"column":4},"end":{"line":254,"column":56}},"55":{"start":{"line":258,"column":4},"end":{"line":258,"column":56}},"56":{"start":{"line":268,"column":4},"end":{"line":268,"column":38}},"57":{"start":{"line":270,"column":28},"end":{"line":270,"column":44}},"58":{"start":{"line":272,"column":4},"end":{"line":272,"column":43}},"59":{"start":{"line":274,"column":4},"end":{"line":277,"column":6}},"60":{"start":{"line":287,"column":4},"end":{"line":290,"column":5}},"61":{"start":{"line":289,"column":6},"end":{"line":289,"column":18}},"62":{"start":{"line":292,"column":4},"end":{"line":314,"column":5}},"63":{"start":{"line":303,"column":8},"end":{"line":303,"column":20}},"64":{"start":{"line":306,"column":8},"end":{"line":306,"column":80}},"65":{"start":{"line":306,"column":48},"end":{"line":306,"column":78}},"66":{"start":{"line":308,"column":8},"end":{"line":309,"column":58}},"67":{"start":{"line":311,"column":8},"end":{"line":311,"column":58}},"68":{"start":{"line":313,"column":8},"end":{"line":313,"column":21}},"69":{"start":{"line":330,"column":4},"end":{"line":330,"column":50}},"70":{"start":{"line":330,"column":35},"end":{"line":330,"column":48}},"71":{"start":{"line":332,"column":4},"end":{"line":334,"column":5}},"72":{"start":{"line":333,"column":6},"end":{"line":333,"column":46}},"73":{"start":{"line":336,"column":4},"end":{"line":379,"column":5}},"74":{"start":{"line":339,"column":8},"end":{"line":339,"column":25}},"75":{"start":{"line":350,"column":8},"end":{"line":350,"column":21}},"76":{"start":{"line":352,"column":8},"end":{"line":352,"column":65}},"77":{"start":{"line":352,"column":36},"end":{"line":352,"column":63}},"78":{"start":{"line":354,"column":8},"end":{"line":354,"column":89}},"79":{"start":{"line":354,"column":61},"end":{"line":354,"column":86}},"80":{"start":{"line":356,"column":27},"end":{"line":356,"column":36}},"81":{"start":{"line":357,"column":8},"end":{"line":363,"column":11}},"82":{"start":{"line":358,"column":28},"end":{"line":358,"column":62}},"83":{"start":{"line":360,"column":10},"end":{"line":362,"column":11}},"84":{"start":{"line":361,"column":12},"end":{"line":361,"column":45}},"85":{"start":{"line":364,"column":8},"end":{"line":364,"column":28}},"86":{"start":{"line":366,"column":8},"end":{"line":366,"column":29}},"87":{"start":{"line":368,"column":30},"end":{"line":368,"column":32}},"88":{"start":{"line":369,"column":8},"end":{"line":375,"column":11}},"89":{"start":{"line":370,"column":28},"end":{"line":370,"column":58}},"90":{"start":{"line":372,"column":10},"end":{"line":374,"column":11}},"91":{"start":{"line":373,"column":12},"end":{"line":373,"column":45}},"92":{"start":{"line":376,"column":8},"end":{"line":376,"column":31}},"93":{"start":{"line":378,"column":8},"end":{"line":378,"column":49}},"94":{"start":{"line":387,"column":4},"end":{"line":393,"column":5}},"95":{"start":{"line":388,"column":6},"end":{"line":388,"column":41}},"96":{"start":{"line":389,"column":11},"end":{"line":393,"column":5}},"97":{"start":{"line":390,"column":6},"end":{"line":390,"column":33}},"98":{"start":{"line":392,"column":6},"end":{"line":392,"column":32}},"99":{"start":{"line":397,"column":0},"end":{"line":397,"column":23}}},"fnMap":{"0":{"name":"(anonymous_0)","decl":{"start":{"line":31,"column":15},"end":{"line":31,"column":16}},"loc":{"start":{"line":31,"column":26},"end":{"line":33,"column":3}},"line":31},"1":{"name":"(anonymous_1)","decl":{"start":{"line":44,"column":14},"end":{"line":44,"column":15}},"loc":{"start":{"line":44,"column":23},"end":{"line":47,"column":3}},"line":44},"2":{"name":"(anonymous_2)","decl":{"start":{"line":58,"column":14},"end":{"line":58,"column":15}},"loc":{"start":{"line":58,"column":25},"end":{"line":60,"column":3}},"line":58},"3":{"name":"(anonymous_3)","decl":{"start":{"line":69,"column":17},"end":{"line":69,"column":18}},"loc":{"start":{"line":69,"column":30},"end":{"line":78,"column":3}},"line":69},"4":{"name":"(anonymous_4)","decl":{"start":{"line":87,"column":19},"end":{"line":87,"column":20}},"loc":{"start":{"line":87,"column":28},"end":{"line":90,"column":3}},"line":87},"5":{"name":"(anonymous_5)","decl":{"start":{"line":99,"column":21},"end":{"line":99,"column":22}},"loc":{"start":{"line":99,"column":38},"end":{"line":138,"column":3}},"line":99},"6":{"name":"(anonymous_6)","decl":{"start":{"line":147,"column":17},"end":{"line":147,"column":18}},"loc":{"start":{"line":147,"column":30},"end":{"line":150,"column":3}},"line":147},"7":{"name":"(anonymous_7)","decl":{"start":{"line":159,"column":20},"end":{"line":159,"column":21}},"loc":{"start":{"line":159,"column":33},"end":{"line":161,"column":3}},"line":159},"8":{"name":"(anonymous_8)","decl":{"start":{"line":170,"column":22},"end":{"line":170,"column":23}},"loc":{"start":{"line":170,"column":35},"end":{"line":172,"column":3}},"line":170},"9":{"name":"(anonymous_9)","decl":{"start":{"line":181,"column":21},"end":{"line":181,"column":22}},"loc":{"start":{"line":181,"column":34},"end":{"line":183,"column":3}},"line":181},"10":{"name":"(anonymous_10)","decl":{"start":{"line":192,"column":17},"end":{"line":192,"column":18}},"loc":{"start":{"line":192,"column":27},"end":{"line":195,"column":3}},"line":192},"11":{"name":"(anonymous_11)","decl":{"start":{"line":205,"column":2},"end":{"line":205,"column":3}},"loc":{"start":{"line":205,"column":44},"end":{"line":211,"column":3}},"line":205},"12":{"name":"(anonymous_12)","decl":{"start":{"line":222,"column":2},"end":{"line":222,"column":3}},"loc":{"start":{"line":222,"column":35},"end":{"line":232,"column":3}},"line":222},"13":{"name":"(anonymous_13)","decl":{"start":{"line":241,"column":13},"end":{"line":241,"column":14}},"loc":{"start":{"line":241,"column":25},"end":{"line":247,"column":3}},"line":241},"14":{"name":"(anonymous_14)","decl":{"start":{"line":242,"column":41},"end":{"line":242,"column":42}},"loc":{"start":{"line":242,"column":49},"end":{"line":244,"column":5}},"line":242},"15":{"name":"(anonymous_15)","decl":{"start":{"line":249,"column":23},"end":{"line":249,"column":24}},"loc":{"start":{"line":249,"column":35},"end":{"line":251,"column":3}},"line":249},"16":{"name":"(anonymous_16)","decl":{"start":{"line":253,"column":7},"end":{"line":253,"column":8}},"loc":{"start":{"line":253,"column":14},"end":{"line":255,"column":3}},"line":253},"17":{"name":"(anonymous_17)","decl":{"start":{"line":257,"column":11},"end":{"line":257,"column":12}},"loc":{"start":{"line":257,"column":18},"end":{"line":259,"column":3}},"line":257},"18":{"name":"(anonymous_18)","decl":{"start":{"line":267,"column":28},"end":{"line":267,"column":29}},"loc":{"start":{"line":267,"column":37},"end":{"line":278,"column":3}},"line":267},"19":{"name":"(anonymous_19)","decl":{"start":{"line":286,"column":15},"end":{"line":286,"column":16}},"loc":{"start":{"line":286,"column":26},"end":{"line":315,"column":3}},"line":286},"20":{"name":"(anonymous_20)","decl":{"start":{"line":306,"column":40},"end":{"line":306,"column":41}},"loc":{"start":{"line":306,"column":48},"end":{"line":306,"column":78}},"line":306},"21":{"name":"(anonymous_21)","decl":{"start":{"line":329,"column":16},"end":{"line":329,"column":17}},"loc":{"start":{"line":329,"column":27},"end":{"line":380,"column":3}},"line":329},"22":{"name":"(anonymous_22)","decl":{"start":{"line":352,"column":25},"end":{"line":352,"column":26}},"loc":{"start":{"line":352,"column":36},"end":{"line":352,"column":63}},"line":352},"23":{"name":"(anonymous_23)","decl":{"start":{"line":354,"column":52},"end":{"line":354,"column":53}},"loc":{"start":{"line":354,"column":61},"end":{"line":354,"column":86}},"line":354},"24":{"name":"(anonymous_24)","decl":{"start":{"line":357,"column":41},"end":{"line":357,"column":42}},"loc":{"start":{"line":357,"column":48},"end":{"line":363,"column":9}},"line":357},"25":{"name":"(anonymous_25)","decl":{"start":{"line":369,"column":31},"end":{"line":369,"column":32}},"loc":{"start":{"line":369,"column":38},"end":{"line":375,"column":9}},"line":369},"26":{"name":"(anonymous_26)","decl":{"start":{"line":386,"column":12},"end":{"line":386,"column":13}},"loc":{"start":{"line":386,"column":18},"end":{"line":394,"column":3}},"line":386}},"branchMap":{"0":{"loc":{"start":{"line":1,"column":0},"end":{"line":1,"column":73}},"type":"if","locations":[{"start":{"line":1,"column":0},"end":{"line":1,"column":73}},{"start":{"line":1,"column":0},"end":{"line":1,"column":73}}],"line":1},"1":{"loc":{"start":{"line":70,"column":4},"end":{"line":72,"column":5}},"type":"if","locations":[{"start":{"line":70,"column":4},"end":{"line":72,"column":5}},{"start":{"line":70,"column":4},"end":{"line":72,"column":5}}],"line":70},"2":{"loc":{"start":{"line":70,"column":7},"end":{"line":70,"column":46}},"type":"binary-expr","locations":[{"start":{"line":70,"column":7},"end":{"line":70,"column":15}},{"start":{"line":70,"column":19},"end":{"line":70,"column":46}}],"line":70},"3":{"loc":{"start":{"line":74,"column":4},"end":{"line":76,"column":5}},"type":"if","locations":[{"start":{"line":74,"column":4},"end":{"line":76,"column":5}},{"start":{"line":74,"column":4},"end":{"line":76,"column":5}}],"line":74},"4":{"loc":{"start":{"line":100,"column":4},"end":{"line":102,"column":5}},"type":"if","locations":[{"start":{"line":100,"column":4},"end":{"line":102,"column":5}},{"start":{"line":100,"column":4},"end":{"line":102,"column":5}}],"line":100},"5":{"loc":{"start":{"line":206,"column":4},"end":{"line":208,"column":5}},"type":"if","locations":[{"start":{"line":206,"column":4},"end":{"line":208,"column":5}},{"start":{"line":206,"column":4},"end":{"line":208,"column":5}}],"line":206},"6":{"loc":{"start":{"line":206,"column":7},"end":{"line":206,"column":38}},"type":"binary-expr","locations":[{"start":{"line":206,"column":7},"end":{"line":206,"column":20}},{"start":{"line":206,"column":24},"end":{"line":206,"column":38}}],"line":206},"7":{"loc":{"start":{"line":223,"column":4},"end":{"line":225,"column":5}},"type":"if","locations":[{"start":{"line":223,"column":4},"end":{"line":225,"column":5}},{"start":{"line":223,"column":4},"end":{"line":225,"column":5}}],"line":223},"8":{"loc":{"start":{"line":223,"column":7},"end":{"line":223,"column":32}},"type":"binary-expr","locations":[{"start":{"line":223,"column":7},"end":{"line":223,"column":17}},{"start":{"line":223,"column":21},"end":{"line":223,"column":32}}],"line":223},"9":{"loc":{"start":{"line":227,"column":4},"end":{"line":229,"column":5}},"type":"if","locations":[{"start":{"line":227,"column":4},"end":{"line":229,"column":5}},{"start":{"line":227,"column":4},"end":{"line":229,"column":5}}],"line":227},"10":{"loc":{"start":{"line":227,"column":7},"end":{"line":227,"column":54}},"type":"binary-expr","locations":[{"start":{"line":227,"column":7},"end":{"line":227,"column":28}},{"start":{"line":227,"column":32},"end":{"line":227,"column":54}}],"line":227},"11":{"loc":{"start":{"line":287,"column":4},"end":{"line":290,"column":5}},"type":"if","locations":[{"start":{"line":287,"column":4},"end":{"line":290,"column":5}},{"start":{"line":287,"column":4},"end":{"line":290,"column":5}}],"line":287},"12":{"loc":{"start":{"line":292,"column":4},"end":{"line":314,"column":5}},"type":"switch","locations":[{"start":{"line":293,"column":6},"end":{"line":293,"column":21}},{"start":{"line":294,"column":6},"end":{"line":294,"column":20}},{"start":{"line":295,"column":6},"end":{"line":295,"column":20}},{"start":{"line":296,"column":6},"end":{"line":296,"column":18}},{"start":{"line":297,"column":6},"end":{"line":297,"column":20}},{"start":{"line":298,"column":6},"end":{"line":298,"column":18}},{"start":{"line":299,"column":6},"end":{"line":299,"column":22}},{"start":{"line":300,"column":6},"end":{"line":300,"column":23}},{"start":{"line":301,"column":6},"end":{"line":301,"column":25}},{"start":{"line":302,"column":6},"end":{"line":303,"column":20}},{"start":{"line":304,"column":6},"end":{"line":304,"column":19}},{"start":{"line":305,"column":6},"end":{"line":306,"column":80}},{"start":{"line":307,"column":6},"end":{"line":309,"column":58}},{"start":{"line":310,"column":6},"end":{"line":311,"column":58}},{"start":{"line":312,"column":6},"end":{"line":313,"column":21}}],"line":292},"13":{"loc":{"start":{"line":308,"column":15},"end":{"line":309,"column":57}},"type":"binary-expr","locations":[{"start":{"line":308,"column":15},"end":{"line":308,"column":57}},{"start":{"line":309,"column":13},"end":{"line":309,"column":57}}],"line":308},"14":{"loc":{"start":{"line":330,"column":4},"end":{"line":330,"column":50}},"type":"if","locations":[{"start":{"line":330,"column":4},"end":{"line":330,"column":50}},{"start":{"line":330,"column":4},"end":{"line":330,"column":50}}],"line":330},"15":{"loc":{"start":{"line":332,"column":4},"end":{"line":334,"column":5}},"type":"if","locations":[{"start":{"line":332,"column":4},"end":{"line":334,"column":5}},{"start":{"line":332,"column":4},"end":{"line":334,"column":5}}],"line":332},"16":{"loc":{"start":{"line":336,"column":4},"end":{"line":379,"column":5}},"type":"switch","locations":[{"start":{"line":337,"column":6},"end":{"line":337,"column":22}},{"start":{"line":338,"column":6},"end":{"line":339,"column":25}},{"start":{"line":340,"column":6},"end":{"line":340,"column":21}},{"start":{"line":341,"column":6},"end":{"line":341,"column":20}},{"start":{"line":342,"column":6},"end":{"line":342,"column":20}},{"start":{"line":343,"column":6},"end":{"line":343,"column":18}},{"start":{"line":344,"column":6},"end":{"line":344,"column":20}},{"start":{"line":345,"column":6},"end":{"line":345,"column":18}},{"start":{"line":346,"column":6},"end":{"line":346,"column":22}},{"start":{"line":347,"column":6},"end":{"line":347,"column":23}},{"start":{"line":348,"column":6},"end":{"line":348,"column":25}},{"start":{"line":349,"column":6},"end":{"line":350,"column":21}},{"start":{"line":351,"column":6},"end":{"line":352,"column":65}},{"start":{"line":353,"column":6},"end":{"line":354,"column":89}},{"start":{"line":355,"column":6},"end":{"line":364,"column":28}},{"start":{"line":365,"column":6},"end":{"line":366,"column":29}},{"start":{"line":367,"column":6},"end":{"line":376,"column":31}},{"start":{"line":377,"column":6},"end":{"line":378,"column":49}}],"line":336},"17":{"loc":{"start":{"line":360,"column":10},"end":{"line":362,"column":11}},"type":"if","locations":[{"start":{"line":360,"column":10},"end":{"line":362,"column":11}},{"start":{"line":360,"column":10},"end":{"line":362,"column":11}}],"line":360},"18":{"loc":{"start":{"line":372,"column":10},"end":{"line":374,"column":11}},"type":"if","locations":[{"start":{"line":372,"column":10},"end":{"line":374,"column":11}},{"start":{"line":372,"column":10},"end":{"line":374,"column":11}}],"line":372},"19":{"loc":{"start":{"line":387,"column":4},"end":{"line":393,"column":5}},"type":"if","locations":[{"start":{"line":387,"column":4},"end":{"line":393,"column":5}},{"start":{"line":387,"column":4},"end":{"line":393,"column":5}}],"line":387},"20":{"loc":{"start":{"line":387,"column":7},"end":{"line":387,"column":78}},"type":"binary-expr","locations":[{"start":{"line":387,"column":7},"end":{"line":387,"column":39}},{"start":{"line":387,"column":43},"end":{"line":387,"column":78}}],"line":387},"21":{"loc":{"start":{"line":389,"column":11},"end":{"line":393,"column":5}},"type":"if","locations":[{"start":{"line":389,"column":11},"end":{"line":393,"column":5}},{"start":{"line":389,"column":11},"end":{"line":393,"column":5}}],"line":389},"22":{"loc":{"start":{"line":389,"column":14},"end":{"line":389,"column":96}},"type":"binary-expr","locations":[{"start":{"line":389,"column":15},"end":{"line":389,"column":45}},{"start":{"line":389,"column":51},"end":{"line":389,"column":95}}],"line":389}},"s":{"0":5,"1":0,"2":5,"3":5,"4":5,"5":5,"6":5,"7":0,"8":6,"9":6,"10":6,"11":990,"12":0,"13":990,"14":3,"15":990,"16":456,"17":456,"18":111,"19":0,"20":111,"21":111,"22":111,"23":111,"24":111,"25":111,"26":111,"27":111,"28":111,"29":111,"30":111,"31":111,"32":111,"33":111,"34":111,"35":322,"36":322,"37":2,"38":30,"39":264,"40":1186,"41":1186,"42":93,"43":0,"44":93,"45":39,"46":0,"47":39,"48":0,"49":39,"50":1,"51":12,"52":1,"53":4,"54":913,"55":16,"56":16,"57":16,"58":16,"59":16,"60":336,"61":207,"62":129,"63":27,"64":86,"65":227,"66":5,"67":3,"68":8,"69":59,"70":52,"71":7,"72":1,"73":6,"74":3,"75":0,"76":0,"77":0,"78":0,"79":0,"80":1,"81":1,"82":4,"83":4,"84":3,"85":1,"86":1,"87":1,"88":1,"89":11,"90":11,"91":9,"92":1,"93":0,"94":10,"95":0,"96":10,"97":10,"98":0,"99":5},"f":{"0":0,"1":6,"2":6,"3":990,"4":456,"5":111,"6":322,"7":2,"8":30,"9":264,"10":1186,"11":93,"12":39,"13":1,"14":12,"15":4,"16":913,"17":16,"18":16,"19":336,"20":227,"21":59,"22":0,"23":0,"24":4,"25":11,"26":10},"b":{"0":[0,5],"1":[0,990],"2":[990,990],"3":[3,987],"4":[0,111],"5":[0,93],"6":[93,93],"7":[0,39],"8":[39,39],"9":[0,39],"10":[39,39],"11":[207,129],"12":[0,0,0,0,0,3,3,3,3,27,2,86,5,3,8],"13":[5,5],"14":[52,7],"15":[1,6],"16":[1,3,0,0,0,0,0,0,0,0,0,0,0,0,1,1,1,0],"17":[3,1],"18":[9,2],"19":[0,10],"20":[10,10],"21":[10,0],"22":[10,10]},"_coverageSchema":"43e27e138ebf9cfc5966b082cf9a028302ed4184","hash":"dbed2e3f82f21304f08ed46ccb9f79caa429efe9"}
}
