{"/Users/ktalmadge/dev/elv-client-js/src/AuthorizationClient.js": {"path":"/Users/ktalmadge/dev/elv-client-js/src/AuthorizationClient.js","statementMap":{"0":{"start":{"line":1,"column":19},"end":{"line":1,"column":42}},"1":{"start":{"line":2,"column":15},"end":{"line":2,"column":32}},"2":{"start":{"line":3,"column":14},"end":{"line":3,"column":32}},"3":{"start":{"line":4,"column":16},"end":{"line":4,"column":35}},"4":{"start":{"line":18,"column":21},"end":{"line":28,"column":1}},"5":{"start":{"line":30,"column":18},"end":{"line":51,"column":1}},"6":{"start":{"line":55,"column":4},"end":{"line":55,"column":31}},"7":{"start":{"line":55,"column":22},"end":{"line":55,"column":29}},"8":{"start":{"line":57,"column":4},"end":{"line":59,"column":5}},"9":{"start":{"line":58,"column":6},"end":{"line":58,"column":40}},"10":{"start":{"line":61,"column":4},"end":{"line":65,"column":72}},"11":{"start":{"line":69,"column":4},"end":{"line":69,"column":37}},"12":{"start":{"line":70,"column":4},"end":{"line":70,"column":31}},"13":{"start":{"line":72,"column":4},"end":{"line":72,"column":25}},"14":{"start":{"line":73,"column":4},"end":{"line":73,"column":41}},"15":{"start":{"line":74,"column":4},"end":{"line":74,"column":27}},"16":{"start":{"line":75,"column":4},"end":{"line":75,"column":25}},"17":{"start":{"line":76,"column":4},"end":{"line":76,"column":23}},"18":{"start":{"line":78,"column":4},"end":{"line":87,"column":6}},"19":{"start":{"line":89,"column":4},"end":{"line":98,"column":6}},"20":{"start":{"line":100,"column":4},"end":{"line":100,"column":33}},"21":{"start":{"line":101,"column":4},"end":{"line":101,"column":29}},"22":{"start":{"line":102,"column":4},"end":{"line":102,"column":26}},"23":{"start":{"line":103,"column":4},"end":{"line":103,"column":35}},"24":{"start":{"line":104,"column":4},"end":{"line":104,"column":31}},"25":{"start":{"line":105,"column":4},"end":{"line":105,"column":25}},"26":{"start":{"line":110,"column":31},"end":{"line":110,"column":68}},"27":{"start":{"line":112,"column":20},"end":{"line":112,"column":69}},"28":{"start":{"line":114,"column":4},"end":{"line":116,"column":5}},"29":{"start":{"line":115,"column":6},"end":{"line":115,"column":72}},"30":{"start":{"line":118,"column":4},"end":{"line":118,"column":19}},"31":{"start":{"line":135,"column":27},"end":{"line":135,"column":39}},"32":{"start":{"line":137,"column":4},"end":{"line":163,"column":5}},"33":{"start":{"line":139,"column":6},"end":{"line":141,"column":7}},"34":{"start":{"line":140,"column":8},"end":{"line":140,"column":28}},"35":{"start":{"line":144,"column":6},"end":{"line":156,"column":7}},"36":{"start":{"line":145,"column":8},"end":{"line":145,"column":106}},"37":{"start":{"line":147,"column":8},"end":{"line":155,"column":11}},"38":{"start":{"line":158,"column":6},"end":{"line":158,"column":32}},"39":{"start":{"line":160,"column":6},"end":{"line":160,"column":18}},"40":{"start":{"line":162,"column":6},"end":{"line":162,"column":36}},"41":{"start":{"line":167,"column":4},"end":{"line":167,"column":81}},"42":{"start":{"line":167,"column":22},"end":{"line":167,"column":79}},"43":{"start":{"line":171,"column":4},"end":{"line":177,"column":5}},"44":{"start":{"line":172,"column":20},"end":{"line":172,"column":52}},"45":{"start":{"line":173,"column":6},"end":{"line":176,"column":7}},"46":{"start":{"line":174,"column":20},"end":{"line":174,"column":70}},"47":{"start":{"line":175,"column":8},"end":{"line":175,"column":35}},"48":{"start":{"line":179,"column":16},"end":{"line":182,"column":5}},"49":{"start":{"line":184,"column":4},"end":{"line":196,"column":5}},"50":{"start":{"line":185,"column":35},"end":{"line":193,"column":8}},"51":{"start":{"line":195,"column":6},"end":{"line":195,"column":36}},"52":{"start":{"line":198,"column":4},"end":{"line":200,"column":5}},"53":{"start":{"line":199,"column":6},"end":{"line":199,"column":32}},"54":{"start":{"line":202,"column":4},"end":{"line":204,"column":5}},"55":{"start":{"line":203,"column":6},"end":{"line":203,"column":30}},"56":{"start":{"line":206,"column":4},"end":{"line":208,"column":5}},"57":{"start":{"line":207,"column":6},"end":{"line":207,"column":32}},"58":{"start":{"line":210,"column":4},"end":{"line":210,"column":45}},"59":{"start":{"line":212,"column":22},"end":{"line":212,"column":94}},"60":{"start":{"line":213,"column":21},"end":{"line":213,"column":53}},"61":{"start":{"line":215,"column":4},"end":{"line":215,"column":45}},"62":{"start":{"line":229,"column":4},"end":{"line":231,"column":5}},"63":{"start":{"line":230,"column":6},"end":{"line":230,"column":37}},"64":{"start":{"line":234,"column":34},"end":{"line":236,"column":6}},"65":{"start":{"line":238,"column":4},"end":{"line":245,"column":5}},"66":{"start":{"line":240,"column":28},"end":{"line":240,"column":79}},"67":{"start":{"line":242,"column":6},"end":{"line":244,"column":7}},"68":{"start":{"line":243,"column":8},"end":{"line":243,"column":80}},"69":{"start":{"line":247,"column":4},"end":{"line":247,"column":81}},"70":{"start":{"line":247,"column":22},"end":{"line":247,"column":79}},"71":{"start":{"line":249,"column":15},"end":{"line":249,"column":59}},"72":{"start":{"line":250,"column":38},"end":{"line":250,"column":67}},"73":{"start":{"line":251,"column":53},"end":{"line":257,"column":6}},"74":{"start":{"line":259,"column":20},"end":{"line":259,"column":43}},"75":{"start":{"line":262,"column":4},"end":{"line":266,"column":5}},"76":{"start":{"line":263,"column":21},"end":{"line":263,"column":75}},"77":{"start":{"line":265,"column":6},"end":{"line":265,"column":60}},"78":{"start":{"line":265,"column":21},"end":{"line":265,"column":58}},"79":{"start":{"line":269,"column":4},"end":{"line":269,"column":29}},"80":{"start":{"line":269,"column":20},"end":{"line":269,"column":27}},"81":{"start":{"line":271,"column":24},"end":{"line":271,"column":47}},"82":{"start":{"line":273,"column":4},"end":{"line":279,"column":5}},"83":{"start":{"line":274,"column":6},"end":{"line":274,"column":63}},"84":{"start":{"line":275,"column":6},"end":{"line":275,"column":58}},"85":{"start":{"line":277,"column":6},"end":{"line":277,"column":63}},"86":{"start":{"line":278,"column":6},"end":{"line":278,"column":90}},"87":{"start":{"line":282,"column":4},"end":{"line":292,"column":5}},"88":{"start":{"line":283,"column":6},"end":{"line":283,"column":118}},"89":{"start":{"line":286,"column":6},"end":{"line":291,"column":9}},"90":{"start":{"line":287,"column":8},"end":{"line":290,"column":9}},"91":{"start":{"line":288,"column":10},"end":{"line":288,"column":58}},"92":{"start":{"line":289,"column":10},"end":{"line":289,"column":22}},"93":{"start":{"line":296,"column":4},"end":{"line":296,"column":25}},"94":{"start":{"line":300,"column":38},"end":{"line":300,"column":67}},"95":{"start":{"line":303,"column":23},"end":{"line":303,"column":24}},"96":{"start":{"line":304,"column":4},"end":{"line":313,"column":5}},"97":{"start":{"line":305,"column":20},"end":{"line":305,"column":47}},"98":{"start":{"line":307,"column":6},"end":{"line":312,"column":7}},"99":{"start":{"line":309,"column":33},"end":{"line":309,"column":60}},"100":{"start":{"line":311,"column":8},"end":{"line":311,"column":108}},"101":{"start":{"line":315,"column":4},"end":{"line":317,"column":5}},"102":{"start":{"line":316,"column":6},"end":{"line":316,"column":49}},"103":{"start":{"line":320,"column":28},"end":{"line":320,"column":51}},"104":{"start":{"line":321,"column":4},"end":{"line":325,"column":5}},"105":{"start":{"line":322,"column":6},"end":{"line":322,"column":37}},"106":{"start":{"line":324,"column":6},"end":{"line":324,"column":35}},"107":{"start":{"line":327,"column":4},"end":{"line":330,"column":5}},"108":{"start":{"line":328,"column":6},"end":{"line":328,"column":76}},"109":{"start":{"line":329,"column":6},"end":{"line":329,"column":47}},"110":{"start":{"line":332,"column":4},"end":{"line":338,"column":7}},"111":{"start":{"line":341,"column":4},"end":{"line":343,"column":5}},"112":{"start":{"line":342,"column":6},"end":{"line":342,"column":35}},"113":{"start":{"line":345,"column":4},"end":{"line":345,"column":17}},"114":{"start":{"line":349,"column":18},"end":{"line":354,"column":6}},"115":{"start":{"line":356,"column":31},"end":{"line":360,"column":6}},"116":{"start":{"line":362,"column":4},"end":{"line":364,"column":5}},"117":{"start":{"line":363,"column":6},"end":{"line":363,"column":43}},"118":{"start":{"line":366,"column":4},"end":{"line":366,"column":17}},"119":{"start":{"line":370,"column":4},"end":{"line":375,"column":5}},"120":{"start":{"line":371,"column":6},"end":{"line":374,"column":9}},"121":{"start":{"line":377,"column":4},"end":{"line":384,"column":5}},"122":{"start":{"line":378,"column":6},"end":{"line":380,"column":7}},"123":{"start":{"line":379,"column":8},"end":{"line":379,"column":57}},"124":{"start":{"line":383,"column":6},"end":{"line":383,"column":54}},"125":{"start":{"line":386,"column":4},"end":{"line":386,"column":65}},"126":{"start":{"line":388,"column":26},"end":{"line":388,"column":53}},"127":{"start":{"line":389,"column":27},"end":{"line":389,"column":29}},"128":{"start":{"line":390,"column":4},"end":{"line":393,"column":5}},"129":{"start":{"line":391,"column":6},"end":{"line":391,"column":59}},"130":{"start":{"line":392,"column":6},"end":{"line":392,"column":56}},"131":{"start":{"line":395,"column":20},"end":{"line":401,"column":6}},"132":{"start":{"line":403,"column":22},"end":{"line":403,"column":96}},"133":{"start":{"line":404,"column":21},"end":{"line":404,"column":53}},"134":{"start":{"line":406,"column":18},"end":{"line":406,"column":53}},"135":{"start":{"line":408,"column":4},"end":{"line":413,"column":5}},"136":{"start":{"line":409,"column":6},"end":{"line":412,"column":8}},"137":{"start":{"line":415,"column":4},"end":{"line":415,"column":17}},"138":{"start":{"line":419,"column":4},"end":{"line":419,"column":67}},"139":{"start":{"line":421,"column":19},"end":{"line":427,"column":6}},"140":{"start":{"line":429,"column":4},"end":{"line":429,"column":52}},"141":{"start":{"line":431,"column":4},"end":{"line":431,"column":18}},"142":{"start":{"line":435,"column":4},"end":{"line":437,"column":5}},"143":{"start":{"line":436,"column":6},"end":{"line":436,"column":63}},"144":{"start":{"line":439,"column":4},"end":{"line":446,"column":5}},"145":{"start":{"line":440,"column":6},"end":{"line":442,"column":7}},"146":{"start":{"line":441,"column":8},"end":{"line":441,"column":57}},"147":{"start":{"line":445,"column":6},"end":{"line":445,"column":54}},"148":{"start":{"line":448,"column":24},"end":{"line":457,"column":14}},"149":{"start":{"line":459,"column":4},"end":{"line":464,"column":5}},"150":{"start":{"line":460,"column":6},"end":{"line":463,"column":8}},"151":{"start":{"line":466,"column":4},"end":{"line":466,"column":23}},"152":{"start":{"line":470,"column":16},"end":{"line":470,"column":74}},"153":{"start":{"line":472,"column":4},"end":{"line":498,"column":5}},"154":{"start":{"line":474,"column":8},"end":{"line":474,"column":29}},"155":{"start":{"line":475,"column":8},"end":{"line":475,"column":14}},"156":{"start":{"line":478,"column":8},"end":{"line":478,"column":32}},"157":{"start":{"line":479,"column":8},"end":{"line":479,"column":14}},"158":{"start":{"line":482,"column":8},"end":{"line":482,"column":28}},"159":{"start":{"line":483,"column":8},"end":{"line":483,"column":14}},"160":{"start":{"line":486,"column":8},"end":{"line":486,"column":29}},"161":{"start":{"line":487,"column":8},"end":{"line":487,"column":14}},"162":{"start":{"line":490,"column":8},"end":{"line":490,"column":30}},"163":{"start":{"line":491,"column":8},"end":{"line":491,"column":14}},"164":{"start":{"line":494,"column":8},"end":{"line":494,"column":67}},"165":{"start":{"line":495,"column":8},"end":{"line":495,"column":14}},"166":{"start":{"line":497,"column":8},"end":{"line":497,"column":28}},"167":{"start":{"line":500,"column":4},"end":{"line":500,"column":37}},"168":{"start":{"line":504,"column":4},"end":{"line":510,"column":5}},"169":{"start":{"line":505,"column":6},"end":{"line":509,"column":9}},"170":{"start":{"line":512,"column":4},"end":{"line":512,"column":35}},"171":{"start":{"line":518,"column":4},"end":{"line":587,"column":5}},"172":{"start":{"line":520,"column":8},"end":{"line":523,"column":10}},"173":{"start":{"line":524,"column":8},"end":{"line":524,"column":14}},"174":{"start":{"line":527,"column":8},"end":{"line":530,"column":10}},"175":{"start":{"line":531,"column":8},"end":{"line":531,"column":14}},"176":{"start":{"line":534,"column":8},"end":{"line":537,"column":10}},"177":{"start":{"line":538,"column":8},"end":{"line":538,"column":14}},"178":{"start":{"line":541,"column":8},"end":{"line":544,"column":10}},"179":{"start":{"line":545,"column":8},"end":{"line":545,"column":14}},"180":{"start":{"line":548,"column":8},"end":{"line":551,"column":10}},"181":{"start":{"line":552,"column":8},"end":{"line":552,"column":14}},"182":{"start":{"line":555,"column":8},"end":{"line":563,"column":12}},"183":{"start":{"line":564,"column":8},"end":{"line":564,"column":33}},"184":{"start":{"line":566,"column":8},"end":{"line":580,"column":9}},"185":{"start":{"line":567,"column":10},"end":{"line":579,"column":11}},"186":{"start":{"line":569,"column":12},"end":{"line":569,"column":99}},"187":{"start":{"line":572,"column":12},"end":{"line":578,"column":14}},"188":{"start":{"line":581,"column":8},"end":{"line":581,"column":14}},"189":{"start":{"line":583,"column":8},"end":{"line":586,"column":10}},"190":{"start":{"line":589,"column":4},"end":{"line":594,"column":5}},"191":{"start":{"line":590,"column":6},"end":{"line":593,"column":8}},"192":{"start":{"line":596,"column":4},"end":{"line":600,"column":6}},"193":{"start":{"line":605,"column":25},"end":{"line":605,"column":90}},"194":{"start":{"line":607,"column":4},"end":{"line":633,"column":5}},"195":{"start":{"line":609,"column":6},"end":{"line":630,"column":7}},"196":{"start":{"line":611,"column":10},"end":{"line":611,"column":42}},"197":{"start":{"line":612,"column":10},"end":{"line":612,"column":16}},"198":{"start":{"line":614,"column":10},"end":{"line":614,"column":44}},"199":{"start":{"line":615,"column":10},"end":{"line":615,"column":16}},"200":{"start":{"line":617,"column":10},"end":{"line":617,"column":41}},"201":{"start":{"line":618,"column":10},"end":{"line":618,"column":16}},"202":{"start":{"line":620,"column":10},"end":{"line":620,"column":43}},"203":{"start":{"line":621,"column":10},"end":{"line":621,"column":16}},"204":{"start":{"line":623,"column":10},"end":{"line":623,"column":42}},"205":{"start":{"line":624,"column":10},"end":{"line":624,"column":16}},"206":{"start":{"line":626,"column":10},"end":{"line":626,"column":43}},"207":{"start":{"line":627,"column":10},"end":{"line":627,"column":16}},"208":{"start":{"line":629,"column":10},"end":{"line":629,"column":42}},"209":{"start":{"line":632,"column":6},"end":{"line":632,"column":40}},"210":{"start":{"line":635,"column":4},"end":{"line":635,"column":32}},"211":{"start":{"line":639,"column":4},"end":{"line":639,"column":69}},"212":{"start":{"line":640,"column":20},"end":{"line":640,"column":49}},"213":{"start":{"line":642,"column":20},"end":{"line":642,"column":43}},"214":{"start":{"line":643,"column":22},"end":{"line":643,"column":46}},"215":{"start":{"line":645,"column":4},"end":{"line":645,"column":67}},"216":{"start":{"line":645,"column":21},"end":{"line":645,"column":65}},"217":{"start":{"line":648,"column":18},"end":{"line":653,"column":6}},"218":{"start":{"line":655,"column":4},"end":{"line":655,"column":36}},"219":{"start":{"line":656,"column":4},"end":{"line":656,"column":52}},"220":{"start":{"line":658,"column":4},"end":{"line":658,"column":17}},"221":{"start":{"line":664,"column":4},"end":{"line":664,"column":55}},"222":{"start":{"line":664,"column":19},"end":{"line":664,"column":53}},"223":{"start":{"line":665,"column":4},"end":{"line":665,"column":54}},"224":{"start":{"line":665,"column":14},"end":{"line":665,"column":52}},"225":{"start":{"line":667,"column":17},"end":{"line":667,"column":38}},"226":{"start":{"line":668,"column":20},"end":{"line":668,"column":38}},"227":{"start":{"line":669,"column":23},"end":{"line":669,"column":48}},"228":{"start":{"line":671,"column":4},"end":{"line":671,"column":58}},"229":{"start":{"line":671,"column":49},"end":{"line":671,"column":56}},"230":{"start":{"line":673,"column":4},"end":{"line":677,"column":6}},"231":{"start":{"line":681,"column":20},"end":{"line":681,"column":59}},"232":{"start":{"line":683,"column":17},"end":{"line":688,"column":6}},"233":{"start":{"line":690,"column":4},"end":{"line":690,"column":19}},"234":{"start":{"line":694,"column":4},"end":{"line":694,"column":45}},"235":{"start":{"line":694,"column":30},"end":{"line":694,"column":43}},"236":{"start":{"line":696,"column":4},"end":{"line":698,"column":5}},"237":{"start":{"line":697,"column":6},"end":{"line":697,"column":40}},"238":{"start":{"line":700,"column":25},"end":{"line":704,"column":6}},"239":{"start":{"line":706,"column":4},"end":{"line":706,"column":45}},"240":{"start":{"line":710,"column":4},"end":{"line":712,"column":6}},"241":{"start":{"line":716,"column":4},"end":{"line":718,"column":5}},"242":{"start":{"line":717,"column":6},"end":{"line":717,"column":63}},"243":{"start":{"line":720,"column":20},"end":{"line":720,"column":59}},"244":{"start":{"line":722,"column":4},"end":{"line":726,"column":7}},"245":{"start":{"line":731,"column":4},"end":{"line":756,"column":5}},"246":{"start":{"line":732,"column":22},"end":{"line":732,"column":89}},"247":{"start":{"line":734,"column":6},"end":{"line":740,"column":9}},"248":{"start":{"line":742,"column":6},"end":{"line":744,"column":7}},"249":{"start":{"line":743,"column":8},"end":{"line":743,"column":65}},"250":{"start":{"line":746,"column":22},"end":{"line":746,"column":61}},"251":{"start":{"line":749,"column":6},"end":{"line":755,"column":9}},"252":{"start":{"line":759,"column":22},"end":{"line":759,"column":91}},"253":{"start":{"line":761,"column":4},"end":{"line":764,"column":6}},"254":{"start":{"line":769,"column":4},"end":{"line":769,"column":82}},"255":{"start":{"line":769,"column":21},"end":{"line":769,"column":80}},"256":{"start":{"line":771,"column":23},"end":{"line":771,"column":56}},"257":{"start":{"line":772,"column":21},"end":{"line":772,"column":71}},"258":{"start":{"line":773,"column":19},"end":{"line":777,"column":6}},"259":{"start":{"line":779,"column":4},"end":{"line":784,"column":7}},"260":{"start":{"line":789,"column":4},"end":{"line":789,"column":81}},"261":{"start":{"line":789,"column":22},"end":{"line":789,"column":79}},"262":{"start":{"line":791,"column":4},"end":{"line":793,"column":5}},"263":{"start":{"line":792,"column":6},"end":{"line":792,"column":82}},"264":{"start":{"line":795,"column":23},"end":{"line":795,"column":73}},"265":{"start":{"line":796,"column":4},"end":{"line":796,"column":45}},"266":{"start":{"line":797,"column":4},"end":{"line":797,"column":45}},"267":{"start":{"line":799,"column":20},"end":{"line":799,"column":77}},"268":{"start":{"line":801,"column":4},"end":{"line":820,"column":5}},"269":{"start":{"line":801,"column":16},"end":{"line":801,"column":17}},"270":{"start":{"line":802,"column":6},"end":{"line":819,"column":7}},"271":{"start":{"line":803,"column":8},"end":{"line":808,"column":10}},"272":{"start":{"line":810,"column":37},"end":{"line":810,"column":85}},"273":{"start":{"line":811,"column":8},"end":{"line":811,"column":67}},"274":{"start":{"line":813,"column":8},"end":{"line":813,"column":51}},"275":{"start":{"line":816,"column":8},"end":{"line":818,"column":9}},"276":{"start":{"line":817,"column":10},"end":{"line":817,"column":22}},"277":{"start":{"line":825,"column":4},"end":{"line":827,"column":5}},"278":{"start":{"line":826,"column":6},"end":{"line":826,"column":63}},"279":{"start":{"line":829,"column":4},"end":{"line":831,"column":5}},"280":{"start":{"line":830,"column":6},"end":{"line":830,"column":82}},"281":{"start":{"line":833,"column":20},"end":{"line":833,"column":77}},"282":{"start":{"line":835,"column":4},"end":{"line":837,"column":5}},"283":{"start":{"line":836,"column":6},"end":{"line":836,"column":85}},"284":{"start":{"line":839,"column":26},"end":{"line":842,"column":6}},"285":{"start":{"line":844,"column":4},"end":{"line":851,"column":7}},"286":{"start":{"line":855,"column":4},"end":{"line":855,"column":59}},"287":{"start":{"line":857,"column":16},"end":{"line":857,"column":50}},"288":{"start":{"line":859,"column":4},"end":{"line":884,"column":5}},"289":{"start":{"line":860,"column":6},"end":{"line":860,"column":81}},"290":{"start":{"line":862,"column":6},"end":{"line":864,"column":7}},"291":{"start":{"line":863,"column":8},"end":{"line":863,"column":72}},"292":{"start":{"line":866,"column":21},"end":{"line":866,"column":67}},"293":{"start":{"line":866,"column":40},"end":{"line":866,"column":66}},"294":{"start":{"line":868,"column":6},"end":{"line":870,"column":7}},"295":{"start":{"line":869,"column":8},"end":{"line":869,"column":21}},"296":{"start":{"line":872,"column":30},"end":{"line":872,"column":91}},"297":{"start":{"line":872,"column":71},"end":{"line":872,"column":77}},"298":{"start":{"line":873,"column":23},"end":{"line":875,"column":20}},"299":{"start":{"line":877,"column":6},"end":{"line":883,"column":9}},"300":{"start":{"line":886,"column":4},"end":{"line":886,"column":40}},"301":{"start":{"line":890,"column":20},"end":{"line":890,"column":54}},"302":{"start":{"line":892,"column":4},"end":{"line":913,"column":5}},"303":{"start":{"line":892,"column":16},"end":{"line":892,"column":17}},"304":{"start":{"line":893,"column":6},"end":{"line":912,"column":7}},"305":{"start":{"line":894,"column":20},"end":{"line":894,"column":30}},"306":{"start":{"line":896,"column":8},"end":{"line":901,"column":10}},"307":{"start":{"line":903,"column":34},"end":{"line":903,"column":75}},"308":{"start":{"line":904,"column":8},"end":{"line":904,"column":64}},"309":{"start":{"line":906,"column":8},"end":{"line":906,"column":58}},"310":{"start":{"line":909,"column":8},"end":{"line":911,"column":9}},"311":{"start":{"line":910,"column":10},"end":{"line":910,"column":22}},"312":{"start":{"line":917,"column":4},"end":{"line":919,"column":5}},"313":{"start":{"line":918,"column":6},"end":{"line":918,"column":63}},"314":{"start":{"line":921,"column":4},"end":{"line":926,"column":5}},"315":{"start":{"line":922,"column":16},"end":{"line":922,"column":61}},"316":{"start":{"line":923,"column":6},"end":{"line":923,"column":71}},"317":{"start":{"line":925,"column":6},"end":{"line":925,"column":44}},"318":{"start":{"line":928,"column":4},"end":{"line":928,"column":43}},"319":{"start":{"line":932,"column":4},"end":{"line":932,"column":54}},"320":{"start":{"line":932,"column":45},"end":{"line":932,"column":52}},"321":{"start":{"line":934,"column":20},"end":{"line":934,"column":59}},"322":{"start":{"line":937,"column":18},"end":{"line":937,"column":55}},"323":{"start":{"line":938,"column":4},"end":{"line":940,"column":5}},"324":{"start":{"line":939,"column":6},"end":{"line":939,"column":89}},"325":{"start":{"line":947,"column":49},"end":{"line":950,"column":6}},"326":{"start":{"line":952,"column":4},"end":{"line":955,"column":6}},"327":{"start":{"line":960,"column":49},"end":{"line":963,"column":6}},"328":{"start":{"line":965,"column":4},"end":{"line":968,"column":6}},"329":{"start":{"line":973,"column":47},"end":{"line":977,"column":6}},"330":{"start":{"line":979,"column":4},"end":{"line":982,"column":6}},"331":{"start":{"line":987,"column":49},"end":{"line":991,"column":6}},"332":{"start":{"line":994,"column":21},"end":{"line":994,"column":61}},"333":{"start":{"line":995,"column":4},"end":{"line":997,"column":5}},"334":{"start":{"line":996,"column":6},"end":{"line":996,"column":66}},"335":{"start":{"line":999,"column":4},"end":{"line":1002,"column":6}},"336":{"start":{"line":1007,"column":4},"end":{"line":1016,"column":6}},"337":{"start":{"line":1018,"column":4},"end":{"line":1027,"column":6}},"338":{"start":{"line":1029,"column":4},"end":{"line":1029,"column":35}},"339":{"start":{"line":1033,"column":0},"end":{"line":1033,"column":37}}},"fnMap":{"0":{"name":"(anonymous_0)","decl":{"start":{"line":54,"column":2},"end":{"line":54,"column":3}},"loc":{"start":{"line":54,"column":28},"end":{"line":66,"column":3}},"line":54},"1":{"name":"(anonymous_1)","decl":{"start":{"line":68,"column":2},"end":{"line":68,"column":3}},"loc":{"start":{"line":68,"column":82},"end":{"line":106,"column":3}},"line":68},"2":{"name":"(anonymous_2)","decl":{"start":{"line":109,"column":2},"end":{"line":109,"column":3}},"loc":{"start":{"line":109,"column":36},"end":{"line":119,"column":3}},"line":109},"3":{"name":"(anonymous_3)","decl":{"start":{"line":122,"column":2},"end":{"line":122,"column":3}},"loc":{"start":{"line":134,"column":5},"end":{"line":164,"column":3}},"line":134},"4":{"name":"(anonymous_4)","decl":{"start":{"line":166,"column":2},"end":{"line":166,"column":3}},"loc":{"start":{"line":166,"column":121},"end":{"line":216,"column":3}},"line":166},"5":{"name":"(anonymous_5)","decl":{"start":{"line":218,"column":2},"end":{"line":218,"column":3}},"loc":{"start":{"line":228,"column":5},"end":{"line":297,"column":3}},"line":228},"6":{"name":"(anonymous_6)","decl":{"start":{"line":286,"column":30},"end":{"line":286,"column":31}},"loc":{"start":{"line":286,"column":37},"end":{"line":291,"column":7}},"line":286},"7":{"name":"(anonymous_7)","decl":{"start":{"line":299,"column":2},"end":{"line":299,"column":3}},"loc":{"start":{"line":299,"column":62},"end":{"line":346,"column":3}},"line":299},"8":{"name":"(anonymous_8)","decl":{"start":{"line":348,"column":2},"end":{"line":348,"column":3}},"loc":{"start":{"line":348,"column":33},"end":{"line":367,"column":3}},"line":348},"9":{"name":"(anonymous_9)","decl":{"start":{"line":369,"column":2},"end":{"line":369,"column":3}},"loc":{"start":{"line":369,"column":83},"end":{"line":416,"column":3}},"line":369},"10":{"name":"(anonymous_10)","decl":{"start":{"line":418,"column":2},"end":{"line":418,"column":3}},"loc":{"start":{"line":418,"column":68},"end":{"line":432,"column":3}},"line":418},"11":{"name":"(anonymous_11)","decl":{"start":{"line":434,"column":2},"end":{"line":434,"column":3}},"loc":{"start":{"line":434,"column":66},"end":{"line":467,"column":3}},"line":434},"12":{"name":"(anonymous_12)","decl":{"start":{"line":469,"column":2},"end":{"line":469,"column":3}},"loc":{"start":{"line":469,"column":78},"end":{"line":501,"column":3}},"line":469},"13":{"name":"(anonymous_13)","decl":{"start":{"line":503,"column":2},"end":{"line":503,"column":3}},"loc":{"start":{"line":503,"column":19},"end":{"line":513,"column":3}},"line":503},"14":{"name":"(anonymous_14)","decl":{"start":{"line":515,"column":2},"end":{"line":515,"column":3}},"loc":{"start":{"line":515,"column":56},"end":{"line":601,"column":3}},"line":515},"15":{"name":"(anonymous_15)","decl":{"start":{"line":604,"column":2},"end":{"line":604,"column":3}},"loc":{"start":{"line":604,"column":23},"end":{"line":636,"column":3}},"line":604},"16":{"name":"(anonymous_16)","decl":{"start":{"line":638,"column":2},"end":{"line":638,"column":3}},"loc":{"start":{"line":638,"column":36},"end":{"line":659,"column":3}},"line":638},"17":{"name":"(anonymous_17)","decl":{"start":{"line":663,"column":2},"end":{"line":663,"column":3}},"loc":{"start":{"line":663,"column":36},"end":{"line":678,"column":3}},"line":663},"18":{"name":"(anonymous_18)","decl":{"start":{"line":680,"column":2},"end":{"line":680,"column":3}},"loc":{"start":{"line":680,"column":42},"end":{"line":691,"column":3}},"line":680},"19":{"name":"(anonymous_19)","decl":{"start":{"line":693,"column":2},"end":{"line":693,"column":3}},"loc":{"start":{"line":693,"column":29},"end":{"line":707,"column":3}},"line":693},"20":{"name":"(anonymous_20)","decl":{"start":{"line":709,"column":2},"end":{"line":709,"column":3}},"loc":{"start":{"line":709,"column":22},"end":{"line":713,"column":3}},"line":709},"21":{"name":"(anonymous_21)","decl":{"start":{"line":715,"column":2},"end":{"line":715,"column":3}},"loc":{"start":{"line":715,"column":44},"end":{"line":727,"column":3}},"line":715},"22":{"name":"(anonymous_22)","decl":{"start":{"line":729,"column":2},"end":{"line":729,"column":3}},"loc":{"start":{"line":729,"column":48},"end":{"line":765,"column":3}},"line":729},"23":{"name":"(anonymous_23)","decl":{"start":{"line":768,"column":2},"end":{"line":768,"column":3}},"loc":{"start":{"line":768,"column":47},"end":{"line":785,"column":3}},"line":768},"24":{"name":"(anonymous_24)","decl":{"start":{"line":788,"column":2},"end":{"line":788,"column":3}},"loc":{"start":{"line":788,"column":105},"end":{"line":821,"column":3}},"line":788},"25":{"name":"(anonymous_25)","decl":{"start":{"line":824,"column":2},"end":{"line":824,"column":3}},"loc":{"start":{"line":824,"column":119},"end":{"line":852,"column":3}},"line":824},"26":{"name":"(anonymous_26)","decl":{"start":{"line":854,"column":2},"end":{"line":854,"column":3}},"loc":{"start":{"line":854,"column":62},"end":{"line":887,"column":3}},"line":854},"27":{"name":"(anonymous_27)","decl":{"start":{"line":866,"column":30},"end":{"line":866,"column":31}},"loc":{"start":{"line":866,"column":40},"end":{"line":866,"column":66}},"line":866},"28":{"name":"(anonymous_28)","decl":{"start":{"line":872,"column":66},"end":{"line":872,"column":67}},"loc":{"start":{"line":872,"column":71},"end":{"line":872,"column":77}},"line":872},"29":{"name":"(anonymous_29)","decl":{"start":{"line":889,"column":2},"end":{"line":889,"column":3}},"loc":{"start":{"line":889,"column":48},"end":{"line":914,"column":3}},"line":889},"30":{"name":"(anonymous_30)","decl":{"start":{"line":916,"column":2},"end":{"line":916,"column":3}},"loc":{"start":{"line":916,"column":61},"end":{"line":929,"column":3}},"line":916},"31":{"name":"(anonymous_31)","decl":{"start":{"line":931,"column":2},"end":{"line":931,"column":3}},"loc":{"start":{"line":931,"column":67},"end":{"line":941,"column":3}},"line":931},"32":{"name":"(anonymous_32)","decl":{"start":{"line":945,"column":2},"end":{"line":945,"column":3}},"loc":{"start":{"line":945,"column":28},"end":{"line":956,"column":3}},"line":945},"33":{"name":"(anonymous_33)","decl":{"start":{"line":958,"column":2},"end":{"line":958,"column":3}},"loc":{"start":{"line":958,"column":28},"end":{"line":969,"column":3}},"line":958},"34":{"name":"(anonymous_34)","decl":{"start":{"line":971,"column":2},"end":{"line":971,"column":3}},"loc":{"start":{"line":971,"column":38},"end":{"line":983,"column":3}},"line":971},"35":{"name":"(anonymous_35)","decl":{"start":{"line":985,"column":2},"end":{"line":985,"column":3}},"loc":{"start":{"line":985,"column":49},"end":{"line":1003,"column":3}},"line":985},"36":{"name":"(anonymous_36)","decl":{"start":{"line":1006,"column":2},"end":{"line":1006,"column":3}},"loc":{"start":{"line":1006,"column":15},"end":{"line":1030,"column":3}},"line":1006}},"branchMap":{"0":{"loc":{"start":{"line":54,"column":15},"end":{"line":54,"column":26}},"type":"default-arg","locations":[{"start":{"line":54,"column":21},"end":{"line":54,"column":26}}],"line":54},"1":{"loc":{"start":{"line":55,"column":4},"end":{"line":55,"column":31}},"type":"if","locations":[{"start":{"line":55,"column":4},"end":{"line":55,"column":31}},{"start":{"line":55,"column":4},"end":{"line":55,"column":31}}],"line":55},"2":{"loc":{"start":{"line":57,"column":4},"end":{"line":59,"column":5}},"type":"if","locations":[{"start":{"line":57,"column":4},"end":{"line":59,"column":5}},{"start":{"line":57,"column":4},"end":{"line":59,"column":5}}],"line":57},"3":{"loc":{"start":{"line":61,"column":4},"end":{"line":65,"column":71}},"type":"cond-expr","locations":[{"start":{"line":63,"column":6},"end":{"line":63,"column":73}},{"start":{"line":65,"column":6},"end":{"line":65,"column":71}}],"line":61},"4":{"loc":{"start":{"line":68,"column":39},"end":{"line":68,"column":50}},"type":"default-arg","locations":[{"start":{"line":68,"column":45},"end":{"line":68,"column":50}}],"line":68},"5":{"loc":{"start":{"line":68,"column":52},"end":{"line":68,"column":65}},"type":"default-arg","locations":[{"start":{"line":68,"column":60},"end":{"line":68,"column":65}}],"line":68},"6":{"loc":{"start":{"line":68,"column":67},"end":{"line":68,"column":79}},"type":"default-arg","locations":[{"start":{"line":68,"column":74},"end":{"line":68,"column":79}}],"line":68},"7":{"loc":{"start":{"line":114,"column":4},"end":{"line":116,"column":5}},"type":"if","locations":[{"start":{"line":114,"column":4},"end":{"line":116,"column":5}},{"start":{"line":114,"column":4},"end":{"line":116,"column":5}}],"line":114},"8":{"loc":{"start":{"line":114,"column":7},"end":{"line":114,"column":56}},"type":"binary-expr","locations":[{"start":{"line":114,"column":7},"end":{"line":114,"column":24}},{"start":{"line":114,"column":28},"end":{"line":114,"column":56}}],"line":114},"9":{"loc":{"start":{"line":129,"column":4},"end":{"line":129,"column":16}},"type":"default-arg","locations":[{"start":{"line":129,"column":11},"end":{"line":129,"column":16}}],"line":129},"10":{"loc":{"start":{"line":130,"column":4},"end":{"line":130,"column":21}},"type":"default-arg","locations":[{"start":{"line":130,"column":16},"end":{"line":130,"column":21}}],"line":130},"11":{"loc":{"start":{"line":132,"column":4},"end":{"line":132,"column":17}},"type":"default-arg","locations":[{"start":{"line":132,"column":12},"end":{"line":132,"column":17}}],"line":132},"12":{"loc":{"start":{"line":133,"column":4},"end":{"line":133,"column":16}},"type":"default-arg","locations":[{"start":{"line":133,"column":11},"end":{"line":133,"column":16}}],"line":133},"13":{"loc":{"start":{"line":139,"column":6},"end":{"line":141,"column":7}},"type":"if","locations":[{"start":{"line":139,"column":6},"end":{"line":141,"column":7}},{"start":{"line":139,"column":6},"end":{"line":141,"column":7}}],"line":139},"14":{"loc":{"start":{"line":139,"column":9},"end":{"line":139,"column":33}},"type":"binary-expr","locations":[{"start":{"line":139,"column":9},"end":{"line":139,"column":16}},{"start":{"line":139,"column":20},"end":{"line":139,"column":33}}],"line":139},"15":{"loc":{"start":{"line":144,"column":6},"end":{"line":156,"column":7}},"type":"if","locations":[{"start":{"line":144,"column":6},"end":{"line":156,"column":7}},{"start":{"line":144,"column":6},"end":{"line":156,"column":7}}],"line":144},"16":{"loc":{"start":{"line":166,"column":92},"end":{"line":166,"column":104}},"type":"default-arg","locations":[{"start":{"line":166,"column":99},"end":{"line":166,"column":104}}],"line":166},"17":{"loc":{"start":{"line":166,"column":106},"end":{"line":166,"column":118}},"type":"default-arg","locations":[{"start":{"line":166,"column":113},"end":{"line":166,"column":118}}],"line":166},"18":{"loc":{"start":{"line":167,"column":4},"end":{"line":167,"column":81}},"type":"if","locations":[{"start":{"line":167,"column":4},"end":{"line":167,"column":81}},{"start":{"line":167,"column":4},"end":{"line":167,"column":81}}],"line":167},"19":{"loc":{"start":{"line":171,"column":4},"end":{"line":177,"column":5}},"type":"if","locations":[{"start":{"line":171,"column":4},"end":{"line":177,"column":5}},{"start":{"line":171,"column":4},"end":{"line":177,"column":5}}],"line":171},"20":{"loc":{"start":{"line":171,"column":7},"end":{"line":171,"column":113}},"type":"binary-expr","locations":[{"start":{"line":171,"column":7},"end":{"line":171,"column":17}},{"start":{"line":171,"column":21},"end":{"line":171,"column":42}},{"start":{"line":171,"column":46},"end":{"line":171,"column":54}},{"start":{"line":171,"column":58},"end":{"line":171,"column":113}}],"line":171},"21":{"loc":{"start":{"line":173,"column":6},"end":{"line":176,"column":7}},"type":"if","locations":[{"start":{"line":173,"column":6},"end":{"line":176,"column":7}},{"start":{"line":173,"column":6},"end":{"line":176,"column":7}}],"line":173},"22":{"loc":{"start":{"line":181,"column":33},"end":{"line":181,"column":89}},"type":"binary-expr","locations":[{"start":{"line":181,"column":34},"end":{"line":181,"column":52}},{"start":{"line":181,"column":56},"end":{"line":181,"column":82}},{"start":{"line":181,"column":87},"end":{"line":181,"column":89}}],"line":181},"23":{"loc":{"start":{"line":184,"column":4},"end":{"line":196,"column":5}},"type":"if","locations":[{"start":{"line":184,"column":4},"end":{"line":196,"column":5}},{"start":{"line":184,"column":4},"end":{"line":196,"column":5}}],"line":184},"24":{"loc":{"start":{"line":184,"column":9},"end":{"line":184,"column":30}},"type":"binary-expr","locations":[{"start":{"line":184,"column":9},"end":{"line":184,"column":20}},{"start":{"line":184,"column":24},"end":{"line":184,"column":30}}],"line":184},"25":{"loc":{"start":{"line":192,"column":16},"end":{"line":192,"column":37}},"type":"binary-expr","locations":[{"start":{"line":192,"column":16},"end":{"line":192,"column":27}},{"start":{"line":192,"column":31},"end":{"line":192,"column":37}}],"line":192},"26":{"loc":{"start":{"line":198,"column":4},"end":{"line":200,"column":5}},"type":"if","locations":[{"start":{"line":198,"column":4},"end":{"line":200,"column":5}},{"start":{"line":198,"column":4},"end":{"line":200,"column":5}}],"line":198},"27":{"loc":{"start":{"line":202,"column":4},"end":{"line":204,"column":5}},"type":"if","locations":[{"start":{"line":202,"column":4},"end":{"line":204,"column":5}},{"start":{"line":202,"column":4},"end":{"line":204,"column":5}}],"line":202},"28":{"loc":{"start":{"line":206,"column":4},"end":{"line":208,"column":5}},"type":"if","locations":[{"start":{"line":206,"column":4},"end":{"line":208,"column":5}},{"start":{"line":206,"column":4},"end":{"line":208,"column":5}}],"line":206},"29":{"loc":{"start":{"line":222,"column":4},"end":{"line":222,"column":11}},"type":"default-arg","locations":[{"start":{"line":222,"column":9},"end":{"line":222,"column":11}}],"line":222},"30":{"loc":{"start":{"line":223,"column":4},"end":{"line":223,"column":16}},"type":"default-arg","locations":[{"start":{"line":223,"column":14},"end":{"line":223,"column":16}}],"line":223},"31":{"loc":{"start":{"line":224,"column":4},"end":{"line":224,"column":16}},"type":"default-arg","locations":[{"start":{"line":224,"column":11},"end":{"line":224,"column":16}}],"line":224},"32":{"loc":{"start":{"line":225,"column":4},"end":{"line":225,"column":19}},"type":"default-arg","locations":[{"start":{"line":225,"column":14},"end":{"line":225,"column":19}}],"line":225},"33":{"loc":{"start":{"line":226,"column":4},"end":{"line":226,"column":17}},"type":"default-arg","locations":[{"start":{"line":226,"column":12},"end":{"line":226,"column":17}}],"line":226},"34":{"loc":{"start":{"line":229,"column":4},"end":{"line":231,"column":5}},"type":"if","locations":[{"start":{"line":229,"column":4},"end":{"line":231,"column":5}},{"start":{"line":229,"column":4},"end":{"line":231,"column":5}}],"line":229},"35":{"loc":{"start":{"line":238,"column":4},"end":{"line":245,"column":5}},"type":"if","locations":[{"start":{"line":238,"column":4},"end":{"line":245,"column":5}},{"start":{"line":238,"column":4},"end":{"line":245,"column":5}}],"line":238},"36":{"loc":{"start":{"line":242,"column":6},"end":{"line":244,"column":7}},"type":"if","locations":[{"start":{"line":242,"column":6},"end":{"line":244,"column":7}},{"start":{"line":242,"column":6},"end":{"line":244,"column":7}}],"line":242},"37":{"loc":{"start":{"line":247,"column":4},"end":{"line":247,"column":81}},"type":"if","locations":[{"start":{"line":247,"column":4},"end":{"line":247,"column":81}},{"start":{"line":247,"column":4},"end":{"line":247,"column":81}}],"line":247},"38":{"loc":{"start":{"line":249,"column":15},"end":{"line":249,"column":59}},"type":"binary-expr","locations":[{"start":{"line":249,"column":15},"end":{"line":249,"column":23}},{"start":{"line":249,"column":27},"end":{"line":249,"column":36}},{"start":{"line":249,"column":40},"end":{"line":249,"column":59}}],"line":249},"39":{"loc":{"start":{"line":262,"column":4},"end":{"line":266,"column":5}},"type":"if","locations":[{"start":{"line":262,"column":4},"end":{"line":266,"column":5}},{"start":{"line":262,"column":4},"end":{"line":266,"column":5}}],"line":262},"40":{"loc":{"start":{"line":262,"column":7},"end":{"line":262,"column":29}},"type":"binary-expr","locations":[{"start":{"line":262,"column":7},"end":{"line":262,"column":15}},{"start":{"line":262,"column":19},"end":{"line":262,"column":29}}],"line":262},"41":{"loc":{"start":{"line":263,"column":21},"end":{"line":263,"column":75}},"type":"cond-expr","locations":[{"start":{"line":263,"column":30},"end":{"line":263,"column":51}},{"start":{"line":263,"column":54},"end":{"line":263,"column":75}}],"line":263},"42":{"loc":{"start":{"line":265,"column":6},"end":{"line":265,"column":60}},"type":"if","locations":[{"start":{"line":265,"column":6},"end":{"line":265,"column":60}},{"start":{"line":265,"column":6},"end":{"line":265,"column":60}}],"line":265},"43":{"loc":{"start":{"line":269,"column":4},"end":{"line":269,"column":29}},"type":"if","locations":[{"start":{"line":269,"column":4},"end":{"line":269,"column":29}},{"start":{"line":269,"column":4},"end":{"line":269,"column":29}}],"line":269},"44":{"loc":{"start":{"line":273,"column":4},"end":{"line":279,"column":5}},"type":"if","locations":[{"start":{"line":273,"column":4},"end":{"line":279,"column":5}},{"start":{"line":273,"column":4},"end":{"line":279,"column":5}}],"line":273},"45":{"loc":{"start":{"line":282,"column":4},"end":{"line":292,"column":5}},"type":"if","locations":[{"start":{"line":282,"column":4},"end":{"line":292,"column":5}},{"start":{"line":282,"column":4},"end":{"line":292,"column":5}}],"line":282},"46":{"loc":{"start":{"line":287,"column":8},"end":{"line":290,"column":9}},"type":"if","locations":[{"start":{"line":287,"column":8},"end":{"line":290,"column":9}},{"start":{"line":287,"column":8},"end":{"line":290,"column":9}}],"line":287},"47":{"loc":{"start":{"line":287,"column":11},"end":{"line":287,"column":45}},"type":"binary-expr","locations":[{"start":{"line":287,"column":11},"end":{"line":287,"column":21}},{"start":{"line":287,"column":25},"end":{"line":287,"column":45}}],"line":287},"48":{"loc":{"start":{"line":299,"column":27},"end":{"line":299,"column":34}},"type":"default-arg","locations":[{"start":{"line":299,"column":32},"end":{"line":299,"column":34}}],"line":299},"49":{"loc":{"start":{"line":299,"column":36},"end":{"line":299,"column":59}},"type":"default-arg","locations":[{"start":{"line":299,"column":54},"end":{"line":299,"column":59}}],"line":299},"50":{"loc":{"start":{"line":304,"column":4},"end":{"line":313,"column":5}},"type":"if","locations":[{"start":{"line":304,"column":4},"end":{"line":313,"column":5}},{"start":{"line":304,"column":4},"end":{"line":313,"column":5}}],"line":304},"51":{"loc":{"start":{"line":304,"column":7},"end":{"line":304,"column":62}},"type":"binary-expr","locations":[{"start":{"line":304,"column":7},"end":{"line":304,"column":24}},{"start":{"line":304,"column":28},"end":{"line":304,"column":62}}],"line":304},"52":{"loc":{"start":{"line":307,"column":6},"end":{"line":312,"column":7}},"type":"if","locations":[{"start":{"line":307,"column":6},"end":{"line":312,"column":7}},{"start":{"line":307,"column":6},"end":{"line":312,"column":7}}],"line":307},"53":{"loc":{"start":{"line":315,"column":4},"end":{"line":317,"column":5}},"type":"if","locations":[{"start":{"line":315,"column":4},"end":{"line":317,"column":5}},{"start":{"line":315,"column":4},"end":{"line":317,"column":5}}],"line":315},"54":{"loc":{"start":{"line":321,"column":4},"end":{"line":325,"column":5}},"type":"if","locations":[{"start":{"line":321,"column":4},"end":{"line":325,"column":5}},{"start":{"line":321,"column":4},"end":{"line":325,"column":5}}],"line":321},"55":{"loc":{"start":{"line":327,"column":4},"end":{"line":330,"column":5}},"type":"if","locations":[{"start":{"line":327,"column":4},"end":{"line":330,"column":5}},{"start":{"line":327,"column":4},"end":{"line":330,"column":5}}],"line":327},"56":{"loc":{"start":{"line":341,"column":4},"end":{"line":343,"column":5}},"type":"if","locations":[{"start":{"line":341,"column":4},"end":{"line":343,"column":5}},{"start":{"line":341,"column":4},"end":{"line":343,"column":5}}],"line":341},"57":{"loc":{"start":{"line":362,"column":4},"end":{"line":364,"column":5}},"type":"if","locations":[{"start":{"line":362,"column":4},"end":{"line":364,"column":5}},{"start":{"line":362,"column":4},"end":{"line":364,"column":5}}],"line":362},"58":{"loc":{"start":{"line":362,"column":7},"end":{"line":362,"column":53}},"type":"binary-expr","locations":[{"start":{"line":362,"column":7},"end":{"line":362,"column":30}},{"start":{"line":362,"column":34},"end":{"line":362,"column":53}}],"line":362},"59":{"loc":{"start":{"line":369,"column":73},"end":{"line":369,"column":80}},"type":"default-arg","locations":[{"start":{"line":369,"column":79},"end":{"line":369,"column":80}}],"line":369},"60":{"loc":{"start":{"line":370,"column":4},"end":{"line":375,"column":5}},"type":"if","locations":[{"start":{"line":370,"column":4},"end":{"line":375,"column":5}},{"start":{"line":370,"column":4},"end":{"line":375,"column":5}}],"line":370},"61":{"loc":{"start":{"line":377,"column":4},"end":{"line":384,"column":5}},"type":"if","locations":[{"start":{"line":377,"column":4},"end":{"line":384,"column":5}},{"start":{"line":377,"column":4},"end":{"line":384,"column":5}}],"line":377},"62":{"loc":{"start":{"line":377,"column":7},"end":{"line":377,"column":59}},"type":"binary-expr","locations":[{"start":{"line":377,"column":7},"end":{"line":377,"column":20}},{"start":{"line":377,"column":24},"end":{"line":377,"column":59}}],"line":377},"63":{"loc":{"start":{"line":378,"column":6},"end":{"line":380,"column":7}},"type":"if","locations":[{"start":{"line":378,"column":6},"end":{"line":380,"column":7}},{"start":{"line":378,"column":6},"end":{"line":380,"column":7}}],"line":378},"64":{"loc":{"start":{"line":390,"column":4},"end":{"line":393,"column":5}},"type":"if","locations":[{"start":{"line":390,"column":4},"end":{"line":393,"column":5}},{"start":{"line":390,"column":4},"end":{"line":393,"column":5}}],"line":390},"65":{"loc":{"start":{"line":408,"column":4},"end":{"line":413,"column":5}},"type":"if","locations":[{"start":{"line":408,"column":4},"end":{"line":413,"column":5}},{"start":{"line":408,"column":4},"end":{"line":413,"column":5}}],"line":408},"66":{"loc":{"start":{"line":418,"column":56},"end":{"line":418,"column":65}},"type":"default-arg","locations":[{"start":{"line":418,"column":64},"end":{"line":418,"column":65}}],"line":418},"67":{"loc":{"start":{"line":435,"column":4},"end":{"line":437,"column":5}},"type":"if","locations":[{"start":{"line":435,"column":4},"end":{"line":437,"column":5}},{"start":{"line":435,"column":4},"end":{"line":437,"column":5}}],"line":435},"68":{"loc":{"start":{"line":439,"column":4},"end":{"line":446,"column":5}},"type":"if","locations":[{"start":{"line":439,"column":4},"end":{"line":446,"column":5}},{"start":{"line":439,"column":4},"end":{"line":446,"column":5}}],"line":439},"69":{"loc":{"start":{"line":439,"column":7},"end":{"line":439,"column":59}},"type":"binary-expr","locations":[{"start":{"line":439,"column":7},"end":{"line":439,"column":20}},{"start":{"line":439,"column":24},"end":{"line":439,"column":59}}],"line":439},"70":{"loc":{"start":{"line":440,"column":6},"end":{"line":442,"column":7}},"type":"if","locations":[{"start":{"line":440,"column":6},"end":{"line":442,"column":7}},{"start":{"line":440,"column":6},"end":{"line":442,"column":7}}],"line":440},"71":{"loc":{"start":{"line":459,"column":4},"end":{"line":464,"column":5}},"type":"if","locations":[{"start":{"line":459,"column":4},"end":{"line":464,"column":5}},{"start":{"line":459,"column":4},"end":{"line":464,"column":5}}],"line":459},"72":{"loc":{"start":{"line":470,"column":16},"end":{"line":470,"column":74}},"type":"cond-expr","locations":[{"start":{"line":470,"column":25},"end":{"line":470,"column":48}},{"start":{"line":470,"column":51},"end":{"line":470,"column":74}}],"line":470},"73":{"loc":{"start":{"line":472,"column":4},"end":{"line":498,"column":5}},"type":"switch","locations":[{"start":{"line":473,"column":6},"end":{"line":475,"column":14}},{"start":{"line":477,"column":6},"end":{"line":479,"column":14}},{"start":{"line":481,"column":6},"end":{"line":483,"column":14}},{"start":{"line":485,"column":6},"end":{"line":487,"column":14}},{"start":{"line":489,"column":6},"end":{"line":491,"column":14}},{"start":{"line":493,"column":6},"end":{"line":495,"column":14}},{"start":{"line":496,"column":6},"end":{"line":497,"column":28}}],"line":472},"74":{"loc":{"start":{"line":494,"column":16},"end":{"line":494,"column":66}},"type":"cond-expr","locations":[{"start":{"line":494,"column":28},"end":{"line":494,"column":50}},{"start":{"line":494,"column":53},"end":{"line":494,"column":66}}],"line":494},"75":{"loc":{"start":{"line":504,"column":4},"end":{"line":510,"column":5}},"type":"if","locations":[{"start":{"line":504,"column":4},"end":{"line":510,"column":5}},{"start":{"line":504,"column":4},"end":{"line":510,"column":5}}],"line":504},"76":{"loc":{"start":{"line":518,"column":4},"end":{"line":587,"column":5}},"type":"switch","locations":[{"start":{"line":519,"column":6},"end":{"line":524,"column":14}},{"start":{"line":526,"column":6},"end":{"line":531,"column":14}},{"start":{"line":533,"column":6},"end":{"line":538,"column":14}},{"start":{"line":540,"column":6},"end":{"line":545,"column":14}},{"start":{"line":547,"column":6},"end":{"line":552,"column":14}},{"start":{"line":554,"column":6},"end":{"line":581,"column":14}},{"start":{"line":582,"column":6},"end":{"line":586,"column":10}}],"line":518},"77":{"loc":{"start":{"line":555,"column":16},"end":{"line":563,"column":11}},"type":"cond-expr","locations":[{"start":{"line":556,"column":10},"end":{"line":559,"column":11}},{"start":{"line":560,"column":10},"end":{"line":563,"column":11}}],"line":555},"78":{"loc":{"start":{"line":566,"column":8},"end":{"line":580,"column":9}},"type":"if","locations":[{"start":{"line":566,"column":8},"end":{"line":580,"column":9}},{"start":{"line":566,"column":8},"end":{"line":580,"column":9}}],"line":566},"79":{"loc":{"start":{"line":567,"column":10},"end":{"line":579,"column":11}},"type":"if","locations":[{"start":{"line":567,"column":10},"end":{"line":579,"column":11}},{"start":{"line":567,"column":10},"end":{"line":579,"column":11}}],"line":567},"80":{"loc":{"start":{"line":567,"column":13},"end":{"line":567,"column":36}},"type":"binary-expr","locations":[{"start":{"line":567,"column":13},"end":{"line":567,"column":17}},{"start":{"line":567,"column":21},"end":{"line":567,"column":36}}],"line":567},"81":{"loc":{"start":{"line":569,"column":22},"end":{"line":569,"column":98}},"type":"cond-expr","locations":[{"start":{"line":569,"column":54},"end":{"line":569,"column":93}},{"start":{"line":569,"column":96},"end":{"line":569,"column":98}}],"line":569},"82":{"loc":{"start":{"line":574,"column":14},"end":{"line":574,"column":90}},"type":"cond-expr","locations":[{"start":{"line":574,"column":46},"end":{"line":574,"column":85}},{"start":{"line":574,"column":88},"end":{"line":574,"column":90}}],"line":574},"83":{"loc":{"start":{"line":589,"column":4},"end":{"line":594,"column":5}},"type":"if","locations":[{"start":{"line":589,"column":4},"end":{"line":594,"column":5}},{"start":{"line":589,"column":4},"end":{"line":594,"column":5}}],"line":589},"84":{"loc":{"start":{"line":589,"column":7},"end":{"line":589,"column":43}},"type":"binary-expr","locations":[{"start":{"line":589,"column":7},"end":{"line":589,"column":11}},{"start":{"line":589,"column":16},"end":{"line":589,"column":21}},{"start":{"line":589,"column":25},"end":{"line":589,"column":42}}],"line":589},"85":{"loc":{"start":{"line":607,"column":4},"end":{"line":633,"column":5}},"type":"if","locations":[{"start":{"line":607,"column":4},"end":{"line":633,"column":5}},{"start":{"line":607,"column":4},"end":{"line":633,"column":5}}],"line":607},"86":{"loc":{"start":{"line":609,"column":6},"end":{"line":630,"column":7}},"type":"switch","locations":[{"start":{"line":610,"column":8},"end":{"line":612,"column":16}},{"start":{"line":613,"column":8},"end":{"line":615,"column":16}},{"start":{"line":616,"column":8},"end":{"line":618,"column":16}},{"start":{"line":619,"column":8},"end":{"line":621,"column":16}},{"start":{"line":622,"column":8},"end":{"line":624,"column":16}},{"start":{"line":625,"column":8},"end":{"line":627,"column":16}},{"start":{"line":628,"column":8},"end":{"line":629,"column":42}}],"line":609},"87":{"loc":{"start":{"line":645,"column":4},"end":{"line":645,"column":67}},"type":"if","locations":[{"start":{"line":645,"column":4},"end":{"line":645,"column":67}},{"start":{"line":645,"column":4},"end":{"line":645,"column":67}}],"line":645},"88":{"loc":{"start":{"line":664,"column":4},"end":{"line":664,"column":55}},"type":"if","locations":[{"start":{"line":664,"column":4},"end":{"line":664,"column":55}},{"start":{"line":664,"column":4},"end":{"line":664,"column":55}}],"line":664},"89":{"loc":{"start":{"line":665,"column":4},"end":{"line":665,"column":54}},"type":"if","locations":[{"start":{"line":665,"column":4},"end":{"line":665,"column":54}},{"start":{"line":665,"column":4},"end":{"line":665,"column":54}}],"line":665},"90":{"loc":{"start":{"line":668,"column":20},"end":{"line":668,"column":38}},"type":"cond-expr","locations":[{"start":{"line":668,"column":27},"end":{"line":668,"column":31}},{"start":{"line":668,"column":34},"end":{"line":668,"column":38}}],"line":668},"91":{"loc":{"start":{"line":671,"column":4},"end":{"line":671,"column":58}},"type":"if","locations":[{"start":{"line":671,"column":4},"end":{"line":671,"column":58}},{"start":{"line":671,"column":4},"end":{"line":671,"column":58}}],"line":671},"92":{"loc":{"start":{"line":694,"column":4},"end":{"line":694,"column":45}},"type":"if","locations":[{"start":{"line":694,"column":4},"end":{"line":694,"column":45}},{"start":{"line":694,"column":4},"end":{"line":694,"column":45}}],"line":694},"93":{"loc":{"start":{"line":696,"column":4},"end":{"line":698,"column":5}},"type":"if","locations":[{"start":{"line":696,"column":4},"end":{"line":698,"column":5}},{"start":{"line":696,"column":4},"end":{"line":698,"column":5}}],"line":696},"94":{"loc":{"start":{"line":716,"column":4},"end":{"line":718,"column":5}},"type":"if","locations":[{"start":{"line":716,"column":4},"end":{"line":718,"column":5}},{"start":{"line":716,"column":4},"end":{"line":718,"column":5}}],"line":716},"95":{"loc":{"start":{"line":731,"column":4},"end":{"line":756,"column":5}},"type":"if","locations":[{"start":{"line":731,"column":4},"end":{"line":756,"column":5}},{"start":{"line":731,"column":4},"end":{"line":756,"column":5}}],"line":731},"96":{"loc":{"start":{"line":742,"column":6},"end":{"line":744,"column":7}},"type":"if","locations":[{"start":{"line":742,"column":6},"end":{"line":744,"column":7}},{"start":{"line":742,"column":6},"end":{"line":744,"column":7}}],"line":742},"97":{"loc":{"start":{"line":769,"column":4},"end":{"line":769,"column":82}},"type":"if","locations":[{"start":{"line":769,"column":4},"end":{"line":769,"column":82}},{"start":{"line":769,"column":4},"end":{"line":769,"column":82}}],"line":769},"98":{"loc":{"start":{"line":783,"column":64},"end":{"line":783,"column":76}},"type":"binary-expr","locations":[{"start":{"line":783,"column":64},"end":{"line":783,"column":70}},{"start":{"line":783,"column":74},"end":{"line":783,"column":76}}],"line":783},"99":{"loc":{"start":{"line":788,"column":83},"end":{"line":788,"column":102}},"type":"default-arg","locations":[{"start":{"line":788,"column":100},"end":{"line":788,"column":102}}],"line":788},"100":{"loc":{"start":{"line":789,"column":4},"end":{"line":789,"column":81}},"type":"if","locations":[{"start":{"line":789,"column":4},"end":{"line":789,"column":81}},{"start":{"line":789,"column":4},"end":{"line":789,"column":81}}],"line":789},"101":{"loc":{"start":{"line":791,"column":4},"end":{"line":793,"column":5}},"type":"if","locations":[{"start":{"line":791,"column":4},"end":{"line":793,"column":5}},{"start":{"line":791,"column":4},"end":{"line":793,"column":5}}],"line":791},"102":{"loc":{"start":{"line":816,"column":8},"end":{"line":818,"column":9}},"type":"if","locations":[{"start":{"line":816,"column":8},"end":{"line":818,"column":9}},{"start":{"line":816,"column":8},"end":{"line":818,"column":9}}],"line":816},"103":{"loc":{"start":{"line":824,"column":54},"end":{"line":824,"column":66}},"type":"default-arg","locations":[{"start":{"line":824,"column":61},"end":{"line":824,"column":66}}],"line":824},"104":{"loc":{"start":{"line":824,"column":84},"end":{"line":824,"column":91}},"type":"default-arg","locations":[{"start":{"line":824,"column":89},"end":{"line":824,"column":91}}],"line":824},"105":{"loc":{"start":{"line":824,"column":93},"end":{"line":824,"column":107}},"type":"default-arg","locations":[{"start":{"line":824,"column":105},"end":{"line":824,"column":107}}],"line":824},"106":{"loc":{"start":{"line":825,"column":4},"end":{"line":827,"column":5}},"type":"if","locations":[{"start":{"line":825,"column":4},"end":{"line":827,"column":5}},{"start":{"line":825,"column":4},"end":{"line":827,"column":5}}],"line":825},"107":{"loc":{"start":{"line":829,"column":4},"end":{"line":831,"column":5}},"type":"if","locations":[{"start":{"line":829,"column":4},"end":{"line":831,"column":5}},{"start":{"line":829,"column":4},"end":{"line":831,"column":5}}],"line":829},"108":{"loc":{"start":{"line":835,"column":4},"end":{"line":837,"column":5}},"type":"if","locations":[{"start":{"line":835,"column":4},"end":{"line":837,"column":5}},{"start":{"line":835,"column":4},"end":{"line":837,"column":5}}],"line":835},"109":{"loc":{"start":{"line":835,"column":7},"end":{"line":835,"column":30}},"type":"binary-expr","locations":[{"start":{"line":835,"column":7},"end":{"line":835,"column":15}},{"start":{"line":835,"column":19},"end":{"line":835,"column":30}}],"line":835},"110":{"loc":{"start":{"line":836,"column":41},"end":{"line":836,"column":81}},"type":"binary-expr","locations":[{"start":{"line":836,"column":41},"end":{"line":836,"column":52}},{"start":{"line":836,"column":56},"end":{"line":836,"column":64}},{"start":{"line":836,"column":68},"end":{"line":836,"column":81}}],"line":836},"111":{"loc":{"start":{"line":859,"column":4},"end":{"line":884,"column":5}},"type":"if","locations":[{"start":{"line":859,"column":4},"end":{"line":884,"column":5}},{"start":{"line":859,"column":4},"end":{"line":884,"column":5}}],"line":859},"112":{"loc":{"start":{"line":862,"column":6},"end":{"line":864,"column":7}},"type":"if","locations":[{"start":{"line":862,"column":6},"end":{"line":864,"column":7}},{"start":{"line":862,"column":6},"end":{"line":864,"column":7}}],"line":862},"113":{"loc":{"start":{"line":868,"column":6},"end":{"line":870,"column":7}},"type":"if","locations":[{"start":{"line":868,"column":6},"end":{"line":870,"column":7}},{"start":{"line":868,"column":6},"end":{"line":870,"column":7}}],"line":868},"114":{"loc":{"start":{"line":909,"column":8},"end":{"line":911,"column":9}},"type":"if","locations":[{"start":{"line":909,"column":8},"end":{"line":911,"column":9}},{"start":{"line":909,"column":8},"end":{"line":911,"column":9}}],"line":909},"115":{"loc":{"start":{"line":917,"column":4},"end":{"line":919,"column":5}},"type":"if","locations":[{"start":{"line":917,"column":4},"end":{"line":919,"column":5}},{"start":{"line":917,"column":4},"end":{"line":919,"column":5}}],"line":917},"116":{"loc":{"start":{"line":921,"column":4},"end":{"line":926,"column":5}},"type":"if","locations":[{"start":{"line":921,"column":4},"end":{"line":926,"column":5}},{"start":{"line":921,"column":4},"end":{"line":926,"column":5}}],"line":921},"117":{"loc":{"start":{"line":932,"column":4},"end":{"line":932,"column":54}},"type":"if","locations":[{"start":{"line":932,"column":4},"end":{"line":932,"column":54}},{"start":{"line":932,"column":4},"end":{"line":932,"column":54}}],"line":932},"118":{"loc":{"start":{"line":938,"column":4},"end":{"line":940,"column":5}},"type":"if","locations":[{"start":{"line":938,"column":4},"end":{"line":940,"column":5}},{"start":{"line":938,"column":4},"end":{"line":940,"column":5}}],"line":938},"119":{"loc":{"start":{"line":989,"column":19},"end":{"line":989,"column":75}},"type":"cond-expr","locations":[{"start":{"line":989,"column":28},"end":{"line":989,"column":55}},{"start":{"line":989,"column":58},"end":{"line":989,"column":75}}],"line":989},"120":{"loc":{"start":{"line":995,"column":4},"end":{"line":997,"column":5}},"type":"if","locations":[{"start":{"line":995,"column":4},"end":{"line":997,"column":5}},{"start":{"line":995,"column":4},"end":{"line":997,"column":5}}],"line":995}},"s":{"0":5,"1":5,"2":5,"3":5,"4":5,"5":5,"6":370,"7":370,"8":0,"9":0,"10":0,"11":29,"12":29,"13":29,"14":29,"15":29,"16":29,"17":29,"18":29,"19":29,"20":29,"21":29,"22":29,"23":29,"24":29,"25":29,"26":439,"27":438,"28":438,"29":19,"30":438,"31":498,"32":498,"33":498,"34":0,"35":498,"36":26,"37":472,"38":497,"39":1,"40":498,"41":472,"42":76,"43":472,"44":19,"45":19,"46":1,"47":1,"48":472,"49":472,"50":304,"51":303,"52":471,"53":453,"54":471,"55":0,"56":471,"57":1,"58":471,"59":471,"60":471,"61":471,"62":305,"63":0,"64":305,"65":305,"66":0,"67":0,"68":0,"69":305,"70":11,"71":305,"72":305,"73":305,"74":305,"75":305,"76":304,"77":304,"78":261,"79":44,"80":0,"81":44,"82":44,"83":28,"84":28,"85":16,"86":16,"87":43,"88":43,"89":43,"90":43,"91":7,"92":7,"93":43,"94":16,"95":16,"96":16,"97":8,"98":7,"99":2,"100":2,"101":15,"102":0,"103":15,"104":15,"105":0,"106":15,"107":15,"108":0,"109":0,"110":15,"111":15,"112":0,"113":15,"114":28,"115":28,"116":28,"117":0,"118":28,"119":26,"120":0,"121":26,"122":24,"123":24,"124":0,"125":2,"126":2,"127":2,"128":2,"129":2,"130":2,"131":2,"132":2,"133":2,"134":2,"135":2,"136":2,"137":2,"138":1,"139":1,"140":1,"141":1,"142":0,"143":0,"144":0,"145":0,"146":0,"147":0,"148":0,"149":0,"150":0,"151":0,"152":43,"153":43,"154":0,"155":0,"156":12,"157":12,"158":1,"159":1,"160":2,"161":2,"162":8,"163":8,"164":20,"165":20,"166":0,"167":43,"168":969,"169":969,"170":969,"171":305,"172":0,"173":0,"174":39,"175":39,"176":7,"177":7,"178":6,"179":6,"180":51,"181":51,"182":202,"183":202,"184":202,"185":202,"186":1,"187":201,"188":202,"189":0,"190":305,"191":0,"192":305,"193":1017,"194":1017,"195":56,"196":4,"197":4,"198":12,"199":12,"200":17,"201":17,"202":4,"203":4,"204":3,"205":3,"206":16,"207":16,"208":0,"209":56,"210":1017,"211":1,"212":1,"213":1,"214":1,"215":1,"216":0,"217":1,"218":1,"219":1,"220":1,"221":969,"222":397,"223":969,"224":572,"225":969,"226":969,"227":969,"228":969,"229":0,"230":969,"231":2,"232":2,"233":2,"234":46,"235":0,"236":46,"237":45,"238":46,"239":45,"240":477,"241":3,"242":0,"243":3,"244":3,"245":6,"246":0,"247":0,"248":6,"249":0,"250":6,"251":6,"252":6,"253":6,"254":1,"255":0,"256":1,"257":1,"258":1,"259":1,"260":4,"261":0,"262":4,"263":0,"264":4,"265":4,"266":4,"267":4,"268":4,"269":4,"270":4,"271":4,"272":4,"273":4,"274":0,"275":0,"276":0,"277":0,"278":0,"279":0,"280":0,"281":0,"282":0,"283":0,"284":0,"285":0,"286":1111,"287":1111,"288":1111,"289":216,"290":216,"291":125,"292":216,"293":9783,"294":216,"295":116,"296":100,"297":181,"298":100,"299":100,"300":995,"301":100,"302":100,"303":100,"304":101,"305":101,"306":101,"307":101,"308":101,"309":1,"310":1,"311":0,"312":2,"313":0,"314":2,"315":1,"316":1,"317":1,"318":2,"319":0,"320":0,"321":0,"322":0,"323":0,"324":0,"325":2,"326":2,"327":1,"328":1,"329":8,"330":8,"331":13,"332":13,"333":13,"334":13,"335":13,"336":0,"337":0,"338":0,"339":5},"f":{"0":370,"1":29,"2":439,"3":498,"4":472,"5":305,"6":43,"7":16,"8":28,"9":26,"10":1,"11":0,"12":43,"13":969,"14":305,"15":1017,"16":1,"17":969,"18":2,"19":46,"20":477,"21":3,"22":6,"23":1,"24":4,"25":0,"26":1111,"27":9783,"28":181,"29":100,"30":2,"31":0,"32":2,"33":1,"34":8,"35":13,"36":0},"b":{"0":[369],"1":[370,0],"2":[0,0],"3":[0,0],"4":[0],"5":[0],"6":[0],"7":[19,419],"8":[438,49],"9":[253],"10":[460],"11":[456],"12":[306],"13":[0,498],"14":[498,0],"15":[26,472],"16":[0],"17":[0],"18":[76,396],"19":[19,453],"20":[472,49,19,19],"21":[1,18],"22":[472,472,0],"23":[304,168],"24":[472,472],"25":[304,304],"26":[453,18],"27":[0,471],"28":[1,470],"29":[304],"30":[304],"31":[0],"32":[304],"33":[0],"34":[0,305],"35":[0,305],"36":[0,0],"37":[11,294],"38":[305,9,0],"39":[304,1],"40":[305,305],"41":[245,59],"42":[261,43],"43":[0,44],"44":[28,16],"45":[43,0],"46":[7,36],"47":[43,43],"48":[0],"49":[8],"50":[8,8],"51":[16,8],"52":[2,5],"53":[0,15],"54":[0,15],"55":[0,15],"56":[0,15],"57":[0,28],"58":[28,28],"59":[26],"60":[0,26],"61":[24,2],"62":[26,26],"63":[24,0],"64":[2,0],"65":[2,0],"66":[0],"67":[0,0],"68":[0,0],"69":[0,0],"70":[0,0],"71":[0,0],"72":[28,15],"73":[0,12,1,2,8,20,0],"74":[1,19],"75":[969,0],"76":[0,39,7,6,51,202,0],"77":[1,201],"78":[202,0],"79":[1,201],"80":[202,202],"81":[1,0],"82":[201,0],"83":[0,305],"84":[305,0,0],"85":[56,961],"86":[4,12,17,4,3,16,0],"87":[0,1],"88":[397,572],"89":[572,397],"90":[0,969],"91":[0,969],"92":[0,46],"93":[45,1],"94":[0,3],"95":[0,6],"96":[0,6],"97":[0,1],"98":[1,0],"99":[1],"100":[0,4],"101":[0,4],"102":[0,0],"103":[0],"104":[0],"105":[0],"106":[0,0],"107":[0,0],"108":[0,0],"109":[0,0],"110":[0,0,0],"111":[216,895],"112":[125,91],"113":[116,100],"114":[0,1],"115":[0,2],"116":[1,1],"117":[0,0],"118":[0,0],"119":[3,10],"120":[13,0]},"_coverageSchema":"43e27e138ebf9cfc5966b082cf9a028302ed4184","hash":"9e6d9099f0f4c9f570d7c37e7f930a34d68d0279"}
,"/Users/ktalmadge/dev/elv-client-js/src/ContentObjectVerification.js": {"path":"/Users/ktalmadge/dev/elv-client-js/src/ContentObjectVerification.js","statementMap":{"0":{"start":{"line":1,"column":13},"end":{"line":1,"column":28}},"1":{"start":{"line":2,"column":13},"end":{"line":2,"column":28}},"2":{"start":{"line":3,"column":18},"end":{"line":3,"column":40}},"3":{"start":{"line":4,"column":18},"end":{"line":4,"column":39}},"4":{"start":{"line":5,"column":14},"end":{"line":5,"column":32}},"5":{"start":{"line":7,"column":34},"end":{"line":208,"column":1}},"6":{"start":{"line":9,"column":19},"end":{"line":11,"column":5}},"7":{"start":{"line":13,"column":21},"end":{"line":13,"column":66}},"8":{"start":{"line":15,"column":27},"end":{"line":16,"column":46}},"9":{"start":{"line":16,"column":24},"end":{"line":16,"column":45}},"10":{"start":{"line":17,"column":29},"end":{"line":17,"column":120}},"11":{"start":{"line":19,"column":4},"end":{"line":23,"column":5}},"12":{"start":{"line":20,"column":6},"end":{"line":20,"column":38}},"13":{"start":{"line":22,"column":6},"end":{"line":22,"column":78}},"14":{"start":{"line":25,"column":4},"end":{"line":25,"column":34}},"15":{"start":{"line":27,"column":4},"end":{"line":75,"column":5}},"16":{"start":{"line":29,"column":22},"end":{"line":29,"column":57}},"17":{"start":{"line":30,"column":31},"end":{"line":30,"column":95}},"18":{"start":{"line":31,"column":35},"end":{"line":32,"column":48}},"19":{"start":{"line":32,"column":26},"end":{"line":32,"column":47}},"20":{"start":{"line":34,"column":35},"end":{"line":34,"column":140}},"21":{"start":{"line":36,"column":6},"end":{"line":40,"column":7}},"22":{"start":{"line":37,"column":8},"end":{"line":37,"column":39}},"23":{"start":{"line":39,"column":8},"end":{"line":39,"column":83}},"24":{"start":{"line":42,"column":6},"end":{"line":42,"column":43}},"25":{"start":{"line":44,"column":6},"end":{"line":54,"column":7}},"26":{"start":{"line":47,"column":25},"end":{"line":51,"column":10}},"27":{"start":{"line":53,"column":8},"end":{"line":53,"column":134}},"28":{"start":{"line":58,"column":26},"end":{"line":58,"column":65}},"29":{"start":{"line":59,"column":29},"end":{"line":59,"column":101}},"30":{"start":{"line":60,"column":33},"end":{"line":61,"column":48}},"31":{"start":{"line":61,"column":26},"end":{"line":61,"column":47}},"32":{"start":{"line":62,"column":33},"end":{"line":62,"column":134}},"33":{"start":{"line":64,"column":6},"end":{"line":68,"column":7}},"34":{"start":{"line":65,"column":8},"end":{"line":65,"column":43}},"35":{"start":{"line":67,"column":8},"end":{"line":67,"column":85}},"36":{"start":{"line":70,"column":6},"end":{"line":70,"column":45}},"37":{"start":{"line":72,"column":6},"end":{"line":74,"column":7}},"38":{"start":{"line":73,"column":8},"end":{"line":73,"column":105}},"39":{"start":{"line":77,"column":4},"end":{"line":81,"column":56}},"40":{"start":{"line":83,"column":4},"end":{"line":83,"column":20}},"41":{"start":{"line":89,"column":4},"end":{"line":89,"column":35}},"42":{"start":{"line":89,"column":23},"end":{"line":89,"column":33}},"43":{"start":{"line":91,"column":4},"end":{"line":96,"column":7}},"44":{"start":{"line":92,"column":6},"end":{"line":95,"column":8}},"45":{"start":{"line":101,"column":16},"end":{"line":101,"column":18}},"46":{"start":{"line":101,"column":25},"end":{"line":101,"column":53}},"47":{"start":{"line":102,"column":6},"end":{"line":108,"column":7}},"48":{"start":{"line":103,"column":8},"end":{"line":105,"column":9}},"49":{"start":{"line":104,"column":10},"end":{"line":104,"column":25}},"50":{"start":{"line":106,"column":8},"end":{"line":106,"column":29}},"51":{"start":{"line":107,"column":8},"end":{"line":107,"column":18}},"52":{"start":{"line":109,"column":6},"end":{"line":109,"column":17}},"53":{"start":{"line":113,"column":16},"end":{"line":113,"column":18}},"54":{"start":{"line":113,"column":27},"end":{"line":113,"column":28}},"55":{"start":{"line":114,"column":6},"end":{"line":120,"column":7}},"56":{"start":{"line":115,"column":8},"end":{"line":115,"column":34}},"57":{"start":{"line":116,"column":8},"end":{"line":119,"column":9}},"58":{"start":{"line":117,"column":10},"end":{"line":117,"column":24}},"59":{"start":{"line":118,"column":10},"end":{"line":118,"column":18}},"60":{"start":{"line":121,"column":6},"end":{"line":123,"column":7}},"61":{"start":{"line":122,"column":8},"end":{"line":122,"column":54}},"62":{"start":{"line":124,"column":6},"end":{"line":124,"column":17}},"63":{"start":{"line":127,"column":17},"end":{"line":127,"column":53}},"64":{"start":{"line":128,"column":16},"end":{"line":128,"column":32}},"65":{"start":{"line":129,"column":14},"end":{"line":129,"column":42}},"66":{"start":{"line":131,"column":4},"end":{"line":131,"column":68}},"67":{"start":{"line":135,"column":17},"end":{"line":135,"column":59}},"68":{"start":{"line":136,"column":14},"end":{"line":136,"column":36}},"69":{"start":{"line":137,"column":4},"end":{"line":137,"column":37}},"70":{"start":{"line":141,"column":4},"end":{"line":157,"column":5}},"71":{"start":{"line":142,"column":6},"end":{"line":144,"column":7}},"72":{"start":{"line":143,"column":8},"end":{"line":143,"column":43}},"73":{"start":{"line":146,"column":17},"end":{"line":146,"column":69}},"74":{"start":{"line":148,"column":6},"end":{"line":151,"column":8}},"75":{"start":{"line":153,"column":6},"end":{"line":156,"column":8}},"76":{"start":{"line":161,"column":4},"end":{"line":161,"column":44}},"77":{"start":{"line":161,"column":24},"end":{"line":161,"column":42}},"78":{"start":{"line":162,"column":4},"end":{"line":162,"column":36}},"79":{"start":{"line":162,"column":20},"end":{"line":162,"column":34}},"80":{"start":{"line":164,"column":19},"end":{"line":167,"column":5}},"81":{"start":{"line":169,"column":21},"end":{"line":169,"column":46}},"82":{"start":{"line":170,"column":25},"end":{"line":170,"column":46}},"83":{"start":{"line":173,"column":26},"end":{"line":175,"column":62}},"84":{"start":{"line":174,"column":19},"end":{"line":174,"column":44}},"85":{"start":{"line":175,"column":39},"end":{"line":175,"column":60}},"86":{"start":{"line":177,"column":4},"end":{"line":186,"column":5}},"87":{"start":{"line":178,"column":24},"end":{"line":178,"column":41}},"88":{"start":{"line":179,"column":28},"end":{"line":179,"column":41}},"89":{"start":{"line":181,"column":6},"end":{"line":185,"column":9}},"90":{"start":{"line":189,"column":4},"end":{"line":200,"column":5}},"91":{"start":{"line":190,"column":24},"end":{"line":190,"column":53}},"92":{"start":{"line":191,"column":28},"end":{"line":191,"column":53}},"93":{"start":{"line":193,"column":6},"end":{"line":199,"column":7}},"94":{"start":{"line":194,"column":8},"end":{"line":198,"column":11}},"95":{"start":{"line":202,"column":4},"end":{"line":204,"column":5}},"96":{"start":{"line":203,"column":6},"end":{"line":203,"column":29}},"97":{"start":{"line":206,"column":4},"end":{"line":206,"column":20}},"98":{"start":{"line":210,"column":0},"end":{"line":210,"column":43}}},"fnMap":{"0":{"name":"(anonymous_0)","decl":{"start":{"line":8,"column":2},"end":{"line":8,"column":3}},"loc":{"start":{"line":8,"column":72},"end":{"line":84,"column":3}},"line":8},"1":{"name":"(anonymous_1)","decl":{"start":{"line":16,"column":12},"end":{"line":16,"column":13}},"loc":{"start":{"line":16,"column":24},"end":{"line":16,"column":45}},"line":16},"2":{"name":"(anonymous_2)","decl":{"start":{"line":32,"column":14},"end":{"line":32,"column":15}},"loc":{"start":{"line":32,"column":26},"end":{"line":32,"column":47}},"line":32},"3":{"name":"(anonymous_3)","decl":{"start":{"line":61,"column":14},"end":{"line":61,"column":15}},"loc":{"start":{"line":61,"column":26},"end":{"line":61,"column":47}},"line":61},"4":{"name":"(anonymous_4)","decl":{"start":{"line":88,"column":2},"end":{"line":88,"column":3}},"loc":{"start":{"line":88,"column":30},"end":{"line":97,"column":3}},"line":88},"5":{"name":"(anonymous_5)","decl":{"start":{"line":91,"column":27},"end":{"line":91,"column":28}},"loc":{"start":{"line":91,"column":41},"end":{"line":96,"column":5}},"line":91},"6":{"name":"(anonymous_6)","decl":{"start":{"line":99,"column":2},"end":{"line":99,"column":3}},"loc":{"start":{"line":99,"column":15},"end":{"line":132,"column":3}},"line":99},"7":{"name":"fromBits","decl":{"start":{"line":100,"column":13},"end":{"line":100,"column":21}},"loc":{"start":{"line":100,"column":27},"end":{"line":110,"column":5}},"line":100},"8":{"name":"toBits","decl":{"start":{"line":112,"column":13},"end":{"line":112,"column":19}},"loc":{"start":{"line":112,"column":27},"end":{"line":125,"column":5}},"line":112},"9":{"name":"(anonymous_9)","decl":{"start":{"line":134,"column":2},"end":{"line":134,"column":3}},"loc":{"start":{"line":134,"column":27},"end":{"line":138,"column":3}},"line":134},"10":{"name":"(anonymous_10)","decl":{"start":{"line":140,"column":2},"end":{"line":140,"column":3}},"loc":{"start":{"line":140,"column":42},"end":{"line":158,"column":3}},"line":140},"11":{"name":"(anonymous_11)","decl":{"start":{"line":160,"column":2},"end":{"line":160,"column":3}},"loc":{"start":{"line":160,"column":44},"end":{"line":207,"column":3}},"line":160},"12":{"name":"(anonymous_12)","decl":{"start":{"line":174,"column":14},"end":{"line":174,"column":15}},"loc":{"start":{"line":174,"column":19},"end":{"line":174,"column":44}},"line":174},"13":{"name":"(anonymous_13)","decl":{"start":{"line":175,"column":34},"end":{"line":175,"column":35}},"loc":{"start":{"line":175,"column":39},"end":{"line":175,"column":60}},"line":175}},"branchMap":{"0":{"loc":{"start":{"line":19,"column":4},"end":{"line":23,"column":5}},"type":"if","locations":[{"start":{"line":19,"column":4},"end":{"line":23,"column":5}},{"start":{"line":19,"column":4},"end":{"line":23,"column":5}}],"line":19},"1":{"loc":{"start":{"line":27,"column":4},"end":{"line":75,"column":5}},"type":"if","locations":[{"start":{"line":27,"column":4},"end":{"line":75,"column":5}},{"start":{"line":27,"column":4},"end":{"line":75,"column":5}}],"line":27},"2":{"loc":{"start":{"line":36,"column":6},"end":{"line":40,"column":7}},"type":"if","locations":[{"start":{"line":36,"column":6},"end":{"line":40,"column":7}},{"start":{"line":36,"column":6},"end":{"line":40,"column":7}}],"line":36},"3":{"loc":{"start":{"line":44,"column":6},"end":{"line":54,"column":7}},"type":"if","locations":[{"start":{"line":44,"column":6},"end":{"line":54,"column":7}},{"start":{"line":44,"column":6},"end":{"line":54,"column":7}}],"line":44},"4":{"loc":{"start":{"line":44,"column":9},"end":{"line":44,"column":40}},"type":"binary-expr","locations":[{"start":{"line":44,"column":9},"end":{"line":44,"column":27}},{"start":{"line":44,"column":31},"end":{"line":44,"column":40}}],"line":44},"5":{"loc":{"start":{"line":64,"column":6},"end":{"line":68,"column":7}},"type":"if","locations":[{"start":{"line":64,"column":6},"end":{"line":68,"column":7}},{"start":{"line":64,"column":6},"end":{"line":68,"column":7}}],"line":64},"6":{"loc":{"start":{"line":72,"column":6},"end":{"line":74,"column":7}},"type":"if","locations":[{"start":{"line":72,"column":6},"end":{"line":74,"column":7}},{"start":{"line":72,"column":6},"end":{"line":74,"column":7}}],"line":72},"7":{"loc":{"start":{"line":78,"column":6},"end":{"line":81,"column":55}},"type":"binary-expr","locations":[{"start":{"line":78,"column":6},"end":{"line":78,"column":25}},{"start":{"line":79,"column":6},"end":{"line":79,"column":24}},{"start":{"line":80,"column":6},"end":{"line":80,"column":28}},{"start":{"line":81,"column":7},"end":{"line":81,"column":26}},{"start":{"line":81,"column":30},"end":{"line":81,"column":54}}],"line":78},"8":{"loc":{"start":{"line":89,"column":4},"end":{"line":89,"column":35}},"type":"if","locations":[{"start":{"line":89,"column":4},"end":{"line":89,"column":35}},{"start":{"line":89,"column":4},"end":{"line":89,"column":35}}],"line":89},"9":{"loc":{"start":{"line":103,"column":8},"end":{"line":105,"column":9}},"type":"if","locations":[{"start":{"line":103,"column":8},"end":{"line":105,"column":9}},{"start":{"line":103,"column":8},"end":{"line":105,"column":9}}],"line":103},"10":{"loc":{"start":{"line":116,"column":8},"end":{"line":119,"column":9}},"type":"if","locations":[{"start":{"line":116,"column":8},"end":{"line":119,"column":9}},{"start":{"line":116,"column":8},"end":{"line":119,"column":9}}],"line":116},"11":{"loc":{"start":{"line":121,"column":6},"end":{"line":123,"column":7}},"type":"if","locations":[{"start":{"line":121,"column":6},"end":{"line":123,"column":7}},{"start":{"line":121,"column":6},"end":{"line":123,"column":7}}],"line":121},"12":{"loc":{"start":{"line":142,"column":6},"end":{"line":144,"column":7}},"type":"if","locations":[{"start":{"line":142,"column":6},"end":{"line":144,"column":7}},{"start":{"line":142,"column":6},"end":{"line":144,"column":7}}],"line":142},"13":{"loc":{"start":{"line":161,"column":4},"end":{"line":161,"column":44}},"type":"if","locations":[{"start":{"line":161,"column":4},"end":{"line":161,"column":44}},{"start":{"line":161,"column":4},"end":{"line":161,"column":44}}],"line":161},"14":{"loc":{"start":{"line":162,"column":4},"end":{"line":162,"column":36}},"type":"if","locations":[{"start":{"line":162,"column":4},"end":{"line":162,"column":36}},{"start":{"line":162,"column":4},"end":{"line":162,"column":36}}],"line":162},"15":{"loc":{"start":{"line":193,"column":6},"end":{"line":199,"column":7}},"type":"if","locations":[{"start":{"line":193,"column":6},"end":{"line":199,"column":7}},{"start":{"line":193,"column":6},"end":{"line":199,"column":7}}],"line":193},"16":{"loc":{"start":{"line":202,"column":4},"end":{"line":204,"column":5}},"type":"if","locations":[{"start":{"line":202,"column":4},"end":{"line":204,"column":5}},{"start":{"line":202,"column":4},"end":{"line":204,"column":5}}],"line":202}},"s":{"0":0,"1":0,"2":0,"3":0,"4":0,"5":0,"6":0,"7":0,"8":0,"9":0,"10":0,"11":0,"12":0,"13":0,"14":0,"15":0,"16":0,"17":0,"18":0,"19":0,"20":0,"21":0,"22":0,"23":0,"24":0,"25":0,"26":0,"27":0,"28":0,"29":0,"30":0,"31":0,"32":0,"33":0,"34":0,"35":0,"36":0,"37":0,"38":0,"39":0,"40":0,"41":0,"42":0,"43":0,"44":0,"45":0,"46":0,"47":0,"48":0,"49":0,"50":0,"51":0,"52":0,"53":0,"54":0,"55":0,"56":0,"57":0,"58":0,"59":0,"60":0,"61":0,"62":0,"63":0,"64":0,"65":0,"66":0,"67":0,"68":0,"69":0,"70":0,"71":0,"72":0,"73":0,"74":0
[...]
":"if","locations":[{"start":{"line":104,"column":2},"end":{"line":117,"column":3}},{"start":{"line":104,"column":2},"end":{"line":117,"column":3}}],"line":104},"6":{"loc":{"start":{"line":136,"column":4},"end":{"line":157,"column":5}},"type":"if","locations":[{"start":{"line":136,"column":4},"end":{"line":157,"column":5}},{"start":{"line":136,"column":4},"end":{"line":157,"column":5}}],"line":136},"7":{"loc":{"start":{"line":141,"column":18},"end":{"line":141,"column":57}},"type":"cond-expr","locations":[{"start":{"line":141,"column":42},"end":{"line":141,"column":48}},{"start":{"line":141,"column":51},"end":{"line":141,"column":57}}],"line":141},"8":{"loc":{"start":{"line":169,"column":4},"end":{"line":176,"column":5}},"type":"if","locations":[{"start":{"line":169,"column":4},"end":{"line":176,"column":5}},{"start":{"line":169,"column":4},"end":{"line":176,"column":5}}],"line":169},"9":{"loc":{"start":{"line":169,"column":7},"end":{"line":169,"column":48}},"type":"binary-expr","locations":[{"start":{"line":169,"column":7},"end":{"line":169,"column":20}},{"start":{"line":169,"column":24},"end":{"line":169,"column":48}}],"line":169},"10":{"loc":{"start":{"line":171,"column":11},"end":{"line":176,"column":5}},"type":"if","locations":[{"start":{"line":171,"column":11},"end":{"line":176,"column":5}},{"start":{"line":171,"column":11},"end":{"line":176,"column":5}}],"line":171},"11":{"loc":{"start":{"line":174,"column":11},"end":{"line":176,"column":5}},"type":"if","locations":[{"start":{"line":174,"column":11},"end":{"line":176,"column":5}},{"start":{"line":174,"column":11},"end":{"line":176,"column":5}}],"line":174},"12":{"loc":{"start":{"line":179,"column":4},"end":{"line":206,"column":5}},"type":"if","locations":[{"start":{"line":179,"column":4},"end":{"line":206,"column":5}},{"start":{"line":179,"column":4},"end":{"line":206,"column":5}}],"line":179},"13":{"loc":{"start":{"line":182,"column":6},"end":{"line":193,"column":7}},"type":"if","locations":[{"start":{"line":182,"column":6},"end":{"line":193,"column":7}},{"start":{"line":182,"column":6},"end":{"line":193,"column":7}}],"line":182},"14":{"loc":{"start":{"line":197,"column":6},"end":{"line":205,"column":7}},"type":"if","locations":[{"start":{"line":197,"column":6},"end":{"line":205,"column":7}},{"start":{"line":197,"column":6},"end":{"line":205,"column":7}}],"line":197},"15":{"loc":{"start":{"line":208,"column":4},"end":{"line":208,"column":23}},"type":"if","locations":[{"start":{"line":208,"column":4},"end":{"line":208,"column":23}},{"start":{"line":208,"column":4},"end":{"line":208,"column":23}}],"line":208},"16":{"loc":{"start":{"line":238,"column":81},"end":{"line":238,"column":98}},"type":"default-arg","locations":[{"start":{"line":238,"column":92},"end":{"line":238,"column":98}}],"line":238},"17":{"loc":{"start":{"line":245,"column":2},"end":{"line":247,"column":3}},"type":"if","locations":[{"start":{"line":245,"column":2},"end":{"line":247,"column":3}},{"start":{"line":245,"column":2},"end":{"line":247,"column":3}}],"line":245},"18":{"loc":{"start":{"line":258,"column":4},"end":{"line":262,"column":5}},"type":"if","locations":[{"start":{"line":258,"column":4},"end":{"line":262,"column":5}},{"start":{"line":258,"column":4},"end":{"line":262,"column":5}}],"line":258},"19":{"loc":{"start":{"line":279,"column":2},"end":{"line":281,"column":3}},"type":"if","locations":[{"start":{"line":279,"column":2},"end":{"line":281,"column":3}},{"start":{"line":279,"column":2},"end":{"line":281,"column":3}}],"line":279},"20":{"loc":{"start":{"line":323,"column":8},"end":{"line":330,"column":9}},"type":"if","locations":[{"start":{"line":323,"column":8},"end":{"line":330,"column":9}},{"start":{"line":323,"column":8},"end":{"line":330,"column":9}}],"line":323},"21":{"loc":{"start":{"line":332,"column":8},"end":{"line":334,"column":9}},"type":"if","locations":[{"start":{"line":332,"column":8},"end":{"line":334,"column":9}},{"start":{"line":332,"column":8},"end":{"line":334,"column":9}}],"line":332},"22":{"loc":{"start":{"line":366,"column":6},"end":{"line":373,"column":7}},"type":"if","locations":[{"start":{"line":366,"column":6},"end":{"line":373,"column":7}},{"start":{"line":366,"column":6},"end":{"line":373,"column":7}}],"line":366},"23":{"loc":{"start":{"line":399,"column":6},"end":{"line":399,"column":38}},"type":"if","locations":[{"start":{"line":399,"column":6},"end":{"line":399,"column":38}},{"start":{"line":399,"column":6},"end":{"line":399,"column":38}}],"line":399},"24":{"loc":{"start":{"line":406,"column":84},"end":{"line":406,"column":95}},"type":"default-arg","locations":[{"start":{"line":406,"column":93},"end":{"line":406,"column":95}}],"line":406},"25":{"loc":{"start":{"line":406,"column":97},"end":{"line":406,"column":114}},"type":"default-arg","locations":[{"start":{"line":406,"column":108},"end":{"line":406,"column":114}}],"line":406},"26":{"loc":{"start":{"line":415,"column":2},"end":{"line":417,"column":3}},"type":"if","locations":[{"start":{"line":415,"column":2},"end":{"line":417,"column":3}},{"start":{"line":415,"column":2},"end":{"line":417,"column":3}}],"line":415},"27":{"loc":{"start":{"line":581,"column":2},"end":{"line":581,"column":22}},"type":"default-arg","locations":[{"start":{"line":581,"column":9},"end":{"line":581,"column":22}}],"line":581},"28":{"loc":{"start":{"line":582,"column":2},"end":{"line":582,"column":15}},"type":"default-arg","locations":[{"start":{"line":582,"column":10},"end":{"line":582,"column":15}}],"line":582},"29":{"loc":{"start":{"line":583,"column":2},"end":{"line":583,"column":19}},"type":"default-arg","locations":[{"start":{"line":583,"column":12},"end":{"line":583,"column":19}}],"line":583},"30":{"loc":{"start":{"line":589,"column":2},"end":{"line":589,"column":84}},"type":"if","locations":[{"start":{"line":589,"column":2},"end":{"line":589,"column":84}},{"start":{"line":589,"column":2},"end":{"line":589,"column":84}}],"line":589},"31":{"loc":{"start":{"line":599,"column":20},"end":{"line":599,"column":102}},"type":"binary-expr","locations":[{"start":{"line":599,"column":20},"end":{"line":599,"column":28}},{"start":{"line":599,"column":32},"end":{"line":599,"column":56}},{"start":{"line":599,"column":60},"end":{"line":599,"column":102}}],"line":599},"32":{"loc":{"start":{"line":600,"column":21},"end":{"line":600,"column":51}},"type":"cond-expr","locations":[{"start":{"line":600,"column":33},"end":{"line":600,"column":39}},{"start":{"line":600,"column":42},"end":{"line":600,"column":51}}],"line":600},"33":{"loc":{"start":{"line":601,"column":28},"end":{"line":601,"column":65}},"type":"binary-expr","locations":[{"start":{"line":601,"column":28},"end":{"line":601,"column":38}},{"start":{"line":601,"column":42},"end":{"line":601,"column":53}},{"start":{"line":601,"column":57},"end":{"line":601,"column":65}}],"line":601},"34":{"loc":{"start":{"line":607,"column":2},"end":{"line":609,"column":3}},"type":"if","locations":[{"start":{"line":607,"column":2},"end":{"line":609,"column":3}},{"start":{"line":607,"column":2},"end":{"line":609,"column":3}}],"line":607},"35":{"loc":{"start":{"line":613,"column":2},"end":{"line":633,"column":3}},"type":"if","locations":[{"start":{"line":613,"column":2},"end":{"line":633,"column":3}},{"start":{"line":613,"column":2},"end":{"line":633,"column":3}}],"line":613},"36":{"loc":{"start":{"line":653,"column":45},"end":{"line":653,"column":68}},"type":"binary-expr","locations":[{"start":{"line":653,"column":45},"end":{"line":653,"column":53}},{"start":{"line":653,"column":57},"end":{"line":653,"column":68}}],"line":653},"37":{"loc":{"start":{"line":655,"column":2},"end":{"line":655,"column":84}},"type":"if","locations":[{"start":{"line":655,"column":2},"end":{"line":655,"column":84}},{"start":{"line":655,"column":2},"end":{"line":655,"column":84}}],"line":655},"38":{"loc":{"start":{"line":657,"column":26},"end":{"line":657,"column":49}},"type":"binary-expr","locations":[{"start":{"line":657,"column":26},"end":{"line":657,"column":37}},{"start":{"line":657,"column":41},"end":{"line":657,"column":49}}],"line":657},"39":{"loc":{"start":{"line":687,"column":44},"end":{"line":687,"column":67}},"type":"binary-expr","locations":[{"start":{"line":687,"column":44},"end":{"line":687,"column":52}},{"start":{"line":687,"column":56},"end":{"line":687,"column":67}}],"line":687},"40":{"loc":{"start":{"line":689,"column":2},"end":{"line":689,"column":84}},"type":"if","locations":[{"start":{"line":689,"column":2},"end":{"line":689,"column":84}},{"start":{"line":689,"column":2},"end":{"line":689,"column":84}}],"line":689},"41":{"loc":{"start":{"line":691,"column":26},"end":{"line":691,"column":49}},"type":"binary-expr","locations":[{"start":{"line":691,"column":26},"end":{"line":691,"column":37}},{"start":{"line":691,"column":41},"end":{"line":691,"column":49}}],"line":691},"42":{"loc":{"start":{"line":732,"column":2},"end":{"line":732,"column":22}},"type":"default-arg","locations":[{"start":{"line":732,"column":9},"end":{"line":732,"column":22}}],"line":732},"43":{"loc":{"start":{"line":733,"column":2},"end":{"line":733,"column":15}},"type":"default-arg","locations":[{"start":{"line":733,"column":10},"end":{"line":733,"column":15}}],"line":733},"44":{"loc":{"start":{"line":734,"column":2},"end":{"line":734,"column":20}},"type":"default-arg","locations":[{"start":{"line":734,"column":12},"end":{"line":734,"column":20}}],"line":734},"45":{"loc":{"start":{"line":740,"column":2},"end":{"line":740,"column":84}},"type":"if","locations":[{"start":{"line":740,"column":2},"end":{"line":740,"column":84}},{"start":{"line":740,"column":2},"end":{"line":740,"column":84}}],"line":740},"46":{"loc":{"start":{"line":743,"column":21},"end":{"line":743,"column":51}},"type":"cond-expr","locations":[{"start":{"line":743,"column":33},"end":{"line":743,"column":39}},{"start":{"line":743,"column":42},"end":{"line":743,"column":51}}],"line":743},"47":{"loc":{"start":{"line":744,"column":28},"end":{"line":744,"column":65}},"type":"binary-expr","locations":[{"start":{"line":744,"column":28},"end":{"line":744,"column":38}},{"start":{"line":744,"column":42},"end":{"line":744,"column":53}},{"start":{"line":744,"column":57},"end":{"line":744,"column":65}}],"line":744},"48":{"loc":{"start":{"line":750,"column":2},"end":{"line":770,"column":3}},"type":"if","locations":[{"start":{"line":750,"column":2},"end":{"line":770,"column":3}},{"start":{"line":750,"column":2},"end":{"line":770,"column":3}}],"line":750},"49":{"loc":{"start":{"line":777,"column":2},"end":{"line":777,"column":15}},"type":"default-arg","locations":[{"start":{"line":777,"column":10},"end":{"line":777,"column":15}}],"line":777},"50":{"loc":{"start":{"line":778,"column":2},"end":{"line":778,"column":19}},"type":"default-arg","locations":[{"start":{"line":778,"column":12},"end":{"line":778,"column":19}}],"line":778},"51":{"loc":{"start":{"line":780,"column":2},"end":{"line":780,"column":22}},"type":"default-arg","locations":[{"start":{"line":780,"column":9},"end":{"line":780,"column":22}}],"line":780},"52":{"loc":{"start":{"line":782,"column":2},"end":{"line":782,"column":89}},"type":"if","locations":[{"start":{"line":782,"column":2},"end":{"line":782,"column":89}},{"start":{"line":782,"column":2},"end":{"line":782,"column":89}}],"line":782},"53":{"loc":{"start":{"line":782,"column":5},"end":{"line":782,"column":25}},"type":"binary-expr","locations":[{"start":{"line":782,"column":5},"end":{"line":782,"column":12}},{"start":{"line":782,"column":16},"end":{"line":782,"column":25}}],"line":782},"54":{"loc":{"start":{"line":787,"column":2},"end":{"line":789,"column":3}},"type":"if","locations":[{"start":{"line":787,"column":2},"end":{"line":789,"column":3}},{"start":{"line":787,"column":2},"end":{"line":789,"column":3}}],"line":787},"55":{"loc":{"start":{"line":800,"column":4},"end":{"line":810,"column":5}},"type":"if","locations":[{"start":{"line":800,"column":4},"end":{"line":810,"column":5}},{"start":{"line":800,"column":4},"end":{"line":810,"column":5}}],"line":800},"56":{"loc":{"start":{"line":803,"column":6},"end":{"line":805,"column":7}},"type":"if","locations":[{"start":{"line":803,"column":6},"end":{"line":805,"column":7}},{"start":{"line":803,"column":6},"end":{"line":805,"column":7}}],"line":803},"57":{"loc":{"start":{"line":813,"column":2},"end":{"line":818,"column":3}},"type":"if","locations":[{"start":{"line":813,"column":2},"end":{"line":818,"column":3}},{"start":{"line":813,"column":2},"end":{"line":818,"column":3}}],"line":813},"58":{"loc":{"start":{"line":827,"column":2},"end":{"line":827,"column":22}},"type":"default-arg","locations":[{"start":{"line":827,"column":9},"end":{"line":827,"column":22}}],"line":827},"59":{"loc":{"start":{"line":828,"column":2},"end":{"line":828,"column":15}},"type":"default-arg","locations":[{"start":{"line":828,"column":10},"end":{"line":828,"column":15}}],"line":828},"60":{"loc":{"start":{"line":830,"column":2},"end":{"line":830,"column":89}},"type":"if","locations":[{"start":{"line":830,"column":2},"end":{"line":830,"column":89}},{"start":{"line":830,"column":2},"end":{"line":830,"column":89}}],"line":830},"61":{"loc":{"start":{"line":830,"column":5},"end":{"line":830,"column":25}},"type":"binary-expr","locations":[{"start":{"line":830,"column":5},"end":{"line":830,"column":12}},{"start":{"line":830,"column":16},"end":{"line":830,"column":25}}],"line":830},"62":{"loc":{"start":{"line":844,"column":4},"end":{"line":873,"column":5}},"type":"if","locations":[{"start":{"line":844,"column":4},"end":{"line":873,"column":5}},{"start":{"line":844,"column":4},"end":{"line":873,"column":5}}],"line":844},"63":{"loc":{"start":{"line":846,"column":6},"end":{"line":857,"column":7}},"type":"if","locations":[{"start":{"line":846,"column":6},"end":{"line":857,"column":7}},{"start":{"line":846,"column":6},"end":{"line":857,"column":7}}],"line":846},"64":{"loc":{"start":{"line":849,"column":8},"end":{"line":856,"column":9}},"type":"if","locations":[{"start":{"line":849,"column":8},"end":{"line":856,"column":9}},{"start":{"line":849,"column":8},"end":{"line":856,"column":9}}],"line":849},"65":{"loc":{"start":{"line":865,"column":6},"end":{"line":870,"column":7}},"type":"if","locations":[{"start":{"line":865,"column":6},"end":{"line":870,"column":7}},{"start":{"line":865,"column":6},"end":{"line":870,"column":7}}],"line":865},"66":{"loc":{"start":{"line":894,"column":2},"end":{"line":896,"column":3}},"type":"if","locations":[{"start":{"line":894,"column":2},"end":{"line":896,"column":3}},{"start":{"line":894,"column":2},"end":{"line":896,"column":3}}],"line":894},"67":{"loc":{"start":{"line":951,"column":2},"end":{"line":954,"column":3}},"type":"if","locations":[{"start":{"line":951,"column":2},"end":{"line":954,"column":3}},{"start":{"line":951,"column":2},"end":{"line":954,"column":3}}],"line":951},"68":{"loc":{"start":{"line":951,"column":5},"end":{"line":951,"column":40}},"type":"binary-expr","locations":[{"start":{"line":951,"column":5},"end":{"line":951,"column":15}},{"start":{"line":951,"column":19},"end":{"line":951,"column":40}}],"line":951},"69":{"loc":{"start":{"line":1021,"column":76},"end":{"line":1021,"column":93}},"type":"default-arg","locations":[{"start":{"line":1021,"column":87},"end":{"line":1021,"column":93}}],"line":1021},"70":{"loc":{"start":{"line":1021,"column":95},"end":{"line":1021,"column":113}},"type":"default-arg","locations":[{"start":{"line":1021,"column":105},"end":{"line":1021,"column":113}}],"line":1021},"71":{"loc":{"start":{"line":1027,"column":15},"end":{"line":1027,"column":58}},"type":"binary-expr","locations":[{"start":{"line":1027,"column":15},"end":{"line":1027,"column":26}},{"start":{"line":1027,"column":30},"end":{"line":1027,"column":45}},{"start":{"line":1027,"column":49},"end":{"line":1027,"column":58}}],"line":1027},"72":{"loc":{"start":{"line":1029,"column":2},"end":{"line":1031,"column":3}},"type":"if","locations":[{"start":{"line":1029,"column":2},"end":{"line":1031,"column":3}},{"start":{"line":1029,"column":2},"end":{"line":1031,"column":3}}],"line":1029},"73":{"loc":{"start":{"line":1044,"column":4},"end":{"line":1046,"column":5}},"type":"if","locations":[{"start":{"line":1044,"column":4},"end":{"line":1046,"column":5}},{"start":{"line":1044,"column":4},"end":{"line":1046,"column":5}}],"line":1044}},"s":{"0":5,"1":5,"2":5,"3":5,"4":5,"5":5,"6":5,"7":5,"8":2,"9":2,"10":0,"11":2,"12":2,"13":5,"14":5,"15":5,"16":5,"17":5,"18":1,"19":1,"20":1,"21":5,"22":5,"23":5,"24":3,"25":2,"26":5,"27":4,"28":7,"29":7,"30":7,"31":7,"32":0,"33":7,"34":1,"35":1,"36":6,"37":0,"38":6,"39":6,"40":5,"41":5,"42":5,"43":5,"44":1,"45":1,"46":1,"47":1,"48":6,"49":3,"50":5,"51":5,"52":5,"53":5,"54":5,"55":0,"56":5,"57":5,"58":5,"59":5,"60":6,"61":6,"62":6,"63":0,"64":6,"65":6,"66":6,"67":6,"68":6,"69":5,"70":5,"71":1,"72":5,"73":5,"74":5,"75":5,"76":5,"77":5,"78":5,"79":5,"80":5,"81":5,"82":5,"83":0,"84":0,"85":5,"86":5,"87":5,"88":5,"89":6,"90":6,"91":0,"92":0,"93":6,"94":6,"95":0,"96":6,"97":6,"98":5,"99":5,"100":5,"101":5,"102":5,"103":5,"104":5,"105":5,"106":5,"107":5,"108":5,"109":6,"110":6,"111":6,"112":6,"113":6,"114":2,"115":2,"116":5,"117":5,"118":5,"119":5,"120":5,"121":5,"122":5,"123":5,"124":5,"125":6,"126":6,"127":5,"128":5,"129":5,"130":5,"131":5,"132":5,"133":5,"134":0,"135":5,"136":12,"137":12,"138":12,"139":12,"140":12,"141":12,"142":0,"143":12,"144":12,"145":5,"146":7,"147":7,"148":7,"149":7,"150":5,"151":5,"152":5,"153":5,"154":5,"155":5,"156":6,"157":6,"158":6,"159":6,"160":5,"161":0,"162":0,"163":0,"164":0,"165":0,"166":5,"167":1,"168":1,"169":1,"170":1,"171":1,"172":3,"173":1,"174":5,"175":1,"176":1,"177":1,"178":1,"179":1,"180":3,"181":1,"182":5,"183":4,"184":4,"185":4,"186":0,"187":4,"188":4,"189":4,"190":4,"191":4,"192":4,"193":4,"194":0,"195":4,"196":4,"197":1,"198":3,"199":5,"200":2,"201":2,"202":2,"203":0,"204":2,"205":2,"206":2,"207":5,"208":7,"209":7,"210":7,"211":7,"212":0,"213":7,"214":7,"215":5,"216":7,"217":7,"218":7,"219":0,"220":7,"221":7,"222":7,"223":7,"224":7,"225":7,"226":3,"227":4,"228":5,"229":7,"230":0,"231":7,"232":4,"233":7,"234":7,"235":7,"236":7,"237":131,"238":131,"239":131,"240":131,"241":30,"242":101,"243":0,"244":101,"245":7,"246":4,"247":5,"248":4,"249":0,"250":4,"251":4,"252":4,"253":4,"254":4,"255":4,"256":4,"257":110,"258":10,"259":10,"260":10,"261":10,"262":0,"263":10,"264":100,"265":0,"266":100,"267":4,"268":4,"269":4,"270":101,"271":101,"272":101,"273":101,"274":4,"275":4,"276":4,"277":4,"278":4,"279":3,"280":5,"281":6,"282":6,"283":6,"284":6,"285":6,"286":5,"287":33,"288":33,"289":33,"290":11,"291":11,"292":33,"293":33,"294":5,"295":6,"296":6,"297":6,"298":6,"299":5,"300":4,"301":4,"302":4,"303":4,"304":4,"305":0,"306":4,"307":4,"308":13,"309":13,"310":13,"311":0,"312":4,"313":5,"314":2,"315":2,"316":2,"317":2,"318":2},"f":{"0":2,"1":5,"2":5,"3":7,"4":5,"5":5,"6":0,"7":5,"8":5,"9":5,"10":6,"11":6,"12":5,"13":5,"14":12,"15":7,"16":5,"17":6,"18":0,"19":1,"20":3,"21":1,"22":3,"23":4,"24":2,"25":7,"26":7,"27":7,"28":4,"29":110,"30":4,"31":4,"32":6,"33":33,"34":6,"35":4,"36":2},"b":{"0":[5,0],"1":[0,2],"2":[2,2],"3":[4],"4":[0],"5":[1,4],"6":[3,2],"7":[1,2],"8":[0,7],"9":[7,0],"10":[1,6],"11":[0,6],"12":[5,1],"13":[5,0],"14":[1,0],"15":[3,3],"16":[4],"17":[0,5],"18":[0,6],"19":[1,4],"20":[0,6],"21":[0,6],"22":[2,4],"23":[5,0],"24":[7],"25":[7],"26":[0,12],"27":[0],"28":[4],"29":[4],"30":[0,4],"31":[4,4,4],"32":[1,3],"33":[4,4,4],"34":[0,4],"35":[1,3],"36":[2,0],"37":[0,2],"38":[2,2],"39":[7,0],"40":[0,7],"41":[7,7],"42":[4],"43":[3],"44":[3],"45":[0,7],"46":[3,4],"47":[7,7,7],"48":[3,4],"49":[0],"50":[0],"51":[0],"52":[0,7],"53":[7,3],"54":[4,3],"55":[30,101],"56":[0,101],"57":[4,3],"58":[0],"59":[0],"60":[0,4],"61":[4,1],"62":[10,100],"63":[10,0],"64":[10,0],"65":[0,100],"66":[3,1],"67":[11,22],"68":[33,23],"69":[3],"70":[3],"71":[4,4,0],"72":[0,4],"73":[0,13]},"_coverageSchema":"43e27e138ebf9cfc5966b082cf9a028302ed4184","hash":"fdeb137e07b869f15056da10070b49344623d345"}
}
