TN:
SF:/Users/ktalmadge/dev/elv-client-js/src/AuthorizationClient.js
FN:10,(anonymous_0)
FN:19,(anonymous_1)
FN:42,(anonymous_2)
FN:57,(anonymous_3)
FN:85,(anonymous_4)
FN:98,(anonymous_5)
FN:128,(anonymous_6)
FN:224,(anonymous_7)
FN:240,(anonymous_8)
FN:244,(anonymous_9)
FN:250,(anonymous_10)
FN:252,(anonymous_11)
FN:272,(anonymous_12)
FN:297,(anonymous_13)
FN:337,(anonymous_14)
FN:348,(anonymous_15)
FN:361,(anonymous_16)
FN:374,(anonymous_17)
FN:387,(anonymous_18)
FN:402,(anonymous_19)
FNF:20
FNH:18
FNDA:618,(anonymous_0)
FNDA:13,(anonymous_1)
FNDA:298,(anonymous_2)
FNDA:309,(anonymous_3)
FNDA:7,(anonymous_4)
FNDA:309,(anonymous_5)
FNDA:248,(anonymous_6)
FNDA:16,(anonymous_7)
FNDA:0,(anonymous_8)
FNDA:0,(anonymous_9)
FNDA:3,(anonymous_10)
FNDA:60,(anonymous_11)
FNDA:1,(anonymous_12)
FNDA:7,(anonymous_13)
FNDA:6,(anonymous_14)
FNDA:1,(anonymous_15)
FNDA:1,(anonymous_16)
FNDA:2,(anonymous_17)
FNDA:5,(anonymous_18)
FNDA:3,(anonymous_19)
DA:1,5
DA:4,5
DA:5,5
DA:6,5
DA:7,5
DA:10,5
DA:11,618
DA:12,618
DA:15,0
DA:20,13
DA:21,13
DA:22,13
DA:23,13
DA:25,13
DA:27,13
DA:33,13
DA:39,13
DA:43,298
DA:53,298
DA:58,309
DA:60,309
DA:62,309
DA:63,0
DA:66,309
DA:75,309
DA:77,309
DA:80,0
DA:81,0
DA:86,7
DA:88,7
DA:95,7
DA:99,309
DA:100,245
DA:110,245
DA:111,64
DA:113,0
DA:116,309
DA:123,309
DA:124,309
DA:139,248
DA:141,248
DA:142,248
DA:143,248
DA:144,248
DA:147,248
DA:148,248
DA:150,91
DA:152,91
DA:153,0
DA:158,0
DA:159,0
DA:162,0
DA:163,157
DA:165,56
DA:166,56
DA:167,56
DA:168,56
DA:169,101
DA:171,3
DA:172,3
DA:173,3
DA:174,3
DA:175,98
DA:177,22
DA:178,22
DA:179,22
DA:180,22
DA:183,76
DA:184,76
DA:185,76
DA:186,76
DA:188,76
DA:190,1
DA:193,75
DA:204,76
DA:205,75
DA:209,14
DA:213,13
DA:214,6
DA:216,7
DA:220,13
DA:221,13
DA:224,13
DA:225,16
DA:226,7
DA:227,7
DA:233,13
DA:234,7
DA:237,13
DA:241,0
DA:245,0
DA:252,60
DA:254,3
DA:256,3
DA:263,3
DA:269,3
DA:273,1
DA:275,1
DA:277,1
DA:284,1
DA:291,1
DA:292,1
DA:294,1
DA:298,7
DA:301,7
DA:302,7
DA:304,3
DA:306,3
DA:309,7
DA:316,7
DA:324,7
DA:330,7
DA:331,0
DA:334,7
DA:338,6
DA:350,1
DA:355,1
DA:363,1
DA:368,1
DA:376,2
DA:381,2
DA:389,5
DA:395,5
DA:403,3
DA:404,1
DA:405,1
DA:406,2
DA:407,1
DA:408,1
DA:410,1
DA:416,1
DA:425,5
LF:132
LH:120
BRDA:11,0,0,618
BRDA:11,0,1,0
BRDA:19,1,0,0
BRDA:19,2,0,0
BRDA:42,3,0,180
BRDA:42,4,0,298
BRDA:42,5,0,205
BRDA:57,6,0,11
BRDA:57,7,0,0
BRDA:57,8,0,11
BRDA:62,9,0,0
BRDA:62,9,1,309
BRDA:62,10,0,309
BRDA:62,10,1,0
BRDA:86,11,0,0
BRDA:86,11,1,7
BRDA:98,12,0,0
BRDA:98,13,0,0
BRDA:99,14,0,245
BRDA:99,14,1,64
BRDA:99,15,0,309
BRDA:99,15,1,301
BRDA:99,15,2,301
BRDA:111,16,0,0
BRDA:111,16,1,64
BRDA:119,17,0,309
BRDA:119,17,1,309
BRDA:119,17,2,0
BRDA:132,18,0,247
BRDA:133,19,0,2
BRDA:134,20,0,2
BRDA:135,21,0,247
BRDA:136,22,0,2
BRDA:139,23,0,0
BRDA:139,23,1,248
BRDA:141,24,0,248
BRDA:141,24,1,193
BRDA:144,25,0,118
BRDA:144,25,1,130
BRDA:148,26,0,91
BRDA:148,26,1,157
BRDA:150,27,0,0
BRDA:150,27,1,91
BRDA:150,28,0,91
BRDA:150,28,1,91
BRDA:150,28,2,91
BRDA:158,29,0,0
BRDA:158,29,1,0
BRDA:163,30,0,56
BRDA:163,30,1,101
BRDA:163,31,0,157
BRDA:163,31,1,55
BRDA:163,31,2,103
BRDA:163,31,3,11
BRDA:163,31,4,101
BRDA:163,31,5,3
BRDA:169,32,0,3
BRDA:169,32,1,98
BRDA:175,33,0,22
BRDA:175,33,1,76
BRDA:175,34,0,98
BRDA:175,34,1,89
BRDA:188,35,0,1
BRDA:188,35,1,75
BRDA:188,36,0,76
BRDA:188,36,1,76
BRDA:204,37,0,75
BRDA:204,37,1,1
BRDA:204,38,0,76
BRDA:204,38,1,76
BRDA:205,39,0,62
BRDA:205,39,1,13
BRDA:209,40,0,1
BRDA:209,40,1,13
BRDA:213,41,0,6
BRDA:213,41,1,7
BRDA:220,42,0,13
BRDA:220,42,1,0
BRDA:225,43,0,7
BRDA:225,43,1,9
BRDA:225,44,0,16
BRDA:225,44,1,16
BRDA:233,45,0,7
BRDA:233,45,1,6
BRDA:233,46,0,13
BRDA:233,46,1,13
BRDA:252,47,0,60
BRDA:252,47,1,3
BRDA:254,48,0,0
BRDA:254,48,1,3
BRDA:275,49,0,0
BRDA:275,49,1,1
BRDA:297,50,0,0
BRDA:297,51,0,0
BRDA:302,52,0,3
BRDA:302,52,1,4
BRDA:302,53,0,7
BRDA:302,53,1,3
BRDA:330,54,0,0
BRDA:330,54,1,7
BRDA:330,55,0,7
BRDA:330,55,1,7
BRDA:391,56,0,1
BRDA:391,56,1,4
BRDA:403,57,0,1
BRDA:403,57,1,2
BRDA:406,58,0,1
BRDA:406,58,1,1
BRF:108
BRH:87
end_of_record
TN:
SF:/Users/ktalmadge/dev/elv-client-js/src/ContentObjectVerification.js
FN:10,(anonymous_0)
FN:18,(anonymous_1)
FN:34,(anonymous_2)
FN:63,(anonymous_3)
FN:90,(anonymous_4)
FN:93,(anonymous_5)
FN:101,(anonymous_6)
FN:102,fromBits
FN:114,toBits
FN:136,(anonymous_9)
FN:142,(anonymous_10)
FN:162,(anonymous_11)
FN:176,(anonymous_12)
FN:177,(anonymous_13)
FNF:14
FNH:13
FNDA:1,(anonymous_0)
FNDA:1,(anonymous_1)
FNDA:1,(anonymous_2)
FNDA:1,(anonymous_3)
FNDA:1,(anonymous_4)
FNDA:0,(anonymous_5)
FNDA:3,(anonymous_6)
FNDA:3,fromBits
FNDA:3,toBits
FNDA:3,(anonymous_9)
FNDA:3,(anonymous_10)
FNDA:1,(anonymous_11)
FNDA:2,(anonymous_12)
FNDA:2,(anonymous_13)
DA:3,5
DA:5,5
DA:6,5
DA:7,5
DA:9,5
DA:11,1
DA:15,1
DA:17,1
DA:18,1
DA:19,1
DA:21,1
DA:22,1
DA:24,0
DA:27,1
DA:29,1
DA:31,1
DA:32,1
DA:33,1
DA:34,1
DA:36,1
DA:38,1
DA:39,1
DA:41,0
DA:44,1
DA:46,1
DA:49,1
DA:55,1
DA:60,1
DA:61,1
DA:62,1
DA:63,1
DA:64,1
DA:66,1
DA:67,1
DA:69,0
DA:72,1
DA:74,1
DA:75,1
DA:79,1
DA:85,1
DA:91,1
DA:93,0
DA:94,0
DA:103,3
DA:104,3
DA:105,96
DA:106,24
DA:108,96
DA:109,96
DA:111,3
DA:115,3
DA:116,3
DA:117,360
DA:118,360
DA:119,88
DA:120,88
DA:123,3
DA:124,3
DA:126,3
DA:129,3
DA:130,3
DA:131,3
DA:133,3
DA:137,3
DA:138,3
DA:139,3
DA:143,3
DA:144,3
DA:145,0
DA:148,3
DA:150,3
DA:155,0
DA:163,1
DA:164,1
DA:166,1
DA:171,1
DA:172,1
DA:175,1
DA:176,2
DA:177,2
DA:179,1
DA:180,0
DA:181,0
DA:183,0
DA:191,1
DA:192,2
DA:193,2
DA:195,2
DA:196,0
DA:204,1
DA:205,0
DA:208,1
DA:212,5
LF:93
LH:81
BRDA:21,0,0,1
BRDA:21,0,1,0
BRDA:29,1,0,1
BRDA:29,1,1,0
BRDA:38,2,0,1
BRDA:38,2,1,0
BRDA:46,3,0,1
BRDA:46,3,1,0
BRDA:46,4,0,1
BRDA:46,4,1,1
BRDA:66,5,0,1
BRDA:66,5,1,0
BRDA:74,6,0,1
BRDA:74,6,1,0
BRDA:80,7,0,1
BRDA:80,7,1,1
BRDA:80,7,2,1
BRDA:80,7,3,1
BRDA:80,7,4,1
BRDA:91,8,0,1
BRDA:91,8,1,0
BRDA:105,9,0,24
BRDA:105,9,1,72
BRDA:118,10,0,88
BRDA:118,10,1,272
BRDA:123,11,0,3
BRDA:123,11,1,0
BRDA:144,12,0,0
BRDA:144,12,1,3
BRDA:163,13,0,0
BRDA:163,13,1,1
BRDA:164,14,0,0
BRDA:164,14,1,1
BRDA:195,15,0,0
BRDA:195,15,1,2
BRDA:204,16,0,0
BRDA:204,16,1,1
BRF:37
BRH:24
end_of_record
TN:
SF:/Users/ktalmadge/dev/elv-client-js/src/Crypto.js
FN:10,(anonymous_0)
FN:11,(anonymous_1)
FN:13,(anonymous_2)
FN:14,(anonymous_3)
FN:47,(anonymous_4)
FN:74,(anonymous_5)
FNF:6
FNH:2
FNDA:35,(anonymous_0)
FNDA:3035,(anonymous_1)
FNDA:0,(anonymous_2)
FNDA:0,(anonymous_3)
FNDA:0,(anonymous_4)
FNDA:0,(anonymous_5)
DA:2,5
DA:4,0
DA:7,5
DA:10,5
DA:11,3035
DA:13,5
DA:14,0
DA:16,5
DA:38,5
DA:48,0
DA:50,0
DA:56,0
DA:58,0
DA:59,0
DA:61,0
DA:63,0
DA:75,0
DA:77,0
DA:83,0
DA:84,0
DA:90,0
DA:92,0
DA:94,0
DA:98,5
LF:24
LH:8
BRDA:2,0,0,0
BRDA:2,0,1,5
BRF:2
BRH:1
end_of_record
TN:
SF:/Users/ktalmadge/dev/elv-client-js/src/ElvClient.js
FN:24,(anonymous_0)
FN:28,(anonymous_1)
FN:65,(anonymous_2)
FN:91,(anonymous_3)
FN:116,(anonymous_4)
FN:137,(anonymous_5)
FN:144,(anonymous_6)
FN:158,(anonymous_7)
FN:168,(anonymous_8)
FN:184,(anonymous_9)
FN:193,(anonymous_10)
FN:221,(anonymous_11)
FN:244,(anonymous_12)
FN:267,(anonymous_13)
FN:282,(anonymous_14)
FN:304,(anonymous_15)
FN:329,(anonymous_16)
FN:359,(anonymous_17)
FN:431,(anonymous_18)
FN:449,(anonymous_19)
FN:493,(anonymous_20)
FN:524,(anonymous_21)
FN:554,(anonymous_22)
FN:574,(anonymous_23)
FN:628,(anonymous_24)
FN:659,(anonymous_25)
FN:691,(anonymous_26)
FN:705,(anonymous_27)
FN:721,(anonymous_28)
FN:745,(anonymous_29)
FN:761,(anonymous_30)
FN:774,(anonymous_31)
FN:798,(anonymous_32)
FN:828,(anonymous_33)
FN:849,(anonymous_34)
FN:875,(anonymous_35)
FN:941,(anonymous_36)
FN:1015,(anonymous_37)
FN:1031,(anonymous_38)
FN:1043,(anonymous_39)
FN:1046,(anonymous_40)
FN:1068,(anonymous_41)
FN:1092,(anonymous_42)
FN:1111,(anonymous_43)
FN:1135,(anonymous_44)
FN:1166,(anonymous_45)
FN:1198,(anonymous_46)
FN:1247,(anonymous_47)
FN:1266,(anonymous_48)
FN:1305,(anonymous_49)
FN:1337,(anonymous_50)
FN:1348,(anonymous_51)
FN:1369,(anonymous_52)
FN:1388,(anonymous_53)
FN:1421,(anonymous_54)
FN:1444,(anonymous_55)
FN:1467,(anonymous_56)
FN:1489,(anonymous_57)
FN:1515,(anonymous_58)
FN:1518,(anonymous_59)
FN:1530,(anonymous_60)
FN:1547,(anonymous_61)
FN:1560,(anonymous_62)
FN:1577,(anonymous_63)
FN:1589,(anonymous_64)
FN:1613,(anonymous_65)
FN:1640,(anonymous_66)
FN:1668,(anonymous_67)
FN:1699,(anonymous_68)
FN:1775,(anonymous_69)
FN:1805,(anonymous_70)
FN:1829,(anonymous_71)
FN:1851,(anonymous_72)
FN:1910,(anonymous_73)
FN:1933,(anonymous_74)
FN:1947,(anonymous_75)
FN:1965,(anonymous_76)
FN:1974,(anonymous_77)
FN:2025,(anonymous_78)
FN:2044,(anonymous_79)
FN:2063,(anonymous_80)
FN:2082,(anonymous_81)
FN:2103,(anonymous_82)
FN:2125,(anonymous_83)
FN:2150,(anonymous_84)
FN:2175,(anonymous_85)
FN:2191,(anonymous_86)
FN:2212,(anonymous_87)
FN:2233,(anonymous_88)
FN:2259,(anonymous_89)
FN:2276,(anonymous_90)
FN:2298,(anonymous_91)
FN:2338,(anonymous_92)
FN:2372,(anonymous_93)
FN:2384,(anonymous_94)
FN:2409,(anonymous_95)
FN:2452,(anonymous_96)
FN:2466,(anonymous_97)
FN:2478,(anonymous_98)
FN:2492,(anonymous_99)
FN:2496,(anonymous_100)
FN:2501,(anonymous_101)
FNF:102
FNH:93
FNDA:238,(anonymous_0)
FNDA:243,(anonymous_1)
FNDA:6,(anonymous_2)
FNDA:13,(anonymous_3)
FNDA:5,(anonymous_4)
FNDA:6,(anonymous_5)
FNDA:0,(anonymous_6)
FNDA:3,(anonymous_7)
FNDA:7,(anonymous_8)
FNDA:0,(anonymous_9)
FNDA:0,(anonymous_10)
FNDA:1,(anonymous_11)
FNDA:2,(anonymous_12)
FNDA:0,(anonymous_13)
FNDA:41,(anonymous_14)
FNDA:3,(anonymous_15)
FNDA:1,(anonymous_16)
FNDA:4,(anonymous_17)
FNDA:3,(anonymous_18)
FNDA:3,(anonymous_19)
FNDA:2,(anonymous_20)
FNDA:8,(anonymous_21)
FNDA:3,(anonymous_22)
FNDA:1,(anonymous_23)
FNDA:2,(anonymous_24)
FNDA:2,(anonymous_25)
FNDA:5,(anonymous_26)
FNDA:2,(anonymous_27)
FNDA:24,(anonymous_28)
FNDA:13,(anonymous_29)
FNDA:167,(anonymous_30)
FNDA:0,(anonymous_31)
FNDA:11,(anonymous_32)
FNDA:26,(anonymous_33)
FNDA:1,(anonymous_34)
FNDA:1,(anonymous_35)
FNDA:0,(anonymous_36)
FNDA:1,(anonymous_37)
FNDA:1,(anonymous_38)
FNDA:2,(anonymous_39)
FNDA:5,(anonymous_40)
FNDA:41,(anonymous_41)
FNDA:1,(anonymous_42)
FNDA:1,(anonymous_43)
FNDA:44,(anonymous_44)
FNDA:1,(anonymous_45)
FNDA:5,(anonymous_46)
FNDA:1,(anonymous_47)
FNDA:23,(anonymous_48)
FNDA:29,(anonymous_49)
FNDA:29,(anonymous_50)
FNDA:29,(anonymous_51)
FNDA:1,(anonymous_52)
FNDA:2,(anonymous_53)
FNDA:2,(anonymous_54)
FNDA:17,(anonymous_55)
FNDA:2,(anonymous_56)
FNDA:1,(anonymous_57)
FNDA:1,(anonymous_58)
FNDA:3,(anonymous_59)
FNDA:1,(anonymous_60)
FNDA:1,(anonymous_61)
FNDA:2,(anonymous_62)
FNDA:0,(anonymous_63)
FNDA:1,(anonymous_64)
FNDA:2,(anonymous_65)
FNDA:2,(anonymous_66)
FNDA:2,(anonymous_67)
FNDA:5,(anonymous_68)
FNDA:2,(anonymous_69)
FNDA:2,(anonymous_70)
FNDA:4,(anonymous_71)
FNDA:16,(anonymous_72)
FNDA:3,(anonymous_73)
FNDA:1,(anonymous_74)
FNDA:1,(anonymous_75)
FNDA:1,(anonymous_76)
FNDA:4,(anonymous_77)
FNDA:1,(anonymous_78)
FNDA:1,(anonymous_79)
FNDA:1,(anonymous_80)
FNDA:1,(anonymous_81)
FNDA:1,(anonymous_82)
FNDA:1,(anonymous_83)
FNDA:3,(anonymous_84)
FNDA:8,(anonymous_85)
FNDA:1,(anonymous_86)
FNDA:11,(anonymous_87)
FNDA:26,(anonymous_88)
FNDA:11,(anonymous_89)
FNDA:4,(anonymous_90)
FNDA:1,(anonymous_91)
FNDA:1,(anonymous_92)
FNDA:1,(anonymous_93)
FNDA:0,(anonymous_94)
FNDA:7,(anonymous_95)
FNDA:3,(anonymous_96)
FNDA:1,(anonymous_97)
FNDA:1,(anonymous_98)
FNDA:87,(anonymous_99)
FNDA:1,(anonymous_100)
FNDA:0,(anonymous_101)
DA:1,5
DA:2,5
DA:3,5
DA:5,5
DA:6,5
DA:7,5
DA:8,5
DA:9,5
DA:10,5
DA:11,5
DA:12,5
DA:14,5
DA:15,5
DA:16,5
DA:17,5
DA:19,5
DA:21,5
DA:24,5
DA:25,238
DA:28,5
DA:29,243
DA:31,226
DA:33,221
DA:35,0
DA:37,0
DA:39,5
DA:41,0
DA:43,0
DA:66,6
DA:68,6
DA:73,6
DA:75,6
DA:83,6
DA:84,6
DA:86,6
DA:88,6
DA:92,13
DA:94,13
DA:96,13
DA:117,5
DA:138,6
DA:145,0
DA:147,0
DA:159,3
DA:169,7
DA:170,7
DA:172,7
DA:185,0
DA:194,0
DA:222,1
DA:245,2
DA:252,2
DA:253,1
DA:268,0
DA:270,0
DA:283,41
DA:285,41
DA:305,3
DA:307,3
DA:315,1
DA:330,1
DA:368,4
DA:369,2
DA:371,2
DA:373,2
DA:379,2
DA:380,2
DA:383,4
DA:386,4
DA:397,4
DA:399,4
DA:407,4
DA:414,4
DA:415,2
DA:421,4
DA:432,3
DA:434,3
DA:450,3
DA:455,3
DA:463,3
DA:468,3
DA:478,3
DA:494,2
DA:496,2
DA:498,2
DA:505,2
DA:525,8
DA:527,8
DA:528,8
DA:536,8
DA:538,0
DA:539,0
DA:555,3
DA:557,3
DA:577,1
DA:579,1
DA:581,1
DA:582,0
DA:584,1
DA:585,1
DA:586,1
DA:587,1
DA:589,1
DA:590,0
DA:594,1
DA:595,0
DA:601,1
DA:604,1
DA:606,1
DA:629,2
DA:631,1
DA:632,1
DA:635,2
DA:636,2
DA:638,2
DA:646,2
DA:660,2
DA:662,1
DA:663,1
DA:666,2
DA:668,2
DA:676,2
DA:692,5
DA:701,5
DA:704,2
DA:706,2
DA:714,2
DA:718,2
DA:720,2
DA:721,2
DA:722,24
DA:724,24
DA:725,2
DA:729,2
DA:746,13
DA:747,13
DA:749,13
DA:753,13
DA:760,13
DA:761,13
DA:763,167
DA:766,154
DA:767,154
DA:768,154
DA:774,0
DA:775,0
DA:783,13
DA:799,11
DA:800,1
DA:801,1
DA:806,1
DA:812,1
DA:819,1
DA:826,10
DA:827,10
DA:829,26
DA:830,26
DA:833,10
DA:834,1
DA:837,9
DA:850,1
DA:852,1
DA:876,1
DA:878,1
DA:879,1
DA:881,1
DA:882,1
DA:886,1
DA:898,1
DA:899,0
DA:907,0
DA:916,1
DA:922,1
DA:942,0
DA:944,0
DA:945,0
DA:947,0
DA:948,0
DA:950,0
DA:951,0
DA:952,0
DA:957,0
DA:969,0
DA:975,0
DA:976,0
DA:984,0
DA:993,0
DA:999,0
DA:1016,1
DA:1018,1
DA:1032,1
DA:1034,1
DA:1043,1
DA:1044,2
DA:1047,5
DA:1069,41
DA:1071,41
DA:1093,1
DA:1095,1
DA:1112,1
DA:1136,44
DA:1138,44
DA:1139,44
DA:1147,32
DA:1149,12
DA:1150,0
DA:1167,1
DA:1169,1
DA:1201,5
DA:1203,1
DA:1205,1
DA:1208,0
DA:1211,1
DA:1212,1
DA:1215,5
DA:1217,5
DA:1218,5
DA:1220,5
DA:1248,1
DA:1250,1
DA:1267,23
DA:1269,5
DA:1272,18
DA:1273,4
DA:1275,4
DA:1278,0
DA:1283,23
DA:1285,23
DA:1306,29
DA:1308,29
DA:1316,29
DA:1322,29
DA:1338,29
DA:1340,29
DA:1347,29
DA:1348,29
DA:1350,29
DA:1351,29
DA:1356,0
DA:1370,1
DA:1372,1
DA:1389,2
DA:1391,2
DA:1393,2
DA:1400,2
DA:1422,2
DA:1424,2
DA:1445,17
DA:1447,17
DA:1468,2
DA:1470,2
DA:1490,1
DA:1492,1
DA:1517,1
DA:1518,1
DA:1519,3
DA:1521,3
DA:1527,1
DA:1529,1
DA:1531,1
DA:1532,2
DA:1533,2
DA:1544,1
DA:1548,1
DA:1550,1
DA:1561,2
DA:1563,2
DA:1578,0
DA:1580,0
DA:1590,1
DA:1592,1
DA:1614,2
DA:1616,2
DA:1641,2
DA:1643,2
DA:1651,2
DA:1669,2
DA:1672,2
DA:1678,2
DA:1680,2
DA:1700,5
DA:1701,5
DA:1703,5
DA:1706,5
DA:1707,3
DA:1717,3
DA:1719,3
DA:1722,2
DA:1725,2
DA:1736,2
DA:1737,11
DA:1739,11
DA:1749,11
DA:1753,2
DA:1776,2
DA:1778,2
DA:1806,2
DA:1830,4
DA:1852,16
DA:1854,16
DA:1856,16
DA:1857,12
DA:1859,12
DA:1860,11
DA:1862,11
DA:1863,1
DA:1864,10
DA:1865,4
DA:1866,6
DA:1867,2
DA:1871,12
DA:1872,7
DA:1874,4
DA:1875,4
DA:1877,4
DA:1878,1
DA:1881,4
DA:1882,2
DA:1883,2
DA:1884,1
DA:1885,1
DA:1886,1
DA:1890,16
DA:1911,3
DA:1913,3
DA:1915,3
DA:1934,1
DA:1936,1
DA:1948,1
DA:1966,1
DA:1976,4
DA:1979,4
DA:1986,4
DA:1987,0
DA:1990,4
DA:1999,4
DA:2006,4
DA:2008,0
DA:2009,0
DA:2012,4
DA:2026,1
DA:2045,1
DA:2064,1
DA:2083,1
DA:2104,1
DA:2126,1
DA:2128,1
DA:2151,3
DA:2153,3
DA:2176,8
DA:2192,1
DA:2213,11
DA:2234,26
DA:2260,11
DA:2277,4
DA:2278,4
DA:2299,1
DA:2301,1
DA:2308,1
DA:2310,1
DA:2324,1
DA:2326,1
DA:2339,1
DA:2340,1
DA:2342,1
DA:2344,0
DA:2347,1
DA:2355,1
DA:2357,1
DA:2373,1
DA:2385,0
DA:2410,7
DA:2412,7
DA:2413,6
DA:2414,5
DA:2415,5
DA:2417,1
DA:2419,1
DA:2420,0
DA:2424,7
DA:2425,1
DA:2428,7
DA:2429,0
DA:2432,7
DA:2433,1
DA:2436,6
DA:2453,3
DA:2454,3
DA:2467,1
DA:2472,1
DA:2479,1
DA:2491,1
DA:2492,87
DA:2497,1
DA:2500,1
DA:2501,0
DA:2502,0
DA:2509,0
DA:2512,1
DA:2513,1
DA:2516,1
DA:2517,0
DA:2518,0
DA:2521,0
DA:2523,1
DA:2524,0
DA:2527,1
DA:2530,0
DA:2537,1
DA:2539,1
DA:2540,1
DA:2549,5
LF:412
LH:357
BRDA:19,0,0,5
BRDA:19,0,1,0
BRDA:31,1,0,221
BRDA:31,1,1,0
BRDA:31,1,2,0
BRDA:31,1,3,5
BRDA:31,1,4,0
BRDA:31,1,5,0
BRDA:65,2,0,1
BRDA:65,3,0,1
BRDA:65,4,0,6
BRDA:65,5,0,6
BRDA:69,6,0,1
BRDA:69,6,1,5
BRDA:76,7,0,1
BRDA:76,7,1,5
BRDA:194,8,0,0
BRDA:194,8,1,0
BRDA:221,9,0,0
BRDA:221,10,0,1
BRDA:221,11,0,1
BRDA:252,12,0,1
BRDA:252,12,1,1
BRDA:317,13,0,1
BRDA:317,13,1,0
BRDA:363,14,0,1
BRDA:364,15,0,1
BRDA:368,16,0,2
BRDA:368,16,1,2
BRDA:414,17,0,2
BRDA:414,17,1,2
BRDA:524,18,0,1
BRDA:536,19,0,8
BRDA:536,19,1,0
BRDA:538,20,0,0
BRDA:538,20,1,0
BRDA:554,21,0,0
BRDA:554,22,0,0
BRDA:574,23,0,0
BRDA:579,24,0,1
BRDA:579,24,1,0
BRDA:581,25,0,0
BRDA:581,25,1,1
BRDA:585,26,0,1
BRDA:585,26,1,0
BRDA:589,27,0,0
BRDA:589,27,1,1
BRDA:594,28,0,0
BRDA:594,28,1,1
BRDA:594,29,0,1
BRDA:594,29,1,1
BRDA:629,30,0,1
BRDA:629,30,1,1
BRDA:636,31,0,2
BRDA:636,31,1,2
BRDA:660,32,0,1
BRDA:660,32,1,1
BRDA:701,33,0,3
BRDA:701,33,1,2
BRDA:724,34,0,2
BRDA:724,34,1,22
BRDA:745,35,0,1
BRDA:745,36,0,3
BRDA:763,37,0,13
BRDA:763,37,1,154
BRDA:766,38,0,154
BRDA:766,38,1,0
BRDA:770,39,0,154
BRDA:770,39,1,0
BRDA:777,40,0,0
BRDA:777,40,1,0
BRDA:799,41,0,1
BRDA:799,41,1,10
BRDA:821,42,0,1
BRDA:821,42,1,0
BRDA:829,43,0,26
BRDA:829,43,1,26
BRDA:829,43,2,0
BRDA:829,43,3,0
BRDA:833,44,0,1
BRDA:833,44,1,9
BRDA:875,45,0,0
BRDA:898,46,0,0
BRDA:898,46,1,1
BRDA:941,47,0,0
BRDA:951,48,0,0
BRDA:951,48,1,0
BRDA:975,49,0,0
BRDA:975,49,1,0
BRDA:1015,50,0,0
BRDA:1016,51,0,0
BRDA:1016,51,1,1
BRDA:1016,52,0,1
BRDA:1016,52,1,1
BRDA:1049,53,0,5
BRDA:1049,53,1,0
BRDA:1069,54,0,41
BRDA:1069,54,1,11
BRDA:1135,55,0,12
BRDA:1135,56,0,37
BRDA:1136,57,0,44
BRDA:1136,57,1,36
BRDA:1147,58,0,32
BRDA:1147,58,1,0
BRDA:1149,59,0,0
BRDA:1149,59,1,12
BRDA:1198,60,0,0
BRDA:1201,61,0,1
BRDA:1201,61,1,4
BRDA:1203,62,0,1
BRDA:1203,62,1,0
BRDA:1247,63,0,0
BRDA:1266,64,0,19
BRDA:1267,65,0,5
BRDA:1267,65,1,18
BRDA:1272,66,0,4
BRDA:1272,66,1,14
BRDA:1273,67,0,4
BRDA:1273,67,1,0
BRDA:1370,68,0,1
BRDA:1370,68,1,0
BRDA:1421,69,0,0
BRDA:1421,70,0,0
BRDA:1444,71,0,3
BRDA:1444,72,0,0
BRDA:1467,73,0,0
BRDA:1490,74,0,1
BRDA:1490,74,1,1
BRDA:1613,75,0,0
BRDA:1614,76,0,2
BRDA:1614,76,1,2
BRDA:1641,77,0,2
BRDA:1641,77,1,2
BRDA:1668,78,0,0
BRDA:1669,79,0,2
BRDA:1669,79,1,2
BRDA:1680,80,0,0
BRDA:1680,80,1,2
BRDA:1680,81,0,2
BRDA:1680,81,1,2
BRDA:1699,82,0,3
BRDA:1701,83,0,5
BRDA:1701,83,1,5
BRDA:1701,83,2,5
BRDA:1703,84,0,2
BRDA:1703,84,1,3
BRDA:1706,85,0,3
BRDA:1706,85,1,2
BRDA:1717,86,0,0
BRDA:1717,86,1,3
BRDA:1749,87,0,11
BRDA:1749,87,1,0
BRDA:1805,88,0,2
BRDA:1805,89,0,1
BRDA:1805,90,0,2
BRDA:1829,91,0,2
BRDA:1829,92,0,1
BRDA:1829,93,0,4
BRDA:1851,94,0,9
BRDA:1851,95,0,9
BRDA:1851,96,0,10
BRDA:1856,97,0,12
BRDA:1856,97,1,4
BRDA:1859,98,0,11
BRDA:1859,98,1,1
BRDA:1859,99,0,12
BRDA:1859,99,1,1
BRDA:1860,100,0,11
BRDA:1860,100,1,10
BRDA:1862,101,0,1
BRDA:1862,101,1,10
BRDA:1864,102,0,4
BRDA:1864,102,1,6
BRDA:1866,103,0,2
BRDA:1866,103,1,4
BRDA:1871,104,0,7
BRDA:1871,104,1,5
BRDA:1874,105,0,4
BRDA:1874,105,1,0
BRDA:1877,106,0,1
BRDA:1877,106,1,3
BRDA:1877,107,0,4
BRDA:1877,107,1,4
BRDA:1881,108,0,2
BRDA:1881,108,1,2
BRDA:1883,109,0,1
BRDA:1883,109,1,1
BRDA:1885,110,0,1
BRDA:1885,110,1,0
BRDA:1910,111,0,2
BRDA:1910,112,0,3
BRDA:1911,113,0,3
BRDA:1911,113,1,3
BRDA:1976,114,0,1
BRDA:1976,114,1,3
BRDA:1986,115,0,0
BRDA:1986,115,1,4
BRDA:2006,116,0,0
BRDA:2006,116,1,4
BRDA:2126,117,0,1
BRDA:2126,117,1,1
BRDA:2150,118,0,0
BRDA:2191,119,0,1
BRDA:2212,120,0,11
BRDA:2233,121,0,26
BRDA:2278,122,0,4
BRDA:2278,122,1,0
BRDA:2298,123,0,1
BRDA:2342,124,0,0
BRDA:2342,124,1,1
BRDA:2342,125,0,1
BRDA:2342,125,1,1
BRDA:2355,126,0,0
BRDA:2355,126,1,1
BRDA:2372,127,0,1
BRDA:2372,128,0,1
BRDA:2409,129,0,2
BRDA:2409,130,0,5
BRDA:2412,131,0,6
BRDA:2412,131,1,1
BRDA:2413,132,0,5
BRDA:2413,132,1,1
BRDA:2419,133,0,0
BRDA:2419,133,1,1
BRDA:2424,134,0,1
BRDA:2424,134,1,6
BRDA:2428,135,0,0
BRDA:2428,135,1,7
BRDA:2432,136,0,1
BRDA:2432,136,1,6
BRDA:2497,137,0,0
BRDA:2497,137,1,1
BRDA:2500,138,0,0
BRDA:2500,138,1,1
BRDA:2516,139,0,0
BRDA:2516,139,1,1
BRDA:2517,140,0,0
BRDA:2517,140,1,0
BRDA:2523,141,0,0
BRDA:2523,141,1,1
BRDA:2539,142,0,0
BRDA:2539,142,1,1
BRF:242
BRH:172
end_of_record
TN:
SF:/Users/ktalmadge/dev/elv-client-js/src/ElvWallet.js
FN:13,(anonymous_0)
FN:23,(anonymous_1)
FN:36,(anonymous_2)
FN:55,(anonymous_3)
FN:77,(anonymous_4)
FN:100,(anonymous_5)
FN:124,(anonymous_6)
FN:142,(anonymous_7)
FN:152,(anonymous_8)
FNF:9
FNH:9
FNDA:6,(anonymous_0)
FNDA:6,(anonymous_1)
FNDA:6,(anonymous_2)
FNDA:3,(anonymous_3)
FNDA:17,(anonymous_4)
FNDA:2,(anonymous_5)
FNDA:1,(anonymous_6)
FNDA:3,(anonymous_7)
FNDA:1,(anonymous_8)
DA:1,5
DA:14,6
DA:15,6
DA:24,6
DA:37,6
DA:39,6
DA:56,3
DA:57,1
DA:60,3
DA:62,3
DA:78,17
DA:79,17
DA:81,17
DA:82,5
DA:85,17
DA:101,2
DA:103,2
DA:104,0
DA:107,2
DA:125,1
DA:127,1
DA:128,0
DA:131,1
DA:143,3
DA:153,1
DA:157,5
LF:26
LH:24
BRDA:56,0,0,1
BRDA:56,0,1,2
BRDA:81,1,0,5
BRDA:81,1,1,12
BRDA:101,2,0,2
BRDA:101,2,1,1
BRDA:103,3,0,0
BRDA:103,3,1,2
BRDA:125,4,0,1
BRDA:125,4,1,0
BRDA:127,5,0,0
BRDA:127,5,1,1
BRF:12
BRH:9
end_of_record
TN:
SF:/Users/ktalmadge/dev/elv-client-js/src/EthClient.js
FN:16,(anonymous_0)
FN:22,(anonymous_1)
FN:28,(anonymous_2)
FN:32,(anonymous_3)
FN:44,(anonymous_4)
FN:45,(anonymous_5)
FN:53,(anonymous_6)
FN:57,(anonymous_7)
FN:68,(anonymous_8)
FN:89,(anonymous_9)
FN:135,(anonymous_10)
FN:157,(anonymous_11)
FN:158,(anonymous_12)
FN:167,(anonymous_13)
FN:177,(anonymous_14)
FN:190,(anonymous_15)
FN:213,(anonymous_16)
FN:222,(anonymous_17)
FN:234,(anonymous_18)
FN:246,(anonymous_19)
FN:258,(anonymous_20)
FN:273,(anonymous_21)
FN:283,(anonymous_22)
FN:302,(anonymous_23)
FN:310,(anonymous_24)
FN:319,(anonymous_25)
FN:337,(anonymous_26)
FN:341,(anonymous_27)
FN:362,(anonymous_28)
FN:367,(anonymous_29)
FN:378,(anonymous_30)
FN:394,(anonymous_31)
FNF:32
FNH:27
FNDA:13,(anonymous_0)
FNDA:46,(anonymous_1)
FNDA:0,(anonymous_2)
FNDA:0,(anonymous_3)
FNDA:18,(anonymous_4)
FNDA:270,(anonymous_5)
FNDA:46,(anonymous_6)
FNDA:64,(anonymous_7)
FNDA:1,(anonymous_8)
FNDA:63,(anonymous_9)
FNDA:40,(anonymous_10)
FNDA:40,(anonymous_11)
FNDA:40,(anonymous_12)
FNDA:48,(anonymous_13)
FNDA:24,(anonymous_14)
FNDA:9,(anonymous_15)
FNDA:0,(anonymous_16)
FNDA:1,(anonymous_17)
FNDA:1,(anonymous_18)
FNDA:2,(anonymous_19)
FNDA:5,(anonymous_20)
FNDA:0,(anonymous_21)
FNDA:1,(anonymous_22)
FNDA:0,(anonymous_23)
FNDA:1,(anonymous_24)
FNDA:6,(anonymous_25)
FNDA:5,(anonymous_26)
FNDA:248,(anonymous_27)
FNDA:6,(anonymous_28)
FNDA:248,(anonymous_29)
FNDA:51,(anonymous_30)
FNDA:121,(anonymous_31)
DA:3,5
DA:4,5
DA:7,5
DA:8,5
DA:9,5
DA:11,5
DA:13,5
DA:17,13
DA:24,46
DA:25,14
DA:26,0
DA:28,0
DA:31,14
DA:32,14
DA:35,32
DA:37,1
DA:39,31
DA:45,18
DA:47,270
DA:50,18
DA:53,46
DA:58,64
DA:59,0
DA:62,64
DA:63,0
DA:75,1
DA:77,1
DA:79,1
DA:80,1
DA:82,1
DA:99,63
DA:101,3
DA:104,63
DA:106,63
DA:107,23
DA:108,23
DA:111,63
DA:112,0
DA:116,63
DA:117,63
DA:118,64
DA:119,64
DA:120,63
DA:122,1
DA:123,1
DA:124,1
DA:125,1
DA:127,0
DA:132,63
DA:143,40
DA:144,40
DA:147,40
DA:157,40
DA:158,40
DA:159,40
DA:164,40
DA:167,40
DA:168,48
DA:174,40
DA:178,24
DA:180,24
DA:181,37
DA:182,37
DA:183,24
DA:187,0
DA:199,9
DA:200,9
DA:202,9
DA:203,9
DA:205,9
DA:214,0
DA:223,1
DA:235,1
DA:247,2
DA:260,5
DA:262,5
DA:274,0
DA:284,1
DA:292,1
DA:303,0
DA:311,1
DA:317,1
DA:318,1
DA:320,6
DA:321,6
DA:326,6
DA:327,0
DA:333,6
DA:337,5
DA:342,248
DA:343,248
DA:344,248
DA:345,248
DA:346,248
DA:347,248
DA:348,248
DA:357,248
DA:363,6
DA:366,6
DA:367,6
DA:368,248
DA:372,6
DA:373,6
DA:374,242
DA:376,242
DA:377,51
DA:378,51
DA:379,51
DA:387,51
DA:390,242
DA:391,100
DA:393,100
DA:395,121
DA:396,121
DA:398,121
DA:406,242
DA:409,6
DA:413,5
LF:118
LH:107
BRDA:24,0,0,14
BRDA:24,0,1,32
BRDA:25,1,0,0
BRDA:25,1,1,14
BRDA:26,2,0,0
BRDA:26,2,1,0
BRDA:35,3,0,1
BRDA:35,3,1,31
BRDA:47,4,0,270
BRDA:47,4,1,252
BRDA:50,5,0,0
BRDA:50,5,1,18
BRDA:58,6,0,0
BRDA:58,6,1,64
BRDA:62,7,0,0
BRDA:62,7,1,64
BRDA:71,8,0,0
BRDA:72,9,0,0
BRDA:94,10,0,0
BRDA:96,11,0,52
BRDA:99,12,0,3
BRDA:99,12,1,60
BRDA:106,13,0,23
BRDA:106,13,1,40
BRDA:111,14,0,0
BRDA:111,14,1,63
BRDA:122,15,0,1
BRDA:122,15,1,0
BRDA:122,16,0,1
BRDA:122,16,1,0
BRDA:125,17,0,0
BRDA:125,17,1,1
BRDA:182,18,0,24
BRDA:182,18,1,13
BRDA:182,19,0,37
BRDA:182,19,1,27
BRDA:194,20,0,0
BRDA:260,21,0,5
BRDA:260,21,1,0
BRDA:283,22,0,0
BRDA:310,23,0,0
BRDA:310,24,0,0
BRDA:326,25,0,0
BRDA:326,25,1,6
BRDA:333,26,0,6
BRDA:333,26,1,6
BRDA:337,27,0,0
BRDA:337,27,1,5
BRDA:342,28,0,248
BRDA:342,28,1,0
BRDA:342,29,0,248
BRDA:342,29,1,248
BRDA:345,30,0,248
BRDA:345,30,1,0
BRDA:347,31,0,248
BRDA:347,31,1,0
BRDA:362,32,0,0
BRDA:368,33,0,248
BRDA:368,33,1,191
BRDA:376,34,0,51
BRDA:376,34,1,191
BRDA:390,35,0,100
BRDA:390,35,1,142
BRDA:395,36,0,121
BRDA:395,36,1,0
BRF:65
BRH:40
end_of_record
TN:
SF:/Users/ktalmadge/dev/elv-client-js/src/FrameClient.js
FN:35,(anonymous_0)
FN:43,(anonymous_1)
FN:60,(anonymous_2)
FN:90,(anonymous_3)
FN:95,(anonymous_4)
FN:114,(anonymous_5)
FN:135,(anonymous_6)
FN:136,(anonymous_7)
FN:141,(anonymous_8)
FN:147,(anonymous_9)
FN:159,(anonymous_10)
FN:180,(anonymous_11)
FN:212,(anonymous_12)
FN:226,(anonymous_13)
FN:309,(anonymous_14)
FNF:15
FNH:9
FNDA:2,(anonymous_0)
FNDA:1,(anonymous_1)
FNDA:0,(anonymous_2)
FNDA:0,(anonymous_3)
FNDA:0,(anonymous_4)
FNDA:1,(anonymous_5)
FNDA:1,(anonymous_6)
FNDA:1,(anonymous_7)
FNDA:1,(anonymous_8)
FNDA:0,(anonymous_9)
FNDA:0,(anonymous_10)
FNDA:2,(anonymous_11)
FNDA:0,(anonymous_12)
FNDA:2,(anonymous_13)
FNDA:2,(anonymous_14)
DA:1,2
DA:2,2
DA:36,2
DA:37,2
DA:39,2
DA:42,2
DA:43,156
DA:44,1
DA:45,1
DA:47,1
DA:57,2
DA:59,2
DA:60,28
DA:61,0
DA:62,0
DA:65,0
DA:66,0
DA:68,0
DA:92,0
DA:94,0
DA:95,0
DA:102,0
DA:104,0
DA:107,0
DA:115,1
DA:118,1
DA:120,1
DA:128,1
DA:129,1
DA:130,1
DA:131,1
DA:136,1
DA:141,1
DA:142,1
DA:143,0
DA:146,1
DA:147,1
DA:148,0
DA:150,0
DA:151,0
DA:158,1
DA:159,0
DA:160,0
DA:161,0
DA:163,0
DA:165,0
DA:166,0
DA:169,0
DA:172,0
DA:176,0
DA:180,1
DA:181,2
DA:182,2
DA:184,2
DA:185,1
DA:188,1
DA:189,1
DA:191,0
DA:194,1
DA:195,1
DA:197,0
DA:199,0
DA:200,0
DA:205,1
DA:207,1
DA:213,0
DA:227,2
DA:310,2
DA:329,2
LF:69
LH:40
BRDA:35,0,0,1
BRDA:35,1,0,1
BRDA:35,2,0,2
BRDA:44,3,0,1
BRDA:44,3,1,1
BRDA:45,4,0,0
BRDA:45,4,1,1
BRDA:61,5,0,0
BRDA:61,5,1,0
BRDA:61,6,0,0
BRDA:61,6,1,0
BRDA:65,7,0,0
BRDA:65,7,1,0
BRDA:66,8,0,0
BRDA:66,8,1,0
BRDA:94,9,0,0
BRDA:94,9,1,0
BRDA:114,10,0,0
BRDA:114,11,0,1
BRDA:118,12,0,0
BRDA:118,12,1,1
BRDA:128,13,0,1
BRDA:128,13,1,0
BRDA:129,14,0,1
BRDA:129,14,1,0
BRDA:130,15,0,0
BRDA:130,15,1,1
BRDA:142,16,0,0
BRDA:142,16,1,1
BRDA:146,17,0,1
BRDA:146,17,1,0
BRDA:151,18,0,0
BRDA:151,18,1,0
BRDA:158,19,0,0
BRDA:158,19,1,1
BRDA:165,20,0,0
BRDA:165,20,1,0
BRDA:165,21,0,0
BRDA:165,21,1,0
BRDA:184,22,0,1
BRDA:184,22,1,1
BRDA:184,23,0,2
BRDA:184,23,1,1
BRDA:188,24,0,1
BRDA:188,24,1,0
BRDA:195,25,0,0
BRDA:195,25,1,1
BRDA:200,26,0,0
BRDA:200,26,1,0
BRF:49
BRH:20
end_of_record
TN:
SF:/Users/ktalmadge/dev/elv-client-js/src/HttpClient.js
FN:1,(anonymous_0)
FN:10,(anonymous_1)
FN:14,(anonymous_2)
FN:25,(anonymous_3)
FN:76,(anonymous_4)
FNF:5
FNH:5
FNDA:312,(anonymous_0)
FNDA:6,(anonymous_1)
FNDA:312,(anonymous_2)
FNDA:312,(anonymous_3)
FNDA:19,(anonymous_4)
DA:1,5
DA:2,312
DA:3,312
DA:5,0
DA:11,6
DA:15,312
DA:16,312
DA:17,292
DA:19,20
DA:22,312
DA:26,312
DA:31,312
DA:36,312
DA:37,136
DA:38,116
DA:40,20
DA:46,312
DA:47,312
DA:53,0
DA:62,312
DA:63,17
DA:73,295
DA:77,19
DA:86,5
LF:24
LH:22
BRDA:1,0,0,0
BRDA:2,1,0,312
BRDA:2,1,1,0
BRDA:14,2,0,0
BRDA:16,3,0,292
BRDA:16,3,1,20
BRDA:25,4,0,312
BRDA:25,5,0,235
BRDA:25,6,0,292
BRDA:25,7,0,1
BRDA:36,8,0,136
BRDA:36,8,1,176
BRDA:36,9,0,312
BRDA:36,9,1,236
BRDA:37,10,0,116
BRDA:37,10,1,20
BRDA:62,11,0,17
BRDA:62,11,1,295
BRDA:76,12,0,0
BRF:19
BRH:15
end_of_record
TN:
SF:/Users/ktalmadge/dev/elv-client-js/src/Id.js
FN:6,(anonymous_0)
FNF:1
FNH:1
FNDA:1,(anonymous_0)
DA:3,2
DA:7,1
DA:8,1
DA:12,2
LF:4
LH:4
BRF:0
BRH:0
end_of_record
TN:
SF:/Users/ktalmadge/dev/elv-client-js/src/UserProfileClient.js
FN:48,(anonymous_0)
FN:62,(anonymous_1)
FN:90,(anonymous_2)
FN:100,(anonymous_3)
FN:104,(anonymous_4)
FN:116,(anonymous_5)
FN:128,(anonymous_6)
FN:144,(anonymous_7)
FN:164,(anonymous_8)
FN:185,(anonymous_9)
FN:204,(anonymous_10)
FN:224,(anonymous_11)
FN:240,(anonymous_12)
FN:259,(anonymous_13)
FN:277,(anonymous_14)
FN:292,(anonymous_15)
FN:316,(anonymous_16)
FN:321,(anonymous_17)
FN:330,(anonymous_18)
FN:366,(anonymous_19)
FN:418,(anonymous_20)
FN:421,(anonymous_21)
FN:424,(anonymous_22)
FN:438,(anonymous_23)
FN:446,(anonymous_24)
FN:455,(anonymous_25)
FN:467,(anonymous_26)
FNF:27
FNH:24
FNDA:13,(anonymous_0)
FNDA:2,(anonymous_1)
FNDA:34,(anonymous_2)
FNDA:40,(anonymous_3)
FNDA:809,(anonymous_4)
FNDA:3,(anonymous_5)
FNDA:2,(anonymous_6)
FNDA:2,(anonymous_7)
FNDA:1,(anonymous_8)
FNDA:4,(anonymous_9)
FNDA:1,(anonymous_10)
FNDA:21,(anonymous_11)
FNDA:1,(anonymous_12)
FNDA:2,(anonymous_13)
FNDA:1,(anonymous_14)
FNDA:1,(anonymous_15)
FNDA:4,(anonymous_16)
FNDA:7,(anonymous_17)
FNDA:7,(anonymous_18)
FNDA:9,(anonymous_19)
FNDA:3,(anonymous_20)
FNDA:3,(anonymous_21)
FNDA:9,(anonymous_22)
FNDA:9,(anonymous_23)
FNDA:0,(anonymous_24)
FNDA:0,(anonymous_25)
FNDA:0,(anonymous_26)
DA:1,5
DA:2,5
DA:49,13
DA:63,2
DA:64,0
DA:68,2
DA:74,2
DA:81,2
DA:82,1
DA:83,1
DA:86,2
DA:91,34
DA:92,34
DA:93,1
DA:101,40
DA:103,40
DA:104,809
DA:117,3
DA:129,2
DA:131,1
DA:145,2
DA:146,2
DA:149,2
DA:152,2
DA:153,2
DA:155,2
DA:165,1
DA:167,1
DA:169,1
DA:172,1
DA:173,1
DA:186,4
DA:188,4
DA:189,4
DA:191,0
DA:192,0
DA:205,1
DA:207,1
DA:209,1
DA:225,21
DA:226,21
DA:228,21
DA:230,21
DA:241,1
DA:242,1
DA:244,1
DA:246,1
DA:248,1
DA:249,1
DA:260,2
DA:261,2
DA:263,2
DA:265,2
DA:267,2
DA:268,2
DA:278,1
DA:279,1
DA:281,1
DA:283,1
DA:285,1
DA:286,1
DA:293,1
DA:294,0
DA:297,1
DA:298,1
DA:300,1
DA:317,4
DA:322,7
DA:323,7
DA:326,0
DA:331,7
DA:333,7
DA:334,7
DA:338,7
DA:339,7
DA:341,7
DA:342,7
DA:345,7
DA:346,7
DA:354,7
DA:362,7
DA:363,3
DA:364,3
DA:366,3
DA:367,9
DA:369,2
DA:370,2
DA:373,7
DA:381,3
DA:390,7
DA:419,3
DA:421,3
DA:422,3
DA:424,3
DA:425,9
DA:426,0
DA:427,0
DA:429,9
DA:437,3
DA:438,3
DA:439,9
DA:442,3
DA:447,0
DA:456,0
DA:466,0
DA:467,0
DA:471,5
LF:107
LH:96
BRDA:62,0,0,1
BRDA:62,1,0,1
BRDA:62,2,0,1
BRDA:63,3,0,0
BRDA:63,3,1,2
BRDA:81,4,0,1
BRDA:81,4,1,1
BRDA:91,5,0,34
BRDA:91,5,1,0
BRDA:92,6,0,1
BRDA:92,6,1,33
BRDA:117,7,0,3
BRDA:117,7,1,0
BRDA:129,8,0,1
BRDA:129,8,1,1
BRDA:149,9,0,0
BRDA:149,9,1,2
BRDA:153,10,0,0
BRDA:153,10,1,2
BRDA:185,11,0,1
BRDA:191,12,0,0
BRDA:191,12,1,0
BRDA:204,13,0,0
BRDA:204,14,0,0
BRDA:224,15,0,1
BRDA:224,16,0,2
BRDA:240,17,0,0
BRDA:240,18,0,0
BRDA:259,19,0,0
BRDA:259,20,0,0
BRDA:277,21,0,0
BRDA:293,22,0,0
BRDA:293,22,1,1
BRDA:317,23,0,4
BRDA:317,23,1,0
BRDA:333,24,0,7
BRDA:333,24,1,0
BRDA:339,25,0,0
BRDA:339,25,1,7
BRDA:362,26,0,3
BRDA:362,26,1,4
BRDA:362,27,0,7
BRDA:362,27,1,3
BRDA:367,28,0,2
BRDA:367,28,1,7
BRDA:425,29,0,0
BRDA:425,29,1,9
BRF:47
BRH:28
end_of_record
TN:
SF:/Users/ktalmadge/dev/elv-client-js/src/Utils.js
FN:27,(anonymous_0)
FN:41,(anonymous_1)
FN:52,(anonymous_2)
FN:70,(anonymous_3)
FN:82,(anonymous_4)
FN:93,(anonymous_5)
FN:104,(anonymous_6)
FN:115,(anonymous_7)
FN:129,(anonymous_8)
FN:148,(anonymous_9)
FN:149,(anonymous_10)
FN:156,(anonymous_11)
FN:162,(anonymous_12)
FN:172,(anonymous_13)
FN:192,(anonymous_14)
FN:215,(anonymous_15)
FN:238,(anonymous_16)
FN:240,(anonymous_17)
FN:243,(anonymous_18)
FN:255,(anonymous_19)
FNF:20
FNH:17
FNDA:4,(anonymous_0)
FNDA:4,(anonymous_1)
FNDA:32,(anonymous_2)
FNDA:344,(anonymous_3)
FNDA:2,(anonymous_4)
FNDA:299,(anonymous_5)
FNDA:43,(anonymous_6)
FNDA:1247,(anonymous_7)
FNDA:694,(anonymous_8)
FNDA:1,(anonymous_9)
FNDA:12,(anonymous_10)
FNDA:0,(anonymous_11)
FNDA:2,(anonymous_12)
FNDA:119,(anonymous_13)
FNDA:50,(anonymous_14)
FNDA:19,(anonymous_15)
FNDA:0,(anonymous_16)
FNDA:0,(anonymous_17)
FNDA:4,(anonymous_18)
FNDA:11,(anonymous_19)
DA:1,5
DA:2,5
DA:12,5
DA:28,4
DA:29,4
DA:42,4
DA:53,32
DA:54,0
DA:57,32
DA:58,0
DA:60,32
DA:71,344
DA:72,344
DA:83,2
DA:94,299
DA:105,43
DA:116,1247
DA:117,1247
DA:130,694
DA:131,126
DA:134,568
DA:135,0
DA:138,568
DA:149,1
DA:150,12
DA:153,1
DA:158,0
DA:159,0
DA:163,2
DA:173,119
DA:175,75
DA:178,44
DA:189,6
DA:192,50
DA:194,5
DA:197,3
DA:199,8
DA:216,19
DA:218,7
DA:219,1
DA:222,6
DA:225,3
DA:236,0
DA:238,0
DA:240,0
DA:242,1
DA:243,1
DA:244,4
DA:246,4
DA:247,3
DA:250,1
DA:252,1
DA:254,1
DA:255,1
DA:256,11
DA:258,11
DA:259,9
DA:262,1
DA:264,0
DA:269,5
LF:60
LH:51
BRDA:53,0,0,0
BRDA:53,0,1,32
BRDA:53,1,0,32
BRDA:53,1,1,32
BRDA:57,2,0,0
BRDA:57,2,1,32
BRDA:130,3,0,126
BRDA:130,3,1,568
BRDA:130,4,0,694
BRDA:130,4,1,639
BRDA:134,5,0,0
BRDA:134,5,1,568
BRDA:134,6,0,568
BRDA:134,6,1,568
BRDA:173,7,0,75
BRDA:173,7,1,44
BRDA:178,8,0,0
BRDA:178,8,1,0
BRDA:178,8,2,0
BRDA:178,8,3,0
BRDA:178,8,4,0
BRDA:178,8,5,3
BRDA:178,8,6,3
BRDA:178,8,7,3
BRDA:178,8,8,3
BRDA:178,8,9,6
BRDA:178,8,10,0
BRDA:178,8,11,22
BRDA:178,8,12,5
BRDA:178,8,13,3
BRDA:178,8,14,8
BRDA:194,9,0,5
BRDA:194,9,1,5
BRDA:216,10,0,12
BRDA:216,10,1,7
BRDA:218,11,0,1
BRDA:218,11,1,6
BRDA:222,12,0,1
BRDA:222,12,1,3
BRDA:222,12,2,0
BRDA:222,12,3,0
BRDA:222,12,4,0
BRDA:222,12,5,0
BRDA:222,12,6,0
BRDA:222,12,7,0
BRDA:222,12,8,0
BRDA:222,12,9,0
BRDA:222,12,10,0
BRDA:222,12,11,0
BRDA:222,12,12,0
BRDA:222,12,13,0
BRDA:222,12,14,1
BRDA:222,12,15,1
BRDA:222,12,16,1
BRDA:222,12,17,0
BRDA:246,13,0,3
BRDA:246,13,1,1
BRDA:258,14,0,9
BRDA:258,14,1,2
BRF:59
BRH:37
end_of_record
