TN:
SF:/Users/ktalmadge/dev/elv-client-js/src/AuthorizationClient.js
FN:25,(anonymous_0)
FN:39,(anonymous_1)
FN:70,(anonymous_2)
FN:83,(anonymous_3)
FN:126,(anonymous_4)
FN:178,(anonymous_5)
FN:241,(anonymous_6)
FN:254,(anonymous_7)
FN:295,(anonymous_8)
FN:316,(anonymous_9)
FN:366,(anonymous_10)
FN:401,(anonymous_11)
FN:427,(anonymous_12)
FN:499,(anonymous_13)
FN:520,(anonymous_14)
FN:544,(anonymous_15)
FN:555,(anonymous_16)
FN:568,(anonymous_17)
FN:574,(anonymous_18)
FN:586,(anonymous_19)
FN:608,(anonymous_20)
FN:626,(anonymous_21)
FN:653,(anonymous_22)
FN:668,(anonymous_23)
FN:680,(anonymous_24)
FN:693,(anonymous_25)
FN:706,(anonymous_26)
FN:720,(anonymous_27)
FN:741,(anonymous_28)
FNF:29
FNH:28
FNDA:49,(anonymous_0)
FNDA:29,(anonymous_1)
FNDA:431,(anonymous_2)
FNDA:464,(anonymous_3)
FNDA:455,(anonymous_4)
FNDA:259,(anonymous_5)
FNDA:63,(anonymous_6)
FNDA:14,(anonymous_7)
FNDA:31,(anonymous_8)
FNDA:9,(anonymous_9)
FNDA:0,(anonymous_10)
FNDA:45,(anonymous_11)
FNDA:259,(anonymous_12)
FNDA:314,(anonymous_13)
FNDA:1,(anonymous_14)
FNDA:4,(anonymous_15)
FNDA:78,(anonymous_16)
FNDA:457,(anonymous_17)
FNDA:2,(anonymous_18)
FNDA:3,(anonymous_19)
FNDA:1,(anonymous_20)
FNDA:2,(anonymous_21)
FNDA:2,(anonymous_22)
FNDA:45,(anonymous_23)
FNDA:1,(anonymous_24)
FNDA:1,(anonymous_25)
FNDA:6,(anonymous_26)
FNDA:17,(anonymous_27)
FNDA:2,(anonymous_28)
DA:1,5
DA:2,5
DA:3,5
DA:4,5
DA:7,5
DA:8,5
DA:9,5
DA:10,5
DA:11,5
DA:12,5
DA:14,5
DA:26,49
DA:28,0
DA:29,0
DA:32,0
DA:40,29
DA:41,29
DA:42,29
DA:43,29
DA:44,29
DA:46,29
DA:55,29
DA:64,29
DA:65,29
DA:66,29
DA:71,431
DA:73,431
DA:75,431
DA:76,18
DA:79,431
DA:95,464
DA:97,464
DA:99,464
DA:100,0
DA:104,464
DA:105,9
DA:107,455
DA:118,464
DA:120,0
DA:122,464
DA:127,455
DA:131,455
DA:132,28
DA:133,28
DA:134,1
DA:135,1
DA:139,455
DA:144,455
DA:145,256
DA:155,256
DA:158,455
DA:159,443
DA:162,455
DA:163,0
DA:166,455
DA:167,1
DA:170,455
DA:172,455
DA:173,455
DA:175,455
DA:189,259
DA:190,0
DA:194,259
DA:198,259
DA:200,0
DA:202,0
DA:203,0
DA:207,259
DA:209,259
DA:210,259
DA:212,259
DA:214,259
DA:217,259
DA:218,258
DA:220,258
DA:224,46
DA:226,45
DA:228,45
DA:229,31
DA:230,31
DA:232,14
DA:233,14
DA:237,45
DA:238,45
DA:241,45
DA:242,63
DA:243,9
DA:244,9
DA:249,45
DA:251,45
DA:256,14
DA:257,14
DA:258,14
DA:259,9
DA:261,9
DA:263,4
DA:265,4
DA:269,14
DA:270,0
DA:274,14
DA:282,14
DA:288,14
DA:289,0
DA:292,14
DA:296,31
DA:303,31
DA:309,31
DA:310,0
DA:313,31
DA:317,9
DA:318,8
DA:321,1
DA:323,1
DA:325,1
DA:332,1
DA:339,1
DA:340,1
DA:342,1
DA:343,1
DA:344,1
DA:345,1
DA:348,1
DA:354,1
DA:355,1
DA:357,1
DA:359,1
DA:360,1
DA:363,1
DA:367,0
DA:369,0
DA:371,0
DA:378,0
DA:385,0
DA:386,0
DA:388,0
DA:390,0
DA:396,0
DA:398,0
DA:402,45
DA:404,45
DA:406,0
DA:407,0
DA:410,11
DA:411,11
DA:414,1
DA:415,1
DA:418,27
DA:419,27
DA:421,6
DA:424,45
DA:430,259
DA:432,0
DA:433,0
DA:437,0
DA:440,34
DA:441,34
DA:445,34
DA:448,3
DA:449,3
DA:453,3
DA:456,163
DA:457,163
DA:466,163
DA:468,163
DA:470,1
DA:473,162
DA:481,163
DA:483,59
DA:484,59
DA:490,259
DA:500,314
DA:502,314
DA:504,0
DA:506,42
DA:508,3
DA:510,66
DA:512,3
DA:514,200
DA:516,0
DA:521,1
DA:523,1
DA:524,1
DA:526,1
DA:529,1
DA:536,1
DA:537,1
DA:539,1
DA:545,4
DA:552,4
DA:556,78
DA:558,78
DA:565,78
DA:569,457
DA:575,2
DA:576,0
DA:579,2
DA:587,3
DA:590,3
DA:599,3
DA:601,3
DA:609,1
DA:611,1
DA:612,1
DA:613,1
DA:619,1
DA:627,2
DA:629,2
DA:631,2
DA:632,2
DA:633,2
DA:640,2
DA:641,2
DA:643,0
DA:646,0
DA:647,0
DA:654,2
DA:655,0
DA:658,2
DA:659,1
DA:660,1
DA:662,1
DA:665,2
DA:669,45
DA:672,27
DA:673,27
DA:674,4
DA:682,1
DA:687,1
DA:695,1
DA:700,1
DA:708,6
DA:714,6
DA:722,17
DA:729,17
DA:730,17
DA:731,17
DA:734,17
DA:742,2
DA:751,2
DA:760,2
DA:764,5
LF:241
LH:206
BRDA:25,0,0,49
BRDA:26,1,0,49
BRDA:26,1,1,0
BRDA:28,2,0,0
BRDA:28,2,1,0
BRDA:32,3,0,0
BRDA:32,3,1,0
BRDA:39,4,0,0
BRDA:39,5,0,0
BRDA:39,6,0,0
BRDA:75,7,0,18
BRDA:75,7,1,413
BRDA:75,8,0,431
BRDA:75,8,1,37
BRDA:90,9,0,257
BRDA:91,10,0,441
BRDA:92,11,0,438
BRDA:93,12,0,245
BRDA:99,13,0,0
BRDA:99,13,1,464
BRDA:99,14,0,464
BRDA:99,14,1,0
BRDA:104,15,0,9
BRDA:104,15,1,455
BRDA:126,16,0,0
BRDA:126,17,0,0
BRDA:127,18,0,17
BRDA:127,18,1,438
BRDA:131,19,0,28
BRDA:131,19,1,427
BRDA:131,20,0,455
BRDA:131,20,1,37
BRDA:131,20,2,37
BRDA:133,21,0,1
BRDA:133,21,1,27
BRDA:141,22,0,455
BRDA:141,22,1,455
BRDA:141,22,2,0
BRDA:144,23,0,256
BRDA:144,23,1,199
BRDA:144,24,0,455
BRDA:144,24,1,455
BRDA:152,25,0,256
BRDA:152,25,1,256
BRDA:158,26,0,443
BRDA:158,26,1,12
BRDA:162,27,0,0
BRDA:162,27,1,455
BRDA:166,28,0,1
BRDA:166,28,1,454
BRDA:182,29,0,258
BRDA:183,30,0,258
BRDA:184,31,0,2
BRDA:185,32,0,258
BRDA:186,33,0,2
BRDA:189,34,0,0
BRDA:189,34,1,259
BRDA:198,35,0,0
BRDA:198,35,1,259
BRDA:202,36,0,0
BRDA:202,36,1,0
BRDA:207,37,0,11
BRDA:207,37,1,248
BRDA:209,38,0,259
BRDA:209,38,1,9
BRDA:209,38,2,0
BRDA:217,39,0,258
BRDA:217,39,1,1
BRDA:217,40,0,259
BRDA:217,40,1,259
BRDA:218,41,0,207
BRDA:218,41,1,51
BRDA:220,42,0,213
BRDA:220,42,1,45
BRDA:224,43,0,1
BRDA:224,43,1,45
BRDA:228,44,0,31
BRDA:228,44,1,14
BRDA:237,45,0,45
BRDA:237,45,1,0
BRDA:242,46,0,9
BRDA:242,46,1,54
BRDA:242,47,0,63
BRDA:242,47,1,63
BRDA:254,48,0,0
BRDA:254,49,0,5
BRDA:258,50,0,9
BRDA:258,50,1,5
BRDA:258,51,0,14
BRDA:258,51,1,9
BRDA:261,52,0,4
BRDA:261,52,1,5
BRDA:269,53,0,0
BRDA:269,53,1,14
BRDA:288,54,0,0
BRDA:288,54,1,14
BRDA:288,55,0,14
BRDA:288,55,1,14
BRDA:309,56,0,0
BRDA:309,56,1,31
BRDA:309,57,0,31
BRDA:309,57,1,31
BRDA:316,58,0,9
BRDA:317,59,0,8
BRDA:317,59,1,1
BRDA:317,60,0,9
BRDA:317,60,1,9
BRDA:343,61,0,1
BRDA:343,61,1,0
BRDA:359,62,0,1
BRDA:359,62,1,0
BRDA:366,63,0,0
BRDA:402,64,0,31
BRDA:402,64,1,14
BRDA:404,65,0,0
BRDA:404,65,1,11
BRDA:404,65,2,1
BRDA:404,65,3,27
BRDA:404,65,4,6
BRDA:418,66,0,1
BRDA:418,66,1,26
BRDA:427,67,0,0
BRDA:430,68,0,0
BRDA:430,68,1,34
BRDA:430,68,2,3
BRDA:430,68,3,163
BRDA:430,68,4,59
BRDA:457,69,0,1
BRDA:457,69,1,162
BRDA:468,70,0,1
BRDA:468,70,1,162
BRDA:468,71,0,163
BRDA:468,71,1,163
BRDA:470,72,0,1
BRDA:470,72,1,0
BRDA:475,73,0,162
BRDA:475,73,1,0
BRDA:483,74,0,59
BRDA:483,74,1,0
BRDA:502,75,0,0
BRDA:502,75,1,42
BRDA:502,75,2,3
BRDA:502,75,3,66
BRDA:502,75,4,3
BRDA:502,75,5,200
BRDA:502,75,6,0
BRDA:526,76,0,0
BRDA:526,76,1,1
BRDA:556,77,0,0
BRDA:556,77,1,78
BRDA:575,78,0,0
BRDA:575,78,1,2
BRDA:587,79,0,0
BRDA:587,79,1,3
BRDA:609,80,0,0
BRDA:609,80,1,1
BRDA:627,81,0,0
BRDA:627,81,1,2
BRDA:646,82,0,0
BRDA:646,82,1,0
BRDA:654,83,0,0
BRDA:654,83,1,2
BRDA:658,84,0,1
BRDA:658,84,1,1
BRDA:669,85,0,18
BRDA:669,85,1,27
BRDA:673,86,0,4
BRDA:673,86,1,23
BRDA:724,87,0,3
BRDA:724,87,1,14
BRDA:730,88,0,17
BRDA:730,88,1,0
BRF:172
BRH:127
end_of_record
TN:
SF:/Users/ktalmadge/dev/elv-client-js/src/ContentObjectVerification.js
FN:8,(anonymous_0)
FN:16,(anonymous_1)
FN:32,(anonymous_2)
FN:61,(anonymous_3)
FN:88,(anonymous_4)
FN:91,(anonymous_5)
FN:99,(anonymous_6)
FN:100,fromBits
FN:112,toBits
FN:134,(anonymous_9)
FN:140,(anonymous_10)
FN:160,(anonymous_11)
FN:174,(anonymous_12)
FN:175,(anonymous_13)
FNF:14
FNH:0
FNDA:0,(anonymous_0)
FNDA:0,(anonymous_1)
FNDA:0,(anonymous_2)
FNDA:0,(anonymous_3)
FNDA:0,(anonymous_4)
FNDA:0,(anonymous_5)
FNDA:0,(anonymous_6)
FNDA:0,fromBits
FNDA:0,toBits
FNDA:0,(anonymous_9)
FNDA:0,(anonymous_10)
FNDA:0,(anonymous_11)
FNDA:0,(anonymous_12)
FNDA:0,(anonymous_13)
DA:1,0
DA:2,0
DA:3,0
DA:4,0
DA:5,0
DA:7,0
DA:9,0
DA:13,0
DA:15,0
DA:16,0
DA:17,0
DA:19,0
DA:20,0
DA:22,0
DA:25,0
DA:27,0
DA:29,0
DA:30,0
DA:31,0
DA:32,0
DA:34,0
DA:36,0
DA:37,0
DA:39,0
DA:42,0
DA:44,0
DA:47,0
DA:53,0
DA:58,0
DA:59,0
DA:60,0
DA:61,0
DA:62,0
DA:64,0
DA:65,0
DA:67,0
DA:70,0
DA:72,0
DA:73,0
DA:77,0
DA:83,0
DA:89,0
DA:91,0
DA:92,0
DA:101,0
DA:102,0
DA:103,0
DA:104,0
DA:106,0
DA:107,0
DA:109,0
DA:113,0
DA:114,0
DA:115,0
DA:116,0
DA:117,0
DA:118,0
DA:121,0
DA:122,0
DA:124,0
DA:127,0
DA:128,0
DA:129,0
DA:131,0
DA:135,0
DA:136,0
DA:137,0
DA:141,0
DA:142,0
DA:143,0
DA:146,0
DA:148,0
DA:153,0
DA:161,0
DA:162,0
DA:164,0
DA:169,0
DA:170,0
DA:173,0
DA:174,0
DA:175,0
DA:177,0
DA:178,0
DA:179,0
DA:181,0
DA:189,0
DA:190,0
DA:191,0
DA:193,0
DA:194,0
DA:202,0
DA:203,0
DA:206,0
DA:210,0
LF:94
LH:0
BRDA:19,0,0,0
BRDA:19,0,1,0
BRDA:27,1,0,0
BRDA:27,1,1,0
BRDA:36,2,0,0
BRDA:36,2,1,0
BRDA:44,3,0,0
BRDA:44,3,1,0
BRDA:44,4,0,0
BRDA:44,4,1,0
BRDA:64,5,0,0
BRDA:64,5,1,0
BRDA:72,6,0,0
BRDA:72,6,1,0
BRDA:78,7,0,0
BRDA:78,7,1,0
BRDA:78,7,2,0
BRDA:78,7,3,0
BRDA:78,7,4,0
BRDA:89,8,0,0
BRDA:89,8,1,0
BRDA:103,9,0,0
BRDA:103,9,1,0
BRDA:116,10,0,0
BRDA:116,10,1,0
BRDA:121,11,0,0
BRDA:121,11,1,0
BRDA:142,12,0,0
BRDA:142,12,1,0
BRDA:161,13,0,0
BRDA:161,13,1,0
BRDA:162,14,0,0
BRDA:162,14,1,0
BRDA:193,15,0,0
BRDA:193,15,1,0
BRDA:202,16,0,0
BRDA:202,16,1,0
BRF:37
BRH:0
end_of_record
TN:
SF:/Users/ktalmadge/dev/elv-client-js/src/Crypto.js
FN:15,(anonymous_0)
FN:33,(anonymous_1)
FN:48,(anonymous_2)
FN:64,(anonymous_3)
FN:83,(anonymous_4)
FN:96,(anonymous_5)
FN:107,(anonymous_6)
FN:108,(anonymous_7)
FN:117,(anonymous_8)
FN:152,(anonymous_9)
FN:180,(anonymous_10)
FN:186,(anonymous_11)
FN:188,(anonymous_12)
FN:191,(anonymous_13)
FN:194,(anonymous_14)
FN:202,(anonymous_15)
FN:211,(anonymous_16)
FN:214,(anonymous_17)
FNF:18
FNH:14
FNDA:0,(anonymous_0)
FNDA:32,(anonymous_1)
FNDA:2,(anonymous_2)
FNDA:0,(anonymous_3)
FNDA:1,(anonymous_4)
FNDA:1,(anonymous_5)
FNDA:14,(anonymous_6)
FNDA:42,(anonymous_7)
FNDA:14,(anonymous_8)
FNDA:11,(anonymous_9)
FNDA:2,(anonymous_10)
FNDA:2,(anonymous_11)
FNDA:2,(anonymous_12)
FNDA:2,(anonymous_13)
FNDA:0,(anonymous_14)
FNDA:3,(anonymous_15)
FNDA:3,(anonymous_16)
FNDA:0,(anonymous_17)
DA:1,5
DA:3,5
DA:4,5
DA:5,5
DA:8,5
DA:10,0
DA:11,0
DA:13,0
DA:15,0
DA:20,0
DA:21,0
DA:23,5
DA:24,5
DA:32,5
DA:34,32
DA:35,32
DA:36,1
DA:39,32
DA:42,0
DA:44,0
DA:49,2
DA:50,2
DA:51,2
DA:53,2
DA:55,2
DA:61,2
DA:65,0
DA:66,0
DA:68,0
DA:69,0
DA:70,0
DA:71,0
DA:73,0
DA:80,0
DA:84,1
DA:86,1
DA:87,1
DA:89,1
DA:97,1
DA:99,1
DA:101,1
DA:108,42
DA:110,14
DA:118,14
DA:120,14
DA:123,14
DA:125,13
DA:126,13
DA:133,1
DA:134,1
DA:140,14
DA:154,11
DA:155,0
DA:158,11
DA:160,11
DA:162,11
DA:163,11
DA:164,11
DA:166,11
DA:168,11
DA:181,2
DA:183,2
DA:185,2
DA:186,2
DA:187,2
DA:189,2
DA:192,2
DA:195,0
DA:199,2
DA:203,3
DA:204,3
DA:206,3
DA:207,3
DA:209,3
DA:212,3
DA:215,0
DA:220,5
LF:77
LH:58
BRDA:1,0,0,0
BRDA:1,0,1,5
BRDA:8,1,0,0
BRDA:8,1,1,5
BRDA:10,2,0,0
BRDA:10,2,1,0
BRDA:35,3,0,1
BRDA:35,3,1,31
BRDA:123,4,0,13
BRDA:123,4,1,1
BRDA:154,5,0,0
BRDA:154,5,1,11
BRDA:154,6,0,11
BRDA:154,6,1,11
BRF:14
BRH:9
end_of_record
TN:
SF:/Users/ktalmadge/dev/elv-client-js/src/ElvClient.js
FN:38,(anonymous_0)
FN:42,(anonymous_1)
FN:64,(anonymous_2)
FN:85,(anonymous_3)
FN:116,(anonymous_4)
FN:152,(anonymous_5)
FN:167,(anonymous_6)
FN:208,(anonymous_7)
FN:236,(anonymous_8)
FN:260,(anonymous_9)
FN:277,(anonymous_10)
FN:311,(anonymous_11)
FN:331,(anonymous_12)
FN:347,(anonymous_13)
FN:363,(anonymous_14)
FN:387,(anonymous_15)
FN:396,(anonymous_16)
FN:407,(anonymous_17)
FN:418,(anonymous_18)
FN:436,(anonymous_19)
FN:450,(anonymous_20)
FN:463,(anonymous_21)
FN:478,(anonymous_22)
FN:491,(anonymous_23)
FN:506,(anonymous_24)
FN:509,(anonymous_25)
FN:523,(anonymous_26)
FN:549,(anonymous_27)
FN:583,(anonymous_28)
FN:659,(anonymous_29)
FN:680,(anonymous_30)
FN:729,(anonymous_31)
FN:764,(anonymous_32)
FN:803,(anonymous_33)
FN:842,(anonymous_34)
FN:861,(anonymous_35)
FN:893,(anonymous_36)
FN:918,(anonymous_37)
FN:938,(anonymous_38)
FN:940,(anonymous_39)
FN:979,(anonymous_40)
FN:998,(anonymous_41)
FN:1005,(anonymous_42)
FN:1006,(anonymous_43)
FN:1007,(anonymous_44)
FN:1010,(anonymous_45)
FN:1045,(anonymous_46)
FN:1135,(anonymous_47)
FN:1191,(anonymous_48)
FN:1197,(anonymous_49)
FN:1229,(anonymous_50)
FN:1254,(anonymous_51)
FN:1280,(anonymous_52)
FN:1310,(anonymous_53)
FN:1350,(anonymous_54)
FN:1386,(anonymous_55)
FN:1459,(anonymous_56)
FN:1479,(anonymous_57)
FN:1528,(anonymous_58)
FN:1568,(anonymous_59)
FN:1598,(anonymous_60)
FN:1619,(anonymous_61)
FN:1645,(anonymous_62)
FN:1676,(anonymous_63)
FN:1707,(anonymous_64)
FN:1735,(anonymous_65)
FN:1768,(anonymous_66)
FN:1777,(anonymous_67)
FN:1827,(anonymous_68)
FN:1854,(anonymous_69)
FN:1881,(anonymous_70)
FN:1947,(anonymous_71)
FN:1953,(anonymous_72)
FN:1983,(anonymous_73)
FN:2023,(anonymous_74)
FN:2047,(anonymous_75)
FN:2071,(anonymous_76)
FN:2084,(anonymous_77)
FN:2097,(anonymous_78)
FN:2115,(anonymous_79)
FN:2139,(anonymous_80)
FN:2143,(anonymous_81)
FN:2163,(anonymous_82)
FN:2191,(anonymous_83)
FN:2221,(anonymous_84)
FN:2261,(anonymous_85)
FN:2310,(anonymous_86)
FN:2350,(anonymous_87)
FN:2351,(anonymous_88)
FN:2372,(anonymous_89)
FN:2444,(anonymous_90)
FN:2464,(anonymous_91)
FN:2495,(anonymous_92)
FN:2527,(anonymous_93)
FN:2559,(anonymous_94)
FN:2579,(anonymous_95)
FN:2614,(anonymous_96)
FN:2739,(anonymous_97)
FN:2769,(anonymous_98)
FN:2839,(anonymous_99)
FN:2849,(anonymous_100)
FN:2850,(anonymous_101)
FN:2853,(anonymous_102)
FN:2854,(anonymous_103)
FN:2859,(anonymous_104)
FN:2868,(anonymous_105)
FN:2929,(anonymous_106)
FN:2946,(anonymous_107)
FN:2984,(anonymous_108)
FN:3012,(anonymous_109)
FN:3027,(anonymous_110)
FN:3082,(anonymous_111)
FN:3107,(anonymous_112)
FN:3134,(anonymous_113)
FN:3163,(anonymous_114)
FN:3198,(anonymous_115)
FN:3212,(anonymous_116)
FN:3243,(anonymous_117)
FN:3279,(anonymous_118)
FN:3280,(anonymous_119)
FN:3281,(anonymous_120)
FN:3367,(anonymous_121)
FN:3377,(anonymous_122)
FN:3382,(anonymous_123)
FN:3387,(anonymous_124)
FN:3394,(anonymous_125)
FN:3430,(anonymous_126)
FN:3507,(anonymous_127)
FN:3527,(anonymous_128)
FN:3552,(anonymous_129)
FN:3629,(anonymous_130)
FN:3667,(anonymous_131)
FN:3726,(anonymous_132)
FN:3772,(anonymous_133)
FN:3795,(anonymous_134)
FN:3815,(anonymous_135)
FN:3825,(anonymous_136)
FN:3847,(anonymous_137)
FN:3857,(anonymous_138)
FN:3870,(anonymous_139)
FN:3923,(anonymous_140)
FN:3943,(anonymous_141)
FN:3963,(anonymous_142)
FN:3983,(anonymous_143)
FN:4003,(anonymous_144)
FN:4010,(anonymous_145)
FN:4024,(anonymous_146)
FN:4037,(anonymous_147)
FN:4054,(anonymous_148)
FN:4071,(anonymous_149)
FN:4113,(anonymous_150)
FN:4161,(anonymous_151)
FN:4207,(anonymous_152)
FN:4230,(anonymous_153)
FN:4258,(anonymous_154)
FN:4283,(anonymous_155)
FN:4298,(anonymous_156)
FN:4314,(anonymous_157)
FN:4336,(anonymous_158)
FN:4368,(anonymous_159)
FN:4396,(anonymous_160)
FN:4414,(anonymous_161)
FN:4437,(anonymous_162)
FN:4480,(anonymous_163)
FN:4501,(anonymous_164)
FN:4541,(anonymous_165)
FN:4556,(anonymous_166)
FN:4582,(anonymous_167)
FN:4594,(anonymous_168)
FN:4607,(anonymous_169)
FN:4622,(anonymous_170)
FN:4634,(anonymous_171)
FN:4652,(anonymous_172)
FN:4656,(anonymous_173)
FN:4661,(anonymous_174)
FNF:175
FNH:150
FNDA:392,(anonymous_0)
FNDA:432,(anonymous_1)
FNDA:981,(anonymous_2)
FNDA:0,(anonymous_3)
FNDA:15,(anonymous_4)
FNDA:16,(anonymous_5)
FNDA:128,(anonymous_6)
FNDA:14,(anonymous_7)
FNDA:29,(anonymous_8)
FNDA:0,(anonymous_9)
FNDA:2,(anonymous_10)
FNDA:0,(anonymous_11)
FNDA:0,(anonymous_12)
FNDA:0,(anonymous_13)
FNDA:0,(anonymous_14)
FNDA:12,(anonymous_15)
FNDA:0,(anonymous_16)
FNDA:2,(anonymous_17)
FNDA:14,(anonymous_18)
FNDA:0,(anonymous_19)
FNDA:1,(anonymous_20)
FNDA:6,(anonymous_21)
FNDA:1,(anonymous_22)
FNDA:0,(anonymous_23)
FNDA:5,(anonymous_24)
FNDA:3,(anonymous_25)
FNDA:2,(anonymous_26)
FNDA:1,(anonymous_27)
FNDA:6,(anonymous_28)
FNDA:1,(anonymous_29)
FNDA:1,(anonymous_30)
FNDA:0,(anonymous_31)
FNDA:2,(anonymous_32)
FNDA:2,(anonymous_33)
FNDA:5,(anonymous_34)
FNDA:2,(anonymous_35)
FNDA:1,(anonymous_36)
FNDA:66,(anonymous_37)
FNDA:113,(anonymous_38)
FNDA:0,(anonymous_39)
FNDA:12,(anonymous_40)
FNDA:168,(anonymous_41)
FNDA:177,(anonymous_42)
FNDA:177,(anonymous_43)
FNDA:177,(anonymous_44)
FNDA:177,(anonymous_45)
FNDA:1,(anonymous_46)
FNDA:5,(anonymous_47)
FNDA:2,(anonymous_48)
FNDA:2,(anonymous_49)
FNDA:67,(anonymous_50)
FNDA:1,(anonymous_51)
FNDA:3,(anonymous_52)
FNDA:128,(anonymous_53)
FNDA:4,(anonymous_54)
FNDA:21,(anonymous_55)
FNDA:0,(anonymous_56)
FNDA:31,(anonymous_57)
FNDA:53,(anonymous_58)
FNDA:53,(anonymous_59)
FNDA:1,(anonymous_60)
FNDA:1,(anonymous_61)
FNDA:12,(anonymous_62)
FNDA:28,(anonymous_63)
FNDA:2,(anonymous_64)
FNDA:1,(anonymous_65)
FNDA:1,(anonymous_66)
FNDA:2,(anonymous_67)
FNDA:2,(anonymous_68)
FNDA:2,(anonymous_69)
FNDA:2,(anonymous_70)
FNDA:2,(anonymous_71)
FNDA:3,(anonymous_72)
FNDA:2,(anonymous_73)
FNDA:2,(anonymous_74)
FNDA:4,(anonymous_75)
FNDA:2,(anonymous_76)
FNDA:2,(anonymous_77)
FNDA:3,(anonymous_78)
FNDA:0,(anonymous_79)
FNDA:0,(anonymous_80)
FNDA:0,(anonymous_81)
FNDA:3,(anonymous_82)
FNDA:2,(anonymous_83)
FNDA:4,(anonymous_84)
FNDA:7,(anonymous_85)
FNDA:10,(anonymous_86)
FNDA:1,(anonymous_87)
FNDA:1,(anonymous_88)
FNDA:14,(anonymous_89)
FNDA:0,(anonymous_90)
FNDA:8,(anonymous_91)
FNDA:26,(anonymous_92)
FNDA:8,(anonymous_93)
FNDA:6,(anonymous_94)
FNDA:2,(anonymous_95)
FNDA:1,(anonymous_96)
FNDA:1,(anonymous_97)
FNDA:3,(anonymous_98)
FNDA:1,(anonymous_99)
FNDA:2,(anonymous_100)
FNDA:2,(anonymous_101)
FNDA:2,(anonymous_102)
FNDA:2,(anonymous_103)
FNDA:1,(anonymous_104)
FNDA:2,(anonymous_105)
FNDA:1,(anonymous_106)
FNDA:2,(anonymous_107)
FNDA:1,(anonymous_108)
FNDA:0,(anonymous_109)
FNDA:1,(anonymous_110)
FNDA:1,(anonymous_111)
FNDA:2,(anonymous_112)
FNDA:0,(anonymous_113)
FNDA:0,(anonymous_114)
FNDA:1,(anonymous_115)
FNDA:0,(anonymous_116)
FNDA:3,(anonymous_117)
FNDA:3,(anonymous_118)
FNDA:6,(anonymous_119)
FNDA:4,(anonymous_120)
FNDA:1,(anonymous_121)
FNDA:2,(anonymous_122)
FNDA:2,(anonymous_123)
FNDA:4,(anonymous_124)
FNDA:3,(anonymous_125)
FNDA:4,(anonymous_126)
FNDA:8,(anonymous_127)
FNDA:2,(anonymous_128)
FNDA:20,(anonymous_129)
FNDA:4,(anonymous_130)
FNDA:2,(anonymous_131)
FNDA:1,(anonymous_132)
FNDA:1,(anonymous_133)
FNDA:1,(anonymous_134)
FNDA:2,(anonymous_135)
FNDA:3,(anonymous_136)
FNDA:2,(anonymous_137)
FNDA:3,(anonymous_138)
FNDA:6,(anonymous_139)
FNDA:2,(anonymous_140)
FNDA:1,(anonymous_141)
FNDA:2,(anonymous_142)
FNDA:1,(anonymous_143)
FNDA:6,(anonymous_144)
FNDA:4,(anonymous_145)
FNDA:10,(anonymous_146)
FNDA:5,(anonymous_147)
FNDA:5,(anonymous_148)
FNDA:3,(anonymous_149)
FNDA:1,(anonymous_150)
FNDA:17,(anonymous_151)
FNDA:0,(anonymous_152)
FNDA:1,(anonymous_153)
FNDA:0,(anonymous_154)
FNDA:0,(anonymous_155)
FNDA:0,(anonymous_156)
FNDA:1,(anonymous_157)
FNDA:137,(anonymous_158)
FNDA:63,(anonymous_159)
FNDA:50,(anonymous_160)
FNDA:10,(anonymous_161)
FNDA:1,(anonymous_162)
FNDA:1,(anonymous_163)
FNDA:8,(anonymous_164)
FNDA:1,(anonymous_165)
FNDA:0,(anonymous_166)
FNDA:7,(anonymous_167)
FNDA:8,(anonymous_168)
FNDA:15,(anonymous_169)
FNDA:6,(anonymous_170)
FNDA:12,(anonymous_171)
FNDA:1524,(anonymous_172)
FNDA:12,(anonymous_173)
FNDA:20,(anonymous_174)
DA:1,5
DA:3,5
DA:5,5
DA:6,5
DA:8,5
DA:9,5
DA:10,5
DA:11,5
DA:12,5
DA:14,5
DA:15,5
DA:16,5
DA:18,5
DA:19,5
DA:20,5
DA:21,5
DA:22,5
DA:25,5
DA:29,0
DA:30,0
DA:34,5
DA:35,5
DA:38,5
DA:39,392
DA:42,5
DA:43,432
DA:45,413
DA:47,377
DA:49,0
DA:51,0
DA:53,36
DA:55,0
DA:57,0
DA:59,0
DA:65,981
DA:67,0
DA:68,0
DA:71,0
DA:86,0
DA:87,0
DA:88,0
DA:89,0
DA:90,0
DA:92,0
DA:93,0
DA:123,15
DA:125,15
DA:126,15
DA:127,15
DA:128,15
DA:130,15
DA:131,15
DA:133,15
DA:134,15
DA:136,15
DA:138,15
DA:156,16
DA:157,16
DA:158,16
DA:167,128
DA:169,16
DA:170,16
DA:171,16
DA:174,16
DA:175,16
DA:176,16
DA:179,16
DA:187,0
DA:189,0
DA:191,0
DA:218,14
DA:223,14
DA:231,14
DA:233,14
DA:237,29
DA:238,29
DA:239,29
DA:240,29
DA:242,29
DA:243,29
DA:245,29
DA:254,29
DA:261,0
DA:262,0
DA:278,2
DA:279,0
DA:282,2
DA:287,2
DA:288,2
DA:290,2
DA:291,2
DA:293,2
DA:294,2
DA:296,2
DA:312,0
DA:313,0
DA:316,0
DA:332,0
DA:337,0
DA:348,0
DA:364,0
DA:365,0
DA:367,0
DA:368,0
DA:371,0
DA:372,0
DA:374,0
DA:375,0
DA:388,12
DA:397,0
DA:399,0
DA:408,2
DA:419,14
DA:420,14
DA:421,14
DA:423,14
DA:437,0
DA:438,0
DA:439,0
DA:440,0
DA:441,0
DA:451,1
DA:464,6
DA:479,1
DA:492,0
DA:494,0
DA:507,5
DA:509,5
DA:524,2
DA:526,2
DA:534,2
DA:550,1
DA:590,6
DA:591,6
DA:594,6
DA:595,6
DA:597,6
DA:599,6
DA:609,6
DA:611,6
DA:612,6
DA:615,6
DA:617,6
DA:625,6
DA:632,6
DA:639,6
DA:640,0
DA:646,6
DA:648,6
DA:660,1
DA:662,1
DA:681,1
DA:686,1
DA:694,1
DA:703,1
DA:713,1
DA:730,0
DA:732,0
DA:734,0
DA:741,0
DA:765,2
DA:767,2
DA:769,2
DA:771,1
DA:772,1
DA:775,2
DA:777,2
DA:778,2
DA:780,2
DA:788,2
DA:804,2
DA:806,2
DA:808,2
DA:810,1
DA:811,1
DA:814,2
DA:816,2
DA:818,2
DA:826,2
DA:843,5
DA:845,5
DA:853,5
DA:856,5
DA:859,2
DA:860,2
DA:862,2
DA:870,2
DA:871,2
DA:875,2
DA:877,2
DA:894,1
DA:896,1
DA:919,66
DA:921,66
DA:923,66
DA:924,17
DA:926,17
DA:933,66
DA:934,11
DA:935,11
DA:937,11
DA:938,113
DA:940,0
DA:944,55
DA:945,55
DA:947,55
DA:952,55
DA:954,55
DA:959,55
DA:965,0
DA:966,0
DA:967,0
DA:980,12
DA:982,12
DA:985,12
DA:987,12
DA:988,12
DA:991,12
DA:997,12
DA:998,168
DA:1000,12
DA:1001,12
DA:1003,12
DA:1005,177
DA:1006,177
DA:1007,177
DA:1009,12
DA:1011,177
DA:1013,177
DA:1014,43
DA:1015,43
DA:1024,12
DA:1046,1
DA:1048,1
DA:1049,1
DA:1054,1
DA:1056,1
DA:1057,1
DA:1059,1
DA:1062,1
DA:1075,1
DA:1082,1
DA:1083,0
DA:1091,0
DA:1100,1
DA:1106,1
DA:1136,5
DA:1138,5
DA:1140,5
DA:1145,5
DA:1146,0
DA:1150,5
DA:1151,0
DA:1155,5
DA:1156,0
DA:1160,5
DA:1161,1
DA:1165,5
DA:1167,4
DA:1170,4
DA:1171,1
DA:1175,5
DA:1176,0
DA:1180,5
DA:1191,5
DA:1192,2
DA:1195,5
DA:1196,1
DA:1197,2
DA:1199,0
DA:1203,5
DA:1204,5
DA:1206,5
DA:1230,67
DA:1232,67
DA:1234,67
DA:1236,67
DA:1255,1
DA:1257,1
DA:1281,3
DA:1283,3
DA:1285,3
DA:1311,128
DA:1316,128
DA:1318,128
DA:1320,128
DA:1321,128
DA:1330,14
DA:1331,0
DA:1334,14
DA:1351,4
DA:1353,4
DA:1355,4
DA:1387,21
DA:1391,21
DA:1392,3
DA:1395,3
DA:1397,1
DA:1400,2
DA:1403,3
DA:1404,3
DA:1407,21
DA:1408,17
DA:1409,17
DA:1411,17
DA:1412,17
DA:1414,4
DA:1417,21
DA:1418,4
DA:1420,4
DA:1428,21
DA:1430,21
DA:1460,0
DA:1462,0
DA:1480,31
DA:1482,31
DA:1484,24
DA:1487,7
DA:1488,6
DA:1490,0
DA:1491,6
DA:1493,0
DA:1496,6
DA:1501,31
DA:1503,31
DA:1529,53
DA:1531,53
DA:1533,53
DA:1542,53
DA:1544,53
DA:1545,53
DA:1553,53
DA:1555,53
DA:1569,53
DA:1571,53
DA:1573,53
DA:1579,53
DA:1580,51
DA:1582,51
DA:1599,1
DA:1601,1
DA:1603,1
DA:1620,1
DA:1622,1
DA:1646,12
DA:1650,12
DA:1652,12
DA:1654,12
DA:1677,28
DA:1681,28
DA:1683,28
DA:1685,28
DA:1708,2
DA:1712,2
DA:1714,2
DA:1716,2
DA:1736,1
DA:1738,1
DA:1740,1
DA:1774,1
DA:1778,2
DA:1780,2
DA:1781,2
DA:1782,0
DA:1784,2
DA:1787,2
DA:1839,2
DA:1854,2
DA:1855,2
DA:1856,1
DA:1865,1
DA:1877,2
DA:1880,2
DA:1881,2
DA:1883,2
DA:1885,2
DA:1886,0
DA:1889,2
DA:1890,2
DA:1891,1
DA:1893,1
DA:1894,1
DA:1896,1
DA:1906,1
DA:1908,1
DA:1909,1
DA:1911,1
DA:1919,2
DA:1948,2
DA:1951,2
DA:1952,2
DA:1953,2
DA:1954,3
DA:1956,3
DA:1958,3
DA:1959,3
DA:1961,3
DA:1966,3
DA:1969,2
DA:1971,2
DA:1972,1
DA:1975,2
DA:1977,2
DA:1978,2
DA:1980,2
DA:1983,2
DA:1992,2
DA:1993,2
DA:1995,0
DA:1996,0
DA:1997,0
DA:1999,0
DA:2000,0
DA:2001,0
DA:2002,0
DA:2004,0
DA:2005,0
DA:2010,0
DA:2014,0
DA:2016,0
DA:2017,0
DA:2020,2
DA:2024,2
DA:2025,2
DA:2028,2
DA:2029,3
DA:2030,3
DA:2032,3
DA:2034,3
DA:2035,2
DA:2040,2
DA:2048,4
DA:2049,4
DA:2051,4
DA:2053,4
DA:2060,4
DA:2072,2
DA:2074,2
DA:2085,2
DA:2087,2
DA:2098,3
DA:2100,3
DA:2116,0
DA:2118,0
DA:2120,0
DA:2140,0
DA:2141,0
DA:2143,0
DA:2145,0
DA:2164,3
DA:2166,3
DA:2168,3
DA:2192,2
DA:2194,2
DA:2196,2
DA:2198,2
DA:2206,2
DA:2222,4
DA:2224,4
DA:2226,4
DA:2228,4
DA:2271,7
DA:2273,7
DA:2275,7
DA:2276,7
DA:2277,7
DA:2279,7
DA:2282,7
DA:2283,3
DA:2286,7
DA:2288,3
DA:2290,3
DA:2291,3
DA:2292,2
DA:2295,3
DA:2302,4
DA:2303,4
DA:2306,4
DA:2308,1
DA:2310,1
DA:2312,10
DA:2313,10
DA:2315,10
DA:2316,10
DA:2318,0
DA:2325,10
DA:2333,4
DA:2334,4
DA:2335,41
DA:2336,41
DA:2338,41
DA:2340,41
DA:2341,11
DA:2343,30
DA:2347,4
DA:2349,1
DA:2350,1
DA:2351,1
DA:2352,1
DA:2373,14
DA:2375,14
DA:2377,1
DA:2378,1
DA:2381,1
DA:2385,13
DA:2386,1
DA:2389,1
DA:2396,1
DA:2397,0
DA:2399,1
DA:2402,1
DA:2403,1
DA:2404,1
DA:2405,1
DA:2407,1
DA:2409,1
DA:2411,1
DA:2412,1
DA:2415,0
DA:2418,1
DA:2428,13
DA:2445,0
DA:2446,0
DA:2449,0
DA:2465,8
DA:2467,8
DA:2478,8
DA:2496,26
DA:2497,11
DA:2498,11
DA:2501,26
DA:2502,26
DA:2528,8
DA:2529,8
DA:2560,6
DA:2562,6
DA:2564,6
DA:2580,2
DA:2582,2
DA:2624,1
DA:2626,1
DA:2627,0
DA:2630,1
DA:2638,1
DA:2640,0
DA:2642,0
DA:2655,0
DA:2673,1
DA:2682,1
DA:2693,1
DA:2710,1
DA:2717,1
DA:2740,1
DA:2742,1
DA:2743,0
DA:2746,1
DA:2747,0
DA:2750,1
DA:2757,1
DA:2763,1
DA:2764,1
DA:2765,1
DA:2766,1
DA:2768,1
DA:2769,3
DA:2772,1
DA:2778,1
DA:2780,1
DA:2790,1
DA:2812,1
DA:2818,1
DA:2840,1
DA:2846,1
DA:2849,1
DA:2850,2
DA:2853,2
DA:2854,2
DA:2858,1
DA:2859,1
DA:2862,1
DA:2867,1
DA:2868,2
DA:2872,1
DA:2873,0
DA:2874,0
DA:2893,1
DA:2895,1
DA:2908,1
DA:2930,1
DA:2937,1
DA:2940,1
DA:2945,1
DA:2946,2
DA:2949,1
DA:2958,1
DA:2965,1
DA:2985,1
DA:2987,1
DA:3013,0
DA:3028,1
DA:3029,1
DA:3036,1
DA:3038,1
DA:3046,1
DA:3048,1
DA:3083,1
DA:3085,1
DA:3108,2
DA:3110,2
DA:3117,2
DA:3118,1
DA:3135,0
DA:3136,0
DA:3137,0
DA:3138,0
DA:3139,0
DA:3142,0
DA:3144,0
DA:3146,0
DA:3164,0
DA:3165,0
DA:3167,0
DA:3168,0
DA:3170,0
DA:3171,0
DA:3175,0
DA:3177,0
DA:3179,0
DA:3199,1
DA:3201,1
DA:3213,0
DA:3215,0
DA:3216,0
DA:3219,0
DA:3220,0
DA:3223,0
DA:3224,0
DA:3234,0
DA:3236,0
DA:3240,0
DA:3244,3
DA:3246,3
DA:3256,3
DA:3257,3
DA:3258,3
DA:3261,3
DA:3263,3
DA:3280,6
DA:3281,4
DA:3283,3
DA:3284,0
DA:3287,3
DA:3289,3
DA:3290,3
DA:3293,3
DA:3295,3
DA:3297,3
DA:3311,3
DA:3312,3
DA:3313,12
DA:3314,12
DA:3315,12
DA:3316,12
DA:3319,12
DA:3320,12
DA:3321,12
DA:3322,6
DA:3325,6
DA:3326,6
DA:3338,6
DA:3339,4
DA:3348,3
DA:3350,3
DA:3368,1
DA:3369,0
DA:3372,1
DA:3373,1
DA:3377,1
DA:3378,2
DA:3379,2
DA:3381,2
DA:3382,2
DA:3384,2
DA:3387,4
DA:3388,1
DA:3389,1
DA:3390,1
DA:3394,3
DA:3396,1
DA:3397,1
DA:3408,1
DA:3442,4
DA:3444,4
DA:3446,4
DA:3447,4
DA:3450,4
DA:3451,4
DA:3452,1
DA:3461,4
DA:3472,4
DA:3508,8
DA:3528,2
DA:3565,20
DA:3567,20
DA:3583,20
DA:3585,20
DA:3587,20
DA:3588,20
DA:3589,16
DA:3591,16
DA:3592,15
DA:3594,4
DA:3595,4
DA:3598,20
DA:3599,3
DA:3600,17
DA:3601,9
DA:3602,8
DA:3603,2
DA:3604,6
DA:3605,1
DA:3608,20
DA:3630,4
DA:3634,4
DA:3635,3
DA:3637,1
DA:3640,4
DA:3642,4
DA:3668,2
DA:3672,2
DA:3673,2
DA:3675,0
DA:3678,2
DA:3680,2
DA:3687,2
DA:3688,2
DA:3689,2
DA:3690,0
DA:3697,2
DA:3703,2
DA:3705,2
DA:3727,1
DA:3728,1
DA:3730,1
DA:3732,1
DA:3734,1
DA:3739,1
DA:3754,1
DA:3760,1
DA:3773,1
DA:3775,1
DA:3796,1
DA:3798,1
DA:3816,2
DA:3818,2
DA:3824,2
DA:3826,3
DA:3848,2
DA:3850,2
DA:3856,2
DA:3858,3
DA:3872,6
DA:3873,2
DA:3880,2
DA:3881,0
DA:3885,6
DA:3887,6
DA:3896,6
DA:3903,6
DA:3905,0
DA:3906,0
DA:3909,6
DA:3924,2
DA:3944,1
DA:3964,2
DA:3984,1
DA:4004,6
DA:4006,6
DA:4007,2
DA:4010,4
DA:4011,4
DA:4013,4
DA:4014,0
DA:4017,4
DA:4021,6
DA:4023,6
DA:4026,10
DA:4032,10
DA:4034,10
DA:4038,5
DA:4039,5
DA:4049,0
DA:4054,10
DA:4055,5
DA:4059,6
DA:4072,3
DA:4074,3
DA:4075,0
DA:4078,3
DA:4080,3
DA:4085,3
DA:4088,3
DA:4090,3
DA:4097,3
DA:4114,1
DA:4115,0
DA:4118,1
DA:4120,1
DA:4125,1
DA:4128,1
DA:4130,1
DA:4137,1
DA:4162,17
DA:4170,17
DA:4171,0
DA:4174,17
DA:4175,17
DA:4176,0
DA:4179,17
DA:4181,17
DA:4208,0
DA:4231,1
DA:4233,1
DA:4235,1
DA:4259,0
DA:4261,0
DA:4284,0
DA:4299,0
DA:4315,1
DA:4337,137
DA:4369,63
DA:4397,50
DA:4415,10
DA:4416,10
DA:4438,1
DA:4440,1
DA:4442,1
DA:4449,1
DA:4451,1
DA:4465,1
DA:4467,1
DA:4481,1
DA:4483,0
DA:4486,1
DA:4488,1
DA:4496,1
DA:4498,1
DA:4502,8
DA:4504,8
DA:4505,7
DA:4506,6
DA:4507,6
DA:4509,1
DA:4511,1
DA:4512,0
DA:4516,8
DA:4517,1
DA:4520,8
DA:4521,0
DA:4524,8
DA:4542,1
DA:4544,1
DA:4546,1
DA:4557,0
DA:4583,7
DA:4585,7
DA:4587,7
DA:4595,8
DA:4608,15
DA:4609,15
DA:4623,6
DA:4628,6
DA:4635,12
DA:4651,12
DA:4652,1524
DA:4657,12
DA:4660,12
DA:4661,2
DA:4662,20
DA:4669,2
DA:4672,12
DA:4673,12
DA:4676,12
DA:4677,1
DA:4678,0
DA:4681,1
DA:4683,11
DA:4684,0
DA:4687,11
DA:4690,12
DA:4697,0
DA:4706,0
DA:4708,0
DA:4709,0
DA:4718,5
LF:895
LH:736
BRDA:3,0,0,0
BRDA:3,0,1,5
BRDA:25,1,0,0
BRDA:25,1,1,5
BRDA:45,2,0,377
BRDA:45,2,1,0
BRDA:45,2,2,0
BRDA:45,2,3,36
BRDA:45,2,4,0
BRDA:45,2,5,0
BRDA:45,2,6,0
BRDA:64,3,0,981
BRDA:65,4,0,981
BRDA:65,4,1,0
BRDA:67,5,0,0
BRDA:67,5,1,0
BRDA:71,6,0,0
BRDA:71,6,1,0
BRDA:87,7,0,0
BRDA:87,7,1,0
BRDA:88,8,0,0
BRDA:88,8,1,0
BRDA:89,9,0,0
BRDA:89,9,1,0
BRDA:90,10,0,0
BRDA:90,10,1,0
BRDA:92,11,0,0
BRDA:92,11,1,0
BRDA:120,12,0,1
BRDA:121,13,0,1
BRDA:162,14,0,3
BRDA:162,14,1,13
BRDA:170,15,0,16
BRDA:170,15,1,0
BRDA:175,16,0,16
BRDA:175,16,1,0
BRDA:211,17,0,14
BRDA:212,18,0,14
BRDA:278,19,0,0
BRDA:278,19,1,2
BRDA:312,20,0,0
BRDA:312,20,1,0
BRDA:364,21,0,0
BRDA:364,21,1,0
BRDA:371,22,0,0
BRDA:371,22,1,0
BRDA:451,23,0,1
BRDA:451,23,1,0
BRDA:536,24,0,2
BRDA:536,24,1,2
BRDA:587,25,0,4
BRDA:590,26,0,6
BRDA:590,26,1,0
BRDA:639,27,0,0
BRDA:639,27,1,6
BRDA:765,28,0,2
BRDA:765,28,1,1
BRDA:765,28,2,1
BRDA:767,29,0,0
BRDA:767,29,1,2
BRDA:769,30,0,1
BRDA:769,30,1,1
BRDA:778,31,0,2
BRDA:778,31,1,2
BRDA:804,32,0,2
BRDA:804,32,1,1
BRDA:804,32,2,1
BRDA:806,33,0,0
BRDA:806,33,1,2
BRDA:808,34,0,1
BRDA:808,34,1,1
BRDA:856,35,0,3
BRDA:856,35,1,2
BRDA:919,36,0,66
BRDA:919,36,1,49
BRDA:919,36,2,3
BRDA:921,37,0,3
BRDA:921,37,1,63
BRDA:923,38,0,17
BRDA:923,38,1,49
BRDA:933,39,0,11
BRDA:933,39,1,55
BRDA:937,40,0,11
BRDA:937,40,1,0
BRDA:938,41,0,113
BRDA:938,41,1,0
BRDA:954,42,0,55
BRDA:954,42,1,0
BRDA:967,43,0,0
BRDA:967,43,1,0
BRDA:980,44,0,12
BRDA:980,44,1,0
BRDA:991,45,0,12
BRDA:991,45,1,0
BRDA:1013,46,0,43
BRDA:1013,46,1,134
BRDA:1045,47,0,1
BRDA:1051,48,0,1
BRDA:1051,48,1,1
BRDA:1082,49,0,0
BRDA:1082,49,1,1
BRDA:1135,50,0,1
BRDA:1145,51,0,0
BRDA:1145,51,1,5
BRDA:1150,52,0,0
BRDA:1150,52,1,5
BRDA:1155,53,0,0
BRDA:1155,53,1,5
BRDA:1160,54,0,1
BRDA:1160,54,1,4
BRDA:1165,55,0,4
BRDA:1165,55,1,1
BRDA:1170,56,0,1
BRDA:1170,56,1,3
BRDA:1175,57,0,0
BRDA:1175,57,1,5
BRDA:1195,58,0,1
BRDA:1195,58,1,4
BRDA:1196,59,0,1
BRDA:1196,59,1,0
BRDA:1230,60,0,67
BRDA:1230,60,1,1
BRDA:1230,61,0,67
BRDA:1230,61,1,1
BRDA:1232,62,0,2
BRDA:1232,62,1,65
BRDA:1234,63,0,67
BRDA:1234,63,1,65
BRDA:1281,64,0,3
BRDA:1281,64,1,0
BRDA:1283,65,0,0
BRDA:1283,65,1,3
BRDA:1310,66,0,76
BRDA:1310,67,0,125
BRDA:1312,68,0,128
BRDA:1312,68,1,3
BRDA:1312,69,0,128
BRDA:1312,69,1,3
BRDA:1312,70,0,128
BRDA:1312,70,1,122
BRDA:1316,71,0,7
BRDA:1316,71,1,121
BRDA:1318,72,0,128
BRDA:1318,72,1,122
BRDA:1318,72,2,115
BRDA:1330,73,0,0
BRDA:1330,73,1,14
BRDA:1334,74,0,0
BRDA:1334,74,1,14
BRDA:1350,75,0,1
BRDA:1351,76,0,4
BRDA:1351,76,1,0
BRDA:1351,77,0,4
BRDA:1351,77,1,0
BRDA:1386,78,0,5
BRDA:1387,79,0,21
BRDA:1387,79,1,17
BRDA:1391,80,0,3
BRDA:1391,80,1,18
BRDA:1395,81,0,1
BRDA:1395,81,1,2
BRDA:1407,82,0,17
BRDA:1407,82,1,4
BRDA:1417,83,0,4
BRDA:1417,83,1,17
BRDA:1459,84,0,0
BRDA:1479,85,0,25
BRDA:1482,86,0,24
BRDA:1482,86,1,7
BRDA:1487,87,0,6
BRDA:1487,87,1,1
BRDA:1488,88,0,0
BRDA:1488,88,1,6
BRDA:1491,89,0,0
BRDA:1491,89,1,6
BRDA:1528,90,0,53
BRDA:1528,91,0,51
BRDA:1544,92,0,53
BRDA:1544,92,1,0
BRDA:1568,93,0,0
BRDA:1569,94,0,53
BRDA:1569,94,1,0
BRDA:1571,95,0,53
BRDA:1571,95,1,0
BRDA:1579,96,0,51
BRDA:1579,96,1,2
BRDA:1645,97,0,6
BRDA:1645,98,0,0
BRDA:1676,99,0,15
BRDA:1676,100,0,0
BRDA:1707,101,0,0
BRDA:1736,102,0,0
BRDA:1736,102,1,1
BRDA:1738,103,0,1
BRDA:1738,103,1,1
BRDA:1772,104,0,0
BRDA:1781,105,0,0
BRDA:1781,105,1,2
BRDA:1836,106,0,0
BRDA:1855,107,0,1
BRDA:1855,107,1,1
BRDA:1885,108,0,0
BRDA:1885,108,1,2
BRDA:1885,109,0,2
BRDA:1885,109,1,0
BRDA:1890,110,0,1
BRDA:1890,110,1,1
BRDA:1893,111,0,1
BRDA:1893,111,1,0
BRDA:1908,112,0,1
BRDA:1908,112,1,0
BRDA:1919,113,0,2
BRDA:1919,113,1,0
BRDA:1971,114,0,1
BRDA:1971,114,1,1
BRDA:1993,115,0,0
BRDA:1993,115,1,2
BRDA:2004,116,0,0
BRDA:2004,116,1,0
BRDA:2034,117,0,2
BRDA:2034,117,1,1
BRDA:2047,118,0,2
BRDA:2163,119,0,0
BRDA:2164,120,0,0
BRDA:2164,120,1,3
BRDA:2166,121,0,3
BRDA:2166,121,1,3
BRDA:2192,122,0,2
BRDA:2192,122,1,0
BRDA:2194,123,0,0
BRDA:2194,123,1,2
BRDA:2196,124,0,2
BRDA:2196,124,1,2
BRDA:2222,125,0,4
BRDA:2222,125,1,0
BRDA:2224,126,0,0
BRDA:2224,126,1,4
BRDA:2226,127,0,4
BRDA:2226,127,1,4
BRDA:2266,128,0,4
BRDA:2267,129,0,3
BRDA:2268,130,0,3
BRDA:2271,131,0,0
BRDA:2271,131,1,7
BRDA:2271,132,0,7
BRDA:2271,132,1,4
BRDA:2273,133,0,0
BRDA:2273,133,1,7
BRDA:2276,134,0,3
BRDA:2276,134,1,4
BRDA:2277,135,0,7
BRDA:2277,135,1,7
BRDA:2282,136,0,3
BRDA:2282,136,1,4
BRDA:2286,137,0,3
BRDA:2286,137,1,4
BRDA:2291,138,0,2
BRDA:2291,138,1,1
BRDA:2306,139,0,1
BRDA:2306,139,1,3
BRDA:2312,140,0,10
BRDA:2312,140,1,0
BRDA:2315,141,0,10
BRDA:2315,141,1,0
BRDA:2340,142,0,11
BRDA:2340,142,1,30
BRDA:2347,143,0,1
BRDA:2347,143,1,3
BRDA:2375,144,0,1
BRDA:2375,144,1,13
BRDA:2377,145,0,1
BRDA:2377,145,1,0
BRDA:2385,146,0,1
BRDA:2385,146,1,12
BRDA:2392,147,0,1
BRDA:2392,147,1,0
BRDA:2396,148,0,0
BRDA:2396,148,1,1
BRDA:2402,149,0,1
BRDA:2402,149,1,0
BRDA:2496,150,0,11
BRDA:2496,150,1,15
BRDA:2496,151,0,26
BRDA:2496,151,1,16
BRDA:2559,152,0,5
BRDA:2618,153,0,0
BRDA:2621,154,0,1
BRDA:2626,155,0,0
BRDA:2626,155,1,1
BRDA:2638,156,0,0
BRDA:2638,156,1,1
BRDA:2700,157,0,1
BRDA:2700,157,1,0
BRDA:2702,158,0,1
BRDA:2702,158,1,0
BRDA:2703,159,0,1
BRDA:2703,159,1,0
BRDA:2706,160,0,1
BRDA:2706,160,1,0
BRDA:2718,161,0,1
BRDA:2718,161,1,1
BRDA:2719,162,0,1
BRDA:2719,162,1,0
BRDA:2720,163,0,1
BRDA:2720,163,1,1
BRDA:2739,164,0,0
BRDA:2739,165,0,1
BRDA:2742,166,0,0
BRDA:2742,166,1,1
BRDA:2746,167,0,0
BRDA:2746,167,1,1
BRDA:2778,168,0,0
BRDA:2778,168,1,1
BRDA:2801,169,0,1
BRDA:2801,169,1,0
BRDA:2804,170,0,1
BRDA:2804,170,1,0
BRDA:2805,171,0,1
BRDA:2805,171,1,0
BRDA:2808,172,0,1
BRDA:2808,172,1,0
BRDA:2819,173,0,1
BRDA:2819,173,1,0
BRDA:2820,174,0,1
BRDA:2820,174,1,1
BRDA:2821,175,0,1
BRDA:2821,175,1,1
BRDA:2839,176,0,0
BRDA:2839,177,0,1
BRDA:2846,178,0,1
BRDA:2846,178,1,0
BRDA:2850,179,0,2
BRDA:2850,179,1,0
BRDA:2872,180,0,0
BRDA:2872,180,1,1
BRDA:2872,181,0,1
BRDA:2872,181,1,1
BRDA:2911,182,0,1
BRDA:2911,182,1,0
BRDA:2912,183,0,1
BRDA:2912,183,1,1
BRDA:2913,184,0,1
BRDA:2913,184,1,1
BRDA:2929,185,0,0
BRDA:2967,186,0,1
BRDA:2967,186,1,0
BRDA:2968,187,0,1
BRDA:2968,187,1,1
BRDA:2969,188,0,1
BRDA:2969,188,1,1
BRDA:3028,189,0,1
BRDA:3028,189,1,0
BRDA:3082,190,0,0
BRDA:3082,191,0,1
BRDA:3082,192,0,1
BRDA:3083,193,0,1
BRDA:3083,193,1,0
BRDA:3108,194,0,2
BRDA:3108,194,1,0
BRDA:3117,195,0,1
BRDA:3117,195,1,1
BRDA:3134,196,0,0
BRDA:3135,197,0,0
BRDA:3135,197,1,0
BRDA:3137,198,0,0
BRDA:3137,198,1,0
BRDA:3164,199,0,0
BRDA:3164,199,1,0
BRDA:3167,200,0,0
BRDA:3167,200,1,0
BRDA:3198,201,0,0
BRDA:3199,202,0,0
BRDA:3199,202,1,1
BRDA:3199,203,0,1
BRDA:3199,203,1,1
BRDA:3215,204,0,0
BRDA:3215,204,1,0
BRDA:3219,205,0,0
BRDA:3219,205,1,0
BRDA:3243,206,0,0
BRDA:3243,207,0,0
BRDA:3248,208,0,3
BRDA:3248,208,1,0
BRDA:3256,209,0,3
BRDA:3256,209,1,0
BRDA:3256,210,0,3
BRDA:3256,210,1,3
BRDA:3279,211,0,0
BRDA:3279,212,0,0
BRDA:3279,213,0,2
BRDA:3283,214,0,0
BRDA:3283,214,1,3
BRDA:3289,215,0,3
BRDA:3289,215,1,0
BRDA:3320,216,0,12
BRDA:3320,216,1,8
BRDA:3320,216,2,4
BRDA:3321,217,0,6
BRDA:3321,217,1,6
BRDA:3321,218,0,12
BRDA:3321,218,1,12
BRDA:3325,219,0,6
BRDA:3325,219,1,0
BRDA:3333,220,0,2
BRDA:3333,220,1,4
BRDA:3333,221,0,6
BRDA:3333,221,1,4
BRDA:3338,222,0,4
BRDA:3338,222,1,2
BRDA:3340,223,0,4
BRDA:3340,223,1,4
BRDA:3367,224,0,0
BRDA:3367,225,0,0
BRDA:3368,226,0,0
BRDA:3368,226,1,1
BRDA:3381,227,0,2
BRDA:3381,227,1,0
BRDA:3384,228,0,1
BRDA:3384,228,1,1
BRDA:3384,229,0,2
BRDA:3384,229,1,1
BRDA:3389,230,0,1
BRDA:3389,230,1,0
BRDA:3396,231,0,1
BRDA:3396,231,1,0
BRDA:3436,232,0,4
BRDA:3437,233,0,1
BRDA:3438,234,0,1
BRDA:3439,235,0,0
BRDA:3440,236,0,4
BRDA:3442,237,0,0
BRDA:3442,237,1,4
BRDA:3444,238,0,4
BRDA:3444,238,1,0
BRDA:3444,238,2,0
BRDA:3446,239,0,4
BRDA:3446,239,1,0
BRDA:3450,240,0,4
BRDA:3450,240,1,4
BRDA:3451,241,0,1
BRDA:3451,241,1,3
BRDA:3462,242,0,4
BRDA:3462,242,1,0
BRDA:3462,243,0,4
BRDA:3462,243,1,0
BRDA:3462,244,0,4
BRDA:3462,244,1,0
BRDA:3463,245,0,0
BRDA:3463,245,1,4
BRDA:3477,246,0,0
BRDA:3477,246,1,4
BRDA:3507,247,0,2
BRDA:3507,248,0,2
BRDA:3507,249,0,7
BRDA:3507,250,0,8
BRDA:3527,251,0,0
BRDA:3560,252,0,9
BRDA:3561,253,0,12
BRDA:3562,254,0,9
BRDA:3563,255,0,12
BRDA:3565,256,0,11
BRDA:3565,256,1,9
BRDA:3579,257,0,20
BRDA:3579,257,1,0
BRDA:3588,258,0,16
BRDA:3588,258,1,4
BRDA:3591,259,0,15
BRDA:3591,259,1,1
BRDA:3591,260,0,16
BRDA:3591,260,1,1
BRDA:3592,261,0,15
BRDA:3592,261,1,8
BRDA:3594,262,0,4
BRDA:3594,262,1,0
BRDA:3598,263,0,3
BRDA:3598,263,1,17
BRDA:3600,264,0,9
BRDA:3600,264,1,8
BRDA:3602,265,0,2
BRDA:3602,265,1,6
BRDA:3604,266,0,1
BRDA:3604,266,1,5
BRDA:3629,267,0,3
BRDA:3629,268,0,4
BRDA:3630,269,0,1
BRDA:3630,269,1,3
BRDA:3634,270,0,3
BRDA:3634,270,1,1
BRDA:3635,271,0,3
BRDA:3635,271,1,3
BRDA:3667,272,0,2
BRDA:3667,273,0,2
BRDA:3668,274,0,0
BRDA:3668,274,1,2
BRDA:3672,275,0,2
BRDA:3672,275,1,0
BRDA:3673,276,0,2
BRDA:3673,276,1,2
BRDA:3687,277,0,2
BRDA:3687,277,1,0
BRDA:3688,278,0,2
BRDA:3688,278,1,2
BRDA:3688,279,0,2
BRDA:3688,279,1,0
BRDA:3689,280,0,0
BRDA:3689,280,1,2
BRDA:3703,281,0,2
BRDA:3703,281,1,0
BRDA:3726,282,0,0
BRDA:3727,283,0,1
BRDA:3727,283,1,0
BRDA:3727,284,0,1
BRDA:3727,284,1,0
BRDA:3872,285,0,2
BRDA:3872,285,1,4
BRDA:3880,286,0,0
BRDA:3880,286,1,2
BRDA:3903,287,0,0
BRDA:3903,287,1,6
BRDA:4003,288,0,2
BRDA:4006,289,0,2
BRDA:4006,289,1,4
BRDA:4006,290,0,6
BRDA:4006,290,1,6
BRDA:4013,291,0,0
BRDA:4013,291,1,4
BRDA:4055,292,0,5
BRDA:4055,292,1,3
BRDA:4074,293,0,0
BRDA:4074,293,1,3
BRDA:4085,294,0,0
BRDA:4085,294,1,3
BRDA:4114,295,0,0
BRDA:4114,295,1,1
BRDA:4125,296,0,0
BRDA:4125,296,1,1
BRDA:4170,297,0,0
BRDA:4170,297,1,17
BRDA:4174,298,0,17
BRDA:4174,298,1,0
BRDA:4175,299,0,0
BRDA:4175,299,1,17
BRDA:4231,300,0,0
BRDA:4231,300,1,1
BRDA:4233,301,0,1
BRDA:4233,301,1,1
BRDA:4258,302,0,0
BRDA:4314,303,0,1
BRDA:4336,304,0,25
BRDA:4336,305,0,137
BRDA:4336,306,0,134
BRDA:4336,307,0,137
BRDA:4368,308,0,63
BRDA:4368,309,0,63
BRDA:4416,310,0,10
BRDA:4416,310,1,0
BRDA:4437,311,0,1
BRDA:4481,312,0,0
BRDA:4481,312,1,1
BRDA:4481,313,0,1
BRDA:4481,313,1,1
BRDA:4496,314,0,0
BRDA:4496,314,1,1
BRDA:4501,315,0,0
BRDA:4504,316,0,7
BRDA:4504,316,1,1
BRDA:4505,317,0,6
BRDA:4505,317,1,1
BRDA:4511,318,0,0
BRDA:4511,318,1,1
BRDA:4516,319,0,1
BRDA:4516,319,1,7
BRDA:4520,320,0,0
BRDA:4520,320,1,8
BRDA:4541,321,0,1
BRDA:4541,322,0,1
BRDA:4541,323,0,1
BRDA:4582,324,0,0
BRDA:4582,325,0,2
BRDA:4582,326,0,5
BRDA:4657,327,0,0
BRDA:4657,327,1,12
BRDA:4660,328,0,2
BRDA:4660,328,1,10
BRDA:4676,329,0,1
BRDA:4676,329,1,11
BRDA:4677,330,0,0
BRDA:4677,330,1,1
BRDA:4683,331,0,0
BRDA:4683,331,1,11
BRDA:4701,332,0,0
BRDA:4701,332,1,0
BRDA:4708,333,0,0
BRDA:4708,333,1,0
BRF:594
BRH:397
end_of_record
TN:
SF:/Users/ktalmadge/dev/elv-client-js/src/ElvWallet.js
FN:13,(anonymous_0)
FN:23,(anonymous_1)
FN:36,(anonymous_2)
FN:55,(anonymous_3)
FN:77,(anonymous_4)
FN:100,(anonymous_5)
FN:124,(anonymous_6)
FN:142,(anonymous_7)
FN:152,(anonymous_8)
FNF:9
FNH:9
FNDA:12,(anonymous_0)
FNDA:7,(anonymous_1)
FNDA:7,(anonymous_2)
FNDA:3,(anonymous_3)
FNDA:24,(anonymous_4)
FNDA:2,(anonymous_5)
FNDA:1,(anonymous_6)
FNDA:3,(anonymous_7)
FNDA:1,(anonymous_8)
DA:1,5
DA:14,12
DA:15,12
DA:24,7
DA:37,7
DA:39,7
DA:56,3
DA:57,1
DA:60,3
DA:62,3
DA:78,24
DA:79,24
DA:81,24
DA:82,5
DA:85,24
DA:101,2
DA:103,2
DA:104,0
DA:107,2
DA:125,1
DA:127,1
DA:128,0
DA:131,1
DA:143,3
DA:153,1
DA:157,5
LF:26
LH:24
BRDA:56,0,0,1
BRDA:56,0,1,2
BRDA:81,1,0,5
BRDA:81,1,1,19
BRDA:101,2,0,2
BRDA:101,2,1,1
BRDA:103,3,0,0
BRDA:103,3,1,2
BRDA:125,4,0,1
BRDA:125,4,1,0
BRDA:127,5,0,0
BRDA:127,5,1,1
BRF:12
BRH:9
end_of_record
TN:
SF:/Users/ktalmadge/dev/elv-client-js/src/EthClient.js
FN:21,(anonymous_0)
FN:36,(anonymous_1)
FN:48,(anonymous_2)
FN:56,(anonymous_3)
FN:84,(anonymous_4)
FN:92,(anonymous_5)
FN:102,(anonymous_6)
FN:125,(anonymous_7)
FN:131,(anonymous_8)
FN:135,(anonymous_9)
FN:149,(anonymous_10)
FN:150,(anonymous_11)
FN:158,(anonymous_12)
FN:162,(anonymous_13)
FN:166,(anonymous_14)
FN:192,(anonymous_15)
FN:205,(anonymous_16)
FN:263,(anonymous_17)
FN:297,(anonymous_18)
FN:308,(anonymous_19)
FN:318,(anonymous_20)
FN:321,(anonymous_21)
FN:322,(anonymous_22)
FN:329,(anonymous_23)
FN:340,(anonymous_24)
FN:367,(anonymous_25)
FN:406,(anonymous_26)
FN:418,(anonymous_27)
FN:430,(anonymous_28)
FN:444,(anonymous_29)
FN:459,(anonymous_30)
FN:471,(anonymous_31)
FN:481,(anonymous_32)
FN:493,(anonymous_33)
FN:512,(anonymous_34)
FN:530,(anonymous_35)
FN:534,(anonymous_36)
FN:555,(anonymous_37)
FN:572,(anonymous_38)
FN:580,(anonymous_39)
FN:586,(anonymous_40)
FN:602,(anonymous_41)
FNF:42
FNH:38
FNDA:1067,(anonymous_0)
FNDA:29,(anonymous_1)
FNDA:1062,(anonymous_2)
FNDA:314,(anonymous_3)
FNDA:348,(anonymous_4)
FNDA:133,(anonymous_5)
FNDA:588,(anonymous_6)
FNDA:188,(anonymous_7)
FNDA:0,(anonymous_8)
FNDA:0,(anonymous_9)
FNDA:327,(anonymous_10)
FNDA:10748,(anonymous_11)
FNDA:188,(anonymous_12)
FNDA:1,(anonymous_13)
FNDA:1,(anonymous_14)
FNDA:330,(anonymous_15)
FNDA:2134,(anonymous_16)
FNDA:147,(anonymous_17)
FNDA:276,(anonymous_18)
FNDA:22,(anonymous_19)
FNDA:51,(anonymous_20)
FNDA:51,(anonymous_21)
FNDA:51,(anonymous_22)
FNDA:85,(anonymous_23)
FNDA:25,(anonymous_24)
FNDA:0,(anonymous_25)
FNDA:1,(anonymous_26)
FNDA:1,(anonymous_27)
FNDA:6,(anonymous_28)
FNDA:17,(anonymous_29)
FNDA:53,(anonymous_30)
FNDA:0,(anonymous_31)
FNDA:1,(anonymous_32)
FNDA:1,(anonymous_33)
FNDA:15,(anonymous_34)
FNDA:14,(anonymous_35)
FNDA:394,(anonymous_36)
FNDA:7,(anonymous_37)
FNDA:394,(anonymous_38)
FNDA:242,(anonymous_39)
FNDA:18,(anonymous_40)
FNDA:177,(anonymous_41)
DA:3,5
DA:4,5
DA:7,5
DA:8,5
DA:9,5
DA:10,5
DA:12,5
DA:13,5
DA:14,5
DA:16,5
DA:18,5
DA:22,1067
DA:24,0
DA:25,0
DA:28,0
DA:37,29
DA:38,29
DA:39,29
DA:40,29
DA:42,29
DA:43,29
DA:45,29
DA:49,1062
DA:50,20
DA:53,1062
DA:57,314
DA:59,314
DA:60,33
DA:62,33
DA:70,33
DA:75,33
DA:77,0
DA:81,314
DA:85,348
DA:87,348
DA:88,133
DA:89,133
DA:92,133
DA:94,133
DA:95,30
DA:99,348
DA:103,588
DA:104,588
DA:106,588
DA:107,588
DA:110,0
DA:112,0
DA:113,0
DA:114,0
DA:115,0
DA:116,0
DA:119,0
DA:127,188
DA:128,28
DA:129,0
DA:131,0
DA:134,28
DA:135,28
DA:138,160
DA:140,1
DA:142,0
DA:144,159
DA:150,327
DA:152,10748
DA:155,327
DA:158,327
DA:163,1
DA:173,1
DA:175,1
DA:176,1
DA:178,1
DA:180,1
DA:181,1
DA:183,1
DA:185,1
DA:204,330
DA:205,2134
DA:208,330
DA:210,330
DA:211,330
DA:213,330
DA:216,330
DA:217,327
DA:224,330
DA:226,4
DA:229,330
DA:230,0
DA:233,330
DA:241,330
DA:242,330
DA:243,330
DA:244,330
DA:245,330
DA:247,0
DA:248,0
DA:249,0
DA:250,0
DA:252,0
DA:257,330
DA:259,330
DA:273,147
DA:276,147
DA:286,147
DA:289,147
DA:290,147
DA:293,147
DA:294,169
DA:296,169
DA:297,147
DA:298,276
DA:304,147
DA:307,22
DA:308,22
DA:311,147
DA:312,0
DA:315,147
DA:319,51
DA:321,51
DA:322,51
DA:323,51
DA:324,51
DA:330,85
DA:332,85
DA:333,205
DA:334,205
DA:335,85
DA:349,25
DA:351,25
DA:353,25
DA:354,0
DA:357,25
DA:359,25
DA:368,0
DA:375,0
DA:382,0
DA:383,0
DA:385,0
DA:394,0
DA:403,0
DA:407,1
DA:419,1
DA:431,6
DA:433,6
DA:446,17
DA:448,17
DA:460,53
DA:472,0
DA:482,1
DA:494,1
DA:503,1
DA:504,0
DA:507,1
DA:509,1
DA:513,15
DA:514,15
DA:519,15
DA:520,0
DA:526,15
DA:530,14
DA:535,394
DA:536,394
DA:537,394
DA:538,394
DA:539,394
DA:540,394
DA:541,394
DA:550,394
DA:557,7
DA:558,7
DA:559,6
DA:567,6
DA:571,7
DA:572,7
DA:573,394
DA:576,7
DA:577,7
DA:581,242
DA:582,242
DA:584,242
DA:585,18
DA:586,18
DA:587,18
DA:595,18
DA:598,242
DA:599,100
DA:601,100
DA:603,177
DA:604,177
DA:609,177
DA:617,242
DA:621,7
DA:625,5
LF:192
LH:160
BRDA:21,0,0,1067
BRDA:22,1,0,1067
BRDA:22,1,1,0
BRDA:24,2,0,0
BRDA:24,2,1,0
BRDA:28,3,0,0
BRDA:28,3,1,0
BRDA:49,4,0,20
BRDA:49,4,1,1042
BRDA:59,5,0,33
BRDA:59,5,1,281
BRDA:87,6,0,133
BRDA:87,6,1,215
BRDA:94,7,0,30
BRDA:94,7,1,103
BRDA:102,8,0,8
BRDA:102,9,0,588
BRDA:112,10,0,0
BRDA:112,10,1,0
BRDA:127,11,0,28
BRDA:127,11,1,160
BRDA:128,12,0,0
BRDA:128,12,1,28
BRDA:129,13,0,0
BRDA:129,13,1,0
BRDA:138,14,0,1
BRDA:138,14,1,0
BRDA:138,14,2,159
BRDA:152,15,0,10748
BRDA:152,15,1,10421
BRDA:155,16,0,0
BRDA:155,16,1,327
BRDA:163,17,0,0
BRDA:163,17,1,1
BRDA:169,18,0,0
BRDA:170,19,0,0
BRDA:197,20,0,33
BRDA:199,21,0,193
BRDA:200,22,0,46
BRDA:201,23,0,159
BRDA:211,24,0,330
BRDA:211,24,1,150
BRDA:216,25,0,327
BRDA:216,25,1,3
BRDA:224,26,0,4
BRDA:224,26,1,326
BRDA:229,27,0,0
BRDA:229,27,1,330
BRDA:247,28,0,0
BRDA:247,28,1,0
BRDA:247,29,0,0
BRDA:247,29,1,0
BRDA:250,30,0,0
BRDA:250,30,1,0
BRDA:269,31,0,147
BRDA:270,32,0,84
BRDA:296,33,0,147
BRDA:296,33,1,22
BRDA:311,34,0,0
BRDA:311,34,1,147
BRDA:334,35,0,85
BRDA:334,35,1,120
BRDA:334,36,0,205
BRDA:334,36,1,112
BRDA:344,37,0,0
BRDA:353,38,0,0
BRDA:353,38,1,25
BRDA:446,39,0,17
BRDA:446,39,1,0
BRDA:481,40,0,0
BRDA:493,41,0,0
BRDA:493,42,0,0
BRDA:494,43,0,1
BRDA:494,43,1,0
BRDA:503,44,0,0
BRDA:503,44,1,1
BRDA:519,45,0,0
BRDA:519,45,1,15
BRDA:526,46,0,15
BRDA:526,46,1,15
BRDA:530,47,0,0
BRDA:530,47,1,14
BRDA:535,48,0,394
BRDA:535,48,1,0
BRDA:535,49,0,394
BRDA:535,49,1,394
BRDA:538,50,0,394
BRDA:538,50,1,0
BRDA:540,51,0,394
BRDA:540,51,1,0
BRDA:555,52,0,0
BRDA:567,53,0,6
BRDA:567,53,1,0
BRDA:573,54,0,394
BRDA:573,54,1,224
BRDA:584,55,0,18
BRDA:584,55,1,224
BRDA:598,56,0,100
BRDA:598,56,1,142
BRDA:603,57,0,177
BRDA:603,57,1,0
BRF:101
BRH:62
end_of_record
TN:
SF:/Users/ktalmadge/dev/elv-client-js/src/FrameClient.js
FN:37,(anonymous_0)
FN:45,(anonymous_1)
FN:62,(anonymous_2)
FN:87,(anonymous_3)
FN:92,(anonymous_4)
FN:111,(anonymous_5)
FN:133,(anonymous_6)
FN:134,(anonymous_7)
FN:139,(anonymous_8)
FN:145,(anonymous_9)
FN:157,(anonymous_10)
FN:178,(anonymous_11)
FN:210,(anonymous_12)
FN:220,(anonymous_13)
FN:229,(anonymous_14)
FN:245,(anonymous_15)
FN:365,(anonymous_16)
FNF:17
FNH:15
FNDA:2,(anonymous_0)
FNDA:9,(anonymous_1)
FNDA:1,(anonymous_2)
FNDA:2,(anonymous_3)
FNDA:10,(anonymous_4)
FNDA:12,(anonymous_5)
FNDA:12,(anonymous_6)
FNDA:12,(anonymous_7)
FNDA:36,(anonymous_8)
FNDA:0,(anonymous_9)
FNDA:24,(anonymous_10)
FNDA:44,(anonymous_11)
FNDA:1,(anonymous_12)
FNDA:0,(anonymous_13)
FNDA:12,(anonymous_14)
FNDA:3,(anonymous_15)
FNDA:3,(anonymous_16)
DA:1,5
DA:3,5
DA:4,5
DA:38,2
DA:39,2
DA:41,2
DA:44,2
DA:45,230
DA:46,9
DA:47,9
DA:49,9
DA:59,2
DA:61,2
DA:62,20
DA:63,1
DA:64,1
DA:66,1
DA:89,2
DA:91,2
DA:92,10
DA:99,2
DA:101,0
DA:104,2
DA:112,12
DA:115,12
DA:117,12
DA:125,12
DA:126,12
DA:127,12
DA:128,12
DA:129,12
DA:134,12
DA:139,12
DA:140,36
DA:141,0
DA:144,36
DA:145,9
DA:146,0
DA:148,0
DA:149,0
DA:156,12
DA:157,2
DA:158,24
DA:159,24
DA:161,24
DA:163,24
DA:164,4
DA:167,20
DA:170,0
DA:174,2
DA:178,12
DA:179,44
DA:180,44
DA:182,44
DA:183,32
DA:186,12
DA:187,0
DA:189,12
DA:192,12
DA:193,12
DA:195,0
DA:197,0
DA:198,0
DA:203,12
DA:205,12
DA:211,1
DA:221,0
DA:230,12
DA:246,3
DA:366,3
DA:381,5
LF:71
LH:60
BRDA:37,0,0,1
BRDA:37,1,0,1
BRDA:37,2,0,2
BRDA:46,3,0,9
BRDA:46,3,1,7
BRDA:47,4,0,1
BRDA:47,4,1,8
BRDA:63,5,0,1
BRDA:63,5,1,0
BRDA:64,6,0,0
BRDA:64,6,1,1
BRDA:91,7,0,1
BRDA:91,7,1,1
BRDA:111,8,0,0
BRDA:111,9,0,12
BRDA:115,10,0,2
BRDA:115,10,1,10
BRDA:125,11,0,12
BRDA:125,11,1,0
BRDA:126,12,0,12
BRDA:126,12,1,0
BRDA:128,13,0,3
BRDA:128,13,1,9
BRDA:128,14,0,12
BRDA:128,14,1,12
BRDA:140,15,0,0
BRDA:140,15,1,36
BRDA:144,16,0,9
BRDA:144,16,1,27
BRDA:149,17,0,0
BRDA:149,17,1,0
BRDA:156,18,0,2
BRDA:156,18,1,10
BRDA:163,19,0,4
BRDA:163,19,1,20
BRDA:163,20,0,24
BRDA:163,20,1,22
BRDA:182,21,0,32
BRDA:182,21,1,12
BRDA:182,22,0,44
BRDA:182,22,1,32
BRDA:186,23,0,0
BRDA:186,23,1,12
BRDA:193,24,0,2
BRDA:193,24,1,10
BRDA:198,25,0,0
BRDA:198,25,1,0
BRF:47
BRH:36
end_of_record
TN:
SF:/Users/ktalmadge/dev/elv-client-js/src/HttpClient.js
FN:3,(anonymous_0)
FN:12,(anonymous_1)
FN:26,(anonymous_2)
FN:32,(anonymous_3)
FN:36,(anonymous_4)
FN:47,(anonymous_5)
FN:142,(anonymous_6)
FNF:7
FNH:7
FNDA:487,(anonymous_0)
FNDA:487,(anonymous_1)
FNDA:45,(anonymous_2)
FNDA:516,(anonymous_3)
FNDA:487,(anonymous_4)
FNDA:487,(anonymous_5)
FNDA:26,(anonymous_6)
DA:1,5
DA:3,5
DA:4,487
DA:5,487
DA:7,0
DA:13,487
DA:15,0
DA:16,0
DA:19,0
DA:27,45
DA:28,45
DA:29,45
DA:33,516
DA:37,487
DA:38,487
DA:39,442
DA:41,45
DA:44,487
DA:57,487
DA:62,487
DA:67,487
DA:68,199
DA:69,154
DA:71,45
DA:77,487
DA:78,487
DA:84,0
DA:93,487
DA:94,19
DA:96,0
DA:98,0
DA:100,0
DA:112,19
DA:114,19
DA:115,19
DA:116,19
DA:119,19
DA:129,19
DA:134,19
DA:137,468
DA:139,468
DA:143,26
DA:152,5
LF:43
LH:35
BRDA:3,0,0,0
BRDA:4,1,0,487
BRDA:4,1,1,0
BRDA:12,2,0,468
BRDA:13,3,0,487
BRDA:13,3,1,0
BRDA:15,4,0,0
BRDA:15,4,1,0
BRDA:19,5,0,0
BRDA:19,5,1,0
BRDA:36,6,0,0
BRDA:38,7,0,442
BRDA:38,7,1,45
BRDA:50,8,0,334
BRDA:51,9,0,342
BRDA:52,10,0,442
BRDA:53,11,0,16
BRDA:54,12,0,487
BRDA:55,13,0,280
BRDA:67,14,0,199
BRDA:67,14,1,288
BRDA:67,15,0,487
BRDA:67,15,1,316
BRDA:68,16,0,154
BRDA:68,16,1,45
BRDA:93,17,0,19
BRDA:93,17,1,468
BRDA:94,18,0,0
BRDA:94,18,1,19
BRDA:94,19,0,19
BRDA:94,19,1,19
BRDA:94,19,2,0
BRDA:112,20,0,19
BRDA:112,20,1,0
BRDA:115,21,0,19
BRDA:115,21,1,0
BRDA:115,22,0,19
BRDA:115,22,1,19
BRDA:116,23,0,19
BRDA:116,23,1,0
BRDA:142,24,0,0
BRF:41
BRH:27
end_of_record
TN:
SF:/Users/ktalmadge/dev/elv-client-js/src/Id.js
FN:6,(anonymous_0)
FNF:1
FNH:1
FNDA:15,(anonymous_0)
DA:3,5
DA:7,15
DA:8,15
DA:12,5
LF:4
LH:4
BRF:0
BRH:0
end_of_record
TN:
SF:/Users/ktalmadge/dev/elv-client-js/src/LimitedMap.js
FN:2,(anonymous_0)
FN:5,(anonymous_1)
FN:7,(anonymous_2)
FN:20,(anonymous_3)
FN:21,(anonymous_4)
FNF:5
FNH:4
FNDA:23,(anonymous_0)
FNDA:341,(anonymous_1)
FNDA:0,(anonymous_2)
FNDA:23,(anonymous_3)
FNDA:73,(anonymous_4)
DA:2,5
DA:3,23
DA:4,23
DA:5,23
DA:6,341
DA:7,0
DA:10,341
DA:11,341
DA:12,341
DA:13,341
DA:15,341
DA:18,23
DA:19,23
DA:20,23
DA:21,23
DA:22,73
DA:23,73
DA:25,73
DA:26,268
DA:27,268
DA:29,0
DA:32,268
DA:36,73
DA:37,73
DA:38,23
DA:44,5
LF:26
LH:24
BRDA:21,0,0,23
BRDA:21,0,1,0
BRDA:37,1,0,23
BRDA:37,1,1,50
BRF:4
BRH:3
end_of_record
TN:
SF:/Users/ktalmadge/dev/elv-client-js/src/UserProfileClient.js
FN:8,(anonymous_0)
FN:66,(anonymous_1)
FN:80,(anonymous_2)
FN:105,(anonymous_3)
FN:118,(anonymous_4)
FN:184,(anonymous_5)
FN:188,(anonymous_6)
FN:192,(anonymous_7)
FN:226,(anonymous_8)
FN:256,(anonymous_9)
FN:288,(anonymous_10)
FN:309,(anonymous_11)
FN:329,(anonymous_12)
FN:352,(anonymous_13)
FN:364,(anonymous_14)
FN:385,(anonymous_15)
FN:419,(anonymous_16)
FN:467,(anonymous_17)
FN:472,(anonymous_18)
FN:483,(anonymous_19)
FN:516,(anonymous_20)
FN:568,(anonymous_21)
FN:571,(anonymous_22)
FN:574,(anonymous_23)
FN:588,(anonymous_24)
FN:596,(anonymous_25)
FN:601,(anonymous_26)
FN:606,(anonymous_27)
FN:626,(anonymous_28)
FNF:29
FNH:27
FNDA:34,(anonymous_0)
FNDA:29,(anonymous_1)
FNDA:267,(anonymous_2)
FNDA:41,(anonymous_3)
FNDA:4,(anonymous_4)
FNDA:11,(anonymous_5)
FNDA:10,(anonymous_6)
FNDA:17,(anonymous_7)
FNDA:3,(anonymous_8)
FNDA:17,(anonymous_9)
FNDA:2,(anonymous_10)
FNDA:2,(anonymous_11)
FNDA:1,(anonymous_12)
FNDA:4,(anonymous_13)
FNDA:2,(anonymous_14)
FNDA:2,(anonymous_15)
FNDA:2,(anonymous_16)
FNDA:4,(anonymous_17)
FNDA:4,(anonymous_18)
FNDA:4,(anonymous_19)
FNDA:9,(anonymous_20)
FNDA:3,(anonymous_21)
FNDA:3,(anonymous_22)
FNDA:9,(anonymous_23)
FNDA:9,(anonymous_24)
FNDA:0,(anonymous_25)
FNDA:0,(anonymous_26)
FNDA:2,(anonymous_27)
FNDA:46,(anonymous_28)
DA:1,5
DA:2,5
DA:3,5
DA:5,5
DA:9,34
DA:11,0
DA:12,0
DA:15,0
DA:67,29
DA:68,29
DA:69,29
DA:81,267
DA:82,9
DA:85,9
DA:92,9
DA:93,5
DA:97,267
DA:106,41
DA:108,4
DA:109,0
DA:112,4
DA:114,4
DA:115,4
DA:118,4
DA:120,4
DA:122,4
DA:123,4
DA:124,0
DA:127,4
DA:134,4
DA:141,4
DA:145,4
DA:146,4
DA:148,4
DA:149,4
DA:151,4
DA:152,4
DA:154,4
DA:156,4
DA:166,4
DA:174,4
DA:178,4
DA:179,4
DA:181,4
DA:185,11
DA:189,10
DA:193,17
DA:195,17
DA:197,15
DA:199,15
DA:201,15
DA:202,15
DA:203,4
DA:204,4
DA:205,2
DA:208,2
DA:211,13
DA:212,13
DA:213,8
DA:227,3
DA:229,3
DA:231,3
DA:233,3
DA:234,3
DA:236,3
DA:257,17
DA:258,7
DA:261,10
DA:263,10
DA:264,10
DA:267,10
DA:268,0
DA:276,10
DA:277,10
DA:278,10
DA:289,2
DA:291,2
DA:292,2
DA:294,2
DA:296,2
DA:297,2
DA:299,2
DA:310,2
DA:312,2
DA:313,2
DA:315,2
DA:317,2
DA:318,2
DA:320,2
DA:330,1
DA:332,1
DA:333,1
DA:335,1
DA:337,1
DA:338,1
DA:340,1
DA:353,4
DA:365,2
DA:367,2
DA:368,1
DA:371,1
DA:387,2
DA:388,1
DA:390,1
DA:391,1
DA:394,2
DA:396,2
DA:398,2
DA:400,2
DA:401,2
DA:403,2
DA:420,2
DA:422,2
DA:423,2
DA:425,2
DA:427,2
DA:434,2
DA:443,2
DA:453,2
DA:455,2
DA:468,4
DA:473,4
DA:474,4
DA:477,0
DA:480,4
DA:484,4
DA:485,4
DA:489,4
DA:490,4
DA:492,4
DA:493,4
DA:496,4
DA:497,4
DA:505,4
DA:512,4
DA:513,3
DA:514,3
DA:516,3
DA:517,9
DA:519,2
DA:520,2
DA:523,7
DA:531,3
DA:540,4
DA:569,3
DA:571,3
DA:572,3
DA:574,3
DA:575,9
DA:576,0
DA:577,0
DA:579,9
DA:587,3
DA:588,3
DA:589,9
DA:592,3
DA:597,0
DA:602,0
DA:607,2
DA:625,2
DA:626,46
DA:630,5
LF:162
LH:151
BRDA:8,0,0,34
BRDA:9,1,0,34
BRDA:9,1,1,0
BRDA:11,2,0,0
BRDA:11,2,1,0
BRDA:15,3,0,0
BRDA:15,3,1,0
BRDA:81,4,0,9
BRDA:81,4,1,258
BRDA:92,5,0,5
BRDA:92,5,1,4
BRDA:106,6,0,37
BRDA:106,6,1,4
BRDA:108,7,0,0
BRDA:108,7,1,4
BRDA:114,8,0,4
BRDA:114,8,1,0
BRDA:120,9,0,4
BRDA:120,9,1,0
BRDA:120,10,0,4
BRDA:120,10,1,0
BRDA:123,11,0,0
BRDA:123,11,1,4
BRDA:151,12,0,4
BRDA:151,12,1,0
BRDA:195,13,0,2
BRDA:195,13,1,15
BRDA:197,14,0,15
BRDA:197,14,1,0
BRDA:204,15,0,2
BRDA:204,15,1,2
BRDA:204,16,0,4
BRDA:204,16,1,4
BRDA:212,17,0,8
BRDA:212,17,1,5
BRDA:212,18,0,13
BRDA:212,18,1,13
BRDA:226,19,0,1
BRDA:229,20,0,0
BRDA:229,20,1,3
BRDA:231,21,0,3
BRDA:231,21,1,0
BRDA:256,22,0,2
BRDA:256,23,0,2
BRDA:256,24,0,17
BRDA:257,25,0,7
BRDA:257,25,1,10
BRDA:257,26,0,17
BRDA:257,26,1,17
BRDA:267,27,0,0
BRDA:267,27,1,10
BRDA:288,28,0,1
BRDA:288,29,0,0
BRDA:309,30,0,0
BRDA:309,31,0,0
BRDA:329,32,0,0
BRDA:353,33,0,4
BRDA:353,33,1,2
BRDA:367,34,0,1
BRDA:367,34,1,1
BRDA:385,35,0,1
BRDA:387,36,0,1
BRDA:387,36,1,1
BRDA:394,37,0,0
BRDA:394,37,1,2
BRDA:398,38,0,0
BRDA:398,38,1,2
BRDA:468,39,0,4
BRDA:468,39,1,1
BRDA:484,40,0,4
BRDA:484,40,1,0
BRDA:490,41,0,0
BRDA:490,41,1,4
BRDA:512,42,0,3
BRDA:512,42,1,1
BRDA:512,43,0,4
BRDA:512,43,1,3
BRDA:517,44,0,2
BRDA:517,44,1,7
BRDA:575,45,0,0
BRDA:575,45,1,9
BRF:81
BRH:57
end_of_record
TN:
SF:/Users/ktalmadge/dev/elv-client-js/src/Utils.js
FN:31,(anonymous_0)
FN:44,(anonymous_1)
FN:58,(anonymous_2)
FN:69,(anonymous_3)
FN:87,(anonymous_4)
FN:99,(anonymous_5)
FN:147,(anonymous_6)
FN:159,(anonymous_7)
FN:170,(anonymous_8)
FN:181,(anonymous_9)
FN:192,(anonymous_10)
FN:205,(anonymous_11)
FN:222,(anonymous_12)
FN:241,(anonymous_13)
FN:242,(anonymous_14)
FN:249,(anonymous_15)
FN:253,(anonymous_16)
FN:257,(anonymous_17)
FN:267,(anonymous_18)
FN:286,(anonymous_19)
FN:306,(anonymous_20)
FN:329,(anonymous_21)
FN:352,(anonymous_22)
FN:354,(anonymous_23)
FN:357,(anonymous_24)
FN:369,(anonymous_25)
FN:386,(anonymous_26)
FNF:27
FNH:24
FNDA:0,(anonymous_0)
FNDA:6,(anonymous_1)
FNDA:6,(anonymous_2)
FNDA:990,(anonymous_3)
FNDA:456,(anonymous_4)
FNDA:111,(anonymous_5)
FNDA:322,(anonymous_6)
FNDA:2,(anonymous_7)
FNDA:30,(anonymous_8)
FNDA:264,(anonymous_9)
FNDA:1186,(anonymous_10)
FNDA:93,(anonymous_11)
FNDA:39,(anonymous_12)
FNDA:1,(anonymous_13)
FNDA:12,(anonymous_14)
FNDA:4,(anonymous_15)
FNDA:913,(anonymous_16)
FNDA:16,(anonymous_17)
FNDA:16,(anonymous_18)
FNDA:336,(anonymous_19)
FNDA:227,(anonymous_20)
FNDA:59,(anonymous_21)
FNDA:0,(anonymous_22)
FNDA:0,(anonymous_23)
FNDA:4,(anonymous_24)
FNDA:11,(anonymous_25)
FNDA:10,(anonymous_26)
DA:1,5
DA:3,5
DA:4,5
DA:5,5
DA:6,5
DA:16,5
DA:32,0
DA:45,6
DA:46,6
DA:59,6
DA:70,990
DA:71,0
DA:74,990
DA:75,3
DA:77,990
DA:88,456
DA:89,456
DA:100,111
DA:101,0
DA:104,111
DA:107,111
DA:110,111
DA:111,111
DA:112,111
DA:115,111
DA:116,111
DA:117,111
DA:119,111
DA:122,111
DA:123,111
DA:124,111
DA:127,111
DA:130,111
DA:132,111
DA:148,322
DA:149,322
DA:160,2
DA:171,30
DA:182,264
DA:193,1186
DA:194,1186
DA:206,93
DA:207,0
DA:210,93
DA:223,39
DA:224,0
DA:227,39
DA:228,0
DA:231,39
DA:242,1
DA:243,12
DA:246,1
DA:250,4
DA:254,913
DA:258,16
DA:268,16
DA:270,16
DA:272,16
DA:274,16
DA:287,336
DA:289,207
DA:292,129
DA:303,27
DA:306,227
DA:308,5
DA:311,3
DA:313,8
DA:330,59
DA:332,7
DA:333,1
DA:336,6
DA:339,3
DA:350,0
DA:352,0
DA:354,0
DA:356,1
DA:357,1
DA:358,4
DA:360,4
DA:361,3
DA:364,1
DA:366,1
DA:368,1
DA:369,1
DA:370,11
DA:372,11
DA:373,9
DA:376,1
DA:378,0
DA:387,10
DA:388,0
DA:389,10
DA:390,10
DA:392,0
DA:397,5
LF:95
LH:83
BRDA:1,0,0,0
BRDA:1,0,1,5
BRDA:70,1,0,0
BRDA:70,1,1,990
BRDA:70,2,0,990
BRDA:70,2,1,990
BRDA:74,3,0,3
BRDA:74,3,1,987
BRDA:100,4,0,0
BRDA:100,4,1,111
BRDA:206,5,0,0
BRDA:206,5,1,93
BRDA:206,6,0,93
BRDA:206,6,1,93
BRDA:223,7,0,0
BRDA:223,7,1,39
BRDA:223,8,0,39
BRDA:223,8,1,39
BRDA:227,9,0,0
BRDA:227,9,1,39
BRDA:227,10,0,39
BRDA:227,10,1,39
BRDA:287,11,0,207
BRDA:287,11,1,129
BRDA:292,12,0,0
BRDA:292,12,1,0
BRDA:292,12,2,0
BRDA:292,12,3,0
BRDA:292,12,4,0
BRDA:292,12,5,3
BRDA:292,12,6,3
BRDA:292,12,7,3
BRDA:292,12,8,3
BRDA:292,12,9,27
BRDA:292,12,10,2
BRDA:292,12,11,86
BRDA:292,12,12,5
BRDA:292,12,13,3
BRDA:292,12,14,8
BRDA:308,13,0,5
BRDA:308,13,1,5
BRDA:330,14,0,52
BRDA:330,14,1,7
BRDA:332,15,0,1
BRDA:332,15,1,6
BRDA:336,16,0,1
BRDA:336,16,1,3
BRDA:336,16,2,0
BRDA:336,16,3,0
BRDA:336,16,4,0
BRDA:336,16,5,0
BRDA:336,16,6,0
BRDA:336,16,7,0
BRDA:336,16,8,0
BRDA:336,16,9,0
BRDA:336,16,10,0
BRDA:336,16,11,0
BRDA:336,16,12,0
BRDA:336,16,13,0
BRDA:336,16,14,1
BRDA:336,16,15,1
BRDA:336,16,16,1
BRDA:336,16,17,0
BRDA:360,17,0,3
BRDA:360,17,1,1
BRDA:372,18,0,9
BRDA:372,18,1,2
BRDA:387,19,0,0
BRDA:387,19,1,10
BRDA:387,20,0,10
BRDA:387,20,1,10
BRDA:389,21,0,10
BRDA:389,21,1,0
BRDA:389,22,0,10
BRDA:389,22,1,10
BRF:75
BRH:49
end_of_record
