<?xml version="1.0" encoding="UTF-8"?>
<coverage generated="1551823308851" clover="3.2.0">
  <project timestamp="1551823308851" name="All files">
    <metrics statements="1040" coveredstatements="113" conditionals="614" coveredconditionals="15" methods="247" coveredmethods="21" elements="1901" coveredelements="149" complexity="0" loc="1040" ncloc="1040" packages="1" files="11" classes="11"/>
    <file name="AuthorizationClient.js" path="/Users/ktalmadge/dev/elv-client-js/src/AuthorizationClient.js">
      <metrics statements="132" coveredstatements="15" conditionals="108" coveredconditionals="0" methods="20" coveredmethods="1"/>
      <line num="1" count="1" type="stmt"/>
      <line num="4" count="1" type="stmt"/>
      <line num="5" count="1" type="stmt"/>
      <line num="6" count="1" type="stmt"/>
      <line num="7" count="1" type="stmt"/>
      <line num="10" count="1" type="stmt"/>
      <line num="11" count="0" type="cond" truecount="0" falsecount="2"/>
      <line num="12" count="0" type="stmt"/>
      <line num="15" count="0" type="stmt"/>
      <line num="20" count="4" type="stmt"/>
      <line num="21" count="4" type="stmt"/>
      <line num="22" count="4" type="stmt"/>
      <line num="23" count="4" type="stmt"/>
      <line num="25" count="4" type="stmt"/>
      <line num="27" count="4" type="stmt"/>
      <line num="33" count="4" type="stmt"/>
      <line num="39" count="4" type="stmt"/>
      <line num="43" count="0" type="stmt"/>
      <line num="53" count="0" type="stmt"/>
      <line num="58" count="0" type="stmt"/>
      <line num="60" count="0" type="stmt"/>
      <line num="62" count="0" type="cond" truecount="0" falsecount="4"/>
      <line num="63" count="0" type="stmt"/>
      <line num="66" count="0" type="stmt"/>
      <line num="75" count="0" type="stmt"/>
      <line num="77" count="0" type="stmt"/>
      <line num="80" count="0" type="stmt"/>
      <line num="81" count="0" type="stmt"/>
      <line num="86" count="0" type="cond" truecount="0" falsecount="2"/>
      <line num="88" count="0" type="stmt"/>
      <line num="95" count="0" type="stmt"/>
      <line num="99" count="0" type="cond" truecount="0" falsecount="5"/>
      <line num="100" count="0" type="stmt"/>
      <line num="110" count="0" type="stmt"/>
      <line num="111" count="0" type="cond" truecount="0" falsecount="2"/>
      <line num="113" count="0" type="stmt"/>
      <line num="116" count="0" type="stmt"/>
      <line num="123" count="0" type="stmt"/>
      <line num="124" count="0" type="stmt"/>
      <line num="139" count="0" type="cond" truecount="0" falsecount="2"/>
      <line num="141" count="0" type="cond" truecount="0" falsecount="2"/>
      <line num="142" count="0" type="stmt"/>
      <line num="143" count="0" type="stmt"/>
      <line num="144" count="0" type="cond" truecount="0" falsecount="2"/>
      <line num="147" count="0" type="stmt"/>
      <line num="148" count="0" type="cond" truecount="0" falsecount="2"/>
      <line num="150" count="0" type="cond" truecount="0" falsecount="5"/>
      <line num="152" count="0" type="stmt"/>
      <line num="153" count="0" type="stmt"/>
      <line num="158" count="0" type="cond" truecount="0" falsecount="2"/>
      <line num="159" count="0" type="stmt"/>
      <line num="162" count="0" type="stmt"/>
      <line num="163" count="0" type="cond" truecount="0" falsecount="8"/>
      <line num="165" count="0" type="stmt"/>
      <line num="166" count="0" type="stmt"/>
      <line num="167" count="0" type="stmt"/>
      <line num="168" count="0" type="stmt"/>
      <line num="169" count="0" type="cond" truecount="0" falsecount="2"/>
      <line num="171" count="0" type="stmt"/>
      <line num="172" count="0" type="stmt"/>
      <line num="173" count="0" type="stmt"/>
      <line num="174" count="0" type="stmt"/>
      <line num="175" count="0" type="cond" truecount="0" falsecount="4"/>
      <line num="177" count="0" type="stmt"/>
      <line num="178" count="0" type="stmt"/>
      <line num="179" count="0" type="stmt"/>
      <line num="180" count="0" type="stmt"/>
      <line num="183" count="0" type="stmt"/>
      <line num="184" count="0" type="stmt"/>
      <line num="185" count="0" type="stmt"/>
      <line num="186" count="0" type="stmt"/>
      <line num="188" count="0" type="cond" truecount="0" falsecount="4"/>
      <line num="190" count="0" type="stmt"/>
      <line num="193" count="0" type="stmt"/>
      <line num="204" count="0" type="cond" truecount="0" falsecount="4"/>
      <line num="205" count="0" type="cond" truecount="0" falsecount="2"/>
      <line num="209" count="0" type="cond" truecount="0" falsecount="2"/>
      <line num="213" count="0" type="cond" truecount="0" falsecount="2"/>
      <line num="214" count="0" type="stmt"/>
      <line num="216" count="0" type="stmt"/>
      <line num="220" count="0" type="cond" truecount="0" falsecount="2"/>
      <line num="221" count="0" type="stmt"/>
      <line num="224" count="0" type="stmt"/>
      <line num="225" count="0" type="cond" truecount="0" falsecount="4"/>
      <line num="226" count="0" type="stmt"/>
      <line num="227" count="0" type="stmt"/>
      <line num="233" count="0" type="cond" truecount="0" falsecount="4"/>
      <line num="234" count="0" type="stmt"/>
      <line num="237" count="0" type="stmt"/>
      <line num="241" count="0" type="stmt"/>
      <line num="245" count="0" type="stmt"/>
      <line num="252" count="0" type="cond" truecount="0" falsecount="2"/>
      <line num="254" count="0" type="cond" truecount="0" falsecount="2"/>
      <line num="256" count="0" type="stmt"/>
      <line num="263" count="0" type="stmt"/>
      <line num="269" count="0" type="stmt"/>
      <line num="273" count="0" type="stmt"/>
      <line num="275" count="0" type="cond" truecount="0" falsecount="2"/>
      <line num="277" count="0" type="stmt"/>
      <line num="284" count="0" type="stmt"/>
      <line num="291" count="0" type="stmt"/>
      <line num="292" count="0" type="stmt"/>
      <line num="294" count="0" type="stmt"/>
      <line num="298" count="0" type="stmt"/>
      <line num="301" count="0" type="stmt"/>
      <line num="302" count="0" type="cond" truecount="0" falsecount="4"/>
      <line num="304" count="0" type="stmt"/>
      <line num="306" count="0" type="stmt"/>
      <line num="309" count="0" type="stmt"/>
      <line num="316" count="0" type="stmt"/>
      <line num="324" count="0" type="stmt"/>
      <line num="330" count="0" type="cond" truecount="0" falsecount="4"/>
      <line num="331" count="0" type="stmt"/>
      <line num="334" count="0" type="stmt"/>
      <line num="338" count="0" type="stmt"/>
      <line num="350" count="0" type="stmt"/>
      <line num="355" count="0" type="stmt"/>
      <line num="363" count="0" type="stmt"/>
      <line num="368" count="0" type="stmt"/>
      <line num="376" count="0" type="stmt"/>
      <line num="381" count="0" type="stmt"/>
      <line num="389" count="0" type="stmt"/>
      <line num="395" count="0" type="stmt"/>
      <line num="403" count="0" type="cond" truecount="0" falsecount="2"/>
      <line num="404" count="0" type="stmt"/>
      <line num="405" count="0" type="stmt"/>
      <line num="406" count="0" type="cond" truecount="0" falsecount="2"/>
      <line num="407" count="0" type="stmt"/>
      <line num="408" count="0" type="stmt"/>
      <line num="410" count="0" type="stmt"/>
      <line num="416" count="0" type="stmt"/>
      <line num="425" count="1" type="stmt"/>
    </file>
    <file name="ContentObjectVerification.js" path="/Users/ktalmadge/dev/elv-client-js/src/ContentObjectVerification.js">
      <metrics statements="93" coveredstatements="6" conditionals="37" coveredconditionals="0" methods="14" coveredmethods="0"/>
      <line num="3" count="1" type="stmt"/>
      <line num="5" count="1" type="stmt"/>
      <line num="6" count="1" type="stmt"/>
      <line num="7" count="1" type="stmt"/>
      <line num="9" count="1" type="stmt"/>
      <line num="11" count="0" type="stmt"/>
      <line num="15" count="0" type="stmt"/>
      <line num="17" count="0" type="stmt"/>
      <line num="18" count="0" type="stmt"/>
      <line num="19" count="0" type="stmt"/>
      <line num="21" count="0" type="cond" truecount="0" falsecount="2"/>
      <line num="22" count="0" type="stmt"/>
      <line num="24" count="0" type="stmt"/>
      <line num="27" count="0" type="stmt"/>
      <line num="29" count="0" type="cond" truecount="0" falsecount="2"/>
      <line num="31" count="0" type="stmt"/>
      <line num="32" count="0" type="stmt"/>
      <line num="33" count="0" type="stmt"/>
      <line num="34" count="0" type="stmt"/>
      <line num="36" count="0" type="stmt"/>
      <line num="38" count="0" type="cond" truecount="0" falsecount="2"/>
      <line num="39" count="0" type="stmt"/>
      <line num="41" count="0" type="stmt"/>
      <line num="44" count="0" type="stmt"/>
      <line num="46" count="0" type="cond" truecount="0" falsecount="4"/>
      <line num="49" count="0" type="stmt"/>
      <line num="55" count="0" type="stmt"/>
      <line num="60" count="0" type="stmt"/>
      <line num="61" count="0" type="stmt"/>
      <line num="62" count="0" type="stmt"/>
      <line num="63" count="0" type="stmt"/>
      <line num="64" count="0" type="stmt"/>
      <line num="66" count="0" type="cond" truecount="0" falsecount="2"/>
      <line num="67" count="0" type="stmt"/>
      <line num="69" count="0" type="stmt"/>
      <line num="72" count="0" type="stmt"/>
      <line num="74" count="0" type="cond" truecount="0" falsecount="2"/>
      <line num="75" count="0" type="stmt"/>
      <line num="79" count="0" type="stmt"/>
      <line num="85" count="0" type="stmt"/>
      <line num="91" count="0" type="cond" truecount="0" falsecount="2"/>
      <line num="93" count="0" type="stmt"/>
      <line num="94" count="0" type="stmt"/>
      <line num="103" count="0" type="stmt"/>
      <line num="104" count="0" type="stmt"/>
      <line num="105" count="0" type="cond" truecount="0" falsecount="2"/>
      <line num="106" count="0" type="stmt"/>
      <line num="108" count="0" type="stmt"/>
      <line num="109" count="0" type="stmt"/>
      <line num="111" count="0" type="stmt"/>
      <line num="115" count="0" type="stmt"/>
      <line num="116" count="0" type="stmt"/>
      <line num="117" count="0" type="stmt"/>
      <line num="118" count="0" type="cond" truecount="0" falsecount="2"/>
      <line num="119" count="0" type="stmt"/>
      <line num="120" count="0" type="stmt"/>
      <line num="123" count="0" type="cond" truecount="0" falsecount="2"/>
      <line num="124" count="0" type="stmt"/>
      <line num="126" count="0" type="stmt"/>
      <line num="129" count="0" type="stmt"/>
      <line num="130" count="0" type="stmt"/>
      <line num="131" count="0" type="stmt"/>
      <line num="133" count="0" type="stmt"/>
      <line num="137" count="0" type="stmt"/>
      <line num="138" count="0" type="stmt"/>
      <line num="139" count="0" type="stmt"/>
      <line num="143" count="0" type="stmt"/>
      <line num="144" count="0" type="cond" truecount="0" falsecount="2"/>
      <line num="145" count="0" type="stmt"/>
      <line num="148" count="0" type="stmt"/>
      <line num="150" count="0" type="stmt"/>
      <line num="155" count="0" type="stmt"/>
      <line num="163" count="0" type="cond" truecount="0" falsecount="2"/>
      <line num="164" count="0" type="cond" truecount="0" falsecount="2"/>
      <line num="166" count="0" type="stmt"/>
      <line num="171" count="0" type="stmt"/>
      <line num="172" count="0" type="stmt"/>
      <line num="175" count="0" type="stmt"/>
      <line num="176" count="0" type="stmt"/>
      <line num="177" count="0" type="stmt"/>
      <line num="179" count="0" type="stmt"/>
      <line num="180" count="0" type="stmt"/>
      <line num="181" count="0" type="stmt"/>
      <line num="183" count="0" type="stmt"/>
      <line num="191" count="0" type="stmt"/>
      <line num="192" count="0" type="stmt"/>
      <line num="193" count="0" type="stmt"/>
      <line num="195" count="0" type="cond" truecount="0" falsecount="2"/>
      <line num="196" count="0" type="stmt"/>
      <line num="204" count="0" type="cond" truecount="0" falsecount="2"/>
      <line num="205" count="0" type="stmt"/>
      <line num="208" count="0" type="stmt"/>
      <line num="212" count="1" type="stmt"/>
    </file>
    <file name="Crypto.js" path="/Users/ktalmadge/dev/elv-client-js/src/Crypto.js">
      <metrics statements="24" coveredstatements="8" conditionals="2" coveredconditionals="1" methods="6" coveredmethods="2"/>
      <line num="2" count="1" type="cond" truecount="1" falsecount="1"/>
      <line num="4" count="0" type="stmt"/>
      <line num="7" count="1" type="stmt"/>
      <line num="10" count="1" type="stmt"/>
      <line num="11" count="607" type="stmt"/>
      <line num="13" count="1" type="stmt"/>
      <line num="14" count="0" type="stmt"/>
      <line num="16" count="1" type="stmt"/>
      <line num="38" count="1" type="stmt"/>
      <line num="48" count="0" type="stmt"/>
      <line num="50" count="0" type="stmt"/>
      <line num="56" count="0" type="stmt"/>
      <line num="58" count="0" type="stmt"/>
      <line num="59" count="0" type="stmt"/>
      <line num="61" count="0" type="stmt"/>
      <line num="63" count="0" type="stmt"/>
      <line num="75" count="0" type="stmt"/>
      <line num="77" count="0" type="stmt"/>
      <line num="83" count="0" type="stmt"/>
      <line num="84" count="0" type="stmt"/>
      <line num="90" count="0" type="stmt"/>
      <line num="92" count="0" type="stmt"/>
      <line num="94" count="0" type="stmt"/>
      <line num="98" count="1" type="stmt"/>
    </file>
    <file name="ElvClient.js" path="/Users/ktalmadge/dev/elv-client-js/src/ElvClient.js">
      <metrics statements="407" coveredstatements="39" conditionals="244" coveredconditionals="5" methods="101" coveredmethods="6"/>
      <line num="1" count="1" type="stmt"/>
      <line num="2" count="1" type="stmt"/>
      <line num="3" count="1" type="stmt"/>
      <line num="5" count="1" type="stmt"/>
      <line num="6" count="1" type="stmt"/>
      <line num="7" count="1" type="stmt"/>
      <line num="8" count="1" type="stmt"/>
      <line num="9" count="1" type="stmt"/>
      <line num="10" count="1" type="stmt"/>
      <line num="11" count="1" type="stmt"/>
      <line num="12" count="1" type="stmt"/>
      <line num="14" count="1" type="stmt"/>
      <line num="15" count="1" type="stmt"/>
      <line num="16" count="1" type="stmt"/>
      <line num="17" count="1" type="stmt"/>
      <line num="19" count="1" type="cond" truecount="1" falsecount="1"/>
      <line num="21" count="1" type="stmt"/>
      <line num="24" count="1" type="stmt"/>
      <line num="25" count="0" type="stmt"/>
      <line num="27" count="0" type="cond" truecount="0" falsecount="2"/>
      <line num="28" count="0" type="stmt"/>
      <line num="33" count="0" type="stmt"/>
      <line num="36" count="0" type="stmt"/>
      <line num="39" count="1" type="stmt"/>
      <line num="40" count="0" type="stmt"/>
      <line num="43" count="1" type="stmt"/>
      <line num="44" count="0" type="stmt"/>
      <line num="46" count="0" type="cond" truecount="0" falsecount="6"/>
      <line num="48" count="0" type="stmt"/>
      <line num="50" count="0" type="stmt"/>
      <line num="52" count="0" type="stmt"/>
      <line num="54" count="0" type="stmt"/>
      <line num="56" count="0" type="stmt"/>
      <line num="58" count="0" type="stmt"/>
      <line num="81" count="1" type="stmt"/>
      <line num="83" count="1" type="stmt"/>
      <line num="88" count="1" type="stmt"/>
      <line num="90" count="1" type="stmt"/>
      <line num="98" count="1" type="stmt"/>
      <line num="99" count="1" type="stmt"/>
      <line num="101" count="1" type="stmt"/>
      <line num="103" count="1" type="stmt"/>
      <line num="107" count="4" type="stmt"/>
      <line num="109" count="4" type="stmt"/>
      <line num="111" count="4" type="stmt"/>
      <line num="132" count="1" type="stmt"/>
      <line num="153" count="2" type="stmt"/>
      <line num="160" count="0" type="stmt"/>
      <line num="162" count="0" type="stmt"/>
      <line num="174" count="0" type="stmt"/>
      <line num="184" count="3" type="stmt"/>
      <line num="185" count="3" type="stmt"/>
      <line num="187" count="3" type="stmt"/>
      <line num="200" count="0" type="stmt"/>
      <line num="209" count="0" type="cond" truecount="0" falsecount="2"/>
      <line num="237" count="0" type="stmt"/>
      <line num="260" count="0" type="stmt"/>
      <line num="267" count="0" type="cond" truecount="0" falsecount="2"/>
      <line num="268" count="0" type="stmt"/>
      <line num="283" count="0" type="stmt"/>
      <line num="285" count="0" type="stmt"/>
      <line num="298" count="0" type="stmt"/>
      <line num="300" count="0" type="stmt"/>
      <line num="320" count="0" type="stmt"/>
      <line num="322" count="0" type="stmt"/>
      <line num="330" count="0" type="stmt"/>
      <line num="345" count="0" type="stmt"/>
      <line num="383" count="0" type="cond" truecount="0" falsecount="2"/>
      <line num="384" count="0" type="stmt"/>
      <line num="386" count="0" type="stmt"/>
      <line num="388" count="0" type="stmt"/>
      <line num="394" count="0" type="stmt"/>
      <line num="395" count="0" type="stmt"/>
      <line num="398" count="0" type="stmt"/>
      <line num="401" count="0" type="stmt"/>
      <line num="414" count="0" type="stmt"/>
      <line num="416" count="0" type="stmt"/>
      <line num="424" count="0" type="stmt"/>
      <line num="431" count="0" type="cond" truecount="0" falsecount="2"/>
      <line num="432" count="0" type="stmt"/>
      <line num="438" count="0" type="stmt"/>
      <line num="449" count="0" type="stmt"/>
      <line num="451" count="0" type="stmt"/>
      <line num="467" count="0" type="stmt"/>
      <line num="472" count="0" type="stmt"/>
      <line num="480" count="0" type="stmt"/>
      <line num="485" count="0" type="stmt"/>
      <line num="495" count="0" type="stmt"/>
      <line num="511" count="0" type="stmt"/>
      <line num="513" count="0" type="stmt"/>
      <line num="515" count="0" type="stmt"/>
      <line num="522" count="0" type="stmt"/>
      <line num="544" count="0" type="stmt"/>
      <line num="546" count="0" type="stmt"/>
      <line num="547" count="0" type="stmt"/>
      <line num="555" count="0" type="cond" truecount="0" falsecount="2"/>
      <line num="557" count="0" type="cond" truecount="0" falsecount="2"/>
      <line num="558" count="0" type="stmt"/>
      <line num="574" count="0" type="stmt"/>
      <line num="576" count="0" type="stmt"/>
      <line num="598" count="0" type="stmt"/>
      <line num="600" count="0" type="cond" truecount="0" falsecount="2"/>
      <line num="602" count="0" type="cond" truecount="0" falsecount="2"/>
      <line num="603" count="0" type="stmt"/>
      <line num="605" count="0" type="stmt"/>
      <line num="606" count="0" type="cond" truecount="0" falsecount="2"/>
      <line num="607" count="0" type="stmt"/>
      <line num="608" count="0" type="stmt"/>
      <line num="610" count="0" type="cond" truecount="0" falsecount="2"/>
      <line num="611" count="0" type="stmt"/>
      <line num="615" count="0" type="cond" truecount="0" falsecount="4"/>
      <line num="616" count="0" type="stmt"/>
      <line num="622" count="0" type="stmt"/>
      <line num="625" count="0" type="stmt"/>
      <line num="627" count="0" type="stmt"/>
      <line num="652" count="0" type="cond" truecount="0" falsecount="2"/>
      <line num="654" count="0" type="stmt"/>
      <line num="655" count="0" type="stmt"/>
      <line num="658" count="0" type="stmt"/>
      <line num="659" count="0" type="cond" truecount="0" falsecount="2"/>
      <line num="661" count="0" type="stmt"/>
      <line num="669" count="0" type="stmt"/>
      <line num="683" count="0" type="cond" truecount="0" falsecount="2"/>
      <line num="685" count="0" type="stmt"/>
      <line num="686" count="0" type="stmt"/>
      <line num="689" count="0" type="stmt"/>
      <line num="691" count="0" type="stmt"/>
      <line num="699" count="0" type="stmt"/>
      <line num="715" count="0" type="stmt"/>
      <line num="724" count="0" type="cond" truecount="0" falsecount="2"/>
      <line num="727" count="0" type="stmt"/>
      <line num="729" count="0" type="stmt"/>
      <line num="737" count="0" type="stmt"/>
      <line num="741" count="0" type="stmt"/>
      <line num="743" count="0" type="stmt"/>
      <line num="744" count="0" type="stmt"/>
      <line num="745" count="0" type="stmt"/>
      <line num="747" count="0" type="cond" truecount="0" falsecount="2"/>
      <line num="748" count="0" type="stmt"/>
      <line num="752" count="0" type="stmt"/>
      <line num="769" count="0" type="stmt"/>
      <line num="770" count="0" type="stmt"/>
      <line num="772" count="0" type="stmt"/>
      <line num="776" count="0" type="stmt"/>
      <line num="783" count="0" type="stmt"/>
      <line num="784" count="0" type="stmt"/>
      <line num="786" count="0" type="cond" truecount="0" falsecount="2"/>
      <line num="789" count="0" type="cond" truecount="0" falsecount="2"/>
      <line num="790" count="0" type="stmt"/>
      <line num="791" count="0" type="stmt"/>
      <line num="797" count="0" type="stmt"/>
      <line num="798" count="0" type="stmt"/>
      <line num="806" count="0" type="stmt"/>
      <line num="822" count="0" type="cond" truecount="0" falsecount="2"/>
      <line num="823" count="0" type="stmt"/>
      <line num="824" count="0" type="stmt"/>
      <line num="829" count="0" type="stmt"/>
      <line num="835" count="0" type="stmt"/>
      <line num="842" count="0" type="stmt"/>
      <line num="849" count="0" type="stmt"/>
      <line num="850" count="0" type="stmt"/>
      <line num="852" count="0" type="cond" truecount="0" falsecount="4"/>
      <line num="853" count="0" type="stmt"/>
      <line num="856" count="0" type="cond" truecount="0" falsecount="2"/>
      <line num="857" count="0" type="stmt"/>
      <line num="860" count="0" type="stmt"/>
      <line num="873" count="0" type="stmt"/>
      <line num="875" count="0" type="stmt"/>
      <line num="899" count="0" type="stmt"/>
      <line num="901" count="0" type="stmt"/>
      <line num="902" count="0" type="stmt"/>
      <line num="904" count="0" type="stmt"/>
      <line num="905" count="0" type="stmt"/>
      <line num="909" count="0" type="stmt"/>
      <line num="921" count="0" type="cond" truecount="0" falsecount="2"/>
      <line num="922" count="0" type="stmt"/>
      <line num="930" count="0" type="stmt"/>
      <line num="939" count="0" type="stmt"/>
      <line num="945" count="0" type="stmt"/>
      <line num="965" count="0" type="stmt"/>
      <line num="967" count="0" type="stmt"/>
      <line num="968" count="0" type="stmt"/>
      <line num="970" count="0" type="stmt"/>
      <line num="971" count="0" type="stmt"/>
      <line num="973" count="0" type="stmt"/>
      <line num="974" count="0" type="cond" truecount="0" falsecount="2"/>
      <line num="975" count="0" type="stmt"/>
      <line num="977" count="0" type="stmt"/>
      <line num="978" count="0" type="stmt"/>
      <line num="981" count="0" type="stmt"/>
      <line num="993" count="0" type="stmt"/>
      <line num="999" count="0" type="cond" truecount="0" falsecount="2"/>
      <line num="1000" count="0" type="stmt"/>
      <line num="1008" count="0" type="stmt"/>
      <line num="1017" count="0" type="stmt"/>
      <line num="1023" count="0" type="stmt"/>
      <line num="1040" count="0" type="cond" truecount="0" falsecount="4"/>
      <line num="1042" count="0" type="stmt"/>
      <line num="1056" count="0" type="stmt"/>
      <line num="1058" count="0" type="stmt"/>
      <line num="1067" count="0" type="stmt"/>
      <line num="1068" count="0" type="stmt"/>
      <line num="1071" count="0" type="stmt"/>
      <line num="1093" count="0" type="cond" truecount="0" falsecount="2"/>
      <line num="1095" count="0" type="stmt"/>
      <line num="1117" count="0" type="stmt"/>
      <line num="1119" count="0" type="stmt"/>
      <line num="1136" count="0" type="stmt"/>
      <line num="1160" count="0" type="cond" truecount="0" falsecount="2"/>
      <line num="1162" count="0" type="stmt"/>
      <line num="1163" count="0" type="stmt"/>
      <line num="1171" count="0" type="cond" truecount="0" falsecount="2"/>
      <line num="1173" count="0" type="cond" truecount="0" falsecount="2"/>
      <line num="1174" count="0" type="stmt"/>
      <line num="1191" count="0" type="stmt"/>
      <line num="1193" count="0" type="stmt"/>
      <line num="1225" count="0" type="cond" truecount="0" falsecount="2"/>
      <line num="1227" count="0" type="cond" truecount="0" falsecount="2"/>
      <line num="1229" count="0" type="stmt"/>
      <line num="1232" count="0" type="stmt"/>
      <line num="1235" count="0" type="stmt"/>
      <line num="1236" count="0" type="stmt"/>
      <line num="1239" count="0" type="stmt"/>
      <line num="1241" count="0" type="stmt"/>
      <line num="1242" count="0" type="stmt"/>
      <line num="1244" count="0" type="stmt"/>
      <line num="1272" count="0" type="stmt"/>
      <line num="1274" count="0" type="stmt"/>
      <line num="1291" count="0" type="cond" truecount="0" falsecount="2"/>
      <line num="1293" count="0" type="stmt"/>
      <line num="1296" count="0" type="cond" truecount="0" falsecount="2"/>
      <line num="1297" count="0" type="cond" truecount="0" falsecount="2"/>
      <line num="1299" count="0" type="stmt"/>
      <line num="1302" count="0" type="stmt"/>
      <line num="1307" count="0" type="stmt"/>
      <line num="1309" count="0" type="stmt"/>
      <line num="1330" count="0" type="stmt"/>
      <line num="1332" count="0" type="stmt"/>
      <line num="1352" count="0" type="cond" truecount="0" falsecount="2"/>
      <line num="1354" count="0" type="stmt"/>
      <line num="1373" count="0" type="stmt"/>
      <line num="1375" count="0" type="stmt"/>
      <line num="1377" count="0" type="stmt"/>
      <line num="1384" count="0" type="stmt"/>
      <line num="1408" count="0" type="stmt"/>
      <line num="1410" count="0" type="stmt"/>
      <line num="1433" count="0" type="stmt"/>
      <line num="1435" count="0" type="stmt"/>
      <line num="1458" count="0" type="stmt"/>
      <line num="1460" count="0" type="stmt"/>
      <line num="1482" count="0" type="cond" truecount="0" falsecount="2"/>
      <line num="1484" count="0" type="stmt"/>
      <line num="1550" count="0" type="stmt"/>
      <line num="1551" count="0" type="stmt"/>
      <line num="1552" count="0" type="stmt"/>
      <line num="1554" count="0" type="stmt"/>
      <line num="1560" count="0" type="stmt"/>
      <line num="1562" count="0" type="stmt"/>
      <line num="1564" count="0" type="stmt"/>
      <line num="1565" count="0" type="stmt"/>
      <line num="1566" count="0" type="stmt"/>
      <line num="1577" count="0" type="stmt"/>
      <line num="1581" count="0" type="stmt"/>
      <line num="1583" count="0" type="stmt"/>
      <line num="1594" count="0" type="stmt"/>
      <line num="1596" count="0" type="stmt"/>
      <line num="1611" count="0" type="stmt"/>
      <line num="1613" count="0" type="stmt"/>
      <line num="1623" count="0" type="stmt"/>
      <line num="1625" count="0" type="stmt"/>
      <line num="1649" count="0" type="cond" truecount="0" falsecount="2"/>
      <line num="1651" count="0" type="stmt"/>
      <line num="1676" count="0" type="cond" truecount="0" falsecount="2"/>
      <line num="1678" count="0" type="stmt"/>
      <line num="1686" count="0" type="stmt"/>
      <line num="1704" count="0" type="cond" truecount="0" falsecount="2"/>
      <line num="1706" count="0" type="stmt"/>
      <line num="1714" count="0" type="stmt"/>
      <line num="1716" count="0" type="cond" truecount="0" falsecount="4"/>
      <line num="1736" count="0" type="stmt"/>
      <line num="1737" count="0" type="cond" truecount="0" falsecount="3"/>
      <line num="1739" count="0" type="cond" truecount="0" falsecount="2"/>
      <line num="1742" count="0" type="cond" truecount="0" falsecount="2"/>
      <line num="1743" count="0" type="stmt"/>
      <line num="1753" count="0" type="cond" truecount="0" falsecount="2"/>
      <line num="1755" count="0" type="stmt"/>
      <line num="1758" count="0" type="stmt"/>
      <line num="1761" count="0" type="stmt"/>
      <line num="1772" count="0" type="stmt"/>
      <line num="1773" count="0" type="stmt"/>
      <line num="1775" count="0" type="stmt"/>
      <line num="1785" count="0" type="cond" truecount="0" falsecount="2"/>
      <line num="1789" count="0" type="stmt"/>
      <line num="1812" count="0" type="stmt"/>
      <line num="1814" count="0" type="stmt"/>
      <line num="1844" count="0" type="stmt"/>
      <line num="1868" count="0" type="stmt"/>
      <line num="1904" count="0" type="stmt"/>
      <line num="1906" count="0" type="stmt"/>
      <line num="1908" count="0" type="cond" truecount="0" falsecount="2"/>
      <line num="1909" count="0" type="stmt"/>
      <line num="1911" count="0" type="cond" truecount="0" falsecount="4"/>
      <line num="1912" count="0" type="cond" truecount="0" falsecount="2"/>
      <line num="1914" count="0" type="cond" truecount="0" falsecount="2"/>
      <line num="1915" count="0" type="stmt"/>
      <line num="1916" count="0" type="cond" truecount="0" falsecount="2"/>
      <line num="1917" count="0" type="stmt"/>
      <line num="1918" count="0" type="cond" truecount="0" falsecount="2"/>
      <line num="1919" count="0" type="stmt"/>
      <line num="1923" count="0" type="cond" truecount="0" falsecount="2"/>
      <line num="1924" count="0" type="stmt"/>
      <line num="1926" count="0" type="cond" truecount="0" falsecount="2"/>
      <line num="1927" count="0" type="stmt"/>
      <line num="1929" count="0" type="cond" truecount="0" falsecount="4"/>
      <line num="1930" count="0" type="stmt"/>
      <line num="1933" count="0" type="cond" truecount="0" falsecount="2"/>
      <line num="1934" count="0" type="stmt"/>
      <line num="1935" count="0" type="cond" truecount="0" falsecount="2"/>
      <line num="1936" count="0" type="stmt"/>
      <line num="1937" count="0" type="cond" truecount="0" falsecount="2"/>
      <line num="1938" count="0" type="stmt"/>
      <line num="1942" count="0" type="stmt"/>
      <line num="1963" count="0" type="cond" truecount="0" falsecount="2"/>
      <line num="1965" count="0" type="stmt"/>
      <line num="1967" count="0" type="stmt"/>
      <line num="1986" count="0" type="stmt"/>
      <line num="1988" count="0" type="stmt"/>
      <line num="2000" count="0" type="stmt"/>
      <line num="2018" count="0" type="stmt"/>
      <line num="2028" count="0" type="cond" truecount="0" falsecount="2"/>
      <line num="2031" count="0" type="stmt"/>
      <line num="2038" count="0" type="cond" truecount="0" falsecount="2"/>
      <line num="2039" count="0" type="stmt"/>
      <line num="2042" count="0" type="stmt"/>
      <line num="2051" count="0" type="stmt"/>
      <line num="2058" count="0" type="cond" truecount="0" falsecount="2"/>
      <line num="2060" count="0" type="stmt"/>
      <line num="2061" count="0" type="stmt"/>
      <line num="2064" count="0" type="stmt"/>
      <line num="2078" count="0" type="stmt"/>
      <line num="2097" count="0" type="stmt"/>
      <line num="2116" count="0" type="stmt"/>
      <line num="2135" count="0" type="stmt"/>
      <line num="2156" count="0" type="stmt"/>
      <line num="2178" count="0" type="cond" truecount="0" falsecount="2"/>
      <line num="2180" count="0" type="stmt"/>
      <line num="2203" count="0" type="stmt"/>
      <line num="2205" count="0" type="stmt"/>
      <line num="2228" count="0" type="stmt"/>
      <line num="2244" count="0" type="stmt"/>
      <line num="2265" count="0" type="stmt"/>
      <line num="2286" count="0" type="stmt"/>
      <line num="2312" count="0" type="stmt"/>
      <line num="2329" count="0" type="stmt"/>
      <line num="2330" count="0" type="cond" truecount="0" falsecount="2"/>
      <line num="2344" count="0" type="stmt"/>
      <line num="2345" count="0" type="stmt"/>
      <line num="2358" count="0" type="stmt"/>
      <line num="2359" count="0" type="stmt"/>
      <line num="2361" count="0" type="cond" truecount="0" falsecount="4"/>
      <line num="2363" count="0" type="stmt"/>
      <line num="2366" count="0" type="stmt"/>
      <line num="2374" count="0" type="cond" truecount="0" falsecount="2"/>
      <line num="2376" count="0" type="stmt"/>
      <line num="2392" count="0" type="stmt"/>
      <line num="2404" count="0" type="stmt"/>
      <line num="2429" count="0" type="stmt"/>
      <line num="2431" count="0" type="cond" truecount="0" falsecount="2"/>
      <line num="2432" count="0" type="cond" truecount="0" falsecount="2"/>
      <line num="2433" count="0" type="stmt"/>
      <line num="2434" count="0" type="stmt"/>
      <line num="2436" count="0" type="stmt"/>
      <line num="2438" count="0" type="cond" truecount="0" falsecount="2"/>
      <line num="2439" count="0" type="stmt"/>
      <line num="2443" count="0" type="cond" truecount="0" falsecount="2"/>
      <line num="2444" count="0" type="stmt"/>
      <line num="2447" count="0" type="cond" truecount="0" falsecount="2"/>
      <line num="2448" count="0" type="stmt"/>
      <line num="2451" count="0" type="cond" truecount="0" falsecount="2"/>
      <line num="2452" count="0" type="stmt"/>
      <line num="2455" count="0" type="stmt"/>
      <line num="2472" count="2" type="stmt"/>
      <line num="2473" count="2" type="stmt"/>
      <line num="2486" count="0" type="stmt"/>
      <line num="2491" count="0" type="stmt"/>
      <line num="2498" count="0" type="stmt"/>
      <line num="2510" count="0" type="stmt"/>
      <line num="2511" count="0" type="stmt"/>
      <line num="2516" count="0" type="cond" truecount="0" falsecount="2"/>
      <line num="2519" count="0" type="cond" truecount="0" falsecount="2"/>
      <line num="2520" count="0" type="stmt"/>
      <line num="2521" count="0" type="stmt"/>
      <line num="2528" count="0" type="stmt"/>
      <line num="2531" count="0" type="stmt"/>
      <line num="2532" count="0" type="stmt"/>
      <line num="2535" count="0" type="cond" truecount="0" falsecount="2"/>
      <line num="2536" count="0" type="cond" truecount="0" falsecount="2"/>
      <line num="2537" count="0" type="stmt"/>
      <line num="2540" count="0" type="stmt"/>
      <line num="2542" count="0" type="cond" truecount="0" falsecount="2"/>
      <line num="2543" count="0" type="stmt"/>
      <line num="2546" count="0" type="stmt"/>
      <line num="2549" count="0" type="stmt"/>
      <line num="2556" count="0" type="stmt"/>
      <line num="2558" count="0" type="cond" truecount="0" falsecount="2"/>
      <line num="2559" count="0" type="stmt"/>
      <line num="2568" count="1" type="stmt"/>
    </file>
    <file name="ElvWallet.js" path="/Users/ktalmadge/dev/elv-client-js/src/ElvWallet.js">
      <metrics statements="26" coveredstatements="24" conditionals="12" coveredconditionals="9" methods="9" coveredmethods="9"/>
      <line num="1" count="1" type="stmt"/>
      <line num="14" count="2" type="stmt"/>
      <line num="15" count="2" type="stmt"/>
      <line num="28" count="2" type="stmt"/>
      <line num="47" count="2" type="stmt"/>
      <line num="49" count="2" type="stmt"/>
      <line num="66" count="3" type="cond" truecount="2" falsecount="0"/>
      <line num="67" count="1" type="stmt"/>
      <line num="70" count="3" type="stmt"/>
      <line num="72" count="3" type="stmt"/>
      <line num="88" count="9" type="stmt"/>
      <line num="89" count="9" type="stmt"/>
      <line num="91" count="9" type="cond" truecount="2" falsecount="0"/>
      <line num="92" count="5" type="stmt"/>
      <line num="95" count="9" type="stmt"/>
      <line num="111" count="2" type="cond" truecount="2" falsecount="0"/>
      <line num="113" count="2" type="cond" truecount="1" falsecount="1"/>
      <line num="114" count="0" type="stmt"/>
      <line num="117" count="2" type="stmt"/>
      <line num="135" count="1" type="cond" truecount="1" falsecount="1"/>
      <line num="137" count="1" type="cond" truecount="1" falsecount="1"/>
      <line num="138" count="0" type="stmt"/>
      <line num="141" count="1" type="stmt"/>
      <line num="153" count="3" type="stmt"/>
      <line num="163" count="1" type="stmt"/>
      <line num="167" count="1" type="stmt"/>
    </file>
    <file name="EthClient.js" path="/Users/ktalmadge/dev/elv-client-js/src/EthClient.js">
      <metrics statements="118" coveredstatements="9" conditionals="65" coveredconditionals="0" methods="32" coveredmethods="1"/>
      <line num="3" count="1" type="stmt"/>
      <line num="4" count="1" type="stmt"/>
      <line num="7" count="1" type="stmt"/>
      <line num="8" count="1" type="stmt"/>
      <line num="9" count="1" type="stmt"/>
      <line num="11" count="1" type="stmt"/>
      <line num="13" count="1" type="stmt"/>
      <line num="17" count="4" type="stmt"/>
      <line num="24" count="0" type="cond" truecount="0" falsecount="2"/>
      <line num="25" count="0" type="cond" truecount="0" falsecount="2"/>
      <line num="26" count="0" type="cond" truecount="0" falsecount="2"/>
      <line num="28" count="0" type="stmt"/>
      <line num="31" count="0" type="stmt"/>
      <line num="32" count="0" type="stmt"/>
      <line num="35" count="0" type="cond" truecount="0" falsecount="2"/>
      <line num="37" count="0" type="stmt"/>
      <line num="39" count="0" type="stmt"/>
      <line num="45" count="0" type="stmt"/>
      <line num="47" count="0" type="cond" truecount="0" falsecount="2"/>
      <line num="50" count="0" type="cond" truecount="0" falsecount="2"/>
      <line num="53" count="0" type="stmt"/>
      <line num="58" count="0" type="cond" truecount="0" falsecount="2"/>
      <line num="59" count="0" type="stmt"/>
      <line num="62" count="0" type="cond" truecount="0" falsecount="2"/>
      <line num="63" count="0" type="stmt"/>
      <line num="75" count="0" type="stmt"/>
      <line num="77" count="0" type="stmt"/>
      <line num="79" count="0" type="stmt"/>
      <line num="80" count="0" type="stmt"/>
      <line num="82" count="0" type="stmt"/>
      <line num="99" count="0" type="cond" truecount="0" falsecount="2"/>
      <line num="101" count="0" type="stmt"/>
      <line num="104" count="0" type="stmt"/>
      <line num="106" count="0" type="cond" truecount="0" falsecount="2"/>
      <line num="107" count="0" type="stmt"/>
      <line num="108" count="0" type="stmt"/>
      <line num="111" count="0" type="cond" truecount="0" falsecount="2"/>
      <line num="112" count="0" type="stmt"/>
      <line num="116" count="0" type="stmt"/>
      <line num="117" count="0" type="stmt"/>
      <line num="118" count="0" type="stmt"/>
      <line num="119" count="0" type="stmt"/>
      <line num="120" count="0" type="stmt"/>
      <line num="122" count="0" type="cond" truecount="0" falsecount="4"/>
      <line num="123" count="0" type="stmt"/>
      <line num="124" count="0" type="stmt"/>
      <line num="125" count="0" type="cond" truecount="0" falsecount="2"/>
      <line num="127" count="0" type="stmt"/>
      <line num="132" count="0" type="stmt"/>
      <line num="143" count="0" type="stmt"/>
      <line num="144" count="0" type="stmt"/>
      <line num="147" count="0" type="stmt"/>
      <line num="157" count="0" type="stmt"/>
      <line num="158" count="0" type="stmt"/>
      <line num="159" count="0" type="stmt"/>
      <line num="164" count="0" type="stmt"/>
      <line num="167" count="0" type="stmt"/>
      <line num="168" count="0" type="stmt"/>
      <line num="174" count="0" type="stmt"/>
      <line num="178" count="0" type="stmt"/>
      <line num="180" count="0" type="stmt"/>
      <line num="181" count="0" type="stmt"/>
      <line num="182" count="0" type="cond" truecount="0" falsecount="4"/>
      <line num="183" count="0" type="stmt"/>
      <line num="187" count="0" type="stmt"/>
      <line num="199" count="0" type="stmt"/>
      <line num="200" count="0" type="stmt"/>
      <line num="202" count="0" type="stmt"/>
      <line num="203" count="0" type="stmt"/>
      <line num="205" count="0" type="stmt"/>
      <line num="214" count="0" type="stmt"/>
      <line num="223" count="0" type="stmt"/>
      <line num="235" count="0" type="stmt"/>
      <line num="247" count="0" type="stmt"/>
      <line num="260" count="0" type="cond" truecount="0" falsecount="2"/>
      <line num="262" count="0" type="stmt"/>
      <line num="274" count="0" type="stmt"/>
      <line num="284" count="0" type="stmt"/>
      <line num="292" count="0" type="stmt"/>
      <line num="303" count="0" type="stmt"/>
      <line num="311" count="0" type="stmt"/>
      <line num="317" count="0" type="stmt"/>
      <line num="318" count="0" type="stmt"/>
      <line num="320" count="0" type="stmt"/>
      <line num="321" count="0" type="stmt"/>
      <line num="326" count="0" type="cond" truecount="0" falsecount="2"/>
      <line num="327" count="0" type="stmt"/>
      <line num="333" count="0" type="cond" truecount="0" falsecount="2"/>
      <line num="337" count="0" type="cond" truecount="0" falsecount="2"/>
      <line num="342" count="0" type="cond" truecount="0" falsecount="4"/>
      <line num="343" count="0" type="stmt"/>
      <line num="344" count="0" type="stmt"/>
      <line num="345" count="0" type="cond" truecount="0" falsecount="2"/>
      <line num="346" count="0" type="stmt"/>
      <line num="347" count="0" type="cond" truecount="0" falsecount="2"/>
      <line num="348" count="0" type="stmt"/>
      <line num="357" count="0" type="stmt"/>
      <line num="363" count="0" type="stmt"/>
      <line num="366" count="0" type="stmt"/>
      <line num="367" count="0" type="stmt"/>
      <line num="368" count="0" type="cond" truecount="0" falsecount="2"/>
      <line num="372" count="0" type="stmt"/>
      <line num="373" count="0" type="stmt"/>
      <line num="374" count="0" type="stmt"/>
      <line num="376" count="0" type="cond" truecount="0" falsecount="2"/>
      <line num="377" count="0" type="stmt"/>
      <line num="378" count="0" type="stmt"/>
      <line num="379" count="0" type="stmt"/>
      <line num="387" count="0" type="stmt"/>
      <line num="390" count="0" type="cond" truecount="0" falsecount="2"/>
      <line num="391" count="0" type="stmt"/>
      <line num="393" count="0" type="stmt"/>
      <line num="395" count="0" type="cond" truecount="0" falsecount="2"/>
      <line num="396" count="0" type="stmt"/>
      <line num="398" count="0" type="stmt"/>
      <line num="406" count="0" type="stmt"/>
      <line num="409" count="0" type="stmt"/>
      <line num="413" count="1" type="stmt"/>
    </file>
    <file name="FrameClient.js" path="/Users/ktalmadge/dev/elv-client-js/src/FrameClient.js">
      <metrics statements="69" coveredstatements="0" conditionals="49" coveredconditionals="0" methods="15" coveredmethods="0"/>
      <line num="1" count="0" type="stmt"/>
      <line num="2" count="0" type="stmt"/>
      <line num="36" count="0" type="stmt"/>
      <line num="37" count="0" type="stmt"/>
      <line num="39" count="0" type="stmt"/>
      <line num="42" count="0" type="stmt"/>
      <line num="43" count="0" type="stmt"/>
      <line num="44" count="0" type="cond" truecount="0" falsecount="2"/>
      <line num="45" count="0" type="cond" truecount="0" falsecount="2"/>
      <line num="47" count="0" type="stmt"/>
      <line num="57" count="0" type="stmt"/>
      <line num="59" count="0" type="stmt"/>
      <line num="60" count="0" type="stmt"/>
      <line num="61" count="0" type="cond" truecount="0" falsecount="4"/>
      <line num="62" count="0" type="stmt"/>
      <line num="65" count="0" type="cond" truecount="0" falsecount="2"/>
      <line num="66" count="0" type="cond" truecount="0" falsecount="2"/>
      <line num="68" count="0" type="stmt"/>
      <line num="92" count="0" type="stmt"/>
      <line num="94" count="0" type="cond" truecount="0" falsecount="2"/>
      <line num="95" count="0" type="stmt"/>
      <line num="102" count="0" type="stmt"/>
      <line num="104" count="0" type="stmt"/>
      <line num="107" count="0" type="stmt"/>
      <line num="115" count="0" type="stmt"/>
      <line num="118" count="0" type="cond" truecount="0" falsecount="2"/>
      <line num="120" count="0" type="stmt"/>
      <line num="128" count="0" type="cond" truecount="0" falsecount="2"/>
      <line num="129" count="0" type="cond" truecount="0" falsecount="2"/>
      <line num="130" count="0" type="cond" truecount="0" falsecount="2"/>
      <line num="131" count="0" type="stmt"/>
      <line num="136" count="0" type="stmt"/>
      <line num="141" count="0" type="stmt"/>
      <line num="142" count="0" type="cond" truecount="0" falsecount="2"/>
      <line num="143" count="0" type="stmt"/>
      <line num="146" count="0" type="cond" truecount="0" falsecount="2"/>
      <line num="147" count="0" type="stmt"/>
      <line num="148" count="0" type="stmt"/>
      <line num="150" count="0" type="stmt"/>
      <line num="151" count="0" type="cond" truecount="0" falsecount="2"/>
      <line num="158" count="0" type="cond" truecount="0" falsecount="2"/>
      <line num="159" count="0" type="stmt"/>
      <line num="160" count="0" type="stmt"/>
      <line num="161" count="0" type="stmt"/>
      <line num="163" count="0" type="stmt"/>
      <line num="165" count="0" type="cond" truecount="0" falsecount="4"/>
      <line num="166" count="0" type="stmt"/>
      <line num="169" count="0" type="stmt"/>
      <line num="172" count="0" type="stmt"/>
      <line num="176" count="0" type="stmt"/>
      <line num="180" count="0" type="stmt"/>
      <line num="181" count="0" type="stmt"/>
      <line num="182" count="0" type="stmt"/>
      <line num="184" count="0" type="cond" truecount="0" falsecount="4"/>
      <line num="185" count="0" type="stmt"/>
      <line num="188" count="0" type="cond" truecount="0" falsecount="2"/>
      <line num="189" count="0" type="stmt"/>
      <line num="191" count="0" type="stmt"/>
      <line num="194" count="0" type="stmt"/>
      <line num="195" count="0" type="cond" truecount="0" falsecount="2"/>
      <line num="197" count="0" type="stmt"/>
      <line num="199" count="0" type="stmt"/>
      <line num="200" count="0" type="cond" truecount="0" falsecount="2"/>
      <line num="205" count="0" type="stmt"/>
      <line num="207" count="0" type="stmt"/>
      <line num="213" count="0" type="stmt"/>
      <line num="227" count="0" type="stmt"/>
      <line num="309" count="0" type="stmt"/>
      <line num="328" count="0" type="stmt"/>
    </file>
    <file name="HttpClient.js" path="/Users/ktalmadge/dev/elv-client-js/src/HttpClient.js">
      <metrics statements="20" coveredstatements="3" conditionals="17" coveredconditionals="0" methods="6" coveredmethods="1"/>
      <line num="1" count="1" type="cond" truecount="0" falsecount="1"/>
      <line num="2" count="0" type="cond" truecount="0" falsecount="2"/>
      <line num="3" count="0" type="stmt"/>
      <line num="5" count="0" type="stmt"/>
      <line num="11" count="1" type="stmt"/>
      <line num="15" count="0" type="stmt"/>
      <line num="16" count="0" type="cond" truecount="0" falsecount="2"/>
      <line num="17" count="0" type="stmt"/>
      <line num="19" count="0" type="stmt"/>
      <line num="22" count="0" type="stmt"/>
      <line num="26" count="0" type="stmt"/>
      <line num="31" count="0" type="stmt"/>
      <line num="36" count="0" type="cond" truecount="0" falsecount="4"/>
      <line num="37" count="0" type="cond" truecount="0" falsecount="2"/>
      <line num="38" count="0" type="stmt"/>
      <line num="40" count="0" type="stmt"/>
      <line num="44" count="0" type="stmt"/>
      <line num="49" count="0" type="stmt"/>
      <line num="60" count="0" type="stmt"/>
      <line num="69" count="1" type="stmt"/>
    </file>
    <file name="Id.js" path="/Users/ktalmadge/dev/elv-client-js/src/Id.js">
      <metrics statements="4" coveredstatements="0" conditionals="0" coveredconditionals="0" methods="1" coveredmethods="0"/>
      <line num="3" count="0" type="stmt"/>
      <line num="7" count="0" type="stmt"/>
      <line num="8" count="0" type="stmt"/>
      <line num="12" count="0" type="stmt"/>
    </file>
    <file name="UserProfileClient.js" path="/Users/ktalmadge/dev/elv-client-js/src/UserProfileClient.js">
      <metrics statements="113" coveredstatements="5" conditionals="49" coveredconditionals="0" methods="28" coveredmethods="1"/>
      <line num="1" count="1" type="stmt"/>
      <line num="2" count="1" type="stmt"/>
      <line num="4" count="1" type="stmt"/>
      <line num="5" count="0" type="stmt"/>
      <line num="7" count="0" type="cond" truecount="0" falsecount="2"/>
      <line num="8" count="0" type="stmt"/>
      <line num="13" count="0" type="stmt"/>
      <line num="16" count="0" type="stmt"/>
      <line num="64" count="4" type="stmt"/>
      <line num="78" count="0" type="cond" truecount="0" falsecount="2"/>
      <line num="79" count="0" type="stmt"/>
      <line num="83" count="0" type="stmt"/>
      <line num="89" count="0" type="stmt"/>
      <line num="96" count="0" type="cond" truecount="0" falsecount="2"/>
      <line num="97" count="0" type="stmt"/>
      <line num="98" count="0" type="stmt"/>
      <line num="101" count="0" type="stmt"/>
      <line num="106" count="0" type="cond" truecount="0" falsecount="2"/>
      <line num="107" count="0" type="cond" truecount="0" falsecount="2"/>
      <line num="108" count="0" type="stmt"/>
      <line num="116" count="0" type="stmt"/>
      <line num="118" count="0" type="stmt"/>
      <line num="119" count="0" type="stmt"/>
      <line num="132" count="0" type="cond" truecount="0" falsecount="2"/>
      <line num="144" count="0" type="cond" truecount="0" falsecount="2"/>
      <line num="146" count="0" type="stmt"/>
      <line num="160" count="0" type="stmt"/>
      <line num="161" count="0" type="stmt"/>
      <line num="164" count="0" type="cond" truecount="0" falsecount="2"/>
      <line num="167" count="0" type="stmt"/>
      <line num="168" count="0" type="cond" truecount="0" falsecount="2"/>
      <line num="170" count="0" type="stmt"/>
      <line num="180" count="0" type="stmt"/>
      <line num="182" count="0" type="stmt"/>
      <line num="184" count="0" type="stmt"/>
      <line num="187" count="0" type="stmt"/>
      <line num="188" count="0" type="stmt"/>
      <line num="201" count="0" type="stmt"/>
      <line num="203" count="0" type="stmt"/>
      <line num="204" count="0" type="stmt"/>
      <line num="206" count="0" type="cond" truecount="0" falsecount="2"/>
      <line num="207" count="0" type="stmt"/>
      <line num="220" count="0" type="stmt"/>
      <line num="222" count="0" type="stmt"/>
      <line num="224" count="0" type="stmt"/>
      <line num="240" count="0" type="stmt"/>
      <line num="241" count="0" type="stmt"/>
      <line num="243" count="0" type="stmt"/>
      <line num="245" count="0" type="stmt"/>
      <line num="256" count="0" type="stmt"/>
      <line num="257" count="0" type="stmt"/>
      <line num="259" count="0" type="stmt"/>
      <line num="261" count="0" type="stmt"/>
      <line num="263" count="0" type="stmt"/>
      <line num="264" count="0" type="stmt"/>
      <line num="275" count="0" type="stmt"/>
      <line num="276" count="0" type="stmt"/>
      <line num="278" count="0" type="stmt"/>
      <line num="280" count="0" type="stmt"/>
      <line num="282" count="0" type="stmt"/>
      <line num="283" count="0" type="stmt"/>
      <line num="293" count="0" type="stmt"/>
      <line num="294" count="0" type="stmt"/>
      <line num="296" count="0" type="stmt"/>
      <line num="298" count="0" type="stmt"/>
      <line num="300" count="0" type="stmt"/>
      <line num="301" count="0" type="stmt"/>
      <line num="308" count="0" type="cond" truecount="0" falsecount="2"/>
      <line num="309" count="0" type="stmt"/>
      <line num="312" count="0" type="stmt"/>
      <line num="313" count="0" type="stmt"/>
      <line num="315" count="0" type="stmt"/>
      <line num="334" count="0" type="cond" truecount="0" falsecount="2"/>
      <line num="339" count="0" type="stmt"/>
      <line num="340" count="0" type="stmt"/>
      <line num="343" count="0" type="stmt"/>
      <line num="348" count="0" type="stmt"/>
      <line num="350" count="0" type="cond" truecount="0" falsecount="2"/>
      <line num="351" count="0" type="stmt"/>
      <line num="355" count="0" type="stmt"/>
      <line num="356" count="0" type="cond" truecount="0" falsecount="2"/>
      <line num="358" count="0" type="stmt"/>
      <line num="359" count="0" type="stmt"/>
      <line num="362" count="0" type="stmt"/>
      <line num="363" count="0" type="stmt"/>
      <line num="371" count="0" type="stmt"/>
      <line num="379" count="0" type="cond" truecount="0" falsecount="4"/>
      <line num="380" count="0" type="stmt"/>
      <line num="381" count="0" type="stmt"/>
      <line num="383" count="0" type="stmt"/>
      <line num="384" count="0" type="cond" truecount="0" falsecount="2"/>
      <line num="386" count="0" type="stmt"/>
      <line num="387" count="0" type="stmt"/>
      <line num="390" count="0" type="stmt"/>
      <line num="398" count="0" type="stmt"/>
      <line num="407" count="0" type="stmt"/>
      <line num="436" count="0" type="stmt"/>
      <line num="438" count="0" type="stmt"/>
      <line num="439" count="0" type="stmt"/>
      <line num="441" count="0" type="stmt"/>
      <line num="442" count="0" type="cond" truecount="0" falsecount="2"/>
      <line num="443" count="0" type="stmt"/>
      <line num="444" count="0" type="stmt"/>
      <line num="446" count="0" type="stmt"/>
      <line num="454" count="0" type="stmt"/>
      <line num="455" count="0" type="stmt"/>
      <line num="456" count="0" type="stmt"/>
      <line num="459" count="0" type="stmt"/>
      <line num="464" count="0" type="stmt"/>
      <line num="473" count="0" type="stmt"/>
      <line num="483" count="0" type="stmt"/>
      <line num="484" count="0" type="stmt"/>
      <line num="488" count="1" type="stmt"/>
    </file>
    <file name="Utils.js" path="/Users/ktalmadge/dev/elv-client-js/src/Utils.js">
      <metrics statements="34" coveredstatements="4" conditionals="31" coveredconditionals="0" methods="15" coveredmethods="0"/>
      <line num="1" count="1" type="stmt"/>
      <line num="2" count="1" type="stmt"/>
      <line num="12" count="1" type="stmt"/>
      <line num="26" count="0" type="stmt"/>
      <line num="27" count="0" type="stmt"/>
      <line num="40" count="0" type="stmt"/>
      <line num="51" count="0" type="cond" truecount="0" falsecount="4"/>
      <line num="53" count="0" type="cond" truecount="0" falsecount="2"/>
      <line num="54" count="0" type="stmt"/>
      <line num="65" count="0" type="stmt"/>
      <line num="66" count="0" type="stmt"/>
      <line num="77" count="0" type="stmt"/>
      <line num="88" count="0" type="stmt"/>
      <line num="99" count="0" type="stmt"/>
      <line num="110" count="0" type="stmt"/>
      <line num="111" count="0" type="stmt"/>
      <line num="124" count="0" type="cond" truecount="0" falsecount="4"/>
      <line num="125" count="0" type="stmt"/>
      <line num="128" count="0" type="stmt"/>
      <line num="139" count="0" type="stmt"/>
      <line num="140" count="0" type="stmt"/>
      <line num="143" count="0" type="stmt"/>
      <line num="148" count="0" type="stmt"/>
      <line num="149" count="0" type="stmt"/>
      <line num="159" count="0" type="cond" truecount="0" falsecount="2"/>
      <line num="161" count="0" type="stmt"/>
      <line num="164" count="0" type="cond" truecount="0" falsecount="15"/>
      <line num="175" count="0" type="stmt"/>
      <line num="178" count="0" type="stmt"/>
      <line num="180" count="0" type="cond" truecount="0" falsecount="2"/>
      <line num="183" count="0" type="stmt"/>
      <line num="185" count="0" type="stmt"/>
      <line num="198" count="0" type="cond" truecount="0" falsecount="2"/>
      <line num="202" count="1" type="stmt"/>
    </file>
  </project>
</coverage>
