{"/Users/ktalmadge/dev/elv-client-js/src/AuthorizationClient.js": {"path":"/Users/ktalmadge/dev/elv-client-js/src/AuthorizationClient.js","statementMap":{"0":{"start":{"line":1,"column":14},"end":{"line":1,"column":32}},"1":{"start":{"line":4,"column":22},"end":{"line":4,"column":61}},"2":{"start":{"line":5,"column":24},"end":{"line":5,"column":58}},"3":{"start":{"line":6,"column":21},"end":{"line":6,"column":59}},"4":{"start":{"line":7,"column":24},"end":{"line":7,"column":58}},"5":{"start":{"line":10,"column":12},"end":{"line":16,"column":1}},"6":{"start":{"line":11,"column":2},"end":{"line":13,"column":3}},"7":{"start":{"line":12,"column":4},"end":{"line":12,"column":21}},"8":{"start":{"line":15,"column":2},"end":{"line":15,"column":45}},"9":{"start":{"line":20,"column":4},"end":{"line":20,"column":25}},"10":{"start":{"line":21,"column":4},"end":{"line":21,"column":41}},"11":{"start":{"line":22,"column":4},"end":{"line":22,"column":27}},"12":{"start":{"line":23,"column":4},"end":{"line":23,"column":25}},"13":{"start":{"line":25,"column":4},"end":{"line":25,"column":37}},"14":{"start":{"line":27,"column":4},"end":{"line":31,"column":6}},"15":{"start":{"line":33,"column":4},"end":{"line":37,"column":6}},"16":{"start":{"line":39,"column":4},"end":{"line":39,"column":25}},"17":{"start":{"line":43,"column":31},"end":{"line":51,"column":6}},"18":{"start":{"line":53,"column":4},"end":{"line":53,"column":61}},"19":{"start":{"line":58,"column":27},"end":{"line":58,"column":39}},"20":{"start":{"line":60,"column":4},"end":{"line":82,"column":5}},"21":{"start":{"line":62,"column":6},"end":{"line":64,"column":7}},"22":{"start":{"line":63,"column":8},"end":{"line":63,"column":28}},"23":{"start":{"line":66,"column":33},"end":{"line":73,"column":8}},"24":{"start":{"line":75,"column":6},"end":{"line":75,"column":36}},"25":{"start":{"line":77,"column":6},"end":{"line":77,"column":32}},"26":{"start":{"line":80,"column":6},"end":{"line":80,"column":36}},"27":{"start":{"line":81,"column":6},"end":{"line":81,"column":18}},"28":{"start":{"line":86,"column":4},"end":{"line":86,"column":45}},"29":{"start":{"line":86,"column":30},"end":{"line":86,"column":43}},"30":{"start":{"line":88,"column":25},"end":{"line":93,"column":6}},"31":{"start":{"line":95,"column":4},"end":{"line":95,"column":83}},"32":{"start":{"line":99,"column":4},"end":{"line":114,"column":5}},"33":{"start":{"line":100,"column":32},"end":{"line":109,"column":8}},"34":{"start":{"line":110,"column":6},"end":{"line":110,"column":58}},"35":{"start":{"line":111,"column":11},"end":{"line":114,"column":5}},"36":{"start":{"line":113,"column":6},"end":{"line":113,"column":34}},"37":{"start":{"line":116,"column":18},"end":{"line":121,"column":7}},"38":{"start":{"line":123,"column":22},"end":{"line":123,"column":38}},"39":{"start":{"line":124,"column":4},"end":{"line":124,"column":35}},"40":{"start":{"line":139,"column":4},"end":{"line":139,"column":62}},"41":{"start":{"line":139,"column":30},"end":{"line":139,"column":60}},"42":{"start":{"line":141,"column":26},"end":{"line":141,"column":105}},"43":{"start":{"line":142,"column":27},"end":{"line":142,"column":74}},"44":{"start":{"line":143,"column":28},"end":{"line":143,"column":64}},"45":{"start":{"line":144,"column":28},"end":{"line":144,"column":86}},"46":{"start":{"line":147,"column":25},"end":{"line":147,"column":30}},"47":{"start":{"line":148,"column":4},"end":{"line":201,"column":5}},"48":{"start":{"line":150,"column":6},"end":{"line":150,"column":103}},"49":{"start":{"line":150,"column":66},"end":{"line":150,"column":101}},"50":{"start":{"line":152,"column":6},"end":{"line":152,"column":35}},"51":{"start":{"line":153,"column":24},"end":{"line":156,"column":8}},"52":{"start":{"line":158,"column":6},"end":{"line":160,"column":7}},"53":{"start":{"line":159,"column":8},"end":{"line":159,"column":64}},"54":{"start":{"line":162,"column":6},"end":{"line":162,"column":39}},"55":{"start":{"line":163,"column":11},"end":{"line":201,"column":5}},"56":{"start":{"line":165,"column":6},"end":{"line":165,"column":31}},"57":{"start":{"line":166,"column":6},"end":{"line":166,"column":30}},"58":{"start":{"line":167,"column":6},"end":{"line":167,"column":37}},"59":{"start":{"line":168,"column":6},"end":{"line":168,"column":35}},"60":{"start":{"line":169,"column":11},"end":{"line":201,"column":5}},"61":{"start":{"line":171,"column":6},"end":{"line":171,"column":20}},"62":{"start":{"line":172,"column":6},"end":{"line":172,"column":29}},"63":{"start":{"line":173,"column":6},"end":{"line":173,"column":38}},"64":{"start":{"line":174,"column":6},"end":{"line":174,"column":35}},"65":{"start":{"line":175,"column":11},"end":{"line":201,"column":5}},"66":{"start":{"line":177,"column":6},"end":{"line":177,"column":21}},"67":{"start":{"line":178,"column":6},"end":{"line":178,"column":32}},"68":{"start":{"line":179,"column":6},"end":{"line":179,"column":40}},"69":{"start":{"line":180,"column":6},"end":{"line":180,"column":35}},"70":{"start":{"line":183,"column":6},"end":{"line":183,"column":20}},"71":{"start":{"line":184,"column":6},"end":{"line":184,"column":32}},"72":{"start":{"line":185,"column":6},"end":{"line":185,"column":38}},"73":{"start":{"line":186,"column":6},"end":{"line":186,"column":28}},"74":{"start":{"line":188,"column":6},"end":{"line":200,"column":7}},"75":{"start":{"line":190,"column":8},"end":{"line":190,"column":58}},"76":{"start":{"line":193,"column":8},"end":{"line":199,"column":10}},"77":{"start":{"line":204,"column":4},"end":{"line":206,"column":5}},"78":{"start":{"line":205,"column":6},"end":{"line":205,"column":62}},"79":{"start":{"line":205,"column":22},"end":{"line":205,"column":60}},"80":{"start":{"line":209,"column":4},"end":{"line":209,"column":29}},"81":{"start":{"line":209,"column":20},"end":{"line":209,"column":27}},"82":{"start":{"line":213,"column":4},"end":{"line":217,"column":5}},"83":{"start":{"line":214,"column":6},"end":{"line":214,"column":58}},"84":{"start":{"line":216,"column":6},"end":{"line":216,"column":83}},"85":{"start":{"line":220,"column":4},"end":{"line":230,"column":5}},"86":{"start":{"line":221,"column":6},"end":{"line":221,"column":48}},"87":{"start":{"line":224,"column":6},"end":{"line":229,"column":9}},"88":{"start":{"line":225,"column":8},"end":{"line":228,"column":9}},"89":{"start":{"line":226,"column":10},"end":{"line":226,"column":53}},"90":{"start":{"line":227,"column":10},"end":{"line":227,"column":22}},"91":{"start":{"line":233,"column":4},"end":{"line":235,"column":5}},"92":{"start":{"line":234,"column":6},"end":{"line":234,"column":83}},"93":{"start":{"line":237,"column":4},"end":{"line":237,"column":25}},"94":{"start":{"line":241,"column":4},"end":{"line":241,"column":67}},"95":{"start":{"line":245,"column":4},"end":{"line":245,"column":64}},"96":{"start":{"line":252,"column":19},"end":{"line":252,"column":105}},"97":{"start":{"line":252,"column":39},"end":{"line":252,"column":104}},"98":{"start":{"line":254,"column":4},"end":{"line":254,"column":29}},"99":{"start":{"line":254,"column":18},"end":{"line":254,"column":27}},"100":{"start":{"line":256,"column":18},"end":{"line":261,"column":6}},"101":{"start":{"line":263,"column":21},"end":{"line":267,"column":6}},"102":{"start":{"line":269,"column":4},"end":{"line":269,"column":40}},"103":{"start":{"line":273,"column":22},"end":{"line":273,"column":41}},"104":{"start":{"line":275,"column":4},"end":{"line":275,"column":67}},"105":{"start":{"line":275,"column":21},"end":{"line":275,"column":65}},"106":{"start":{"line":277,"column":26},"end":{"line":281,"column":6}},"107":{"start":{"line":284,"column":18},"end":{"line":289,"column":6}},"108":{"start":{"line":291,"column":4},"end":{"line":291,"column":31}},"109":{"start":{"line":292,"column":4},"end":{"line":292,"column":47}},"110":{"start":{"line":294,"column":4},"end":{"line":294,"column":17}},"111":{"start":{"line":298,"column":20},"end":{"line":298,"column":49}},"112":{"start":{"line":301,"column":23},"end":{"line":301,"column":24}},"113":{"start":{"line":302,"column":4},"end":{"line":307,"column":5}},"114":{"start":{"line":304,"column":31},"end":{"line":304,"column":58}},"115":{"start":{"line":306,"column":6},"end":{"line":306,"column":101}},"116":{"start":{"line":309,"column":26},"end":{"line":313,"column":6}},"117":{"start":{"line":316,"column":18},"end":{"line":322,"column":6}},"118":{"start":{"line":324,"column":31},"end":{"line":328,"column":6}},"119":{"start":{"line":330,"column":4},"end":{"line":332,"column":5}},"120":{"start":{"line":331,"column":6},"end":{"line":331,"column":35}},"121":{"start":{"line":334,"column":4},"end":{"line":334,"column":17}},"122":{"start":{"line":338,"column":4},"end":{"line":343,"column":7}},"123":{"start":{"line":350,"column":49},"end":{"line":353,"column":6}},"124":{"start":{"line":355,"column":4},"end":{"line":358,"column":6}},"125":{"start":{"line":363,"column":49},"end":{"line":366,"column":6}},"126":{"start":{"line":368,"column":4},"end":{"line":371,"column":6}},"127":{"start":{"line":376,"column":47},"end":{"line":379,"column":6}},"128":{"start":{"line":381,"column":4},"end":{"line":384,"column":6}},"129":{"start":{"line":389,"column":49},"end":{"line":393,"column":6}},"130":{"start":{"line":395,"column":4},"end":{"line":398,"column":6}},"131":{"start":{"line":403,"column":4},"end":{"line":421,"column":5}},"132":{"start":{"line":404,"column":6},"end":{"line":404,"column":63}},"133":{"start":{"line":405,"column":6},"end":{"line":405,"column":63}},"134":{"start":{"line":406,"column":11},"end":{"line":421,"column":5}},"135":{"start":{"line":407,"column":6},"end":{"line":407,"column":60}},"136":{"start":{"line":408,"column":6},"end":{"line":408,"column":60}},"137":{"start":{"line":410,"column":6},"end":{"line":414,"column":8}},"138":{"start":{"line":416,"column":6},"end":{"line":420,"column":8}},"139":{"start":{"line":425,"column":0},"end":{"line":425,"column":37}}},"fnMap":{"0":{"name":"(anonymous_0)","decl":{"start":{"line":10,"column":12},"end":{"line":10,"column":13}},"loc":{"start":{"line":10,"column":21},"end":{"line":16,"column":1}},"line":10},"1":{"name":"(anonymous_1)","decl":{"start":{"line":19,"column":2},"end":{"line":19,"column":3}},"loc":{"start":{"line":19,"column":69},"end":{"line":40,"column":3}},"line":19},"2":{"name":"(anonymous_2)","decl":{"start":{"line":42,"column":2},"end":{"line":42,"column":3}},"loc":{"start":{"line":42,"column":124},"end":{"line":54,"column":3}},"line":42},"3":{"name":"(anonymous_3)","decl":{"start":{"line":57,"column":2},"end":{"line":57,"column":3}},"loc":{"start":{"line":57,"column":123},"end":{"line":83,"column":3}},"line":57},"4":{"name":"(anonymous_4)","decl":{"start":{"line":85,"column":2},"end":{"line":85,"column":3}},"loc":{"start":{"line":85,"column":27},"end":{"line":96,"column":3}},"line":85},"5":{"name":"(anonymous_5)","decl":{"start":{"line":98,"column":2},"end":{"line":98,"column":3}},"loc":{"start":{"line":98,"column":116},"end":{"line":125,"column":3}},"line":98},"6":{"name":"(anonymous_6)","decl":{"start":{"line":128,"column":2},"end":{"line":128,"column":3}},"loc":{"start":{"line":138,"column":5},"end":{"line":238,"column":3}},"line":138},"7":{"name":"(anonymous_7)","decl":{"start":{"line":224,"column":30},"end":{"line":224,"column":31}},"loc":{"start":{"line":224,"column":37},"end":{"line":229,"column":7}},"line":224},"8":{"name":"(anonymous_8)","decl":{"start":{"line":240,"column":2},"end":{"line":240,"column":3}},"loc":{"start":{"line":240,"column":56},"end":{"line":242,"column":3}},"line":240},"9":{"name":"(anonymous_9)","decl":{"start":{"line":244,"column":2},"end":{"line":244,"column":3}},"loc":{"start":{"line":244,"column":54},"end":{"line":246,"column":3}},"line":244},"10":{"name":"(anonymous_10)","decl":{"start":{"line":250,"column":2},"end":{"line":250,"column":3}},"loc":{"start":{"line":250,"column":41},"end":{"line":270,"column":3}},"line":250},"11":{"name":"(anonymous_11)","decl":{"start":{"line":252,"column":28},"end":{"line":252,"column":29}},"loc":{"start":{"line":252,"column":39},"end":{"line":252,"column":104}},"line":252},"12":{"name":"(anonymous_12)","decl":{"start":{"line":272,"column":2},"end":{"line":272,"column":3}},"loc":{"start":{"line":272,"column":41},"end":{"line":295,"column":3}},"line":272},"13":{"name":"(anonymous_13)","decl":{"start":{"line":297,"column":2},"end":{"line":297,"column":3}},"loc":{"start":{"line":297,"column":67},"end":{"line":335,"column":3}},"line":297},"14":{"name":"(anonymous_14)","decl":{"start":{"line":337,"column":2},"end":{"line":337,"column":3}},"loc":{"start":{"line":337,"column":33},"end":{"line":344,"column":3}},"line":337},"15":{"name":"(anonymous_15)","decl":{"start":{"line":348,"column":2},"end":{"line":348,"column":3}},"loc":{"start":{"line":348,"column":28},"end":{"line":359,"column":3}},"line":348},"16":{"name":"(anonymous_16)","decl":{"start":{"line":361,"column":2},"end":{"line":361,"column":3}},"loc":{"start":{"line":361,"column":28},"end":{"line":372,"column":3}},"line":361},"17":{"name":"(anonymous_17)","decl":{"start":{"line":374,"column":2},"end":{"line":374,"column":3}},"loc":{"start":{"line":374,"column":31},"end":{"line":385,"column":3}},"line":374},"18":{"name":"(anonymous_18)","decl":{"start":{"line":387,"column":2},"end":{"line":387,"column":3}},"loc":{"start":{"line":387,"column":49},"end":{"line":399,"column":3}},"line":387},"19":{"name":"(anonymous_19)","decl":{"start":{"line":402,"column":2},"end":{"line":402,"column":3}},"loc":{"start":{"line":402,"column":36},"end":{"line":422,"column":3}},"line":402}},"branchMap":{"0":{"loc":{"start":{"line":11,"column":2},"end":{"line":13,"column":3}},"type":"if","locations":[{"start":{"line":11,"column":2},"end":{"line":13,"column":3}},{"start":{"line":11,"column":2},"end":{"line":13,"column":3}}],"line":11},"1":{"loc":{"start":{"line":19,"column":39},"end":{"line":19,"column":52}},"type":"default-arg","locations":[{"start":{"line":19,"column":47},"end":{"line":19,"column":52}}],"line":19},"2":{"loc":{"start":{"line":19,"column":54},"end":{"line":19,"column":66}},"type":"default-arg","locations":[{"start":{"line":19,"column":61},"end":{"line":19,"column":66}}],"line":19},"3":{"loc":{"start":{"line":42,"column":80},"end":{"line":42,"column":92}},"type":"default-arg","locations":[{"start":{"line":42,"column":87},"end":{"line":42,"column":92}}],"line":42},"4":{"loc":{"start":{"line":42,"column":94},"end":{"line":42,"column":107}},"type":"default-arg","locations":[{"start":{"line":42,"column":102},"end":{"line":42,"column":107}}],"line":42},"5":{"loc":{"start":{"line":42,"column":109},"end":{"line":42,"column":121}},"type":"default-arg","locations":[{"start":{"line":42,"column":116},"end":{"line":42,"column":121}}],"line":42},"6":{"loc":{"start":{"line":57,"column":79},"end":{"line":57,"column":91}},"type":"default-arg","locations":[{"start":{"line":57,"column":86},"end":{"line":57,"column":91}}],"line":57},"7":{"loc":{"start":{"line":57,"column":93},"end":{"line":57,"column":106}},"type":"default-arg","locations":[{"start":{"line":57,"column":101},"end":{"line":57,"column":106}}],"line":57},"8":{"loc":{"start":{"line":57,"column":108},"end":{"line":57,"column":120}},"type":"default-arg","locations":[{"start":{"line":57,"column":115},"end":{"line":57,"column":120}}],"line":57},"9":{"loc":{"start":{"line":62,"column":6},"end":{"line":64,"column":7}},"type":"if","locations":[{"start":{"line":62,"column":6},"end":{"line":64,"column":7}},{"start":{"line":62,"column":6},"end":{"line":64,"column":7}}],"line":62},"10":{"loc":{"start":{"line":62,"column":10},"end":{"line":62,"column":34}},"type":"binary-expr","locations":[{"start":{"line":62,"column":10},"end":{"line":62,"column":17}},{"start":{"line":62,"column":21},"end":{"line":62,"column":34}}],"line":62},"11":{"loc":{"start":{"line":86,"column":4},"end":{"line":86,"column":45}},"type":"if","locations":[{"start":{"line":86,"column":4},"end":{"line":86,"column":45}},{"start":{"line":86,"column":4},"end":{"line":86,"column":45}}],"line":86},"12":{"loc":{"start":{"line":98,"column":87},"end":{"line":98,"column":99}},"type":"default-arg","locations":[{"start":{"line":98,"column":94},"end":{"line":98,"column":99}}],"line":98},"13":{"loc":{"start":{"line":98,"column":101},"end":{"line":98,"column":113}},"type":"default-arg","locations":[{"start":{"line":98,"column":108},"end":{"line":98,"column":113}}],"line":98},"14":{"loc":{"start":{"line":99,"column":4},"end":{"line":114,"column":5}},"type":"if","locations":[{"start":{"line":99,"column":4},"end":{"line":114,"column":5}},{"start":{"line":99,"column":4},"end":{"line":114,"column":5}}],"line":99},"15":{"loc":{"start":{"line":99,"column":7},"end":{"line":99,"column":50}},"type":"binary-expr","locations":[{"start":{"line":99,"column":7},"end":{"line":99,"column":23}},{"start":{"line":99,"column":27},"end":{"line":99,"column":39}},{"start":{"line":99,"column":43},"end":{"line":99,"column":50}}],"line":99},"16":{"loc":{"start":{"line":111,"column":11},"end":{"line":114,"column":5}},"type":"if","locations":[{"start":{"line":111,"column":11},"end":{"line":114,"column":5}},{"start":{"line":111,"column":11},"end":{"line":114,"column":5}}],"line":111},"17":{"loc":{"start":{"line":119,"column":12},"end":{"line":119,"column":79}},"type":"binary-expr","locations":[{"start":{"line":119,"column":13},"end":{"line":119,"column":31}},{"start":{"line":119,"column":35},"end":{"line":119,"column":72}},{"start":{"line":119,"column":77},"end":{"line":119,"column":79}}],"line":119},"18":{"loc":{"start":{"line":132,"column":4},"end":{"line":132,"column":11}},"type":"default-arg","locations":[{"start":{"line":132,"column":9},"end":{"line":132,"column":11}}],"line":132},"19":{"loc":{"start":{"line":133,"column":4},"end":{"line":133,"column":16}},"type":"default-arg","locations":[{"start":{"line":133,"column":11},"end":{"line":133,"column":16}}],"line":133},"20":{"loc":{"start":{"line":134,"column":4},"end":{"line":134,"column":26}},"type":"default-arg","locations":[{"start":{"line":134,"column":22},"end":{"line":134,"column":26}}],"line":134},"21":{"loc":{"start":{"line":135,"column":4},"end":{"line":135,"column":19}},"type":"default-arg","locations":[{"start":{"line":135,"column":14},"end":{"line":135,"column":19}}],"line":135},"22":{"loc":{"start":{"line":136,"column":4},"end":{"line":136,"column":17}},"type":"default-arg","locations":[{"start":{"line":136,"column":12},"end":{"line":136,"column":17}}],"line":136},"23":{"loc":{"start":{"line":139,"column":4},"end":{"line":139,"column":62}},"type":"if","locations":[{"start":{"line":139,"column":4},"end":{"line":139,"column":62}},{"start":{"line":139,"column":4},"end":{"line":139,"column":62}}],"line":139},"24":{"loc":{"start":{"line":141,"column":26},"end":{"line":141,"column":105}},"type":"binary-expr","locations":[{"start":{"line":141,"column":26},"end":{"line":141,"column":35}},{"start":{"line":141,"column":39},"end":{"line":141,"column":105}}],"line":141},"25":{"loc":{"start":{"line":144,"column":28},"end":{"line":144,"column":86}},"type":"cond-expr","locations":[{"start":{"line":144,"column":37},"end":{"line":144,"column":60}},{"start":{"line":144,"column":63},"end":{"line":144,"column":86}}],"line":144},"26":{"loc":{"start":{"line":148,"column":4},"end":{"line":201,"column":5}},"type":"if","locations":[{"start":{"line":148,"column":4},"end":{"line":201,"column":5}},{"start":{"line":148,"column":4},"end":{"line":201,"column":5}}],"line":148},"27":{"loc":{"start":{"line":150,"column":6},"end":{"line":150,"column":103}},"type":"if","locations":[{"start":{"line":150,"column":6},"end":{"line":150,"column":103}},{"start":{"line":150,"column":6},"end":{"line":150,"column":103}}],"line":150},"28":{"loc":{"start":{"line":150,"column":9},"end":{"line":150,"column":62}},"type":"binary-expr","locations":[{"start":{"line":150,"column":9},"end":{"line":150,"column":17}},{"start":{"line":150,"column":21},"end":{"line":150,"column":31}},{"start":{"line":150,"column":35},"end":{"line":150,"column":62}}],"line":150},"29":{"loc":{"start":{"line":158,"column":6},"end":{"line":160,"column":7}},"type":"if","locations":[{"start":{"line":158,"column":6},"end":{"line":160,"column":7}},{"start":{"line":158,"column":6},"end":{"line":160,"column":7}}],"line":158},"30":{"loc":{"start":{"line":163,"column":11},"end":{"line":201,"column":5}},"type":"if","locations":[{"start":{"line":163,"column":11},"end":{"line":201,"column":5}},{"start":{"line":163,"column":11},"end":{"line":201,"column":5}}],"line":163},"31":{"loc":{"start":{"line":163,"column":14},"end":{"line":163,"column":111}},"type":"binary-expr","locations":[{"start":{"line":163,"column":15},"end":{"line":163,"column":25}},{"start":{"line":163,"column":29},"end":{"line":163,"column":38}},{"start":{"line":163,"column":44},"end":{"line":163,"column":53}},{"start":{"line":163,"column":57},"end":{"line":163,"column":71}},{"start":{"line":163,"column":77},"end":{"line":163,"column":91}},{"start":{"line":163,"column":95},"end":{"line":163,"column":110}}],"line":163},"32":{"loc":{"start":{"line":169,"column":11},"end":{"line":201,"column":5}},"type":"if","locations":[{"start":{"line":169,"column":11},"end":{"line":201,"column":5}},{"start":{"line":169,"column":11},"end":{"line":201,"column":5}}],"line":169},"33":{"loc":{"start":{"line":175,"column":11},"end":{"line":201,"column":5}},"type":"if","locations":[{"start":{"line":175,"column":11},"end":{"line":201,"column":5}},{"start":{"line":175,"column":11},"end":{"line":201,"column":5}}],"line":175},"34":{"loc":{"start":{"line":175,"column":14},"end":{"line":175,"column":42}},"type":"binary-expr","locations":[{"start":{"line":175,"column":14},"end":{"line":175,"column":23}},{"start":{"line":175,"column":27},"end":{"line":175,"column":42}}],"line":175},"35":{"loc":{"start":{"line":188,"column":6},"end":{"line":200,"column":7}},"type":"if","locations":[{"start":{"line":188,"column":6},"end":{"line":200,"column":7}},{"start":{"line":188,"column":6},"end":{"line":200,"column":7}}],"line":188},"36":{"loc":{"start":{"line":188,"column":9},"end":{"line":188,"column":32}},"type":"binary-expr","locations":[{"start":{"line":188,"column":9},"end":{"line":188,"column":13}},{"start":{"line":188,"column":17},"end":{"line":188,"column":32}}],"line":188},"37":{"loc":{"start":{"line":204,"column":4},"end":{"line":206,"column":5}},"type":"if","locations":[{"start":{"line":204,"column":4},"end":{"line":206,"column":5}},{"start":{"line":204,"column":4},"end":{"line":206,"column":5}}],"line":204},"38":{"loc":{"start":{"line":204,"column":7},"end":{"line":204,"column":29}},"type":"binary-expr","locations":[{"start":{"line":204,"column":7},"end":{"line":204,"column":15}},{"start":{"line":204,"column":19},"end":{"line":204,"column":29}}],"line":204},"39":{"loc":{"start":{"line":205,"column":6},"end":{"line":205,"column":62}},"type":"if","locations":[{"start":{"line":205,"column":6},"end":{"line":205,"column":62}},{"start":{"line":205,"column":6},"end":{"line":205,"column":62}}],"line":205},"40":{"loc":{"start":{"line":209,"column":4},"end":{"line":209,"column":29}},"type":"if","locations":[{"start":{"line":209,"column":4},"end":{"line":209,"column":29}},{"start":{"line":209,"column":4},"end":{"line":209,"column":29}}],"line":209},"41":{"loc":{"start":{"line":213,"column":4},"end":{"line":217,"column":5}},"type":"if","locations":[{"start":{"line":213,"column":4},"end":{"line":217,"column":5}},{"start":{"line":213,"column":4},"end":{"line":217,"column":5}}],"line":213},"42":{"loc":{"start":{"line":220,"column":4},"end":{"line":230,"column":5}},"type":"if","locations":[{"start":{"line":220,"column":4},"end":{"line":230,"column":5}},{"start":{"line":220,"column":4},"end":{"line":230,"column":5}}],"line":220},"43":{"loc":{"start":{"line":225,"column":8},"end":{"line":228,"column":9}},"type":"if","locations":[{"start":{"line":225,"column":8},"end":{"line":228,"column":9}},{"start":{"line":225,"column":8},"end":{"line":228,"column":9}}],"line":225},"44":{"loc":{"start":{"line":225,"column":11},"end":{"line":225,"column":45}},"type":"binary-expr","locations":[{"start":{"line":225,"column":11},"end":{"line":225,"column":21}},{"start":{"line":225,"column":25},"end":{"line":225,"column":45}}],"line":225},"45":{"loc":{"start":{"line":233,"column":4},"end":{"line":235,"column":5}},"type":"if","locations":[{"start":{"line":233,"column":4},"end":{"line":235,"column":5}},{"start":{"line":233,"column":4},"end":{"line":235,"column":5}}],"line":233},"46":{"loc":{"start":{"line":233,"column":7},"end":{"line":233,"column":32}},"type":"binary-expr","locations":[{"start":{"line":233,"column":7},"end":{"line":233,"column":21}},{"start":{"line":233,"column":25},"end":{"line":233,"column":32}}],"line":233},"47":{"loc":{"start":{"line":252,"column":39},"end":{"line":252,"column":104}},"type":"binary-expr","locations":[{"start":{"line":252,"column":39},"end":{"line":252,"column":73}},{"start":{"line":252,"column":77},"end":{"line":252,"column":104}}],"line":252},"48":{"loc":{"start":{"line":254,"column":4},"end":{"line":254,"column":29}},"type":"if","locations":[{"start":{"line":254,"column":4},"end":{"line":254,"column":29}},{"start":{"line":254,"column":4},"end":{"line":254,"column":29}}],"line":254},"49":{"loc":{"start":{"line":275,"column":4},"end":{"line":275,"column":67}},"type":"if","locations":[{"start":{"line":275,"column":4},"end":{"line":275,"column":67}},{"start":{"line":275,"column":4},"end":{"line":275,"column":67}}],"line":275},"50":{"loc":{"start":{"line":297,"column":32},"end":{"line":297,"column":39}},"type":"default-arg","locations":[{"start":{"line":297,"column":37},"end":{"line":297,"column":39}}],"line":297},"51":{"loc":{"start":{"line":297,"column":41},"end":{"line":297,"column":64}},"type":"default-arg","locations":[{"start":{"line":297,"column":59},"end":{"line":297,"column":64}}],"line":297},"52":{"loc":{"start":{"line":302,"column":4},"end":{"line":307,"column":5}},"type":"if","locations":[{"start":{"line":302,"column":4},"end":{"line":307,"column":5}},{"start":{"line":302,"column":4},"end":{"line":307,"column":5}}],"line":302},"53":{"loc":{"start":{"line":302,"column":7},"end":{"line":302,"column":36}},"type":"binary-expr","locations":[{"start":{"line":302,"column":7},"end":{"line":302,"column":15}},{"start":{"line":302,"column":19},"end":{"line":302,"column":36}}],"line":302},"54":{"loc":{"start":{"line":330,"column":4},"end":{"line":332,"column":5}},"type":"if","locations":[{"start":{"line":330,"column":4},"end":{"line":332,"column":5}},{"start":{"line":330,"column":4},"end":{"line":332,"column":5}}],"line":330},"55":{"loc":{"start":{"line":330,"column":7},"end":{"line":330,"column":53}},"type":"binary-expr","locations":[{"start":{"line":330,"column":7},"end":{"line":330,"column":30}},{"start":{"line":330,"column":34},"end":{"line":330,"column":53}}],"line":330},"56":{"loc":{"start":{"line":391,"column":19},"end":{"line":391,"column":75}},"type":"cond-expr","locations":[{"start":{"line":391,"column":28},"end":{"line":391,"column":55}},{"start":{"line":391,"column":58},"end":{"line":391,"column":75}}],"line":391},"57":{"loc":{"start":{"line":403,"column":4},"end":{"line":421,"column":5}},"type":"if","locations":[{"start":{"line":403,"column":4},"end":{"line":421,"column":5}},{"start":{"line":403,"column":4},"end":{"line":421,"column":5}}],"line":403},"58":{"loc":{"start":{"line":406,"column":11},"end":{"line":421,"column":5}},"type":"if","locations":[{"start":{"line":406,"column":11},"end":{"line":421,"column":5}},{"start":{"line":406,"column":11},"end":{"line":421,"column":5}}],"line":406}},"s":{"0":1,"1":1,"2":1,"3":1,"4":1,"5":1,"6":0,"7":0,"8":0,"9":4,"10":4,"11":4,"12":4,"13":4,"14":4,"15":4,"16":4,"17":0,"18":0,"19":0,"20":0,"21":0,"22":0,"23":0,"24":0,"25":0,"26":0,"27":0,"28":0,"29":0,"30":0,"31":0,"32":0,"33":0,"34":0,"35":0,"36":0,"37":0,"38":0,"39":0,"40":0,"41":0,"42":0,"43":0,"44":0,"45":0,"46":0,"47":0,"48":0,"49":0,"50":0,"51":0,"52":0,"53":0,"54":0,"55":0,"56":0,"57":0,"58":0,"59":0,"60":0,"61":0,"62":0,"63":0,"64":0,"65":0,"66":0,"67":0,"68":0,"69":0,"70":0,"71":0,"72":0,"73":0,"74":0,"75":0,"76":0,"77":0,"78":0,"79":0,"80":0,"81":0,"82":0,"83":0,"84":0,"85":0,"86":0,"87":0,"88":0,"89":0,"90":0,"91":0,"92":0,"93":0,"94":0,"95":0,"96":0,"97":0,"98":0,"99":0,"100":0,"101":0,"102":0,"103":0,"104":0,"105":0,"106":0,"107":0,"108":0,"109":0,"110":0,"111":0,"112":0,"113":0,"114":0,"115":0,"116":0,"117":0,"118":0,"119":0,"120":0,"121":0,"122":0,"123":0,"124":0,"125":0,"126":0,"127":0,"128":0,"129":0,"130":0,"131":0,"132":0,"133":0,"134":0,"135":0,"136":0,"137":0,"138":0,"139":1},"f":{"0":0,"1":4,"2":0,"3":0,"4":0,"5":0,"6":0,"7":0,"8":0,"9":0,"10":0,"11":0,"12":0,"13":0,"14":0,"15":0,"16":0,"17":0,"18":0,"19":0},"b":{"0":[0,0],"1":[0],"2":[0],"3":[0],"4":[0],"5":[0],"6":[0],"7":[0],"8":[0],"9":[0,0],"10":[0,0],"11":[0,0],"12":[0],"13":[0],"14":[0,0],"15":[0,0,0],"16":[0,0],"17":[0,0,0],"18":[0],"19":[0],"20":[0],"21":[0],"22":[0],"23":[0,0],"24":[0,0],"25":[0,0],"26":[0,0],"27":[0,0],"28":[0,0,0],"29":[0,0],"30":[0,0],"31":[0,0,0,0,0,0],"32":[0,0],"33":[0,0],"34":[0,0],"35":[0,0],"36":[0,0],"37":[0,0],"38":[0,0],"39":[0,0],"40":[0,0],"41":[0,0],"42":[0,0],"43":[0,0],"44":[0,0],"45":[0,0],"46":[0,0],"47":[0,0],"48":[0,0],"49":[0,0],"50":[0],"51":[0],"52":[0,0],"53":[0,0],"54":[0,0],"55":[0,0],"56":[0,0],"57":[0,0],"58":[0,0]},"_coverageSchema":"43e27e138ebf9cfc5966b082cf9a028302ed4184","hash":"49717ef3c898f58d8f168c737320dd2d5d4605d9"}
,"/Users/ktalmadge/dev/elv-client-js/src/ContentObjectVerification.js": {"path":"/Users/ktalmadge/dev/elv-client-js/src/ContentObjectVerification.js","statementMap":{"0":{"start":{"line":3,"column":13},"end":{"line":3,"column":52}},"1":{"start":{"line":5,"column":13},"end":{"line":5,"column":28}},"2":{"start":{"line":6,"column":18},"end":{"line":6,"column":40}},"3":{"start":{"line":7,"column":18},"end":{"line":7,"column":39}},"4":{"start":{"line":9,"column":34},"end":{"line":210,"column":1}},"5":{"start":{"line":11,"column":19},"end":{"line":13,"column":5}},"6":{"start":{"line":15,"column":21},"end":{"line":15,"column":56}},"7":{"start":{"line":17,"column":27},"end":{"line":18,"column":46}},"8":{"start":{"line":18,"column":24},"end":{"line":18,"column":45}},"9":{"start":{"line":19,"column":29},"end":{"line":19,"column":120}},"10":{"start":{"line":21,"column":4},"end":{"line":25,"column":5}},"11":{"start":{"line":22,"column":6},"end":{"line":22,"column":38}},"12":{"start":{"line":24,"column":6},"end":{"line":24,"column":78}},"13":{"start":{"line":27,"column":4},"end":{"line":27,"column":34}},"14":{"start":{"line":29,"column":4},"end":{"line":77,"column":5}},"15":{"start":{"line":31,"column":22},"end":{"line":31,"column":57}},"16":{"start":{"line":32,"column":31},"end":{"line":32,"column":95}},"17":{"start":{"line":33,"column":35},"end":{"line":34,"column":48}},"18":{"start":{"line":34,"column":26},"end":{"line":34,"column":47}},"19":{"start":{"line":36,"column":35},"end":{"line":36,"column":140}},"20":{"start":{"line":38,"column":6},"end":{"line":42,"column":7}},"21":{"start":{"line":39,"column":8},"end":{"line":39,"column":39}},"22":{"start":{"line":41,"column":8},"end":{"line":41,"column":83}},"23":{"start":{"line":44,"column":6},"end":{"line":44,"column":43}},"24":{"start":{"line":46,"column":6},"end":{"line":56,"column":7}},"25":{"start":{"line":49,"column":25},"end":{"line":53,"column":10}},"26":{"start":{"line":55,"column":8},"end":{"line":55,"column":134}},"27":{"start":{"line":60,"column":26},"end":{"line":60,"column":65}},"28":{"start":{"line":61,"column":29},"end":{"line":61,"column":101}},"29":{"start":{"line":62,"column":33},"end":{"line":63,"column":48}},"30":{"start":{"line":63,"column":26},"end":{"line":63,"column":47}},"31":{"start":{"line":64,"column":33},"end":{"line":64,"column":134}},"32":{"start":{"line":66,"column":6},"end":{"line":70,"column":7}},"33":{"start":{"line":67,"column":8},"end":{"line":67,"column":43}},"34":{"start":{"line":69,"column":8},"end":{"line":69,"column":85}},"35":{"start":{"line":72,"column":6},"end":{"line":72,"column":45}},"36":{"start":{"line":74,"column":6},"end":{"line":76,"column":7}},"37":{"start":{"line":75,"column":8},"end":{"line":75,"column":105}},"38":{"start":{"line":79,"column":4},"end":{"line":83,"column":56}},"39":{"start":{"line":85,"column":4},"end":{"line":85,"column":20}},"40":{"start":{"line":91,"column":4},"end":{"line":91,"column":35}},"41":{"start":{"line":91,"column":23},"end":{"line":91,"column":33}},"42":{"start":{"line":93,"column":4},"end":{"line":98,"column":7}},"43":{"start":{"line":94,"column":6},"end":{"line":97,"column":8}},"44":{"start":{"line":103,"column":16},"end":{"line":103,"column":18}},"45":{"start":{"line":103,"column":25},"end":{"line":103,"column":53}},"46":{"start":{"line":104,"column":6},"end":{"line":110,"column":7}},"47":{"start":{"line":105,"column":8},"end":{"line":107,"column":9}},"48":{"start":{"line":106,"column":10},"end":{"line":106,"column":25}},"49":{"start":{"line":108,"column":8},"end":{"line":108,"column":29}},"50":{"start":{"line":109,"column":8},"end":{"line":109,"column":18}},"51":{"start":{"line":111,"column":6},"end":{"line":111,"column":17}},"52":{"start":{"line":115,"column":16},"end":{"line":115,"column":18}},"53":{"start":{"line":115,"column":27},"end":{"line":115,"column":28}},"54":{"start":{"line":116,"column":6},"end":{"line":122,"column":7}},"55":{"start":{"line":117,"column":8},"end":{"line":117,"column":34}},"56":{"start":{"line":118,"column":8},"end":{"line":121,"column":9}},"57":{"start":{"line":119,"column":10},"end":{"line":119,"column":24}},"58":{"start":{"line":120,"column":10},"end":{"line":120,"column":18}},"59":{"start":{"line":123,"column":6},"end":{"line":125,"column":7}},"60":{"start":{"line":124,"column":8},"end":{"line":124,"column":54}},"61":{"start":{"line":126,"column":6},"end":{"line":126,"column":17}},"62":{"start":{"line":129,"column":17},"end":{"line":129,"column":53}},"63":{"start":{"line":130,"column":16},"end":{"line":130,"column":32}},"64":{"start":{"line":131,"column":14},"end":{"line":131,"column":42}},"65":{"start":{"line":133,"column":4},"end":{"line":133,"column":68}},"66":{"start":{"line":137,"column":17},"end":{"line":137,"column":59}},"67":{"start":{"line":138,"column":14},"end":{"line":138,"column":36}},"68":{"start":{"line":139,"column":4},"end":{"line":139,"column":37}},"69":{"start":{"line":143,"column":4},"end":{"line":159,"column":5}},"70":{"start":{"line":144,"column":6},"end":{"line":146,"column":7}},"71":{"start":{"line":145,"column":8},"end":{"line":145,"column":43}},"72":{"start":{"line":148,"column":17},"end":{"line":148,"column":69}},"73":{"start":{"line":150,"column":6},"end":{"line":153,"column":8}},"74":{"start":{"line":155,"column":6},"end":{"line":158,"column":8}},"75":{"start":{"line":163,"column":4},"end":{"line":163,"column":44}},"76":{"start":{"line":163,"column":24},"end":{"line":163,"column":42}},"77":{"start":{"line":164,"column":4},"end":{"line":164,"column":36}},"78":{"start":{"line":164,"column":20},"end":{"line":164,"column":34}},"79":{"start":{"line":166,"column":19},"end":{"line":169,"column":5}},"80":{"start":{"line":171,"column":21},"end":{"line":171,"column":46}},"81":{"start":{"line":172,"column":25},"end":{"line":172,"column":46}},"82":{"start":{"line":175,"column":26},"end":{"line":177,"column":62}},"83":{"start":{"line":176,"column":19},"end":{"line":176,"column":44}},"84":{"start":{"line":177,"column":39},"end":{"line":177,"column":60}},"85":{"start":{"line":179,"column":4},"end":{"line":188,"column":5}},"86":{"start":{"line":180,"column":24},"end":{"line":180,"column":41}},"87":{"start":{"line":181,"column":28},"end":{"line":181,"column":41}},"88":{"start":{"line":183,"column":6},"end":{"line":187,"column":9}},"89":{"start":{"line":191,"column":4},"end":{"line":202,"column":5}},"90":{"start":{"line":192,"column":24},"end":{"line":192,"column":53}},"91":{"start":{"line":193,"column":28},"end":{"line":193,"column":53}},"92":{"start":{"line":195,"column":6},"end":{"line":201,"column":7}},"93":{"start":{"line":196,"column":8},"end":{"line":200,"column":11}},"94":{"start":{"line":204,"column":4},"end":{"line":206,"column":5}},"95":{"start":{"line":205,"column":6},"end":{"line":205,"column":29}},"96":{"start":{"line":208,"column":4},"end":{"line":208,"column":20}},"97":{"start":{"line":212,"column":0},"end":{"line":212,"column":43}}},"fnMap":{"0":{"name":"(anonymous_0)","decl":{"start":{"line":10,"column":2},"end":{"line":10,"column":3}},"loc":{"start":{"line":10,"column":72},"end":{"line":86,"column":3}},"line":10},"1":{"name":"(anonymous_1)","decl":{"start":{"line":18,"column":12},"end":{"line":18,"column":13}},"loc":{"start":{"line":18,"column":24},"end":{"line":18,"column":45}},"line":18},"2":{"name":"(anonymous_2)","decl":{"start":{"line":34,"column":14},"end":{"line":34,"column":15}},"loc":{"start":{"line":34,"column":26},"end":{"line":34,"column":47}},"line":34},"3":{"name":"(anonymous_3)","decl":{"start":{"line":63,"column":14},"end":{"line":63,"column":15}},"loc":{"start":{"line":63,"column":26},"end":{"line":63,"column":47}},"line":63},"4":{"name":"(anonymous_4)","decl":{"start":{"line":90,"column":2},"end":{"line":90,"column":3}},"loc":{"start":{"line":90,"column":30},"end":{"line":99,"column":3}},"line":90},"5":{"name":"(anonymous_5)","decl":{"start":{"line":93,"column":27},"end":{"line":93,"column":28}},"loc":{"start":{"line":93,"column":41},"end":{"line":98,"column":5}},"line":93},"6":{"name":"(anonymous_6)","decl":{"start":{"line":101,"column":2},"end":{"line":101,"column":3}},"loc":{"start":{"line":101,"column":15},"end":{"line":134,"column":3}},"line":101},"7":{"name":"fromBits","decl":{"start":{"line":102,"column":13},"end":{"line":102,"column":21}},"loc":{"start":{"line":102,"column":27},"end":{"line":112,"column":5}},"line":102},"8":{"name":"toBits","decl":{"start":{"line":114,"column":13},"end":{"line":114,"column":19}},"loc":{"start":{"line":114,"column":27},"end":{"line":127,"column":5}},"line":114},"9":{"name":"(anonymous_9)","decl":{"start":{"line":136,"column":2},"end":{"line":136,"column":3}},"loc":{"start":{"line":136,"column":27},"end":{"line":140,"column":3}},"line":136},"10":{"name":"(anonymous_10)","decl":{"start":{"line":142,"column":2},"end":{"line":142,"column":3}},"loc":{"start":{"line":142,"column":42},"end":{"line":160,"column":3}},"line":142},"11":{"name":"(anonymous_11)","decl":{"start":{"line":162,"column":2},"end":{"line":162,"column":3}},"loc":{"start":{"line":162,"column":44},"end":{"line":209,"column":3}},"line":162},"12":{"name":"(anonymous_12)","decl":{"start":{"line":176,"column":14},"end":{"line":176,"column":15}},"loc":{"start":{"line":176,"column":19},"end":{"line":176,"column":44}},"line":176},"13":{"name":"(anonymous_13)","decl":{"start":{"line":177,"column":34},"end":{"line":177,"column":35}},"loc":{"start":{"line":177,"column":39},"end":{"line":177,"column":60}},"line":177}},"branchMap":{"0":{"loc":{"start":{"line":21,"column":4},"end":{"line":25,"column":5}},"type":"if","locations":[{"start":{"line":21,"column":4},"end":{"line":25,"column":5}},{"start":{"line":21,"column":4},"end":{"line":25,"column":5}}],"line":21},"1":{"loc":{"start":{"line":29,"column":4},"end":{"line":77,"column":5}},"type":"if","locations":[{"start":{"line":29,"column":4},"end":{"line":77,"column":5}},{"start":{"line":29,"column":4},"end":{"line":77,"column":5}}],"line":29},"2":{"loc":{"start":{"line":38,"column":6},"end":{"line":42,"column":7}},"type":"if","locations":[{"start":{"line":38,"column":6},"end":{"line":42,"column":7}},{"start":{"line":38,"column":6},"end":{"line":42,"column":7}}],"line":38},"3":{"loc":{"start":{"line":46,"column":6},"end":{"line":56,"column":7}},"type":"if","locations":[{"start":{"line":46,"column":6},"end":{"line":56,"column":7}},{"start":{"line":46,"column":6},"end":{"line":56,"column":7}}],"line":46},"4":{"loc":{"start":{"line":46,"column":9},"end":{"line":46,"column":40}},"type":"binary-expr","locations":[{"start":{"line":46,"column":9},"end":{"line":46,"column":27}},{"start":{"line":46,"column":31},"end":{"line":46,"column":40}}],"line":46},"5":{"loc":{"start":{"line":66,"column":6},"end":{"line":70,"column":7}},"type":"if","locations":[{"start":{"line":66,"column":6},"end":{"line":70,"column":7}},{"start":{"line":66,"column":6},"end":{"line":70,"column":7}}],"line":66},"6":{"loc":{"start":{"line":74,"column":6},"end":{"line":76,"column":7}},"type":"if","locations":[{"start":{"line":74,"column":6},"end":{"line":76,"column":7}},{"start":{"line":74,"column":6},"end":{"line":76,"column":7}}],"line":74},"7":{"loc":{"start":{"line":80,"column":6},"end":{"line":83,"column":55}},"type":"binary-expr","locations":[{"start":{"line":80,"column":6},"end":{"line":80,"column":25}},{"start":{"line":81,"column":6},"end":{"line":81,"column":24}},{"start":{"line":82,"column":6},"end":{"line":82,"column":28}},{"start":{"line":83,"column":7},"end":{"line":83,"column":26}},{"start":{"line":83,"column":30},"end":{"line":83,"column":54}}],"line":80},"8":{"loc":{"start":{"line":91,"column":4},"end":{"line":91,"column":35}},"type":"if","locations":[{"start":{"line":91,"column":4},"end":{"line":91,"column":35}},{"start":{"line":91,"column":4},"end":{"line":91,"column":35}}],"line":91},"9":{"loc":{"start":{"line":105,"column":8},"end":{"line":107,"column":9}},"type":"if","locations":[{"start":{"line":105,"column":8},"end":{"line":107,"column":9}},{"start":{"line":105,"column":8},"end":{"line":107,"column":9}}],"line":105},"10":{"loc":{"start":{"line":118,"column":8},"end":{"line":121,"column":9}},"type":"if","locations":[{"start":{"line":118,"column":8},"end":{"line":121,"column":9}},{"start":{"line":118,"column":8},"end":{"line":121,"column":9}}],"line":118},"11":{"loc":{"start":{"line":123,"column":6},"end":{"line":125,"column":7}},"type":"if","locations":[{"start":{"line":123,"column":6},"end":{"line":125,"column":7}},{"start":{"line":123,"column":6},"end":{"line":125,"column":7}}],"line":123},"12":{"loc":{"start":{"line":144,"column":6},"end":{"line":146,"column":7}},"type":"if","locations":[{"start":{"line":144,"column":6},"end":{"line":146,"column":7}},{"start":{"line":144,"column":6},"end":{"line":146,"column":7}}],"line":144},"13":{"loc":{"start":{"line":163,"column":4},"end":{"line":163,"column":44}},"type":"if","locations":[{"start":{"line":163,"column":4},"end":{"line":163,"column":44}},{"start":{"line":163,"column":4},"end":{"line":163,"column":44}}],"line":163},"14":{"loc":{"start":{"line":164,"column":4},"end":{"line":164,"column":36}},"type":"if","locations":[{"start":{"line":164,"column":4},"end":{"line":164,"column":36}},{"start":{"line":164,"column":4},"end":{"line":164,"column":36}}],"line":164},"15":{"loc":{"start":{"line":195,"column":6},"end":{"line":201,"column":7}},"type":"if","locations":[{"start":{"line":195,"column":6},"end":{"line":201,"column":7}},{"start":{"line":195,"column":6},"end":{"line":201,"column":7}}],"line":195},"16":{"loc":{"start":{"line":204,"column":4},"end":{"line":206,"column":5}},"type":"if","locations":[{"start":{"line":204,"column":4},"end":{"line":206,"column":5}},{"start":{"line":204,"column":4},"end":{"line":206,"column":5}}],"line":204}},"s":{"0":1,"1":1,"2":1,"3":1,"4":1,"5":0,"6":0,"7":0,"8":0,"9":0,"10":0,"11":0,"12":0,"13":0,"14":0,"15":0,"16":0,"17":0,"18":0,"19":0,"20":0,"21":0,"22":0,"23":0,"24":0,"25":0,"26":0,"27":0,"28":0,"29":0,"30":0,"31":0,"32":0,"33":0,"34":0,"35":0,"36":0,"37":0,"38":0,"39":0,"40":0,"41":0,"42":0,"43":0,"44":0,"45":0,"46":0,"47":0,"48":0,"49":0,"50":0,"51":0,"52":0,"53":0,"54":0,"55":0,"56":0,"57":0,"58":0,"59":0,"60":0,"61":0,"62":0,"63":0,"64":0,"65":0,"66":0,"67":0,"68":0,"69":0,"70":0,"71":0,"72":0,"73":0,"74":0,"75":0,"76":0,"77":0,"78":0,"79":0,"80":0,"81":0,"82":0,"83":0,"84":0,"85":0,"86":0,"87":0,"88":0,"89":0,"90":0,"91":0,"92":0,"93":0,"94":0,"95":0,"96":0,"97":1},"f":{"0":0,"1":0,"2":0,"3":0,"4":0,"5":0,"6":0,"7":0,"8":0,"9":0,"10":0,"11":0,"12":0,"13":0},"b":{"0":[0,0],"1":[0,0],"2":[0,0],"3":[0,0],"4":[0,0],"5":[0,0],"6":[0,0],"7":[0,0,0,0,0],"8":[0,0],"9":[0,0],"10":[0,0],"11":[0,0],"12":[0,0],"13":[0,0],"14":[0,0],"15":[0,0],"16":[0,0]},"_coverageSchema":"43e27e138ebf9cfc5966b082cf9a028302ed4184","hash":"808b992cf04fb936ca370b191de3680d27c202b4"}
,"/Users/ktalmadge/dev/elv-client-js/src/Crypto.js": {"path":"/Users/ktalmadge/dev/elv-client-js/src/Crypto.js","statementMap":{"0":{"start":{"line":2,"column":0},"end":{"line":8,"column":1}},"1":{"start":{"line":4,"column":2},"end":{"line":4,"column":76}},"2":{"start":{"line":7,"column":2},"end":{"line":7,"column":74}},"3":{"start":{"line":10,"column":24},"end":{"line":11,"column":76}},"4":{"start":{"line":11,"column":2},"end":{"line":11,"column":76}},"5":{"start":{"line":11,"column":56},"end":{"line":11,"column":74}},"6":{"start":{"line":13,"column":24},"end":{"line":14,"column":74}},"7":{"start":{"line":14,"column":2},"end":{"line":14,"column":74}},"8":{"start":{"line":14,"column":30},"end":{"line":14,"column":70}},"9":{"start":{"line":16,"column":13},"end":{"line":30,"column":1}},"10":{"start":{"line":38,"column":15},"end":{"line":96,"column":1}},"11":{"start":{"line":48,"column":19},"end":{"line":48,"column":47}},"12":{"start":{"line":50,"column":20},"end":{"line":54,"column":5}},"13":{"start":{"line":56,"column":22},"end":{"line":56,"column":42}},"14":{"start":{"line":58,"column":26},"end":{"line":58,"column":68}},"15":{"start":{"line":59,"column":32},"end":{"line":59,"column":58}},"16":{"start":{"line":61,"column":4},"end":{"line":61,"column":19}},"17":{"start":{"line":63,"column":4},"end":{"line":63,"column":31}},"18":{"start":{"line":75,"column":19},"end":{"line":75,"column":47}},"19":{"start":{"line":77,"column":20},"end":{"line":81,"column":5}},"20":{"start":{"line":83,"column":31},"end":{"line":83,"column":60}},"21":{"start":{"line":84,"column":26},"end":{"line":88,"column":5}},"22":{"start":{"line":90,"column":23},"end":{"line":90,"column":49}},"23":{"start":{"line":92,"column":4},"end":{"line":92,"column":19}},"24":{"start":{"line":94,"column":4},"end":{"line":94,"column":22}},"25":{"start":{"line":98,"column":0},"end":{"line":98,"column":24}}},"fnMap":{"0":{"name":"(anonymous_0)","decl":{"start":{"line":10,"column":24},"end":{"line":10,"column":25}},"loc":{"start":{"line":11,"column":2},"end":{"line":11,"column":76}},"line":11},"1":{"name":"(anonymous_1)","decl":{"start":{"line":11,"column":48},"end":{"line":11,"column":49}},"loc":{"start":{"line":11,"column":56},"end":{"line":11,"column":74}},"line":11},"2":{"name":"(anonymous_2)","decl":{"start":{"line":13,"column":24},"end":{"line":13,"column":25}},"loc":{"start":{"line":14,"column":2},"end":{"line":14,"column":74}},"line":14},"3":{"name":"(anonymous_3)","decl":{"start":{"line":14,"column":15},"end":{"line":14,"column":16}},"loc":{"start":{"line":14,"column":30},"end":{"line":14,"column":70}},"line":14},"4":{"name":"(anonymous_4)","decl":{"start":{"line":47,"column":11},"end":{"line":47,"column":12}},"loc":{"start":{"line":47,"column":29},"end":{"line":64,"column":3}},"line":47},"5":{"name":"(anonymous_5)","decl":{"start":{"line":74,"column":11},"end":{"line":74,"column":12}},"loc":{"start":{"line":74,"column":38},"end":{"line":95,"column":3}},"line":74}},"branchMap":{"0":{"loc":{"start":{"line":2,"column":0},"end":{"line":8,"column":1}},"type":"if","locations":[{"start":{"line":2,"column":0},"end":{"line":8,"column":1}},{"start":{"line":2,"column":0},"end":{"line":8,"column":1}}],"line":2}},"s":{"0":1,"1":0,"2":1,"3":1,"4":7,"5":607,"6":1,"7":0,"8":0,"9":1,"10":1,"11":0,"12":0,"13":0,"14":0,"15":0,"16":0,"17":0,"18":0,"19":0,"20":0,"21":0,"22":0,"23":0,"24":0,"25":1},"f":{"0":7,"1":607,"2":0,"3":0,"4":0,"5":0},"b":{"0":[0,1]},"_coverageSchema":"43e27e138ebf9cfc5966b082cf9a028302ed4184","hash":"7036cb0077b686f51256f389f33db512a37d439a"}
,"/Users/ktalmadge/dev/elv-client-js/src/ElvClient.js": {"path":"/Users/ktalmadge/dev/elv-client-js/src/ElvClient.js","statementMap":{"0":{"start":{"line":1,"column":12},"end":{"line":1,"column":28}},"1":{"start":{"line":2,"column":13},"end":{"line":2,"column":28}},"2":{"start":{"line":3,"column":15},"end":{"line":3,"column":32}},"3":{"start":{"line":5,"column":28},"end":{"line":5,"column":60}},"4":{"start":{"line":6,"column":18},"end":{"line":6,"column":40}},"5":{"start":{"line":7,"column":18},"end":{"line":7,"column":40}},"6":{"start":{"line":8,"column":26},"end":{"line":8,"column":56}},"7":{"start":{"line":9,"column":19},"end":{"line":9,"column":42}},"8":{"start":{"line":10,"column":34},"end":{"line":10,"column":72}},"9":{"start":{"line":11,"column":14},"end":{"line":11,"column":32}},"10":{"start":{"line":12,"column":15},"end":{"line":12,"column":34}},"11":{"start":{"line":14,"column":24},"end":{"line":14,"column":58}},"12":{"start":{"line":15,"column":24},"end":{"line":15,"column":58}},"13":{"start":{"line":16,"column":28},"end":{"line":16,"column":66}},"14":{"start":{"line":17,"column":28},"end":{"line":17,"column":73}},"15":{"start":{"line":19,"column":0},"end":{"line":22,"column":1}},"16":{"start":{"line":21,"column":2},"end":{"line":21,"column":46}},"17":{"start":{"line":24,"column":21},"end":{"line":37,"column":1}},"18":{"start":{"line":25,"column":2},"end":{"line":25,"column":28}},"19":{"start":{"line":27,"column":2},"end":{"line":34,"column":3}},"20":{"start":{"line":28,"column":20},"end":{"line":32,"column":5}},"21":{"start":{"line":33,"column":4},"end":{"line":33,"column":20}},"22":{"start":{"line":36,"column":2},"end":{"line":36,"column":18}},"23":{"start":{"line":39,"column":23},"end":{"line":41,"column":1}},"24":{"start":{"line":40,"column":2},"end":{"line":40,"column":44}},"25":{"start":{"line":43,"column":25},"end":{"line":60,"column":1}},"26":{"start":{"line":44,"column":2},"end":{"line":44,"column":42}},"27":{"start":{"line":46,"column":2},"end":{"line":59,"column":3}},"28":{"start":{"line":48,"column":4},"end":{"line":48,"column":27}},"29":{"start":{"line":50,"column":4},"end":{"line":50,"column":27}},"30":{"start":{"line":52,"column":4},"end":{"line":52,"column":27}},"31":{"start":{"line":54,"column":4},"end":{"line":54,"column":34}},"32":{"start":{"line":56,"column":4},"end":{"line":56,"column":31}},"33":{"start":{"line":58,"column":4},"end":{"line":58,"column":20}},"34":{"start":{"line":81,"column":4},"end":{"line":81,"column":41}},"35":{"start":{"line":83,"column":4},"end":{"line":86,"column":18}},"36":{"start":{"line":88,"column":4},"end":{"line":88,"column":53}},"37":{"start":{"line":90,"column":4},"end":{"line":96,"column":18}},"38":{"start":{"line":98,"column":4},"end":{"line":98,"column":27}},"39":{"start":{"line":99,"column":4},"end":{"line":99,"column":25}},"40":{"start":{"line":101,"column":4},"end":{"line":101,"column":23}},"41":{"start":{"line":103,"column":4},"end":{"line":103,"column":29}},"42":{"start":{"line":107,"column":4},"end":{"line":107,"column":53}},"43":{"start":{"line":109,"column":4},"end":{"line":109,"column":61}},"44":{"start":{"line":111,"column":4},"end":{"line":117,"column":7}},"45":{"start":{"line":132,"column":4},"end":{"line":142,"column":7}},"46":{"start":{"line":153,"column":4},"end":{"line":153,"column":43}},"47":{"start":{"line":160,"column":4},"end":{"line":160,"column":28}},"48":{"start":{"line":162,"column":4},"end":{"line":162,"column":29}},"49":{"start":{"line":174,"column":4},"end":{"line":174,"column":54}},"50":{"start":{"line":184,"column":4},"end":{"line":184,"column":75}},"51":{"start":{"line":185,"column":4},"end":{"line":185,"column":25}},"52":{"start":{"line":187,"column":4},"end":{"line":187,"column":29}},"53":{"start":{"line":200,"column":4},"end":{"line":200,"column":86}},"54":{"start":{"line":209,"column":4},"end":{"line":209,"column":76}},"55":{"start":{"line":237,"column":4},"end":{"line":246,"column":7}},"56":{"start":{"line":260,"column":24},"end":{"line":265,"column":6}},"57":{"start":{"line":267,"column":4},"end":{"line":269,"column":5}},"58":{"start":{"line":268,"column":6},"end":{"line":268,"column":41}},"59":{"start":{"line":283,"column":32},"end":{"line":283,"column":108}},"60":{"start":{"line":285,"column":4},"end":{"line":285,"column":55}},"61":{"start":{"line":298,"column":15},"end":{"line":298,"column":33}},"62":{"start":{"line":300,"column":4},"end":{"line":306,"column":6}},"63":{"start":{"line":320,"column":15},"end":{"line":320,"column":44}},"64":{"start":{"line":322,"column":18},"end":{"line":328,"column":5}},"65":{"start":{"line":330,"column":4},"end":{"line":333,"column":6}},"66":{"start":{"line":345,"column":4},"end":{"line":351,"column":7}},"67":{"start":{"line":383,"column":4},"end":{"line":396,"column":5}},"68":{"start":{"line":384,"column":6},"end":{"line":384,"column":69}},"69":{"start":{"line":386,"column":28},"end":{"line":386,"column":72}},"70":{"start":{"line":388,"column":6},"end":{"line":392,"column":8}},"71":{"start":{"line":394,"column":6},"end":{"line":394,"column":54}},"72":{"start":{"line":395,"column":6},"end":{"line":395,"column":79}},"73":{"start":{"line":398,"column":17},"end":{"line":398,"column":46}},"74":{"start":{"line":401,"column":4},"end":{"line":411,"column":6}},"75":{"start":{"line":414,"column":21},"end":{"line":414,"column":54}},"76":{"start":{"line":416,"column":25},"end":{"line":422,"column":6}},"77":{"start":{"line":424,"column":4},"end":{"line":428,"column":7}},"78":{"start":{"line":431,"column":4},"end":{"line":436,"column":5}},"79":{"start":{"line":432,"column":6},"end":{"line":435,"column":9}},"80":{"start":{"line":438,"column":4},"end":{"line":438,"column":21}},"81":{"start":{"line":449,"column":21},"end":{"line":449,"column":54}},"82":{"start":{"line":451,"column":4},"end":{"line":455,"column":7}},"83":{"start":{"line":467,"column":25},"end":{"line":470,"column":6}},"84":{"start":{"line":472,"column":27},"end":{"line":478,"column":6}},"85":{"start":{"line":480,"column":19},"end":{"line":483,"column":6}},"86":{"start":{"line":485,"column":4},"end":{"line":493,"column":7}},"87":{"start":{"line":495,"column":4},"end":{"line":499,"column":7}},"88":{"start":{"line":511,"column":15},"end":{"line":511,"column":44}},"89":{"start":{"line":513,"column":32},"end":{"line":513,"column":100}},"90":{"start":{"line":515,"column":4},"end":{"line":520,"column":7}},"91":{"start":{"line":522,"column":4},"end":{"line":528,"column":6}},"92":{"start":{"line":544,"column":15},"end":{"line":544,"column":69}},"93":{"start":{"line":546,"column":4},"end":{"line":560,"column":5}},"94":{"start":{"line":547,"column":23},"end":{"line":553,"column":7}},"95":{"start":{"line":555,"column":6},"end":{"line":555,"column":28}},"96":{"start":{"line":557,"column":6},"end":{"line":559,"column":7}},"97":{"start":{"line":558,"column":8},"end":{"line":558,"column":20}},"98":{"start":{"line":574,"column":15},"end":{"line":574,"column":69}},"99":{"start":{"line":576,"column":4},"end":{"line":583,"column":6}},"100":{"start":{"line":598,"column":19},"end":{"line":598,"column":64}},"101":{"start":{"line":600,"column":4},"end":{"line":600,"column":61}},"102":{"start":{"line":602,"column":4},"end":{"line":623,"column":5}},"103":{"start":{"line":603,"column":6},"end":{"line":603,"column":20}},"104":{"start":{"line":605,"column":20},"end":{"line":605,"column":28}},"105":{"start":{"line":606,"column":19},"end":{"line":606,"column":89}},"106":{"start":{"line":607,"column":6},"end":{"line":613,"column":7}},"107":{"start":{"line":607,"column":18},"end":{"line":607,"column":19}},"108":{"start":{"line":608,"column":8},"end":{"line":608,"column":35}},"109":{"start":{"line":610,"column":8},"end":{"line":612,"column":9}},"110":{"start":{"line":611,"column":10},"end":{"line":611,"column":16}},"111":{"start":{"line":615,"column":6},"end":{"line":620,"column":7}},"112":{"start":{"line":616,"column":8},"end":{"line":619,"column":11}},"113":{"start":{"line":622,"column":6},"end":{"line":622,"column":44}},"114":{"start":{"line":625,"column":15},"end":{"line":625,"column":52}},"115":{"start":{"line":627,"column":4},"end":{"line":634,"column":6}},"116":{"start":{"line":652,"column":4},"end":{"line":656,"column":5}},"117":{"start":{"line":654,"column":19},"end":{"line":654,"column":59}},"118":{"start":{"line":655,"column":6},"end":{"line":655,"column":23}},"119":{"start":{"line":658,"column":24},"end":{"line":658,"column":56}},"120":{"start":{"line":659,"column":4},"end":{"line":659,"column":76}},"121":{"start":{"line":661,"column":18},"end":{"line":667,"column":6}},"122":{"start":{"line":669,"column":4},"end":{"line":669,"column":33}},"123":{"start":{"line":683,"column":4},"end":{"line":687,"column":5}},"124":{"start":{"line":685,"column":19},"end":{"line":685,"column":59}},"125":{"start":{"line":686,"column":6},"end":{"line":686,"column":23}},"126":{"start":{"line":689,"column":24},"end":{"line":689,"column":56}},"127":{"start":{"line":691,"column":18},"end":{"line":697,"column":6}},"128":{"start":{"line":699,"column":4},"end":{"line":699,"column":33}},"129":{"start":{"line":715,"column":24},"end":{"line":721,"column":18}},"130":{"start":{"line":724,"column":4},"end":{"line":724,"column":40}},"131":{"start":{"line":724,"column":28},"end":{"line":724,"column":38}},"132":{"start":{"line":727,"column":33},"end":{"line":739,"column":5}},"133":{"start":{"line":729,"column":28},"end":{"line":735,"column":10}},"134":{"start":{"line":737,"column":8},"end":{"line":737,"column":52}},"135":{"start":{"line":741,"column":25},"end":{"line":741,"column":52}},"136":{"start":{"line":743,"column":23},"end":{"line":743,"column":25}},"137":{"start":{"line":744,"column":4},"end":{"line":750,"column":7}},"138":{"start":{"line":745,"column":26},"end":{"line":745,"column":73}},"139":{"start":{"line":747,"column":6},"end":{"line":749,"column":7}},"140":{"start":{"line":748,"column":8},"end":{"line":748,"column":39}},"141":{"start":{"line":752,"column":4},"end":{"line":752,"column":24}},"142":{"start":{"line":769,"column":32},"end":{"line":769,"column":77}},"143":{"start":{"line":770,"column":26},"end":{"line":770,"column":76}},"144":{"start":{"line":772,"column":15},"end":{"line":772,"column":53}},"145":{"start":{"line":776,"column":24},"end":{"line":781,"column":19}},"146":{"start":{"line":783,"column":23},"end":{"line":783,"column":25}},"147":{"start":{"line":784,"column":4},"end":{"line":804,"column":7}},"148":{"start":{"line":786,"column":6},"end":{"line":786,"column":67}},"149":{"start":{"line":786,"column":58},"end":{"line":786,"column":65}},"150":{"start":{"line":789,"column":6},"end":{"line":803,"column":7}},"151":{"start":{"line":790,"column":19},"end":{"line":790,"column":41}},"152":{"start":{"line":791,"column":8},"end":{"line":794,"column":10}},"153":{"start":{"line":797,"column":8},"end":{"line":802,"column":11}},"154":{"start":{"line":798,"column":10},"end":{"line":801,"column":12}},"155":{"start":{"line":806,"column":4},"end":{"line":806,"column":24}},"156":{"start":{"line":822,"column":4},"end":{"line":846,"column":5}},"157":{"start":{"line":823,"column":34},"end":{"line":823,"column":79}},"158":{"start":{"line":824,"column":28},"end":{"line":824,"column":78}},"159":{"start":{"line":829,"column":26},"end":{"line":834,"column":11}},"160":{"start":{"line":835,"column":34},"end":{"line":840,"column":11}},"161":{"start":{"line":842,"column":6},"end":{"line":845,"column":8}},"162":{"start":{"line":849,"column":25},"end":{"line":849,"column":68}},"163":{"start":{"line":850,"column":24},"end":{"line":854,"column":8}},"164":{"start":{"line":852,"column":25},"end":{"line":852,"column":73}},"165":{"start":{"line":853,"column":8},"end":{"line":853,"column":61}},"166":{"start":{"line":856,"column":4},"end":{"line":858,"column":5}},"167":{"start":{"line":857,"column":6},"end":{"line":857,"column":51}},"168":{"start":{"line":860,"column":4},"end":{"line":860,"column":23}},"169":{"start":{"line":873,"column":24},"end":{"line":873,"column":67}},"170":{"start":{"line":875,"column":4},"end":{"line":881,"column":7}},"171":{"start":{"line":899,"column":49},"end":{"line":899,"column":90}},"172":{"start":{"line":901,"column":32},"end":{"line":901,"column":77}},"173":{"start":{"line":902,"column":26},"end":{"line":902,"column":76}},"174":{"start":{"line":904,"column":21},"end":{"line":904,"column":66}},"175":{"start":{"line":905,"column":17},"end":{"line":905,"column":65}},"176":{"start":{"line":909,"column":27},"end":{"line":919,"column":5}},"177":{"start":{"line":921,"column":4},"end":{"line":937,"column":5}},"178":{"start":{"line":922,"column":29},"end":{"line":928,"column":8}},"179":{"start":{"line":930,"column":6},"end":{"line":936,"column":9}},"180":{"start":{"line":939,"column":4},"end":{"line":943,"column":7}},"181":{"start":{"line":945,"column":4},"end":{"line":945,"column":20}},"182":{"start":{"line":965,"column":49},"end":{"line":965,"column":90}},"183":{"start":{"line":967,"column":32},"end":{"line":967,"column":77}},"184":{"start":{"line":968,"column":26},"end":{"line":968,"column":76}},"185":{"start":{"line":970,"column":21},"end":{"line":970,"column":66}},"186":{"start":{"line":971,"column":17},"end":{"line":971,"column":65}},"187":{"start":{"line":973,"column":4},"end":{"line":973,"column":39}},"188":{"start":{"line":974,"column":4},"end":{"line":976,"column":5}},"189":{"start":{"line":975,"column":6},"end":{"line":975,"column":54}},"190":{"start":{"line":977,"column":4},"end":{"line":977,"column":50}},"191":{"start":{"line":978,"column":4},"end":{"line":978,"column":52}},"192":{"start":{"line":981,"column":27},"end":{"line":991,"column":5}},"193":{"start":{"line":993,"column":4},"end":{"line":997,"column":31}},"194":{"start":{"line":999,"column":4},"end":{"line":1015,"column":5}},"195":{"start":{"line":1000,"column":29},"end":{"line":1006,"column":8}},"196":{"start":{"line":1008,"column":6},"end":{"line":1014,"column":9}},"197":{"start":{"line":1017,"column":4},"end":{"line":1021,"column":7}},"198":{"start":{"line":1023,"column":4},"end":{"line":1023,"column":20}},"199":{"start":{"line":1040,"column":4},"end":{"line":1040,"column":91}},"200":{"start":{"line":1040,"column":35},"end":{"line":1040,"column":89}},"201":{"start":{"line":1042,"column":4},"end":{"line":1042,"column":97}},"202":{"start":{"line":1056,"column":15},"end":{"line":1056,"column":49}},"203":{"start":{"line":1058,"column":18},"end":{"line":1064,"column":15}},"204":{"start":{"line":1067,"column":4},"end":{"line":1077,"column":7}},"205":{"start":{"line":1068,"column":6},"end":{"line":1076,"column":8}},"206":{"start":{"line":1071,"column":10},"end":{"line":1074,"column":12}},"207":{"start":{"line":1093,"column":15},"end":{"line":1093,"column":54}},"208":{"start":{"line":1095,"column":4},"end":{"line":1101,"column":6}},"209":{"start":{"line":1117,"column":15},"end":{"line":1117,"column":42}},"210":{"start":{"line":1119,"column":4},"end":{"line":1124,"column":6}},"211":{"start":{"line":1136,"column":4},"end":{"line":1142,"column":7}},"212":{"start":{"line":1160,"column":15},"end":{"line":1160,"column":79}},"213":{"start":{"line":1162,"column":4},"end":{"line":1176,"column":5}},"214":{"start":{"line":1163,"column":23},"end":{"line":1169,"column":7}},"215":{"start":{"line":1171,"column":6},"end":{"line":1171,"column":28}},"216":{"start":{"line":1173,"column":6},"end":{"line":1175,"column":7}},"217":{"start":{"line":1174,"column":8},"end":{"line":1174,"column":20}},"218":{"start":{"line":1191,"column":15},"end":{"line":1191,"column":41}},"219":{"start":{"line":1193,"column":4},"end":{"line":1199,"column":6}},"220":{"start":{"line":1225,"column":4},"end":{"line":1237,"column":5}},"221":{"start":{"line":1227,"column":6},"end":{"line":1233,"column":7}},"222":{"start":{"line":1229,"column":8},"end":{"line":1229,"column":60}},"223":{"start":{"line":1232,"column":8},"end":{"line":1232,"column":67}},"224":{"start":{"line":1235,"column":6},"end":{"line":1235,"column":23}},"225":{"start":{"line":1236,"column":6},"end":{"line":1236,"column":31}},"226":{"start":{"line":1239,"column":49},"end":{"line":1239,"column":111}},"227":{"start":{"line":1241,"column":21},"end":{"line":1241,"column":66}},"228":{"start":{"line":1242,"column":17},"end":{"line":1242,"column":41}},"229":{"start":{"line":1244,"column":4},"end":{"line":1251,"column":6}},"230":{"start":{"line":1272,"column":4},"end":{"line":1272,"column":44}},"231":{"start":{"line":1274,"column":4},"end":{"line":1274,"column":64}},"232":{"start":{"line":1291,"column":4},"end":{"line":1305,"column":5}},"233":{"start":{"line":1293,"column":6},"end":{"line":1293,"column":26}},"234":{"start":{"line":1296,"column":6},"end":{"line":1304,"column":7}},"235":{"start":{"line":1297,"column":8},"end":{"line":1303,"column":9}},"236":{"start":{"line":1299,"column":10},"end":{"line":1299,"column":77}},"237":{"start":{"line":1302,"column":10},"end":{"line":1302,"column":84}},"238":{"start":{"line":1307,"column":15},"end":{"line":1307,"column":41}},"239":{"start":{"line":1309,"column":4},"end":{"line":1316,"column":6}},"240":{"start":{"line":1330,"column":15},"end":{"line":1330,"column":41}},"241":{"start":{"line":1332,"column":4},"end":{"line":1338,"column":6}},"242":{"start":{"line":1352,"column":15},"end":{"line":1352,"column":54}},"243":{"start":{"line":1354,"column":4},"end":{"line":1360,"column":6}},"244":{"start":{"line":1373,"column":15},"end":{"line":1373,"column":41}},"245":{"start":{"line":1375,"column":32},"end":{"line":1375,"column":110}},"246":{"start":{"line":1377,"column":4},"end":{"line":1382,"column":7}},"247":{"start":{"line":1384,"column":4},"end":{"line":1390,"column":6}},"248":{"start":{"line":1408,"column":15},"end":{"line":1408,"column":66}},"249":{"start":{"line":1410,"column":4},"end":{"line":1417,"column":6}},"250":{"start":{"line":1433,"column":15},"end":{"line":1433,"column":66}},"251":{"start":{"line":1435,"column":4},"end":{"line":1442,"column":6}},"252":{"start":{"line":1458,"column":15},"end":{"line":1458,"column":66}},"253":{"start":{"line":1460,"column":4},"end":{"line":1466,"column":6}},"254":{"start":{"line":1482,"column":15},"end":{"line":1482,"column":71}},"255":{"start":{"line":1484,"column":4},"end":{"line":1490,"column":6}},"256":{"start":{"line":1550,"column":22},"end":{"line":1550,"column":24}},"257":{"start":{"line":1551,"column":4},"end":{"line":1558,"column":7}},"258":{"start":{"line":1552,"column":6},"end":{"line":1552,"column":43}},"259":{"start":{"line":1554,"column":6},"end":{"line":1557,"column":8}},"260":{"start":{"line":1560,"column":23},"end":{"line":1560,"column":112}},"261":{"start":{"line":1562,"column":4},"end":{"line":1575,"column":6}},"262":{"start":{"line":1564,"column":8},"end":{"line":1573,"column":9}},"263":{"start":{"line":1565,"column":27},"end":{"line":1565,"column":102}},"264":{"start":{"line":1566,"column":10},"end":{"line":1572,"column":13}},"265":{"start":{"line":1577,"column":4},"end":{"line":1577,"column":69}},"266":{"start":{"line":1581,"column":15},"end":{"line":1581,"column":56}},"267":{"start":{"line":1583,"column":4},"end":{"line":1590,"column":6}},"268":{"start":{"line":1594,"column":15},"end":{"line":1594,"column":63}},"269":{"start":{"line":1596,"column":4},"end":{"line":1607,"column":6}},"270":{"start":{"line":1611,"column":15},"end":{"line":1611,"column":63}},"271":{"start":{"line":1613,"column":4},"end":{"line":1619,"column":6}},"272":{"start":{"line":1623,"column":15},"end":{"line":1623,"column":50}},"273":{"start":{"line":1625,"column":4},"end":{"line":1631,"column":6}},"274":{"start":{"line":1649,"column":15},"end":{"line":1649,"column":73}},"275":{"start":{"line":1651,"column":4},"end":{"line":1658,"column":6}},"276":{"start":{"line":1676,"column":15},"end":{"line":1676,"column":63}},"277":{"start":{"line":1678,"column":21},"end":{"line":1684,"column":5}},"278":{"start":{"line":1686,"column":4},"end":{"line":1686,"column":26}},"279":{"start":{"line":1704,"column":17},"end":{"line":1704,"column":74}},"280":{"start":{"line":1706,"column":21},"end":{"line":1712,"column":5}},"281":{"start":{"line":1714,"column":15},"end":{"line":1714,"column":43}},"282":{"start":{"line":1716,"column":4},"end":{"line":1716,"column":96}},"283":{"start":{"line":1736,"column":32},"end":{"line":1736,"column":110}},"284":{"start":{"line":1737,"column":22},"end":{"line":1737,"column":65}},"285":{"start":{"line":1739,"column":4},"end":{"line":1739,"column":63}},"286":{"start":{"line":1739,"column":19},"end":{"line":1739,"column":61}},"287":{"start":{"line":1742,"column":4},"end":{"line":1756,"column":5}},"288":{"start":{"line":1743,"column":27},"end":{"line":1751,"column":7}},"289":{"start":{"line":1753,"column":6},"end":{"line":1753,"column":73}},"290":{"start":{"line":1753,"column":21},"end":{"line":1753,"column":71}},"291":{"start":{"line":1755,"column":6},"end":{"line":1755,"column":26}},"292":{"start":{"line":1758,"column":17},"end":{"line":1758,"column":52}},"293":{"start":{"line":1761,"column":25},"end":{"line":1769,"column":23}},"294":{"start":{"line":1772,"column":4},"end":{"line":1786,"column":5}},"295":{"start":{"line":1772,"column":23},"end":{"line":1772,"column":24}},"296":{"start":{"line":1773,"column":17},"end":{"line":1773,"column":58}},"297":{"start":{"line":1775,"column":6},"end":{"line":1783,"column":8}},"298":{"start":{"line":1785,"column":6},"end":{"line":1785,"column":66}},"299":{"start":{"line":1785,"column":21},"end":{"line":1785,"column":64}},"300":{"start":{"line":1789,"column":4},"end":{"line":1797,"column":6}},"301":{"start":{"line":1812,"column":15},"end":{"line":1812,"column":60}},"302":{"start":{"line":1814,"column":4},"end":{"line":1820,"column":6}},"303":{"start":{"line":1844,"column":4},"end":{"line":1844,"column":106}},"304":{"start":{"line":1868,"column":4},"end":{"line":1868,"column":97}},"305":{"start":{"line":1904,"column":15},"end":{"line":1904,"column":17}},"306":{"start":{"line":1906,"column":4},"end":{"line":1906,"column":35}},"307":{"start":{"line":1908,"column":4},"end":{"line":1940,"column":5}},"308":{"start":{"line":1909,"column":6},"end":{"line":1909,"column":49}},"309":{"start":{"line":1911,"column":6},"end":{"line":1921,"column":7}},"310":{"start":{"line":1912,"column":8},"end":{"line":1912,"column":61}},"311":{"start":{"line":1914,"column":8},"end":{"line":1920,"column":9}},"312":{"start":{"line":1915,"column":10},"end":{"line":1915,"column":51}},"313":{"start":{"line":1916,"column":15},"end":{"line":1920,"column":9}},"314":{"start":{"line":1917,"column":10},"end":{"line":1917,"column":45}},"315":{"start":{"line":1918,"column":15},"end":{"line":1920,"column":9}},"316":{"start":{"line":1919,"column":10},"end":{"line":1919,"column":47}},"317":{"start":{"line":1923,"column":6},"end":{"line":1925,"column":7}},"318":{"start":{"line":1924,"column":8},"end":{"line":1924,"column":122}},"319":{"start":{"line":1926,"column":11},"end":{"line":1940,"column":5}},"320":{"start":{"line":1927,"column":6},"end":{"line":1927,"column":41}},"321":{"start":{"line":1929,"column":6},"end":{"line":1931,"column":7}},"322":{"start":{"line":1930,"column":8},"end":{"line":1930,"column":111}},"323":{"start":{"line":1933,"column":6},"end":{"line":1939,"column":7}},"324":{"start":{"line":1934,"column":8},"end":{"line":1934,"column":49}},"325":{"start":{"line":1935,"column":13},"end":{"line":1939,"column":7}},"326":{"start":{"line":1936,"column":8},"end":{"line":1936,"column":43}},"327":{"start":{"line":1937,"column":13},"end":{"line":1939,"column":7}},"328":{"start":{"line":1938,"column":8},"end":{"line":1938,"column":45}},"329":{"start":{"line":1942,"column":4},"end":{"line":1945,"column":7}},"330":{"start":{"line":1963,"column":15},"end":{"line":1963,"column":93}},"331":{"start":{"line":1965,"column":31},"end":{"line":1965,"column":103}},"332":{"start":{"line":1967,"column":4},"end":{"line":1973,"column":7}},"333":{"start":{"line":1986,"column":49},"end":{"line":1986,"column":90}},"334":{"start":{"line":1988,"column":4},"end":{"line":1988,"column":27}},"335":{"start":{"line":2000,"column":4},"end":{"line":2006,"column":7}},"336":{"start":{"line":2018,"column":4},"end":{"line":2023,"column":7}},"337":{"start":{"line":2028,"column":4},"end":{"line":2028,"column":81}},"338":{"start":{"line":2028,"column":42},"end":{"line":2028,"column":79}},"339":{"start":{"line":2031,"column":22},"end":{"line":2036,"column":6}},"340":{"start":{"line":2038,"column":4},"end":{"line":2040,"column":5}},"341":{"start":{"line":2039,"column":6},"end":{"line":2039,"column":45}},"342":{"start":{"line":2042,"column":18},"end":{"line":2049,"column":6}},"343":{"start":{"line":2051,"column":22},"end":{"line":2056,"column":6}},"344":{"start":{"line":2058,"column":4},"end":{"line":2062,"column":5}},"345":{"start":{"line":2060,"column":6},"end":{"line":2060,"column":71}},"346":{"start":{"line":2061,"column":6},"end":{"line":2061,"column":67}},"347":{"start":{"line":2064,"column":4},"end":{"line":2064,"column":33}},"348":{"start":{"line":2078,"column":4},"end":{"line":2083,"column":7}},"349":{"start":{"line":2097,"column":4},"end":{"line":2102,"column":7}},"350":{"start":{"line":2116,"column":4},"end":{"line":2121,"column":7}},"351":{"start":{"line":2135,"column":4},"end":{"line":2140,"column":7}},"352":{"start":{"line":2156,"column":4},"end":{"line":2161,"column":7}},"353":{"start":{"line":2178,"column":15},"end":{"line":2178,"column":82}},"354":{"start":{"line":2180,"column":4},"end":{"line":2186,"column":6}},"355":{"start":{"line":2203,"column":15},"end":{"line":2203,"column":44}},"356":{"start":{"line":2205,"column":4},"end":{"line":2212,"column":6}},"357":{"start":{"line":2228,"column":4},"end":{"line":2228,"column":75}},"358":{"start":{"line":2244,"column":4},"end":{"line":2244,"column":113}},"359":{"start":{"line":2265,"column":4},"end":{"line":2265,"column":138}},"360":{"start":{"line":2286,"column":4},"end":{"line":2294,"column":7}},"361":{"start":{"line":2312,"column":4},"end":{"line":2312,"column":72}},"362":{"start":{"line":2329,"column":21},"end":{"line":2329,"column":93}},"363":{"start":{"line":2330,"column":4},"end":{"line":2330,"column":62}},"364":{"start":{"line":2344,"column":35},"end":{"line":2344,"column":64}},"365":{"start":{"line":2345,"column":4},"end":{"line":2345,"column":138}},"366":{"start":{"line":2358,"column":32},"end":{"line":2358,"column":77}},"367":{"start":{"line":2359,"column":34},"end":{"line":2359,"column":84}},"368":{"start":{"line":2361,"column":4},"end":{"line":2364,"column":5}},"369":{"start":{"line":2363,"column":6},"end":{"line":2363,"column":13}},"370":{"start":{"line":2366,"column":34},"end":{"line":2372,"column":6}},"371":{"start":{"line":2374,"column":4},"end":{"line":2374,"column":68}},"372":{"start":{"line":2374,"column":59},"end":{"line":2374,"column":66}},"373":{"start":{"line":2376,"column":4},"end":{"line":2376,"column":59}},"374":{"start":{"line":2392,"column":4},"end":{"line":2399,"column":7}},"375":{"start":{"line":2404,"column":4},"end":{"line":2410,"column":7}},"376":{"start":{"line":2429,"column":24},"end":{"line":2429,"column":67}},"377":{"start":{"line":2431,"column":4},"end":{"line":2440,"column":5}},"378":{"start":{"line":2432,"column":6},"end":{"line":2437,"column":7}},"379":{"start":{"line":2433,"column":8},"end":{"line":2433,"column":30}},"380":{"start":{"line":2434,"column":8},"end":{"line":2434,"column":40}},"381":{"start":{"line":2436,"column":8},"end":{"line":2436,"column":40}},"382":{"start":{"line":2438,"column":11},"end":{"line":2440,"column":5}},"383":{"start":{"line":2439,"column":6},"end":{"line":2439,"column":38}},"384":{"start":{"line":2443,"column":4},"end":{"line":2445,"column":5}},"385":{"start":{"line":2444,"column":6},"end":{"line":2444,"column":28}},"386":{"start":{"line":2447,"column":4},"end":{"line":2449,"column":5}},"387":{"start":{"line":2448,"column":6},"end":{"line":2448,"column":20}},"388":{"start":{"line":2451,"column":4},"end":{"line":2453,"column":5}},"389":{"start":{"line":2452,"column":6},"end":{"line":2452,"column":16}},"390":{"start":{"line":2455,"column":4},"end":{"line":2460,"column":7}},"391":{"start":{"line":2472,"column":21},"end":{"line":2472,"column":75}},"392":{"start":{"line":2473,"column":4},"end":{"line":2473,"column":78}},"393":{"start":{"line":2486,"column":24},"end":{"line":2489,"column":6}},"394":{"start":{"line":2491,"column":4},"end":{"line":2491,"column":36}},"395":{"start":{"line":2498,"column":29},"end":{"line":2508,"column":5}},"396":{"start":{"line":2510,"column":4},"end":{"line":2511,"column":60}},"397":{"start":{"line":2511,"column":24},"end":{"line":2511,"column":58}},"398":{"start":{"line":2516,"column":4},"end":{"line":2516,"column":54}},"399":{"start":{"line":2516,"column":45},"end":{"line":2516,"column":52}},"400":{"start":{"line":2519,"column":4},"end":{"line":2529,"column":5}},"401":{"start":{"line":2520,"column":6},"end":{"line":2526,"column":8}},"402":{"start":{"line":2521,"column":8},"end":{"line":2525,"column":12}},"403":{"start":{"line":2528,"column":6},"end":{"line":2528,"column":39}},"404":{"start":{"line":2531,"column":4},"end":{"line":2564,"column":5}},"405":{"start":{"line":2532,"column":21},"end":{"line":2532,"column":41}},"406":{"start":{"line":2535,"column":6},"end":{"line":2547,"column":7}},"407":{"start":{"line":2536,"column":8},"end":{"line":2538,"column":9}},"408":{"start":{"line":2537,"column":10},"end":{"line":2537,"column":64}},"409":{"start":{"line":2540,"column":8},"end":{"line":2540,"column":69}},"410":{"start":{"line":2542,"column":8},"end":{"line":2544,"column":9}},"411":{"start":{"line":2543,"column":10},"end":{"line":2543,"column":51}},"412":{"start":{"line":2546,"column":8},"end":{"line":2546,"column":57}},"413":{"start":{"line":2549,"column":6},"end":{"line":2553,"column":10}},"414":{"start":{"line":2556,"column":6},"end":{"line":2556,"column":27}},"415":{"start":{"line":2558,"column":28},"end":{"line":2558,"column":65}},"416":{"start":{"line":2559,"column":6},"end":{"line":2563,"column":10}},"417":{"start":{"line":2568,"column":0},"end":{"line":2568,"column":30}}},"fnMap":{"0":{"name":"(anonymous_0)","decl":{"start":{"line":24,"column":21},"end":{"line":24,"column":22}},"loc":{"start":{"line":24,"column":41},"end":{"line":37,"column":1}},"line":24},"1":{"name":"(anonymous_1)","decl":{"start":{"line":39,"column":23},"end":{"line":39,"column":24}},"loc":{"start":{"line":39,"column":43},"end":{"line":41,"column":1}},"line":39},"2":{"name":"(anonymous_2)","decl":{"start":{"line":43,"column":25},"end":{"line":43,"column":26}},"loc":{"start":{"line":43,"column":53},"end":{"line":60,"column":1}},"line":43},"3":{"name":"(anonymous_3)","decl":{"start":{"line":80,"column":2},"end":{"line":80,"column":3}},"loc":{"start":{"line":80,"column":132},"end":{"line":104,"column":3}},"line":80},"4":{"name":"(anonymous_4)","decl":{"start":{"line":106,"column":2},"end":{"line":106,"column":3}},"loc":{"start":{"line":106,"column":22},"end":{"line":118,"column":3}},"line":106},"5":{"name":"(anonymous_5)","decl":{"start":{"line":131,"column":2},"end":{"line":131,"column":3}},"loc":{"start":{"line":131,"column":44},"end":{"line":143,"column":3}},"line":131},"6":{"name":"(anonymous_6)","decl":{"start":{"line":152,"column":2},"end":{"line":152,"column":3}},"loc":{"start":{"line":152,"column":19},"end":{"line":154,"column":3}},"line":152},"7":{"name":"(anonymous_7)","decl":{"start":{"line":159,"column":2},"end":{"line":159,"column":3}},"loc":{"start":{"line":159,"column":16},"end":{"line":163,"column":3}},"line":159},"8":{"name":"(anonymous_8)","decl":{"start":{"line":173,"column":2},"end":{"line":173,"column":3}},"loc":{"start":{"line":173,"column":36},"end":{"line":175,"column":3}},"line":173},"9":{"name":"(anonymous_9)","decl":{"start":{"line":183,"column":2},"end":{"line":183,"column":3}},"loc":{"start":{"line":183,"column":22},"end":{"line":188,"column":3}},"line":183},"10":{"name":"(anonymous_10)","decl":{"start":{"line":199,"column":2},"end":{"line":199,"column":3}},"loc":{"start":{"line":199,"column":40},"end":{"line":2
[...]
,"line":255},"14":{"name":"(anonymous_14)","decl":{"start":{"line":274,"column":2},"end":{"line":274,"column":3}},"loc":{"start":{"line":274,"column":71},"end":{"line":284,"column":3}},"line":274},"15":{"name":"(anonymous_15)","decl":{"start":{"line":292,"column":2},"end":{"line":292,"column":3}},"loc":{"start":{"line":292,"column":57},"end":{"line":302,"column":3}},"line":292},"16":{"name":"(anonymous_16)","decl":{"start":{"line":307,"column":2},"end":{"line":307,"column":3}},"loc":{"start":{"line":307,"column":31},"end":{"line":322,"column":3}},"line":307},"17":{"name":"(anonymous_17)","decl":{"start":{"line":333,"column":2},"end":{"line":333,"column":3}},"loc":{"start":{"line":333,"column":24},"end":{"line":335,"column":3}},"line":333},"18":{"name":"(anonymous_18)","decl":{"start":{"line":338,"column":2},"end":{"line":338,"column":3}},"loc":{"start":{"line":338,"column":55},"end":{"line":345,"column":3}},"line":338},"19":{"name":"(anonymous_19)","decl":{"start":{"line":347,"column":2},"end":{"line":347,"column":3}},"loc":{"start":{"line":347,"column":57},"end":{"line":408,"column":3}},"line":347},"20":{"name":"(anonymous_20)","decl":{"start":{"line":383,"column":41},"end":{"line":383,"column":42}},"loc":{"start":{"line":383,"column":48},"end":{"line":395,"column":7}},"line":383},"21":{"name":"(anonymous_21)","decl":{"start":{"line":435,"column":2},"end":{"line":435,"column":3}},"loc":{"start":{"line":435,"column":31},"end":{"line":460,"column":3}},"line":435},"22":{"name":"(anonymous_22)","decl":{"start":{"line":438,"column":22},"end":{"line":438,"column":23}},"loc":{"start":{"line":438,"column":34},"end":{"line":452,"column":5}},"line":438},"23":{"name":"(anonymous_23)","decl":{"start":{"line":441,"column":19},"end":{"line":441,"column":20}},"loc":{"start":{"line":441,"column":26},"end":{"line":451,"column":7}},"line":441},"24":{"name":"(anonymous_24)","decl":{"start":{"line":455,"column":39},"end":{"line":455,"column":40}},"loc":{"start":{"line":455,"column":46},"end":{"line":457,"column":5}},"line":455},"25":{"name":"(anonymous_25)","decl":{"start":{"line":463,"column":2},"end":{"line":463,"column":3}},"loc":{"start":{"line":463,"column":20},"end":{"line":469,"column":3}},"line":463},"26":{"name":"(anonymous_26)","decl":{"start":{"line":472,"column":2},"end":{"line":472,"column":3}},"loc":{"start":{"line":472,"column":24},"end":{"line":485,"column":3}},"line":472},"27":{"name":"(anonymous_27)","decl":{"start":{"line":484,"column":14},"end":{"line":484,"column":15}},"loc":{"start":{"line":484,"column":24},"end":{"line":484,"column":58}},"line":484}},"branchMap":{"0":{"loc":{"start":{"line":7,"column":2},"end":{"line":14,"column":3}},"type":"if","locations":[{"start":{"line":7,"column":2},"end":{"line":14,"column":3}},{"start":{"line":7,"column":2},"end":{"line":14,"column":3}}],"line":7},"1":{"loc":{"start":{"line":77,"column":29},"end":{"line":77,"column":78}},"type":"default-arg","locations":[{"start":{"line":77,"column":76},"end":{"line":77,"column":78}}],"line":77},"2":{"loc":{"start":{"line":77,"column":30},"end":{"line":77,"column":47}},"type":"default-arg","locations":[{"start":{"line":77,"column":45},"end":{"line":77,"column":47}}],"line":77},"3":{"loc":{"start":{"line":77,"column":49},"end":{"line":77,"column":67}},"type":"default-arg","locations":[{"start":{"line":77,"column":65},"end":{"line":77,"column":67}}],"line":77},"4":{"loc":{"start":{"line":78,"column":4},"end":{"line":80,"column":5}},"type":"if","locations":[{"start":{"line":78,"column":4},"end":{"line":80,"column":5}},{"start":{"line":78,"column":4},"end":{"line":80,"column":5}}],"line":78},"5":{"loc":{"start":{"line":96,"column":4},"end":{"line":99,"column":5}},"type":"if","locations":[{"start":{"line":96,"column":4},"end":{"line":99,"column":5}},{"start":{"line":96,"column":4},"end":{"line":99,"column":5}}],"line":96},"6":{"loc":{"start":{"line":106,"column":4},"end":{"line":110,"column":5}},"type":"if","locations":[{"start":{"line":106,"column":4},"end":{"line":110,"column":5}},{"start":{"line":106,"column":4},"end":{"line":110,"column":5}}],"line":106},"7":{"loc":{"start":{"line":107,"column":6},"end":{"line":109,"column":7}},"type":"if","locations":[{"start":{"line":107,"column":6},"end":{"line":109,"column":7}},{"start":{"line":107,"column":6},"end":{"line":109,"column":7}}],"line":107},"8":{"loc":{"start":{"line":132,"column":11},"end":{"line":132,"column":90}},"type":"binary-expr","locations":[{"start":{"line":132,"column":12},"end":{"line":132,"column":77}},{"start":{"line":132,"column":82},"end":{"line":132,"column":90}}],"line":132},"9":{"loc":{"start":{"line":144,"column":4},"end":{"line":144,"column":82}},"type":"if","locations":[{"start":{"line":144,"column":4},"end":{"line":144,"column":82}},{"start":{"line":144,"column":4},"end":{"line":144,"column":82}}],"line":144},"10":{"loc":{"start":{"line":164,"column":4},"end":{"line":164,"column":70}},"type":"if","locations":[{"start":{"line":164,"column":4},"end":{"line":164,"column":70}},{"start":{"line":164,"column":4},"end":{"line":164,"column":70}}],"line":164},"11":{"loc":{"start":{"line":168,"column":4},"end":{"line":168,"column":30}},"type":"if","locations":[{"start":{"line":168,"column":4},"end":{"line":168,"column":30}},{"start":{"line":168,"column":4},"end":{"line":168,"column":30}}],"line":168},"12":{"loc":{"start":{"line":200,"column":44},"end":{"line":200,"column":63}},"type":"default-arg","locations":[{"start":{"line":200,"column":60},"end":{"line":200,"column":63}}],"line":200},"13":{"loc":{"start":{"line":206,"column":6},"end":{"line":208,"column":7}},"type":"if","locations":[{"start":{"line":206,"column":6},"end":{"line":208,"column":7}},{"start":{"line":206,"column":6},"end":{"line":208,"column":7}}],"line":206},"14":{"loc":{"start":{"line":219,"column":35},"end":{"line":219,"column":54}},"type":"default-arg","locations":[{"start":{"line":219,"column":51},"end":{"line":219,"column":54}}],"line":219},"15":{"loc":{"start":{"line":219,"column":56},"end":{"line":219,"column":67}},"type":"default-arg","locations":[{"start":{"line":219,"column":65},"end":{"line":219,"column":67}}],"line":219},"16":{"loc":{"start":{"line":239,"column":28},"end":{"line":239,"column":52}},"type":"default-arg","locations":[{"start":{"line":239,"column":50},"end":{"line":239,"column":52}}],"line":239},"17":{"loc":{"start":{"line":239,"column":29},"end":{"line":239,"column":48}},"type":"default-arg","locations":[{"start":{"line":239,"column":45},"end":{"line":239,"column":48}}],"line":239},"18":{"loc":{"start":{"line":255,"column":34},"end":{"line":255,"column":53}},"type":"default-arg","locations":[{"start":{"line":255,"column":50},"end":{"line":255,"column":53}}],"line":255},"19":{"loc":{"start":{"line":255,"column":55},"end":{"line":255,"column":66}},"type":"default-arg","locations":[{"start":{"line":255,"column":64},"end":{"line":255,"column":66}}],"line":255},"20":{"loc":{"start":{"line":274,"column":36},"end":{"line":274,"column":55}},"type":"default-arg","locations":[{"start":{"line":274,"column":52},"end":{"line":274,"column":55}}],"line":274},"21":{"loc":{"start":{"line":274,"column":57},"end":{"line":274,"column":68}},"type":"default-arg","locations":[{"start":{"line":274,"column":66},"end":{"line":274,"column":68}}],"line":274},"22":{"loc":{"start":{"line":292,"column":35},"end":{"line":292,"column":54}},"type":"default-arg","locations":[{"start":{"line":292,"column":51},"end":{"line":292,"column":54}}],"line":292},"23":{"loc":{"start":{"line":308,"column":4},"end":{"line":310,"column":5}},"type":"if","locations":[{"start":{"line":308,"column":4},"end":{"line":310,"column":5}},{"start":{"line":308,"column":4},"end":{"line":310,"column":5}}],"line":308},"24":{"loc":{"start":{"line":334,"column":11},"end":{"line":334,"column":84}},"type":"binary-expr","locations":[{"start":{"line":334,"column":11},"end":{"line":334,"column":78}},{"start":{"line":334,"column":82},"end":{"line":334,"column":84}}],"line":334},"25":{"loc":{"start":{"line":350,"column":4},"end":{"line":352,"column":5}},"type":"if","locations":[{"start":{"line":350,"column":4},"end":{"line":352,"column":5}},{"start":{"line":350,"column":4},"end":{"line":352,"column":5}}],"line":350},"26":{"loc":{"start":{"line":356,"column":4},"end":{"line":356,"column":24}},"type":"if","locations":[{"start":{"line":356,"column":4},"end":{"line":356,"column":24}},{"start":{"line":356,"column":4},"end":{"line":356,"column":24}}],"line":356},"27":{"loc":{"start":{"line":379,"column":4},"end":{"line":405,"column":5}},"type":"if","locations":[{"start":{"line":379,"column":4},"end":{"line":405,"column":5}},{"start":{"line":379,"column":4},"end":{"line":405,"column":5}}],"line":379},"28":{"loc":{"start":{"line":379,"column":7},"end":{"line":379,"column":44}},"type":"binary-expr","locations":[{"start":{"line":379,"column":7},"end":{"line":379,"column":18}},{"start":{"line":379,"column":22},"end":{"line":379,"column":44}}],"line":379},"29":{"loc":{"start":{"line":384,"column":8},"end":{"line":394,"column":9}},"type":"if","locations":[{"start":{"line":384,"column":8},"end":{"line":394,"column":9}},{"start":{"line":384,"column":8},"end":{"line":394,"column":9}}],"line":384},"30":{"loc":{"start":{"line":442,"column":8},"end":{"line":450,"column":9}},"type":"if","locations":[{"start":{"line":442,"column":8},"end":{"line":450,"column":9}},{"start":{"line":442,"column":8},"end":{"line":450,"column":9}}],"line":442}},"s":{"0":1,"1":1,"2":1,"3":0,"4":0,"5":0,"6":0,"7":0,"8":4,"9":0,"10":0,"11":0,"12":0,"13":0,"14":0,"15":0,"16":0,"17":0,"18":0,"19":0,"20":0,"21":0,"22":0,"23":0,"24":0,"25":0,"26":0,"27":0,"28":0,"29":0,"30":0,"31":0,"32":0,"33":0,"34":0,"35":0,"36":0,"37":0,"38":0,"39":0,"40":0,"41":0,"42":0,"43":0,"44":0,"45":0,"46":0,"47":0,"48":0,"49":0,"50":0,"51":0,"52":0,"53":0,"54":0,"55":0,"56":0,"57":0,"58":0,"59":0,"60":0,"61":0,"62":0,"63":0,"64":0,"65":0,"66":0,"67":0,"68":0,"69":0,"70":0,"71":0,"72":0,"73":0,"74":0,"75":0,"76":0,"77":0,"78":0,"79":0,"80":0,"81":0,"82":0,"83":0,"84":0,"85":0,"86":0,"87":0,"88":0,"89":0,"90":0,"91":0,"92":0,"93":0,"94":0,"95":0,"96":0,"97":0,"98":0,"99":0,"100":0,"101":0,"102":0,"103":0,"104":0,"105":0,"106":0,"107":0,"108":0,"109":0,"110":0,"111":0,"112":0,"113":0,"114":0,"115":0,"116":0,"117":1},"f":{"0":0,"1":4,"2":0,"3":0,"4":0,"5":0,"6":0,"7":0,"8":0,"9":0,"10":0,"11":0,"12":0,"13":0,"14":0,"15":0,"16":0,"17":0,"18":0,"19":0,"20":0,"21":0,"22":0,"23":0,"24":0,"25":0,"26":0,"27":0},"b":{"0":[0,0],"1":[0],"2":[0],"3":[0],"4":[0,0],"5":[0,0],"6":[0,0],"7":[0,0],"8":[0,0],"9":[0,0],"10":[0,0],"11":[0,0],"12":[0],"13":[0,0],"14":[0],"15":[0],"16":[0],"17":[0],"18":[0],"19":[0],"20":[0],"21":[0],"22":[0],"23":[0,0],"24":[0,0],"25":[0,0],"26":[0,0],"27":[0,0],"28":[0,0],"29":[0,0],"30":[0,0]},"_coverageSchema":"43e27e138ebf9cfc5966b082cf9a028302ed4184","hash":"6ed220b3455a6a2291496b1e515e5814d6548045"}
,"/Users/ktalmadge/dev/elv-client-js/src/Utils.js": {"path":"/Users/ktalmadge/dev/elv-client-js/src/Utils.js","statementMap":{"0":{"start":{"line":1,"column":13},"end":{"line":1,"column":28}},"1":{"start":{"line":2,"column":18},"end":{"line":2,"column":41}},"2":{"start":{"line":12,"column":14},"end":{"line":200,"column":1}},"3":{"start":{"line":26,"column":4},"end":{"line":26,"column":29}},"4":{"start":{"line":27,"column":4},"end":{"line":27,"column":49}},"5":{"start":{"line":40,"column":4},"end":{"line":40,"column":53}},"6":{"start":{"line":51,"column":4},"end":{"line":51,"column":62}},"7":{"start":{"line":51,"column":50},"end":{"line":51,"column":60}},"8":{"start":{"line":53,"column":4},"end":{"line":53,"column":63}},"9":{"start":{"line":53,"column":36},"end":{"line":53,"column":61}},"10":{"start":{"line":54,"column":4},"end":{"line":54,"column":33}},"11":{"start":{"line":65,"column":4},"end":{"line":65,"column":40}},"12":{"start":{"line":66,"column":4},"end":{"line":66,"column":52}},"13":{"start":{"line":77,"column":4},"end":{"line":77,"column":49}},"14":{"start":{"line":88,"column":4},"end":{"line":88,"column":49}},"15":{"start":{"line":99,"column":4},"end":{"line":99,"column":49}},"16":{"start":{"line":110,"column":4},"end":{"line":110,"column":26}},"17":{"start":{"line":111,"column":4},"end":{"line":111,"column":52}},"18":{"start":{"line":124,"column":4},"end":{"line":126,"column":5}},"19":{"start":{"line":125,"column":6},"end":{"line":125,"column":19}},"20":{"start":{"line":128,"column":4},"end":{"line":128,"column":80}},"21":{"start":{"line":139,"column":20},"end":{"line":141,"column":15}},"22":{"start":{"line":140,"column":6},"end":{"line":140,"column":45}},"23":{"start":{"line":143,"column":4},"end":{"line":143,"column":55}},"24":{"start":{"line":148,"column":18},"end":{"line":148,"column":43}},"25":{"start":{"line":149,"column":4},"end":{"line":149,"column":53}},"26":{"start":{"line":159,"column":4},"end":{"line":162,"column":5}},"27":{"start":{"line":161,"column":6},"end":{"line":161,"column":18}},"28":{"start":{"line":164,"column":4},"end":{"line":186,"column":5}},"29":{"start":{"line":175,"column":6},"end":{"line":175,"column":18}},"30":{"start":{"line":178,"column":6},"end":{"line":178,"column":78}},"31":{"start":{"line":178,"column":46},"end":{"line":178,"column":76}},"32":{"start":{"line":180,"column":6},"end":{"line":181,"column":56}},"33":{"start":{"line":183,"column":6},"end":{"line":183,"column":56}},"34":{"start":{"line":185,"column":6},"end":{"line":185,"column":19}},"35":{"start":{"line":198,"column":4},"end":{"line":198,"column":80}},"36":{"start":{"line":202,"column":0},"end":{"line":202,"column":23}}},"fnMap":{"0":{"name":"(anonymous_0)","decl":{"start":{"line":25,"column":14},"end":{"line":25,"column":15}},"loc":{"start":{"line":25,"column":23},"end":{"line":28,"column":3}},"line":25},"1":{"name":"(anonymous_1)","decl":{"start":{"line":39,"column":14},"end":{"line":39,"column":15}},"loc":{"start":{"line":39,"column":25},"end":{"line":41,"column":3}},"line":39},"2":{"name":"(anonymous_2)","decl":{"start":{"line":50,"column":17},"end":{"line":50,"column":18}},"loc":{"start":{"line":50,"column":30},"end":{"line":55,"column":3}},"line":50},"3":{"name":"(anonymous_3)","decl":{"start":{"line":64,"column":17},"end":{"line":64,"column":18}},"loc":{"start":{"line":64,"column":30},"end":{"line":67,"column":3}},"line":64},"4":{"name":"(anonymous_4)","decl":{"start":{"line":76,"column":20},"end":{"line":76,"column":21}},"loc":{"start":{"line":76,"column":33},"end":{"line":78,"column":3}},"line":76},"5":{"name":"(anonymous_5)","decl":{"start":{"line":87,"column":22},"end":{"line":87,"column":23}},"loc":{"start":{"line":87,"column":35},"end":{"line":89,"column":3}},"line":87},"6":{"name":"(anonymous_6)","decl":{"start":{"line":98,"column":21},"end":{"line":98,"column":22}},"loc":{"start":{"line":98,"column":34},"end":{"line":100,"column":3}},"line":98},"7":{"name":"(anonymous_7)","decl":{"start":{"line":109,"column":17},"end":{"line":109,"column":18}},"loc":{"start":{"line":109,"column":27},"end":{"line":112,"column":3}},"line":109},"8":{"name":"(anonymous_8)","decl":{"start":{"line":123,"column":2},"end":{"line":123,"column":3}},"loc":{"start":{"line":123,"column":35},"end":{"line":129,"column":3}},"line":123},"9":{"name":"(anonymous_9)","decl":{"start":{"line":138,"column":13},"end":{"line":138,"column":14}},"loc":{"start":{"line":138,"column":25},"end":{"line":144,"column":3}},"line":138},"10":{"name":"(anonymous_10)","decl":{"start":{"line":139,"column":41},"end":{"line":139,"column":42}},"loc":{"start":{"line":139,"column":49},"end":{"line":141,"column":5}},"line":139},"11":{"name":"(anonymous_11)","decl":{"start":{"line":146,"column":17},"end":{"line":146,"column":18}},"loc":{"start":{"line":146,"column":27},"end":{"line":150,"column":3}},"line":146},"12":{"name":"(anonymous_12)","decl":{"start":{"line":158,"column":15},"end":{"line":158,"column":16}},"loc":{"start":{"line":158,"column":26},"end":{"line":187,"column":3}},"line":158},"13":{"name":"(anonymous_13)","decl":{"start":{"line":178,"column":38},"end":{"line":178,"column":39}},"loc":{"start":{"line":178,"column":46},"end":{"line":178,"column":76}},"line":178},"14":{"name":"(anonymous_14)","decl":{"start":{"line":197,"column":16},"end":{"line":197,"column":17}},"loc":{"start":{"line":197,"column":26},"end":{"line":199,"column":3}},"line":197}},"branchMap":{"0":{"loc":{"start":{"line":51,"column":4},"end":{"line":51,"column":62}},"type":"if","locations":[{"start":{"line":51,"column":4},"end":{"line":51,"column":62}},{"start":{"line":51,"column":4},"end":{"line":51,"column":62}}],"line":51},"1":{"loc":{"start":{"line":51,"column":7},"end":{"line":51,"column":46}},"type":"binary-expr","locations":[{"start":{"line":51,"column":7},"end":{"line":51,"column":15}},{"start":{"line":51,"column":19},"end":{"line":51,"column":46}}],"line":51},"2":{"loc":{"start":{"line":53,"column":4},"end":{"line":53,"column":63}},"type":"if","locations":[{"start":{"line":53,"column":4},"end":{"line":53,"column":63}},{"start":{"line":53,"column":4},"end":{"line":53,"column":63}}],"line":53},"3":{"loc":{"start":{"line":124,"column":4},"end":{"line":126,"column":5}},"type":"if","locations":[{"start":{"line":124,"column":4},"end":{"line":126,"column":5}},{"start":{"line":124,"column":4},"end":{"line":126,"column":5}}],"line":124},"4":{"loc":{"start":{"line":124,"column":7},"end":{"line":124,"column":32}},"type":"binary-expr","locations":[{"start":{"line":124,"column":7},"end":{"line":124,"column":17}},{"start":{"line":124,"column":21},"end":{"line":124,"column":32}}],"line":124},"5":{"loc":{"start":{"line":159,"column":4},"end":{"line":162,"column":5}},"type":"if","locations":[{"start":{"line":159,"column":4},"end":{"line":162,"column":5}},{"start":{"line":159,"column":4},"end":{"line":162,"column":5}}],"line":159},"6":{"loc":{"start":{"line":164,"column":4},"end":{"line":186,"column":5}},"type":"switch","locations":[{"start":{"line":165,"column":4},"end":{"line":165,"column":19}},{"start":{"line":166,"column":4},"end":{"line":166,"column":18}},{"start":{"line":167,"column":4},"end":{"line":167,"column":18}},{"start":{"line":168,"column":4},"end":{"line":168,"column":16}},{"start":{"line":169,"column":4},"end":{"line":169,"column":18}},{"start":{"line":170,"column":4},"end":{"line":170,"column":16}},{"start":{"line":171,"column":4},"end":{"line":171,"column":20}},{"start":{"line":172,"column":4},"end":{"line":172,"column":21}},{"start":{"line":173,"column":4},"end":{"line":173,"column":23}},{"start":{"line":174,"column":4},"end":{"line":175,"column":18}},{"start":{"line":176,"column":4},"end":{"line":176,"column":17}},{"start":{"line":177,"column":4},"end":{"line":178,"column":78}},{"start":{"line":179,"column":4},"end":{"line":181,"column":56}},{"start":{"line":182,"column":4},"end":{"line":183,"column":56}},{"start":{"line":184,"column":4},"end":{"line":185,"column":19}}],"line":164},"7":{"loc":{"start":{"line":180,"column":13},"end":{"line":181,"column":55}},"type":"binary-expr","locations":[{"start":{"line":180,"column":13},"end":{"line":180,"column":55}},{"start":{"line":181,"column":11},"end":{"line":181,"column":55}}],"line":180},"8":{"loc":{"start":{"line":198,"column":11},"end":{"line":198,"column":79}},"type":"cond-expr","locations":[{"start":{"line":198,"column":38},"end":{"line":198,"column":43}},{"start":{"line":198,"column":46},"end":{"line":198,"column":79}}],"line":198}},"s":{"0":1,"1":1,"2":1,"3":0,"4":0,"5":0,"6":0,"7":0,"8":0,"9":0,"10":0,"11":0,"12":0,"13":0,"14":0,"15":0,"16":0,"17":0,"18":0,"19":0,"20":0,"21":0,"22":0,"23":0,"24":0,"25":0,"26":0,"27":0,"28":0,"29":0,"30":0,"31":0,"32":0,"33":0,"34":0,"35":0,"36":1},"f":{"0":0,"1":0,"2":0,"3":0,"4":0,"5":0,"6":0,"7":0,"8":0,"9":0,"10":0,"11":0,"12":0,"13":0,"14":0},"b":{"0":[0,0],"1":[0,0],"2":[0,0],"3":[0,0],"4":[0,0],"5":[0,0],"6":[0,0,0,0,0,0,0,0,0,0,0,0,0,0,0],"7":[0,0],"8":[0,0]},"_coverageSchema":"43e27e138ebf9cfc5966b082cf9a028302ed4184","hash":"89fceaed4188d2bdb58ad539b5377cfc8be808bf"}
}
