TN:
SF:/Users/ktalmadge/dev/elv-client-js/src/AuthorizationClient.js
FN:10,(anonymous_0)
FN:19,(anonymous_1)
FN:42,(anonymous_2)
FN:57,(anonymous_3)
FN:85,(anonymous_4)
FN:98,(anonymous_5)
FN:128,(anonymous_6)
FN:224,(anonymous_7)
FN:240,(anonymous_8)
FN:244,(anonymous_9)
FN:250,(anonymous_10)
FN:252,(anonymous_11)
FN:272,(anonymous_12)
FN:297,(anonymous_13)
FN:337,(anonymous_14)
FN:348,(anonymous_15)
FN:361,(anonymous_16)
FN:374,(anonymous_17)
FN:387,(anonymous_18)
FN:402,(anonymous_19)
FNF:20
FNH:1
FNDA:0,(anonymous_0)
FNDA:1,(anonymous_1)
FNDA:0,(anonymous_2)
FNDA:0,(anonymous_3)
FNDA:0,(anonymous_4)
FNDA:0,(anonymous_5)
FNDA:0,(anonymous_6)
FNDA:0,(anonymous_7)
FNDA:0,(anonymous_8)
FNDA:0,(anonymous_9)
FNDA:0,(anonymous_10)
FNDA:0,(anonymous_11)
FNDA:0,(anonymous_12)
FNDA:0,(anonymous_13)
FNDA:0,(anonymous_14)
FNDA:0,(anonymous_15)
FNDA:0,(anonymous_16)
FNDA:0,(anonymous_17)
FNDA:0,(anonymous_18)
FNDA:0,(anonymous_19)
DA:1,1
DA:4,1
DA:5,1
DA:6,1
DA:7,1
DA:10,1
DA:11,0
DA:12,0
DA:15,0
DA:20,1
DA:21,1
DA:22,1
DA:23,1
DA:25,1
DA:27,1
DA:33,1
DA:39,1
DA:43,0
DA:53,0
DA:58,0
DA:60,0
DA:62,0
DA:63,0
DA:66,0
DA:75,0
DA:77,0
DA:80,0
DA:81,0
DA:86,0
DA:88,0
DA:95,0
DA:99,0
DA:100,0
DA:110,0
DA:111,0
DA:113,0
DA:116,0
DA:123,0
DA:124,0
DA:139,0
DA:141,0
DA:142,0
DA:143,0
DA:144,0
DA:147,0
DA:148,0
DA:150,0
DA:152,0
DA:153,0
DA:158,0
DA:159,0
DA:162,0
DA:163,0
DA:165,0
DA:166,0
DA:167,0
DA:168,0
DA:169,0
DA:171,0
DA:172,0
DA:173,0
DA:174,0
DA:175,0
DA:177,0
DA:178,0
DA:179,0
DA:180,0
DA:183,0
DA:184,0
DA:185,0
DA:186,0
DA:188,0
DA:190,0
DA:193,0
DA:204,0
DA:205,0
DA:209,0
DA:213,0
DA:214,0
DA:216,0
DA:220,0
DA:221,0
DA:224,0
DA:225,0
DA:226,0
DA:227,0
DA:233,0
DA:234,0
DA:237,0
DA:241,0
DA:245,0
DA:252,0
DA:254,0
DA:256,0
DA:263,0
DA:269,0
DA:273,0
DA:275,0
DA:277,0
DA:284,0
DA:291,0
DA:292,0
DA:294,0
DA:298,0
DA:301,0
DA:302,0
DA:304,0
DA:306,0
DA:309,0
DA:316,0
DA:324,0
DA:330,0
DA:331,0
DA:334,0
DA:338,0
DA:350,0
DA:355,0
DA:363,0
DA:368,0
DA:376,0
DA:381,0
DA:389,0
DA:395,0
DA:403,0
DA:404,0
DA:405,0
DA:406,0
DA:407,0
DA:408,0
DA:410,0
DA:416,0
DA:425,1
LF:132
LH:15
BRDA:11,0,0,0
BRDA:11,0,1,0
BRDA:19,1,0,0
BRDA:19,2,0,0
BRDA:42,3,0,0
BRDA:42,4,0,0
BRDA:42,5,0,0
BRDA:57,6,0,0
BRDA:57,7,0,0
BRDA:57,8,0,0
BRDA:62,9,0,0
BRDA:62,9,1,0
BRDA:62,10,0,0
BRDA:62,10,1,0
BRDA:86,11,0,0
BRDA:86,11,1,0
BRDA:98,12,0,0
BRDA:98,13,0,0
BRDA:99,14,0,0
BRDA:99,14,1,0
BRDA:99,15,0,0
BRDA:99,15,1,0
BRDA:99,15,2,0
BRDA:111,16,0,0
BRDA:111,16,1,0
BRDA:119,17,0,0
BRDA:119,17,1,0
BRDA:119,17,2,0
BRDA:132,18,0,0
BRDA:133,19,0,0
BRDA:134,20,0,0
BRDA:135,21,0,0
BRDA:136,22,0,0
BRDA:139,23,0,0
BRDA:139,23,1,0
BRDA:141,24,0,0
BRDA:141,24,1,0
BRDA:144,25,0,0
BRDA:144,25,1,0
BRDA:148,26,0,0
BRDA:148,26,1,0
BRDA:150,27,0,0
BRDA:150,27,1,0
BRDA:150,28,0,0
BRDA:150,28,1,0
BRDA:150,28,2,0
BRDA:158,29,0,0
BRDA:158,29,1,0
BRDA:163,30,0,0
BRDA:163,30,1,0
BRDA:163,31,0,0
BRDA:163,31,1,0
BRDA:163,31,2,0
BRDA:163,31,3,0
BRDA:163,31,4,0
BRDA:163,31,5,0
BRDA:169,32,0,0
BRDA:169,32,1,0
BRDA:175,33,0,0
BRDA:175,33,1,0
BRDA:175,34,0,0
BRDA:175,34,1,0
BRDA:188,35,0,0
BRDA:188,35,1,0
BRDA:188,36,0,0
BRDA:188,36,1,0
BRDA:204,37,0,0
BRDA:204,37,1,0
BRDA:204,38,0,0
BRDA:204,38,1,0
BRDA:205,39,0,0
BRDA:205,39,1,0
BRDA:209,40,0,0
BRDA:209,40,1,0
BRDA:213,41,0,0
BRDA:213,41,1,0
BRDA:220,42,0,0
BRDA:220,42,1,0
BRDA:225,43,0,0
BRDA:225,43,1,0
BRDA:225,44,0,0
BRDA:225,44,1,0
BRDA:233,45,0,0
BRDA:233,45,1,0
BRDA:233,46,0,0
BRDA:233,46,1,0
BRDA:252,47,0,0
BRDA:252,47,1,0
BRDA:254,48,0,0
BRDA:254,48,1,0
BRDA:275,49,0,0
BRDA:275,49,1,0
BRDA:297,50,0,0
BRDA:297,51,0,0
BRDA:302,52,0,0
BRDA:302,52,1,0
BRDA:302,53,0,0
BRDA:302,53,1,0
BRDA:330,54,0,0
BRDA:330,54,1,0
BRDA:330,55,0,0
BRDA:330,55,1,0
BRDA:391,56,0,0
BRDA:391,56,1,0
BRDA:403,57,0,0
BRDA:403,57,1,0
BRDA:406,58,0,0
BRDA:406,58,1,0
BRF:108
BRH:0
end_of_record
TN:
SF:/Users/ktalmadge/dev/elv-client-js/src/ContentObjectVerification.js
FN:10,(anonymous_0)
FN:18,(anonymous_1)
FN:34,(anonymous_2)
FN:63,(anonymous_3)
FN:90,(anonymous_4)
FN:93,(anonymous_5)
FN:101,(anonymous_6)
FN:102,fromBits
FN:114,toBits
FN:136,(anonymous_9)
FN:142,(anonymous_10)
FN:162,(anonymous_11)
FN:176,(anonymous_12)
FN:177,(anonymous_13)
FNF:14
FNH:0
FNDA:0,(anonymous_0)
FNDA:0,(anonymous_1)
FNDA:0,(anonymous_2)
FNDA:0,(anonymous_3)
FNDA:0,(anonymous_4)
FNDA:0,(anonymous_5)
FNDA:0,(anonymous_6)
FNDA:0,fromBits
FNDA:0,toBits
FNDA:0,(anonymous_9)
FNDA:0,(anonymous_10)
FNDA:0,(anonymous_11)
FNDA:0,(anonymous_12)
FNDA:0,(anonymous_13)
DA:3,1
DA:5,1
DA:6,1
DA:7,1
DA:9,1
DA:11,0
DA:15,0
DA:17,0
DA:18,0
DA:19,0
DA:21,0
DA:22,0
DA:24,0
DA:27,0
DA:29,0
DA:31,0
DA:32,0
DA:33,0
DA:34,0
DA:36,0
DA:38,0
DA:39,0
DA:41,0
DA:44,0
DA:46,0
DA:49,0
DA:55,0
DA:60,0
DA:61,0
DA:62,0
DA:63,0
DA:64,0
DA:66,0
DA:67,0
DA:69,0
DA:72,0
DA:74,0
DA:75,0
DA:79,0
DA:85,0
DA:91,0
DA:93,0
DA:94,0
DA:103,0
DA:104,0
DA:105,0
DA:106,0
DA:108,0
DA:109,0
DA:111,0
DA:115,0
DA:116,0
DA:117,0
DA:118,0
DA:119,0
DA:120,0
DA:123,0
DA:124,0
DA:126,0
DA:129,0
DA:130,0
DA:131,0
DA:133,0
DA:137,0
DA:138,0
DA:139,0
DA:143,0
DA:144,0
DA:145,0
DA:148,0
DA:150,0
DA:155,0
DA:163,0
DA:164,0
DA:166,0
DA:171,0
DA:172,0
DA:175,0
DA:176,0
DA:177,0
DA:179,0
DA:180,0
DA:181,0
DA:183,0
DA:191,0
DA:192,0
DA:193,0
DA:195,0
DA:196,0
DA:204,0
DA:205,0
DA:208,0
DA:212,1
LF:93
LH:6
BRDA:21,0,0,0
BRDA:21,0,1,0
BRDA:29,1,0,0
BRDA:29,1,1,0
BRDA:38,2,0,0
BRDA:38,2,1,0
BRDA:46,3,0,0
BRDA:46,3,1,0
BRDA:46,4,0,0
BRDA:46,4,1,0
BRDA:66,5,0,0
BRDA:66,5,1,0
BRDA:74,6,0,0
BRDA:74,6,1,0
BRDA:80,7,0,0
BRDA:80,7,1,0
BRDA:80,7,2,0
BRDA:80,7,3,0
BRDA:80,7,4,0
BRDA:91,8,0,0
BRDA:91,8,1,0
BRDA:105,9,0,0
BRDA:105,9,1,0
BRDA:118,10,0,0
BRDA:118,10,1,0
BRDA:123,11,0,0
BRDA:123,11,1,0
BRDA:144,12,0,0
BRDA:144,12,1,0
BRDA:163,13,0,0
BRDA:163,13,1,0
BRDA:164,14,0,0
BRDA:164,14,1,0
BRDA:195,15,0,0
BRDA:195,15,1,0
BRDA:204,16,0,0
BRDA:204,16,1,0
BRF:37
BRH:0
end_of_record
TN:
SF:/Users/ktalmadge/dev/elv-client-js/src/ElvCryptopto.js
FN:10,(anonymous_0)
FN:11,(anonymous_1)
FN:13,(anonymous_2)
FN:14,(anonymous_3)
FN:47,(anonymous_4)
FN:74,(anonymous_5)
FNF:6
FNH:2
FNDA:7,(anonymous_0)
FNDA:607,(anonymous_1)
FNDA:0,(anonymous_2)
FNDA:0,(anonymous_3)
FNDA:0,(anonymous_4)
FNDA:0,(anonymous_5)
DA:2,1
DA:4,0
DA:7,1
DA:10,1
DA:11,607
DA:13,1
DA:14,0
DA:16,1
DA:38,1
DA:48,0
DA:50,0
DA:56,0
DA:58,0
DA:59,0
DA:61,0
DA:63,0
DA:75,0
DA:77,0
DA:83,0
DA:84,0
DA:90,0
DA:92,0
DA:94,0
DA:98,1
LF:24
LH:8
BRDA:2,0,0,0
BRDA:2,0,1,1
BRF:2
BRH:1
end_of_record
TN:
SF:/Users/ktalmadge/dev/elv-client-js/src/ElvClient.js
FN:24,(anonymous_0)
FN:39,(anonymous_1)
FN:43,(anonymous_2)
FN:80,(anonymous_3)
FN:106,(anonymous_4)
FN:131,(anonymous_5)
FN:152,(anonymous_6)
FN:159,(anonymous_7)
FN:173,(anonymous_8)
FN:183,(anonymous_9)
FN:199,(anonymous_10)
FN:208,(anonymous_11)
FN:236,(anonymous_12)
FN:259,(anonymous_13)
FN:282,(anonymous_14)
FN:297,(anonymous_15)
FN:319,(anonymous_16)
FN:344,(anonymous_17)
FN:374,(anonymous_18)
FN:448,(anonymous_19)
FN:466,(anonymous_20)
FN:510,(anonymous_21)
FN:543,(anonymous_22)
FN:573,(anonymous_23)
FN:595,(anonymous_24)
FN:651,(anonymous_25)
FN:682,(anonymous_26)
FN:714,(anonymous_27)
FN:728,(anonymous_28)
FN:744,(anonymous_29)
FN:768,(anonymous_30)
FN:784,(anonymous_31)
FN:797,(anonymous_32)
FN:821,(anonymous_33)
FN:851,(anonymous_34)
FN:872,(anonymous_35)
FN:898,(anonymous_36)
FN:964,(anonymous_37)
FN:1039,(anonymous_38)
FN:1055,(anonymous_39)
FN:1067,(anonymous_40)
FN:1070,(anonymous_41)
FN:1092,(anonymous_42)
FN:1116,(anonymous_43)
FN:1135,(anonymous_44)
FN:1159,(anonymous_45)
FN:1190,(anonymous_46)
FN:1222,(anonymous_47)
FN:1271,(anonymous_48)
FN:1290,(anonymous_49)
FN:1329,(anonymous_50)
FN:1351,(anonymous_51)
FN:1372,(anonymous_52)
FN:1407,(anonymous_53)
FN:1432,(anonymous_54)
FN:1457,(anonymous_55)
FN:1481,(anonymous_56)
FN:1507,(anonymous_57)
FN:1510,(anonymous_58)
FN:1522,(anonymous_59)
FN:1539,(anonymous_60)
FN:1552,(anonymous_61)
FN:1569,(anonymous_62)
FN:1581,(anonymous_63)
FN:1607,(anonymous_64)
FN:1634,(anonymous_65)
FN:1662,(anonymous_66)
FN:1694,(anonymous_67)
FN:1770,(anonymous_68)
FN:1802,(anonymous_69)
FN:1826,(anonymous_70)
FN:1848,(anonymous_71)
FN:1907,(anonymous_72)
FN:1930,(anonymous_73)
FN:1944,(anonymous_74)
FN:1962,(anonymous_75)
FN:1971,(anonymous_76)
FN:2022,(anonymous_77)
FN:2041,(anonymous_78)
FN:2060,(anonymous_79)
FN:2079,(anonymous_80)
FN:2100,(anonymous_81)
FN:2122,(anonymous_82)
FN:2147,(anonymous_83)
FN:2172,(anonymous_84)
FN:2188,(anonymous_85)
FN:2209,(anonymous_86)
FN:2230,(anonymous_87)
FN:2256,(anonymous_88)
FN:2273,(anonymous_89)
FN:2288,(anonymous_90)
FN:2302,(anonymous_91)
FN:2336,(anonymous_92)
FN:2348,(anonymous_93)
FN:2373,(anonymous_94)
FN:2416,(anonymous_95)
FN:2430,(anonymous_96)
FN:2442,(anonymous_97)
FN:2456,(anonymous_98)
FN:2460,(anonymous_99)
FN:2465,(anonymous_100)
FNF:101
FNH:2
FNDA:0,(anonymous_0)
FNDA:0,(anonymous_1)
FNDA:0,(anonymous_2)
FNDA:1,(anonymous_3)
FNDA:1,(anonymous_4)
FNDA:0,(anonymous_5)
FNDA:0,(anonymous_6)
FNDA:0,(anonymous_7)
FNDA:0,(anonymous_8)
FNDA:0,(anonymous_9)
FNDA:0,(anonymous_10)
FNDA:0,(anonymous_11)
FNDA:0,(anonymous_12)
FNDA:0,(anonymous_13)
FNDA:0,(anonymous_14)
FNDA:0,(anonymous_15)
FNDA:0,(anonymous_16)
FNDA:0,(anonymous_17)
FNDA:0,(anonymous_18)
FNDA:0,(anonymous_19)
FNDA:0,(anonymous_20)
FNDA:0,(anonymous_21)
FNDA:0,(anonymous_22)
FNDA:0,(anonymous_23)
FNDA:0,(anonymous_24)
FNDA:0,(anonymous_25)
FNDA:0,(anonymous_26)
FNDA:0,(anonymous_27)
FNDA:0,(anonymous_28)
FNDA:0,(anonymous_29)
FNDA:0,(anonymous_30)
FNDA:0,(anonymous_31)
FNDA:0,(anonymous_32)
FNDA:0,(anonymous_33)
FNDA:0,(anonymous_34)
FNDA:0,(anonymous_35)
FNDA:0,(anonymous_36)
FNDA:0,(anonymous_37)
FNDA:0,(anonymous_38)
FNDA:0,(anonymous_39)
FNDA:0,(anonymous_40)
FNDA:0,(anonymous_41)
FNDA:0,(anonymous_42)
FNDA:0,(anonymous_43)
FNDA:0,(anonymous_44)
FNDA:0,(anonymous_45)
FNDA:0,(anonymous_46)
FNDA:0,(anonymous_47)
FNDA:0,(anonymous_48)
FNDA:0,(anonymous_49)
FNDA:0,(anonymous_50)
FNDA:0,(anonymous_51)
FNDA:0,(anonymous_52)
FNDA:0,(anonymous_53)
FNDA:0,(anonymous_54)
FNDA:0,(anonymous_55)
FNDA:0,(anonymous_56)
FNDA:0,(anonymous_57)
FNDA:0,(anonymous_58)
FNDA:0,(anonymous_59)
FNDA:0,(anonymous_60)
FNDA:0,(anonymous_61)
FNDA:0,(anonymous_62)
FNDA:0,(anonymous_63)
FNDA:0,(anonymous_64)
FNDA:0,(anonymous_65)
FNDA:0,(anonymous_66)
FNDA:0,(anonymous_67)
FNDA:0,(anonymous_68)
FNDA:0,(anonymous_69)
FNDA:0,(anonymous_70)
FNDA:0,(anonymous_71)
FNDA:0,(anonymous_72)
FNDA:0,(anonymous_73)
FNDA:0,(anonymous_74)
FNDA:0,(anonymous_75)
FNDA:0,(anonymous_76)
FNDA:0,(anonymous_77)
FNDA:0,(anonymous_78)
FNDA:0,(anonymous_79)
FNDA:0,(anonymous_80)
FNDA:0,(anonymous_81)
FNDA:0,(anonymous_82)
FNDA:0,(anonymous_83)
FNDA:0,(anonymous_84)
FNDA:0,(anonymous_85)
FNDA:0,(anonymous_86)
FNDA:0,(anonymous_87)
FNDA:0,(anonymous_88)
FNDA:0,(anonymous_89)
FNDA:0,(anonymous_90)
FNDA:0,(anonymous_91)
FNDA:0,(anonymous_92)
FNDA:0,(anonymous_93)
FNDA:0,(anonymous_94)
FNDA:0,(anonymous_95)
FNDA:0,(anonymous_96)
FNDA:0,(anonymous_97)
FNDA:0,(anonymous_98)
FNDA:0,(anonymous_99)
FNDA:0,(anonymous_100)
DA:1,1
DA:2,1
DA:3,1
DA:5,1
DA:6,1
DA:7,1
DA:8,1
DA:9,1
DA:10,1
DA:11,1
DA:12,1
DA:14,1
DA:15,1
DA:16,1
DA:17,1
DA:19,1
DA:21,1
DA:24,1
DA:25,0
DA:27,0
DA:28,0
DA:33,0
DA:36,0
DA:39,1
DA:40,0
DA:43,1
DA:44,0
DA:46,0
DA:48,0
DA:50,0
DA:52,0
DA:54,0
DA:56,0
DA:58,0
DA:81,1
DA:83,1
DA:88,1
DA:90,1
DA:98,1
DA:99,1
DA:101,1
DA:103,1
DA:107,1
DA:109,1
DA:111,1
DA:132,0
DA:153,0
DA:160,0
DA:162,0
DA:174,0
DA:184,0
DA:185,0
DA:187,0
DA:200,0
DA:209,0
DA:237,0
DA:260,0
DA:267,0
DA:268,0
DA:283,0
DA:285,0
DA:298,0
DA:300,0
DA:320,0
DA:322,0
DA:330,0
DA:345,0
DA:383,0
DA:384,0
DA:386,0
DA:388,0
DA:394,0
DA:395,0
DA:398,0
DA:401,0
DA:414,0
DA:416,0
DA:424,0
DA:431,0
DA:432,0
DA:438,0
DA:449,0
DA:451,0
DA:467,0
DA:472,0
DA:480,0
DA:485,0
DA:495,0
DA:511,0
DA:513,0
DA:515,0
DA:522,0
DA:544,0
DA:546,0
DA:547,0
DA:555,0
DA:557,0
DA:558,0
DA:574,0
DA:576,0
DA:598,0
DA:600,0
DA:602,0
DA:603,0
DA:605,0
DA:606,0
DA:607,0
DA:608,0
DA:610,0
DA:611,0
DA:615,0
DA:616,0
DA:622,0
DA:625,0
DA:627,0
DA:652,0
DA:654,0
DA:655,0
DA:658,0
DA:659,0
DA:661,0
DA:669,0
DA:683,0
DA:685,0
DA:686,0
DA:689,0
DA:691,0
DA:699,0
DA:715,0
DA:724,0
DA:727,0
DA:729,0
DA:737,0
DA:741,0
DA:743,0
DA:744,0
DA:745,0
DA:747,0
DA:748,0
DA:752,0
DA:769,0
DA:770,0
DA:772,0
DA:776,0
DA:783,0
DA:784,0
DA:786,0
DA:789,0
DA:790,0
DA:791,0
DA:797,0
DA:798,0
DA:806,0
DA:822,0
DA:823,0
DA:824,0
DA:829,0
DA:835,0
DA:842,0
DA:849,0
DA:850,0
DA:852,0
DA:853,0
DA:856,0
DA:857,0
DA:860,0
DA:873,0
DA:875,0
DA:899,0
DA:901,0
DA:902,0
DA:904,0
DA:905,0
DA:909,0
DA:921,0
DA:922,0
DA:930,0
DA:939,0
DA:945,0
DA:965,0
DA:967,0
DA:968,0
DA:970,0
DA:971,0
DA:973,0
DA:974,0
DA:975,0
DA:977,0
DA:978,0
DA:981,0
DA:993,0
DA:999,0
DA:1000,0
DA:1008,0
DA:1017,0
DA:1023,0
DA:1040,0
DA:1042,0
DA:1056,0
DA:1058,0
DA:1067,0
DA:1068,0
DA:1071,0
DA:1093,0
DA:1095,0
DA:1117,0
DA:1119,0
DA:1136,0
DA:1160,0
DA:1162,0
DA:1163,0
DA:1171,0
DA:1173,0
DA:1174,0
DA:1191,0
DA:1193,0
DA:1225,0
DA:1227,0
DA:1229,0
DA:1232,0
DA:1235,0
DA:1236,0
DA:1239,0
DA:1241,0
DA:1242,0
DA:1244,0
DA:1272,0
DA:1274,0
DA:1291,0
DA:1293,0
DA:1296,0
DA:1297,0
DA:1299,0
DA:1302,0
DA:1307,0
DA:1309,0
DA:1330,0
DA:1332,0
DA:1352,0
DA:1354,0
DA:1373,0
DA:1375,0
DA:1377,0
DA:1384,0
DA:1408,0
DA:1410,0
DA:1433,0
DA:1435,0
DA:1458,0
DA:1460,0
DA:1482,0
DA:1484,0
DA:1509,0
DA:1510,0
DA:1511,0
DA:1513,0
DA:1519,0
DA:1521,0
DA:1523,0
DA:1524,0
DA:1525,0
DA:1536,0
DA:1540,0
DA:1542,0
DA:1553,0
DA:1555,0
DA:1570,0
DA:1572,0
DA:1582,0
DA:1584,0
DA:1608,0
DA:1610,0
DA:1635,0
DA:1637,0
DA:1645,0
DA:1663,0
DA:1665,0
DA:1673,0
DA:1675,0
DA:1695,0
DA:1696,0
DA:1698,0
DA:1701,0
DA:1702,0
DA:1712,0
DA:1714,0
DA:1717,0
DA:1720,0
DA:1731,0
DA:1732,0
DA:1734,0
DA:1744,0
DA:1748,0
DA:1771,0
DA:1773,0
DA:1803,0
DA:1827,0
DA:1849,0
DA:1851,0
DA:1853,0
DA:1854,0
DA:1856,0
DA:1857,0
DA:1859,0
DA:1860,0
DA:1861,0
DA:1862,0
DA:1863,0
DA:1864,0
DA:1868,0
DA:1869,0
DA:1871,0
DA:1872,0
DA:1874,0
DA:1875,0
DA:1878,0
DA:1879,0
DA:1880,0
DA:1881,0
DA:1882,0
DA:1883,0
DA:1887,0
DA:1908,0
DA:1910,0
DA:1912,0
DA:1931,0
DA:1933,0
DA:1945,0
DA:1963,0
DA:1973,0
DA:1976,0
DA:1983,0
DA:1984,0
DA:1987,0
DA:1996,0
DA:2003,0
DA:2005,0
DA:2006,0
DA:2009,0
DA:2023,0
DA:2042,0
DA:2061,0
DA:2080,0
DA:2101,0
DA:2123,0
DA:2125,0
DA:2148,0
DA:2150,0
DA:2173,0
DA:2189,0
DA:2210,0
DA:2231,0
DA:2257,0
DA:2274,0
DA:2275,0
DA:2289,0
DA:2290,0
DA:2303,0
DA:2304,0
DA:2306,0
DA:2308,0
DA:2311,0
DA:2319,0
DA:2321,0
DA:2337,0
DA:2349,0
DA:2374,0
DA:2376,0
DA:2377,0
DA:2378,0
DA:2379,0
DA:2381,0
DA:2383,0
DA:2384,0
DA:2388,0
DA:2389,0
DA:2392,0
DA:2393,0
DA:2396,0
DA:2397,0
DA:2400,0
DA:2417,0
DA:2418,0
DA:2431,0
DA:2436,0
DA:2443,0
DA:2455,0
DA:2456,0
DA:2461,0
DA:2464,0
DA:2465,0
DA:2466,0
DA:2473,0
DA:2476,0
DA:2477,0
DA:2480,0
DA:2481,0
DA:2482,0
DA:2485,0
DA:2487,0
DA:2488,0
DA:2491,0
DA:2494,0
DA:2501,0
DA:2503,0
DA:2504,0
DA:2513,1
LF:407
LH:32
BRDA:19,0,0,1
BRDA:19,0,1,0
BRDA:27,1,0,0
BRDA:27,1,1,0
BRDA:46,2,0,0
BRDA:46,2,1,0
BRDA:46,2,2,0
BRDA:46,2,3,0
BRDA:46,2,4,0
BRDA:46,2,5,0
BRDA:80,3,0,1
BRDA:80,4,0,1
BRDA:80,5,0,1
BRDA:80,6,0,1
BRDA:84,7,0,1
BRDA:84,7,1,0
BRDA:91,8,0,1
BRDA:91,8,1,0
BRDA:209,9,0,0
BRDA:209,9,1,0
BRDA:236,10,0,0
BRDA:236,11,0,0
BRDA:236,12,0,0
BRDA:267,13,0,0
BRDA:267,13,1,0
BRDA:332,14,0,0
BRDA:332,14,1,0
BRDA:378,15,0,0
BRDA:379,16,0,0
BRDA:383,17,0,0
BRDA:383,17,1,0
BRDA:431,18,0,0
BRDA:431,18,1,0
BRDA:543,19,0,0
BRDA:555,20,0,0
BRDA:555,20,1,0
BRDA:557,21,0,0
BRDA:557,21,1,0
BRDA:573,22,0,0
BRDA:573,23,0,0
BRDA:595,24,0,0
BRDA:600,25,0,0
BRDA:600,25,1,0
BRDA:602,26,0,0
BRDA:602,26,1,0
BRDA:606,27,0,0
BRDA:606,27,1,0
BRDA:610,28,0,0
BRDA:610,28,1,0
BRDA:615,29,0,0
BRDA:615,29,1,0
BRDA:615,30,0,0
BRDA:615,30,1,0
BRDA:652,31,0,0
BRDA:652,31,1,0
BRDA:659,32,0,0
BRDA:659,32,1,0
BRDA:683,33,0,0
BRDA:683,33,1,0
BRDA:724,34,0,0
BRDA:724,34,1,0
BRDA:747,35,0,0
BRDA:747,35,1,0
BRDA:768,36,0,0
BRDA:768,37,0,0
BRDA:786,38,0,0
BRDA:786,38,1,0
BRDA:789,39,0,0
BRDA:789,39,1,0
BRDA:793,40,0,0
BRDA:793,40,1,0
BRDA:800,41,0,0
BRDA:800,41,1,0
BRDA:822,42,0,0
BRDA:822,42,1,0
BRDA:844,43,0,0
BRDA:844,43,1,0
BRDA:852,44,0,0
BRDA:852,44,1,0
BRDA:852,44,2,0
BRDA:852,44,3,0
BRDA:856,45,0,0
BRDA:856,45,1,0
BRDA:898,46,0,0
BRDA:921,47,0,0
BRDA:921,47,1,0
BRDA:964,48,0,0
BRDA:974,49,0,0
BRDA:974,49,1,0
BRDA:999,50,0,0
BRDA:999,50,1,0
BRDA:1039,51,0,0
BRDA:1040,52,0,0
BRDA:1040,52,1,0
BRDA:1040,53,0,0
BRDA:1040,53,1,0
BRDA:1073,54,0,0
BRDA:1073,54,1,0
BRDA:1093,55,0,0
BRDA:1093,55,1,0
BRDA:1159,56,0,0
BRDA:1159,57,0,0
BRDA:1160,58,0,0
BRDA:1160,58,1,0
BRDA:1171,59,0,0
BRDA:1171,59,1,0
BRDA:1173,60,0,0
BRDA:1173,60,1,0
BRDA:1222,61,0,0
BRDA:1225,62,0,0
BRDA:1225,62,1,0
BRDA:1227,63,0,0
BRDA:1227,63,1,0
BRDA:1271,64,0,0
BRDA:1290,65,0,0
BRDA:1291,66,0,0
BRDA:1291,66,1,0
BRDA:1296,67,0,0
BRDA:1296,67,1,0
BRDA:1297,68,0,0
BRDA:1297,68,1,0
BRDA:1352,69,0,0
BRDA:1352,69,1,0
BRDA:1407,70,0,0
BRDA:1407,71,0,0
BRDA:1432,72,0,0
BRDA:1432,73,0,0
BRDA:1457,74,0,0
BRDA:1482,75,0,0
BRDA:1482,75,1,0
BRDA:1607,76,0,0
BRDA:1608,77,0,0
BRDA:1608,77,1,0
BRDA:1635,78,0,0
BRDA:1635,78,1,0
BRDA:1662,79,0,0
BRDA:1663,80,0,0
BRDA:1663,80,1,0
BRDA:1675,81,0,0
BRDA:1675,81,1,0
BRDA:1675,82,0,0
BRDA:1675,82,1,0
BRDA:1694,83,0,0
BRDA:1696,84,0,0
BRDA:1696,84,1,0
BRDA:1696,84,2,0
BRDA:1698,85,0,0
BRDA:1698,85,1,0
BRDA:1701,86,0,0
BRDA:1701,86,1,0
BRDA:1712,87,0,0
BRDA:1712,87,1,0
BRDA:1744,88,0,0
BRDA:1744,88,1,0
BRDA:1802,89,0,0
BRDA:1802,90,0,0
BRDA:1802,91,0,0
BRDA:1826,92,0,0
BRDA:1826,93,0,0
BRDA:1826,94,0,0
BRDA:1848,95,0,0
BRDA:1848,96,0,0
BRDA:1848,97,0,0
BRDA:1853,98,0,0
BRDA:1853,98,1,0
BRDA:1856,99,0,0
BRDA:1856,99,1,0
BRDA:1856,100,0,0
BRDA:1856,100,1,0
BRDA:1857,101,0,0
BRDA:1857,101,1,0
BRDA:1859,102,0,0
BRDA:1859,102,1,0
BRDA:1861,103,0,0
BRDA:1861,103,1,0
BRDA:1863,104,0,0
BRDA:1863,104,1,0
BRDA:1868,105,0,0
BRDA:1868,105,1,0
BRDA:1871,106,0,0
BRDA:1871,106,1,0
BRDA:1874,107,0,0
BRDA:1874,107,1,0
BRDA:1874,108,0,0
BRDA:1874,108,1,0
BRDA:1878,109,0,0
BRDA:1878,109,1,0
BRDA:1880,110,0,0
BRDA:1880,110,1,0
BRDA:1882,111,0,0
BRDA:1882,111,1,0
BRDA:1907,112,0,0
BRDA:1907,113,0,0
BRDA:1908,114,0,0
BRDA:1908,114,1,0
BRDA:1973,115,0,0
BRDA:1973,115,1,0
BRDA:1983,116,0,0
BRDA:1983,116,1,0
BRDA:2003,117,0,0
BRDA:2003,117,1,0
BRDA:2123,118,0,0
BRDA:2123,118,1,0
BRDA:2147,119,0,0
BRDA:2188,120,0,0
BRDA:2209,121,0,0
BRDA:2230,122,0,0
BRDA:2275,123,0,0
BRDA:2275,123,1,0
BRDA:2288,124,0,0
BRDA:2306,125,0,0
BRDA:2306,125,1,0
BRDA:2306,126,0,0
BRDA:2306,126,1,0
BRDA:2319,127,0,0
BRDA:2319,127,1,0
BRDA:2336,128,0,0
BRDA:2336,129,0,0
BRDA:2373,130,0,0
BRDA:2373,131,0,0
BRDA:2376,132,0,0
BRDA:2376,132,1,0
BRDA:2377,133,0,0
BRDA:2377,133,1,0
BRDA:2383,134,0,0
BRDA:2383,134,1,0
BRDA:2388,135,0,0
BRDA:2388,135,1,0
BRDA:2392,136,0,0
BRDA:2392,136,1,0
BRDA:2396,137,0,0
BRDA:2396,137,1,0
BRDA:2461,138,0,0
BRDA:2461,138,1,0
BRDA:2464,139,0,0
BRDA:2464,139,1,0
BRDA:2480,140,0,0
BRDA:2480,140,1,0
BRDA:2481,141,0,0
BRDA:2481,141,1,0
BRDA:2487,142,0,0
BRDA:2487,142,1,0
BRDA:2503,143,0,0
BRDA:2503,143,1,0
BRF:244
BRH:7
end_of_record
TN:
SF:/Users/ktalmadge/dev/elv-client-js/src/ElvWallet.js
FN:13,(anonymous_0)
FN:23,(anonymous_1)
FN:36,(anonymous_2)
FN:55,(anonymous_3)
FN:77,(anonymous_4)
FN:100,(anonymous_5)
FN:124,(anonymous_6)
FN:142,(anonymous_7)
FN:152,(anonymous_8)
FNF:9
FNH:0
FNDA:0,(anonymous_0)
FNDA:0,(anonymous_1)
FNDA:0,(anonymous_2)
FNDA:0,(anonymous_3)
FNDA:0,(anonymous_4)
FNDA:0,(anonymous_5)
FNDA:0,(anonymous_6)
FNDA:0,(anonymous_7)
FNDA:0,(anonymous_8)
DA:1,1
DA:14,0
DA:15,0
DA:24,0
DA:37,0
DA:39,0
DA:56,0
DA:57,0
DA:60,0
DA:62,0
DA:78,0
DA:79,0
DA:81,0
DA:82,0
DA:85,0
DA:101,0
DA:103,0
DA:104,0
DA:107,0
DA:125,0
DA:127,0
DA:128,0
DA:131,0
DA:143,0
DA:153,0
DA:157,1
LF:26
LH:2
BRDA:56,0,0,0
BRDA:56,0,1,0
BRDA:81,1,0,0
BRDA:81,1,1,0
BRDA:101,2,0,0
BRDA:101,2,1,0
BRDA:103,3,0,0
BRDA:103,3,1,0
BRDA:125,4,0,0
BRDA:125,4,1,0
BRDA:127,5,0,0
BRDA:127,5,1,0
BRF:12
BRH:0
end_of_record
TN:
SF:/Users/ktalmadge/dev/elv-client-js/src/EthClient.js
FN:16,(anonymous_0)
FN:22,(anonymous_1)
FN:28,(anonymous_2)
FN:32,(anonymous_3)
FN:44,(anonymous_4)
FN:45,(anonymous_5)
FN:53,(anonymous_6)
FN:57,(anonymous_7)
FN:68,(anonymous_8)
FN:89,(anonymous_9)
FN:135,(anonymous_10)
FN:157,(anonymous_11)
FN:158,(anonymous_12)
FN:167,(anonymous_13)
FN:177,(anonymous_14)
FN:190,(anonymous_15)
FN:213,(anonymous_16)
FN:222,(anonymous_17)
FN:234,(anonymous_18)
FN:246,(anonymous_19)
FN:258,(anonymous_20)
FN:273,(anonymous_21)
FN:283,(anonymous_22)
FN:302,(anonymous_23)
FN:310,(anonymous_24)
FN:319,(anonymous_25)
FN:337,(anonymous_26)
FN:341,(anonymous_27)
FN:362,(anonymous_28)
FN:367,(anonymous_29)
FN:378,(anonymous_30)
FN:394,(anonymous_31)
FNF:32
FNH:1
FNDA:1,(anonymous_0)
FNDA:0,(anonymous_1)
FNDA:0,(anonymous_2)
FNDA:0,(anonymous_3)
FNDA:0,(anonymous_4)
FNDA:0,(anonymous_5)
FNDA:0,(anonymous_6)
FNDA:0,(anonymous_7)
FNDA:0,(anonymous_8)
FNDA:0,(anonymous_9)
FNDA:0,(anonymous_10)
FNDA:0,(anonymous_11)
FNDA:0,(anonymous_12)
FNDA:0,(anonymous_13)
FNDA:0,(anonymous_14)
FNDA:0,(anonymous_15)
FNDA:0,(anonymous_16)
FNDA:0,(anonymous_17)
FNDA:0,(anonymous_18)
FNDA:0,(anonymous_19)
FNDA:0,(anonymous_20)
FNDA:0,(anonymous_21)
FNDA:0,(anonymous_22)
FNDA:0,(anonymous_23)
FNDA:0,(anonymous_24)
FNDA:0,(anonymous_25)
FNDA:0,(anonymous_26)
FNDA:0,(anonymous_27)
FNDA:0,(anonymous_28)
FNDA:0,(anonymous_29)
FNDA:0,(anonymous_30)
FNDA:0,(anonymous_31)
DA:3,1
DA:4,1
DA:7,1
DA:8,1
DA:9,1
DA:11,1
DA:13,1
DA:17,1
DA:24,0
DA:25,0
DA:26,0
DA:28,0
DA:31,0
DA:32,0
DA:35,0
DA:37,0
DA:39,0
DA:45,0
DA:47,0
DA:50,0
DA:53,0
DA:58,0
DA:59,0
DA:62,0
DA:63,0
DA:75,0
DA:77,0
DA:79,0
DA:80,0
DA:82,0
DA:99,0
DA:101,0
DA:104,0
DA:106,0
DA:107,0
DA:108,0
DA:111,0
DA:112,0
DA:116,0
DA:117,0
DA:118,0
DA:119,0
DA:120,0
DA:122,0
DA:123,0
DA:124,0
DA:125,0
DA:127,0
DA:132,0
DA:143,0
DA:144,0
DA:147,0
DA:157,0
DA:158,0
DA:159,0
DA:164,0
DA:167,0
DA:168,0
DA:174,0
DA:178,0
DA:180,0
DA:181,0
DA:182,0
DA:183,0
DA:187,0
DA:199,0
DA:200,0
DA:202,0
DA:203,0
DA:205,0
DA:214,0
DA:223,0
DA:235,0
DA:247,0
DA:260,0
DA:262,0
DA:274,0
DA:284,0
DA:292,0
DA:303,0
DA:311,0
DA:317,0
DA:318,0
DA:320,0
DA:321,0
DA:326,0
DA:327,0
DA:333,0
DA:337,0
DA:342,0
DA:343,0
DA:344,0
DA:345,0
DA:346,0
DA:347,0
DA:348,0
DA:357,0
DA:363,0
DA:366,0
DA:367,0
DA:368,0
DA:372,0
DA:373,0
DA:374,0
DA:376,0
DA:377,0
DA:378,0
DA:379,0
DA:387,0
DA:390,0
DA:391,0
DA:393,0
DA:395,0
DA:396,0
DA:398,0
DA:406,0
DA:409,0
DA:413,1
LF:118
LH:9
BRDA:24,0,0,0
BRDA:24,0,1,0
BRDA:25,1,0,0
BRDA:25,1,1,0
BRDA:26,2,0,0
BRDA:26,2,1,0
BRDA:35,3,0,0
BRDA:35,3,1,0
BRDA:47,4,0,0
BRDA:47,4,1,0
BRDA:50,5,0,0
BRDA:50,5,1,0
BRDA:58,6,0,0
BRDA:58,6,1,0
BRDA:62,7,0,0
BRDA:62,7,1,0
BRDA:71,8,0,0
BRDA:72,9,0,0
BRDA:94,10,0,0
BRDA:96,11,0,0
BRDA:99,12,0,0
BRDA:99,12,1,0
BRDA:106,13,0,0
BRDA:106,13,1,0
BRDA:111,14,0,0
BRDA:111,14,1,0
BRDA:122,15,0,0
BRDA:122,15,1,0
BRDA:122,16,0,0
BRDA:122,16,1,0
BRDA:125,17,0,0
BRDA:125,17,1,0
BRDA:182,18,0,0
BRDA:182,18,1,0
BRDA:182,19,0,0
BRDA:182,19,1,0
BRDA:194,20,0,0
BRDA:260,21,0,0
BRDA:260,21,1,0
BRDA:283,22,0,0
BRDA:310,23,0,0
BRDA:310,24,0,0
BRDA:326,25,0,0
BRDA:326,25,1,0
BRDA:333,26,0,0
BRDA:333,26,1,0
BRDA:337,27,0,0
BRDA:337,27,1,0
BRDA:342,28,0,0
BRDA:342,28,1,0
BRDA:342,29,0,0
BRDA:342,29,1,0
BRDA:345,30,0,0
BRDA:345,30,1,0
BRDA:347,31,0,0
BRDA:347,31,1,0
BRDA:362,32,0,0
BRDA:368,33,0,0
BRDA:368,33,1,0
BRDA:376,34,0,0
BRDA:376,34,1,0
BRDA:390,35,0,0
BRDA:390,35,1,0
BRDA:395,36,0,0
BRDA:395,36,1,0
BRF:65
BRH:0
end_of_record
TN:
SF:/Users/ktalmadge/dev/elv-client-js/src/FrameClient.js
FN:35,(anonymous_0)
FN:43,(anonymous_1)
FN:60,(anonymous_2)
FN:90,(anonymous_3)
FN:95,(anonymous_4)
FN:114,(anonymous_5)
FN:135,(anonymous_6)
FN:136,(anonymous_7)
FN:141,(anonymous_8)
FN:147,(anonymous_9)
FN:159,(anonymous_10)
FN:180,(anonymous_11)
FN:212,(anonymous_12)
FN:226,(anonymous_13)
FN:308,(anonymous_14)
FNF:15
FNH:3
FNDA:1,(anonymous_0)
FNDA:0,(anonymous_1)
FNDA:0,(anonymous_2)
FNDA:0,(anonymous_3)
FNDA:0,(anonymous_4)
FNDA:0,(anonymous_5)
FNDA:0,(anonymous_6)
FNDA:0,(anonymous_7)
FNDA:0,(anonymous_8)
FNDA:0,(anonymous_9)
FNDA:0,(anonymous_10)
FNDA:0,(anonymous_11)
FNDA:0,(anonymous_12)
FNDA:1,(anonymous_13)
FNDA:1,(anonymous_14)
DA:1,1
DA:2,1
DA:36,1
DA:37,1
DA:39,1
DA:42,1
DA:43,77
DA:44,0
DA:45,0
DA:47,0
DA:57,1
DA:59,1
DA:60,14
DA:61,0
DA:62,0
DA:65,0
DA:66,0
DA:68,0
DA:92,0
DA:94,0
DA:95,0
DA:102,0
DA:104,0
DA:107,0
DA:115,0
DA:118,0
DA:120,0
DA:128,0
DA:129,0
DA:130,0
DA:131,0
DA:136,0
DA:141,0
DA:142,0
DA:143,0
DA:146,0
DA:147,0
DA:148,0
DA:150,0
DA:151,0
DA:158,0
DA:159,0
DA:160,0
DA:161,0
DA:163,0
DA:165,0
DA:166,0
DA:169,0
DA:172,0
DA:176,0
DA:180,0
DA:181,0
DA:182,0
DA:184,0
DA:185,0
DA:188,0
DA:189,0
DA:191,0
DA:194,0
DA:195,0
DA:197,0
DA:199,0
DA:200,0
DA:205,0
DA:207,0
DA:213,0
DA:227,1
DA:309,1
DA:328,1
LF:69
LH:13
BRDA:35,0,0,1
BRDA:35,1,0,1
BRDA:35,2,0,1
BRDA:44,3,0,0
BRDA:44,3,1,0
BRDA:45,4,0,0
BRDA:45,4,1,0
BRDA:61,5,0,0
BRDA:61,5,1,0
BRDA:61,6,0,0
BRDA:61,6,1,0
BRDA:65,7,0,0
BRDA:65,7,1,0
BRDA:66,8,0,0
BRDA:66,8,1,0
BRDA:94,9,0,0
BRDA:94,9,1,0
BRDA:114,10,0,0
BRDA:114,11,0,0
BRDA:118,12,0,0
BRDA:118,12,1,0
BRDA:128,13,0,0
BRDA:128,13,1,0
BRDA:129,14,0,0
BRDA:129,14,1,0
BRDA:130,15,0,0
BRDA:130,15,1,0
BRDA:142,16,0,0
BRDA:142,16,1,0
BRDA:146,17,0,0
BRDA:146,17,1,0
BRDA:151,18,0,0
BRDA:151,18,1,0
BRDA:158,19,0,0
BRDA:158,19,1,0
BRDA:165,20,0,0
BRDA:165,20,1,0
BRDA:165,21,0,0
BRDA:165,21,1,0
BRDA:184,22,0,0
BRDA:184,22,1,0
BRDA:184,23,0,0
BRDA:184,23,1,0
BRDA:188,24,0,0
BRDA:188,24,1,0
BRDA:195,25,0,0
BRDA:195,25,1,0
BRDA:200,26,0,0
BRDA:200,26,1,0
BRF:49
BRH:3
end_of_record
TN:
SF:/Users/ktalmadge/dev/elv-client-js/src/HttpClient.js
FN:1,(anonymous_0)
FN:10,(anonymous_1)
FN:14,(anonymous_2)
FN:25,(anonymous_3)
FN:48,(anonymous_4)
FN:59,(anonymous_5)
FNF:6
FNH:1
FNDA:0,(anonymous_0)
FNDA:1,(anonymous_1)
FNDA:0,(anonymous_2)
FNDA:0,(anonymous_3)
FNDA:0,(anonymous_4)
FNDA:0,(anonymous_5)
DA:1,1
DA:2,0
DA:3,0
DA:5,0
DA:11,1
DA:15,0
DA:16,0
DA:17,0
DA:19,0
DA:22,0
DA:26,0
DA:31,0
DA:36,0
DA:37,0
DA:38,0
DA:40,0
DA:44,0
DA:49,0
DA:60,0
DA:69,1
LF:20
LH:3
BRDA:1,0,0,0
BRDA:2,1,0,0
BRDA:2,1,1,0
BRDA:14,2,0,0
BRDA:16,3,0,0
BRDA:16,3,1,0
BRDA:25,4,0,0
BRDA:25,5,0,0
BRDA:25,6,0,0
BRDA:25,7,0,0
BRDA:36,8,0,0
BRDA:36,8,1,0
BRDA:36,9,0,0
BRDA:36,9,1,0
BRDA:37,10,0,0
BRDA:37,10,1,0
BRDA:59,11,0,0
BRF:17
BRH:0
end_of_record
TN:
SF:/Users/ktalmadge/dev/elv-client-js/src/Id.js
FN:6,(anonymous_0)
FNF:1
FNH:0
FNDA:0,(anonymous_0)
DA:3,1
DA:7,0
DA:8,0
DA:12,1
LF:4
LH:2
BRF:0
BRH:0
end_of_record
TN:
SF:/Users/ktalmadge/dev/elv-client-js/src/UserProfileClient.js
FN:4,(anonymous_0)
FN:63,(anonymous_1)
FN:77,(anonymous_2)
FN:105,(anonymous_3)
FN:115,(anonymous_4)
FN:119,(anonymous_5)
FN:131,(anonymous_6)
FN:143,(anonymous_7)
FN:159,(anonymous_8)
FN:179,(anonymous_9)
FN:200,(anonymous_10)
FN:219,(anonymous_11)
FN:239,(anonymous_12)
FN:255,(anonymous_13)
FN:274,(anonymous_14)
FN:292,(anonymous_15)
FN:307,(anonymous_16)
FN:333,(anonymous_17)
FN:338,(anonymous_18)
FN:347,(anonymous_19)
FN:383,(anonymous_20)
FN:435,(anonymous_21)
FN:438,(anonymous_22)
FN:441,(anonymous_23)
FN:455,(anonymous_24)
FN:463,(anonymous_25)
FN:472,(anonymous_26)
FN:484,(anonymous_27)
FNF:28
FNH:1
FNDA:0,(anonymous_0)
FNDA:1,(anonymous_1)
FNDA:0,(anonymous_2)
FNDA:0,(anonymous_3)
FNDA:0,(anonymous_4)
FNDA:0,(anonymous_5)
FNDA:0,(anonymous_6)
FNDA:0,(anonymous_7)
FNDA:0,(anonymous_8)
FNDA:0,(anonymous_9)
FNDA:0,(anonymous_10)
FNDA:0,(anonymous_11)
FNDA:0,(anonymous_12)
FNDA:0,(anonymous_13)
FNDA:0,(anonymous_14)
FNDA:0,(anonymous_15)
FNDA:0,(anonymous_16)
FNDA:0,(anonymous_17)
FNDA:0,(anonymous_18)
FNDA:0,(anonymous_19)
FNDA:0,(anonymous_20)
FNDA:0,(anonymous_21)
FNDA:0,(anonymous_22)
FNDA:0,(anonymous_23)
FNDA:0,(anonymous_24)
FNDA:0,(anonymous_25)
FNDA:0,(anonymous_26)
FNDA:0,(anonymous_27)
DA:1,1
DA:2,1
DA:4,1
DA:5,0
DA:7,0
DA:8,0
DA:13,0
DA:16,0
DA:64,1
DA:78,0
DA:79,0
DA:83,0
DA:89,0
DA:96,0
DA:97,0
DA:98,0
DA:101,0
DA:106,0
DA:107,0
DA:108,0
DA:116,0
DA:118,0
DA:119,0
DA:132,0
DA:144,0
DA:146,0
DA:160,0
DA:161,0
DA:164,0
DA:167,0
DA:168,0
DA:170,0
DA:180,0
DA:182,0
DA:184,0
DA:187,0
DA:188,0
DA:201,0
DA:203,0
DA:204,0
DA:206,0
DA:207,0
DA:220,0
DA:222,0
DA:224,0
DA:240,0
DA:241,0
DA:243,0
DA:245,0
DA:256,0
DA:257,0
DA:259,0
DA:261,0
DA:263,0
DA:264,0
DA:275,0
DA:276,0
DA:278,0
DA:280,0
DA:282,0
DA:283,0
DA:293,0
DA:294,0
DA:296,0
DA:298,0
DA:300,0
DA:301,0
DA:308,0
DA:309,0
DA:312,0
DA:313,0
DA:315,0
DA:334,0
DA:339,0
DA:340,0
DA:343,0
DA:348,0
DA:350,0
DA:351,0
DA:355,0
DA:356,0
DA:358,0
DA:359,0
DA:362,0
DA:363,0
DA:371,0
DA:379,0
DA:380,0
DA:381,0
DA:383,0
DA:384,0
DA:386,0
DA:387,0
DA:390,0
DA:398,0
DA:407,0
DA:436,0
DA:438,0
DA:439,0
DA:441,0
DA:442,0
DA:443,0
DA:444,0
DA:446,0
DA:454,0
DA:455,0
DA:456,0
DA:459,0
DA:464,0
DA:473,0
DA:483,0
DA:484,0
DA:488,1
LF:113
LH:5
BRDA:7,0,0,0
BRDA:7,0,1,0
BRDA:77,1,0,0
BRDA:77,2,0,0
BRDA:77,3,0,0
BRDA:78,4,0,0
BRDA:78,4,1,0
BRDA:96,5,0,0
BRDA:96,5,1,0
BRDA:106,6,0,0
BRDA:106,6,1,0
BRDA:107,7,0,0
BRDA:107,7,1,0
BRDA:132,8,0,0
BRDA:132,8,1,0
BRDA:144,9,0,0
BRDA:144,9,1,0
BRDA:164,10,0,0
BRDA:164,10,1,0
BRDA:168,11,0,0
BRDA:168,11,1,0
BRDA:200,12,0,0
BRDA:206,13,0,0
BRDA:206,13,1,0
BRDA:219,14,0,0
BRDA:219,15,0,0
BRDA:239,16,0,0
BRDA:239,17,0,0
BRDA:255,18,0,0
BRDA:255,19,0,0
BRDA:274,20,0,0
BRDA:274,21,0,0
BRDA:292,22,0,0
BRDA:308,23,0,0
BRDA:308,23,1,0
BRDA:334,24,0,0
BRDA:334,24,1,0
BRDA:350,25,0,0
BRDA:350,25,1,0
BRDA:356,26,0,0
BRDA:356,26,1,0
BRDA:379,27,0,0
BRDA:379,27,1,0
BRDA:379,28,0,0
BRDA:379,28,1,0
BRDA:384,29,0,0
BRDA:384,29,1,0
BRDA:442,30,0,0
BRDA:442,30,1,0
BRF:49
BRH:0
end_of_record
TN:
SF:/Users/ktalmadge/dev/elv-client-js/src/Utils.js
FN:27,(anonymous_0)
FN:41,(anonymous_1)
FN:52,(anonymous_2)
FN:66,(anonymous_3)
FN:78,(anonymous_4)
FN:89,(anonymous_5)
FN:100,(anonymous_6)
FN:111,(anonymous_7)
FN:125,(anonymous_8)
FN:140,(anonymous_9)
FN:141,(anonymous_10)
FN:148,(anonymous_11)
FN:154,(anonymous_12)
FN:164,(anonymous_13)
FN:184,(anonymous_14)
FN:207,(anonymous_15)
FN:233,(anonymous_16)
FN:235,(anonymous_17)
FN:238,(anonymous_18)
FN:250,(anonymous_19)
FNF:20
FNH:17
FNDA:1,(anonymous_0)
FNDA:1,(anonymous_1)
FNDA:0,(anonymous_2)
FNDA:7,(anonymous_3)
FNDA:2,(anonymous_4)
FNDA:3,(anonymous_5)
FNDA:2,(anonymous_6)
FNDA:23,(anonymous_7)
FNDA:7,(anonymous_8)
FNDA:1,(anonymous_9)
FNDA:12,(anonymous_10)
FNDA:0,(anonymous_11)
FNDA:2,(anonymous_12)
FNDA:36,(anonymous_13)
FNDA:16,(anonymous_14)
FNDA:41,(anonymous_15)
FNDA:0,(anonymous_16)
FNDA:8,(anonymous_17)
FNDA:7,(anonymous_18)
FNDA:24,(anonymous_19)
DA:1,1
DA:2,1
DA:12,1
DA:28,1
DA:29,1
DA:42,1
DA:53,0
DA:55,0
DA:56,0
DA:67,7
DA:68,7
DA:79,2
DA:90,3
DA:101,2
DA:112,23
DA:113,23
DA:126,7
DA:127,0
DA:130,7
DA:141,1
DA:142,12
DA:145,1
DA:150,0
DA:151,0
DA:155,2
DA:165,36
DA:167,23
DA:170,13
DA:181,2
DA:184,16
DA:186,2
DA:189,1
DA:191,1
DA:208,41
DA:210,20
DA:213,21
DA:214,1
DA:217,20
DA:220,3
DA:231,4
DA:233,0
DA:235,8
DA:237,2
DA:238,2
DA:239,7
DA:241,7
DA:242,6
DA:245,2
DA:247,1
DA:249,8
DA:250,8
DA:251,24
DA:253,24
DA:254,22
DA:257,8
DA:259,0
DA:264,1
LF:57
LH:49
BRDA:53,0,0,0
BRDA:53,0,1,0
BRDA:53,1,0,0
BRDA:53,1,1,0
BRDA:55,2,0,0
BRDA:55,2,1,0
BRDA:126,3,0,0
BRDA:126,3,1,7
BRDA:126,4,0,7
BRDA:126,4,1,7
BRDA:165,5,0,23
BRDA:165,5,1,13
BRDA:170,6,0,0
BRDA:170,6,1,0
BRDA:170,6,2,0
BRDA:170,6,3,0
BRDA:170,6,4,0
BRDA:170,6,5,1
BRDA:170,6,6,1
BRDA:170,6,7,1
BRDA:170,6,8,1
BRDA:170,6,9,2
BRDA:170,6,10,0
BRDA:170,6,11,7
BRDA:170,6,12,2
BRDA:170,6,13,1
BRDA:170,6,14,1
BRDA:186,7,0,2
BRDA:186,7,1,2
BRDA:208,8,0,20
BRDA:208,8,1,21
BRDA:213,9,0,1
BRDA:213,9,1,20
BRDA:217,10,0,1
BRDA:217,10,1,3
BRDA:217,10,2,0
BRDA:217,10,3,0
BRDA:217,10,4,0
BRDA:217,10,5,0
BRDA:217,10,6,0
BRDA:217,10,7,2
BRDA:217,10,8,2
BRDA:217,10,9,2
BRDA:217,10,10,2
BRDA:217,10,11,4
BRDA:217,10,12,0
BRDA:217,10,13,2
BRDA:217,10,14,2
BRDA:217,10,15,1
BRDA:217,10,16,8
BRDA:217,10,17,0
BRDA:241,11,0,6
BRDA:241,11,1,1
BRDA:253,12,0,22
BRDA:253,12,1,2
BRF:55
BRH:35
end_of_record
