TN:
SF:/Users/ktalmadge/dev/elv-client-js/src/AuthorizationClient.js
FN:10,(anonymous_0)
FN:19,(anonymous_1)
FN:42,(anonymous_2)
FN:57,(anonymous_3)
FN:85,(anonymous_4)
FN:98,(anonymous_5)
FN:128,(anonymous_6)
FN:224,(anonymous_7)
FN:240,(anonymous_8)
FN:244,(anonymous_9)
FN:250,(anonymous_10)
FN:252,(anonymous_11)
FN:272,(anonymous_12)
FN:297,(anonymous_13)
FN:337,(anonymous_14)
FN:348,(anonymous_15)
FN:361,(anonymous_16)
FN:374,(anonymous_17)
FN:387,(anonymous_18)
FN:402,(anonymous_19)
FNF:20
FNH:1
FNDA:0,(anonymous_0)
FNDA:4,(anonymous_1)
FNDA:0,(anonymous_2)
FNDA:0,(anonymous_3)
FNDA:0,(anonymous_4)
FNDA:0,(anonymous_5)
FNDA:0,(anonymous_6)
FNDA:0,(anonymous_7)
FNDA:0,(anonymous_8)
FNDA:0,(anonymous_9)
FNDA:0,(anonymous_10)
FNDA:0,(anonymous_11)
FNDA:0,(anonymous_12)
FNDA:0,(anonymous_13)
FNDA:0,(anonymous_14)
FNDA:0,(anonymous_15)
FNDA:0,(anonymous_16)
FNDA:0,(anonymous_17)
FNDA:0,(anonymous_18)
FNDA:0,(anonymous_19)
DA:1,1
DA:4,1
DA:5,1
DA:6,1
DA:7,1
DA:10,1
DA:11,0
DA:12,0
DA:15,0
DA:20,4
DA:21,4
DA:22,4
DA:23,4
DA:25,4
DA:27,4
DA:33,4
DA:39,4
DA:43,0
DA:53,0
DA:58,0
DA:60,0
DA:62,0
DA:63,0
DA:66,0
DA:75,0
DA:77,0
DA:80,0
DA:81,0
DA:86,0
DA:88,0
DA:95,0
DA:99,0
DA:100,0
DA:110,0
DA:111,0
DA:113,0
DA:116,0
DA:123,0
DA:124,0
DA:139,0
DA:141,0
DA:142,0
DA:143,0
DA:144,0
DA:147,0
DA:148,0
DA:150,0
DA:152,0
DA:153,0
DA:158,0
DA:159,0
DA:162,0
DA:163,0
DA:165,0
DA:166,0
DA:167,0
DA:168,0
DA:169,0
DA:171,0
DA:172,0
DA:173,0
DA:174,0
DA:175,0
DA:177,0
DA:178,0
DA:179,0
DA:180,0
DA:183,0
DA:184,0
DA:185,0
DA:186,0
DA:188,0
DA:190,0
DA:193,0
DA:204,0
DA:205,0
DA:209,0
DA:213,0
DA:214,0
DA:216,0
DA:220,0
DA:221,0
DA:224,0
DA:225,0
DA:226,0
DA:227,0
DA:233,0
DA:234,0
DA:237,0
DA:241,0
DA:245,0
DA:252,0
DA:254,0
DA:256,0
DA:263,0
DA:269,0
DA:273,0
DA:275,0
DA:277,0
DA:284,0
DA:291,0
DA:292,0
DA:294,0
DA:298,0
DA:301,0
DA:302,0
DA:304,0
DA:306,0
DA:309,0
DA:316,0
DA:324,0
DA:330,0
DA:331,0
DA:334,0
DA:338,0
DA:350,0
DA:355,0
DA:363,0
DA:368,0
DA:376,0
DA:381,0
DA:389,0
DA:395,0
DA:403,0
DA:404,0
DA:405,0
DA:406,0
DA:407,0
DA:408,0
DA:410,0
DA:416,0
DA:425,1
LF:132
LH:15
BRDA:11,0,0,0
BRDA:11,0,1,0
BRDA:19,1,0,0
BRDA:19,2,0,0
BRDA:42,3,0,0
BRDA:42,4,0,0
BRDA:42,5,0,0
BRDA:57,6,0,0
BRDA:57,7,0,0
BRDA:57,8,0,0
BRDA:62,9,0,0
BRDA:62,9,1,0
BRDA:62,10,0,0
BRDA:62,10,1,0
BRDA:86,11,0,0
BRDA:86,11,1,0
BRDA:98,12,0,0
BRDA:98,13,0,0
BRDA:99,14,0,0
BRDA:99,14,1,0
BRDA:99,15,0,0
BRDA:99,15,1,0
BRDA:99,15,2,0
BRDA:111,16,0,0
BRDA:111,16,1,0
BRDA:119,17,0,0
BRDA:119,17,1,0
BRDA:119,17,2,0
BRDA:132,18,0,0
BRDA:133,19,0,0
BRDA:134,20,0,0
BRDA:135,21,0,0
BRDA:136,22,0,0
BRDA:139,23,0,0
BRDA:139,23,1,0
BRDA:141,24,0,0
BRDA:141,24,1,0
BRDA:144,25,0,0
BRDA:144,25,1,0
BRDA:148,26,0,0
BRDA:148,26,1,0
BRDA:150,27,0,0
BRDA:150,27,1,0
BRDA:150,28,0,0
BRDA:150,28,1,0
BRDA:150,28,2,0
BRDA:158,29,0,0
BRDA:158,29,1,0
BRDA:163,30,0,0
BRDA:163,30,1,0
BRDA:163,31,0,0
BRDA:163,31,1,0
BRDA:163,31,2,0
BRDA:163,31,3,0
BRDA:163,31,4,0
BRDA:163,31,5,0
BRDA:169,32,0,0
BRDA:169,32,1,0
BRDA:175,33,0,0
BRDA:175,33,1,0
BRDA:175,34,0,0
BRDA:175,34,1,0
BRDA:188,35,0,0
BRDA:188,35,1,0
BRDA:188,36,0,0
BRDA:188,36,1,0
BRDA:204,37,0,0
BRDA:204,37,1,0
BRDA:204,38,0,0
BRDA:204,38,1,0
BRDA:205,39,0,0
BRDA:205,39,1,0
BRDA:209,40,0,0
BRDA:209,40,1,0
BRDA:213,41,0,0
BRDA:213,41,1,0
BRDA:220,42,0,0
BRDA:220,42,1,0
BRDA:225,43,0,0
BRDA:225,43,1,0
BRDA:225,44,0,0
BRDA:225,44,1,0
BRDA:233,45,0,0
BRDA:233,45,1,0
BRDA:233,46,0,0
BRDA:233,46,1,0
BRDA:252,47,0,0
BRDA:252,47,1,0
BRDA:254,48,0,0
BRDA:254,48,1,0
BRDA:275,49,0,0
BRDA:275,49,1,0
BRDA:297,50,0,0
BRDA:297,51,0,0
BRDA:302,52,0,0
BRDA:302,52,1,0
BRDA:302,53,0,0
BRDA:302,53,1,0
BRDA:330,54,0,0
BRDA:330,54,1,0
BRDA:330,55,0,0
BRDA:330,55,1,0
BRDA:391,56,0,0
BRDA:391,56,1,0
BRDA:403,57,0,0
BRDA:403,57,1,0
BRDA:406,58,0,0
BRDA:406,58,1,0
BRF:108
BRH:0
end_of_record
TN:
SF:/Users/ktalmadge/dev/elv-client-js/src/ContentObjectVerification.js
FN:10,(anonymous_0)
FN:18,(anonymous_1)
FN:34,(anonymous_2)
FN:63,(anonymous_3)
FN:90,(anonymous_4)
FN:93,(anonymous_5)
FN:101,(anonymous_6)
FN:102,fromBits
FN:114,toBits
FN:136,(anonymous_9)
FN:142,(anonymous_10)
FN:162,(anonymous_11)
FN:176,(anonymous_12)
FN:177,(anonymous_13)
FNF:14
FNH:0
FNDA:0,(anonymous_0)
FNDA:0,(anonymous_1)
FNDA:0,(anonymous_2)
FNDA:0,(anonymous_3)
FNDA:0,(anonymous_4)
FNDA:0,(anonymous_5)
FNDA:0,(anonymous_6)
FNDA:0,fromBits
FNDA:0,toBits
FNDA:0,(anonymous_9)
FNDA:0,(anonymous_10)
FNDA:0,(anonymous_11)
FNDA:0,(anonymous_12)
FNDA:0,(anonymous_13)
DA:3,1
DA:5,1
DA:6,1
DA:7,1
DA:9,1
DA:11,0
DA:15,0
DA:17,0
DA:18,0
DA:19,0
DA:21,0
DA:22,0
DA:24,0
DA:27,0
DA:29,0
DA:31,0
DA:32,0
DA:33,0
DA:34,0
DA:36,0
DA:38,0
DA:39,0
DA:41,0
DA:44,0
DA:46,0
DA:49,0
DA:55,0
DA:60,0
DA:61,0
DA:62,0
DA:63,0
DA:64,0
DA:66,0
DA:67,0
DA:69,0
DA:72,0
DA:74,0
DA:75,0
DA:79,0
DA:85,0
DA:91,0
DA:93,0
DA:94,0
DA:103,0
DA:104,0
DA:105,0
DA:106,0
DA:108,0
DA:109,0
DA:111,0
DA:115,0
DA:116,0
DA:117,0
DA:118,0
DA:119,0
DA:120,0
DA:123,0
DA:124,0
DA:126,0
DA:129,0
DA:130,0
DA:131,0
DA:133,0
DA:137,0
DA:138,0
DA:139,0
DA:143,0
DA:144,0
DA:145,0
DA:148,0
DA:150,0
DA:155,0
DA:163,0
DA:164,0
DA:166,0
DA:171,0
DA:172,0
DA:175,0
DA:176,0
DA:177,0
DA:179,0
DA:180,0
DA:181,0
DA:183,0
DA:191,0
DA:192,0
DA:193,0
DA:195,0
DA:196,0
DA:204,0
DA:205,0
DA:208,0
DA:212,1
LF:93
LH:6
BRDA:21,0,0,0
BRDA:21,0,1,0
BRDA:29,1,0,0
BRDA:29,1,1,0
BRDA:38,2,0,0
BRDA:38,2,1,0
BRDA:46,3,0,0
BRDA:46,3,1,0
BRDA:46,4,0,0
BRDA:46,4,1,0
BRDA:66,5,0,0
BRDA:66,5,1,0
BRDA:74,6,0,0
BRDA:74,6,1,0
BRDA:80,7,0,0
BRDA:80,7,1,0
BRDA:80,7,2,0
BRDA:80,7,3,0
BRDA:80,7,4,0
BRDA:91,8,0,0
BRDA:91,8,1,0
BRDA:105,9,0,0
BRDA:105,9,1,0
BRDA:118,10,0,0
BRDA:118,10,1,0
BRDA:123,11,0,0
BRDA:123,11,1,0
BRDA:144,12,0,0
BRDA:144,12,1,0
BRDA:163,13,0,0
BRDA:163,13,1,0
BRDA:164,14,0,0
BRDA:164,14,1,0
BRDA:195,15,0,0
BRDA:195,15,1,0
BRDA:204,16,0,0
BRDA:204,16,1,0
BRF:37
BRH:0
end_of_record
TN:
SF:/Users/ktalmadge/dev/elv-client-js/src/Crypto.js
FN:10,(anonymous_0)
FN:11,(anonymous_1)
FN:13,(anonymous_2)
FN:14,(anonymous_3)
FN:47,(anonymous_4)
FN:74,(anonymous_5)
FNF:6
FNH:2
FNDA:7,(anonymous_0)
FNDA:607,(anonymous_1)
FNDA:0,(anonymous_2)
FNDA:0,(anonymous_3)
FNDA:0,(anonymous_4)
FNDA:0,(anonymous_5)
DA:2,1
DA:4,0
DA:7,1
DA:10,1
DA:11,607
DA:13,1
DA:14,0
DA:16,1
DA:38,1
DA:48,0
DA:50,0
DA:56,0
DA:58,0
DA:59,0
DA:61,0
DA:63,0
DA:75,0
DA:77,0
DA:83,0
DA:84,0
DA:90,0
DA:92,0
DA:94,0
DA:98,1
LF:24
LH:8
BRDA:2,0,0,0
BRDA:2,0,1,1
BRF:2
BRH:1
end_of_record
TN:
SF:/Users/ktalmadge/dev/elv-client-js/src/ElvClient.js
FN:24,(anonymous_0)
FN:39,(anonymous_1)
FN:43,(anonymous_2)
FN:80,(anonymous_3)
FN:106,(anonymous_4)
FN:131,(anonymous_5)
FN:152,(anonymous_6)
FN:159,(anonymous_7)
FN:173,(anonymous_8)
FN:183,(anonymous_9)
FN:199,(anonymous_10)
FN:208,(anonymous_11)
FN:236,(anonymous_12)
FN:259,(anonymous_13)
FN:282,(anonymous_14)
FN:297,(anonymous_15)
FN:319,(anonymous_16)
FN:344,(anonymous_17)
FN:374,(anonymous_18)
FN:448,(anonymous_19)
FN:466,(anonymous_20)
FN:510,(anonymous_21)
FN:543,(anonymous_22)
FN:573,(anonymous_23)
FN:595,(anonymous_24)
FN:651,(anonymous_25)
FN:682,(anonymous_26)
FN:714,(anonymous_27)
FN:728,(anonymous_28)
FN:744,(anonymous_29)
FN:768,(anonymous_30)
FN:784,(anonymous_31)
FN:797,(anonymous_32)
FN:821,(anonymous_33)
FN:851,(anonymous_34)
FN:872,(anonymous_35)
FN:898,(anonymous_36)
FN:964,(anonymous_37)
FN:1039,(anonymous_38)
FN:1055,(anonymous_39)
FN:1067,(anonymous_40)
FN:1070,(anonymous_41)
FN:1092,(anonymous_42)
FN:1116,(anonymous_43)
FN:1135,(anonymous_44)
FN:1159,(anonymous_45)
FN:1190,(anonymous_46)
FN:1222,(anonymous_47)
FN:1271,(anonymous_48)
FN:1290,(anonymous_49)
FN:1329,(anonymous_50)
FN:1351,(anonymous_51)
FN:1372,(anonymous_52)
FN:1407,(anonymous_53)
FN:1432,(anonymous_54)
FN:1457,(anonymous_55)
FN:1481,(anonymous_56)
FN:1548,(anonymous_57)
FN:1551,(anonymous_58)
FN:1563,(anonymous_59)
FN:1580,(anonymous_60)
FN:1593,(anonymous_61)
FN:1610,(anonymous_62)
FN:1622,(anonymous_63)
FN:1648,(anonymous_64)
FN:1675,(anonymous_65)
FN:1703,(anonymous_66)
FN:1735,(anonymous_67)
FN:1811,(anonymous_68)
FN:1843,(anonymous_69)
FN:1867,(anonymous_70)
FN:1903,(anonymous_71)
FN:1962,(anonymous_72)
FN:1985,(anonymous_73)
FN:1999,(anonymous_74)
FN:2017,(anonymous_75)
FN:2026,(anonymous_76)
FN:2077,(anonymous_77)
FN:2096,(anonymous_78)
FN:2115,(anonymous_79)
FN:2134,(anonymous_80)
FN:2155,(anonymous_81)
FN:2177,(anonymous_82)
FN:2202,(anonymous_83)
FN:2227,(anonymous_84)
FN:2243,(anonymous_85)
FN:2264,(anonymous_86)
FN:2285,(anonymous_87)
FN:2311,(anonymous_88)
FN:2328,(anonymous_89)
FN:2343,(anonymous_90)
FN:2357,(anonymous_91)
FN:2391,(anonymous_92)
FN:2403,(anonymous_93)
FN:2428,(anonymous_94)
FN:2471,(anonymous_95)
FN:2485,(anonymous_96)
FN:2497,(anonymous_97)
FN:2511,(anonymous_98)
FN:2515,(anonymous_99)
FN:2520,(anonymous_100)
FNF:101
FNH:6
FNDA:0,(anonymous_0)
FNDA:0,(anonymous_1)
FNDA:0,(anonymous_2)
FNDA:1,(anonymous_3)
FNDA:4,(anonymous_4)
FNDA:1,(anonymous_5)
FNDA:2,(anonymous_6)
FNDA:0,(anonymous_7)
FNDA:0,(anonymous_8)
FNDA:3,(anonymous_9)
FNDA:0,(anonymous_10)
FNDA:0,(anonymous_11)
FNDA:0,(anonymous_12)
FNDA:0,(anonymous_13)
FNDA:0,(anonymous_14)
FNDA:0,(anonymous_15)
FNDA:0,(anonymous_16)
FNDA:0,(anonymous_17)
FNDA:0,(anonymous_18)
FNDA:0,(anonymous_19)
FNDA:0,(anonymous_20)
FNDA:0,(anonymous_21)
FNDA:0,(anonymous_22)
FNDA:0,(anonymous_23)
FNDA:0,(anonymous_24)
FNDA:0,(anonymous_25)
FNDA:0,(anonymous_26)
FNDA:0,(anonymous_27)
FNDA:0,(anonymous_28)
FNDA:0,(anonymous_29)
FNDA:0,(anonymous_30)
FNDA:0,(anonymous_31)
FNDA:0,(anonymous_32)
FNDA:0,(anonymous_33)
FNDA:0,(anonymous_34)
FNDA:0,(anonymous_35)
FNDA:0,(anonymous_36)
FNDA:0,(anonymous_37)
FNDA:0,(anonymous_38)
FNDA:0,(anonymous_39)
FNDA:0,(anonymous_40)
FNDA:0,(anonymous_41)
FNDA:0,(anonymous_42)
FNDA:0,(anonymous_43)
FNDA:0,(anonymous_44)
FNDA:0,(anonymous_45)
FNDA:0,(anonymous_46)
FNDA:0,(anonymous_47)
FNDA:0,(anonymous_48)
FNDA:0,(anonymous_49)
FNDA:0,(anonymous_50)
FNDA:0,(anonymous_51)
FNDA:0,(anonymous_52)
FNDA:0,(anonymous_53)
FNDA:0,(anonymous_54)
FNDA:0,(anonymous_55)
FNDA:0,(anonymous_56)
FNDA:0,(anonymous_57)
FNDA:0,(anonymous_58)
FNDA:0,(anonymous_59)
FNDA:0,(anonymous_60)
FNDA:0,(anonymous_61)
FNDA:0,(anonymous_62)
FNDA:0,(anonymous_63)
FNDA:0,(anonymous_64)
FNDA:0,(anonymous_65)
FNDA:0,(anonymous_66)
FNDA:0,(anonymous_67)
FNDA:0,(anonymous_68)
FNDA:0,(anonymous_69)
FNDA:0,(anonymous_70)
FNDA:0,(anonymous_71)
FNDA:0,(anonymous_72)
FNDA:0,(anonymous_73)
FNDA:0,(anonymous_74)
FNDA:0,(anonymous_75)
FNDA:0,(anonymous_76)
FNDA:0,(anonymous_77)
FNDA:0,(anonymous_78)
FNDA:0,(anonymous_79)
FNDA:0,(anonymous_80)
FNDA:0,(anonymous_81)
FNDA:0,(anonymous_82)
FNDA:0,(anonymous_83)
FNDA:0,(anonymous_84)
FNDA:0,(anonymous_85)
FNDA:0,(anonymous_86)
FNDA:0,(anonymous_87)
FNDA:0,(anonymous_88)
FNDA:0,(anonymous_89)
FNDA:0,(anonymous_90)
FNDA:0,(anonymous_91)
FNDA:0,(anonymous_92)
FNDA:0,(anonymous_93)
FNDA:0,(anonymous_94)
FNDA:2,(anonymous_95)
FNDA:0,(anonymous_96)
FNDA:0,(anonymous_97)
FNDA:0,(anonymous_98)
FNDA:0,(anonymous_99)
FNDA:0,(anonymous_100)
DA:1,1
DA:2,1
DA:3,1
DA:5,1
DA:6,1
DA:7,1
DA:8,1
DA:9,1
DA:10,1
DA:11,1
DA:12,1
DA:14,1
DA:15,1
DA:16,1
DA:17,1
DA:19,1
DA:21,1
DA:24,1
DA:25,0
DA:27,0
DA:28,0
DA:33,0
DA:36,0
DA:39,1
DA:40,0
DA:43,1
DA:44,0
DA:46,0
DA:48,0
DA:50,0
DA:52,0
DA:54,0
DA:56,0
DA:58,0
DA:81,1
DA:83,1
DA:88,1
DA:90,1
DA:98,1
DA:99,1
DA:101,1
DA:103,1
DA:107,4
DA:109,4
DA:111,4
DA:132,1
DA:153,2
DA:160,0
DA:162,0
DA:174,0
DA:184,3
DA:185,3
DA:187,3
DA:200,0
DA:209,0
DA:237,0
DA:260,0
DA:267,0
DA:268,0
DA:283,0
DA:285,0
DA:298,0
DA:300,0
DA:320,0
DA:322,0
DA:330,0
DA:345,0
DA:383,0
DA:384,0
DA:386,0
DA:388,0
DA:394,0
DA:395,0
DA:398,0
DA:401,0
DA:414,0
DA:416,0
DA:424,0
DA:431,0
DA:432,0
DA:438,0
DA:449,0
DA:451,0
DA:467,0
DA:472,0
DA:480,0
DA:485,0
DA:495,0
DA:511,0
DA:513,0
DA:515,0
DA:522,0
DA:544,0
DA:546,0
DA:547,0
DA:555,0
DA:557,0
DA:558,0
DA:574,0
DA:576,0
DA:598,0
DA:600,0
DA:602,0
DA:603,0
DA:605,0
DA:606,0
DA:607,0
DA:608,0
DA:610,0
DA:611,0
DA:615,0
DA:616,0
DA:622,0
DA:625,0
DA:627,0
DA:652,0
DA:654,0
DA:655,0
DA:658,0
DA:659,0
DA:661,0
DA:669,0
DA:683,0
DA:685,0
DA:686,0
DA:689,0
DA:691,0
DA:699,0
DA:715,0
DA:724,0
DA:727,0
DA:729,0
DA:737,0
DA:741,0
DA:743,0
DA:744,0
DA:745,0
DA:747,0
DA:748,0
DA:752,0
DA:769,0
DA:770,0
DA:772,0
DA:776,0
DA:783,0
DA:784,0
DA:786,0
DA:789,0
DA:790,0
DA:791,0
DA:797,0
DA:798,0
DA:806,0
DA:822,0
DA:823,0
DA:824,0
DA:829,0
DA:835,0
DA:842,0
DA:849,0
DA:850,0
DA:852,0
DA:853,0
DA:856,0
DA:857,0
DA:860,0
DA:873,0
DA:875,0
DA:899,0
DA:901,0
DA:902,0
DA:904,0
DA:905,0
DA:909,0
DA:921,0
DA:922,0
DA:930,0
DA:939,0
DA:945,0
DA:965,0
DA:967,0
DA:968,0
DA:970,0
DA:971,0
DA:973,0
DA:974,0
DA:975,0
DA:977,0
DA:978,0
DA:981,0
DA:993,0
DA:999,0
DA:1000,0
DA:1008,0
DA:1017,0
DA:1023,0
DA:1040,0
DA:1042,0
DA:1056,0
DA:1058,0
DA:1067,0
DA:1068,0
DA:1071,0
DA:1093,0
DA:1095,0
DA:1117,0
DA:1119,0
DA:1136,0
DA:1160,0
DA:1162,0
DA:1163,0
DA:1171,0
DA:1173,0
DA:1174,0
DA:1191,0
DA:1193,0
DA:1225,0
DA:1227,0
DA:1229,0
DA:1232,0
DA:1235,0
DA:1236,0
DA:1239,0
DA:1241,0
DA:1242,0
DA:1244,0
DA:1272,0
DA:1274,0
DA:1291,0
DA:1293,0
DA:1296,0
DA:1297,0
DA:1299,0
DA:1302,0
DA:1307,0
DA:1309,0
DA:1330,0
DA:1332,0
DA:1352,0
DA:1354,0
DA:1373,0
DA:1375,0
DA:1377,0
DA:1384,0
DA:1408,0
DA:1410,0
DA:1433,0
DA:1435,0
DA:1458,0
DA:1460,0
DA:1482,0
DA:1484,0
DA:1550,0
DA:1551,0
DA:1552,0
DA:1554,0
DA:1560,0
DA:1562,0
DA:1564,0
DA:1565,0
DA:1566,0
DA:1577,0
DA:1581,0
DA:1583,0
DA:1594,0
DA:1596,0
DA:1611,0
DA:1613,0
DA:1623,0
DA:1625,0
DA:1649,0
DA:1651,0
DA:1676,0
DA:1678,0
DA:1686,0
DA:1704,0
DA:1706,0
DA:1714,0
DA:1716,0
DA:1736,0
DA:1737,0
DA:1739,0
DA:1742,0
DA:1743,0
DA:1753,0
DA:1755,0
DA:1758,0
DA:1761,0
DA:1772,0
DA:1773,0
DA:1775,0
DA:1785,0
DA:1789,0
DA:1812,0
DA:1814,0
DA:1844,0
DA:1868,0
DA:1904,0
DA:1906,0
DA:1908,0
DA:1909,0
DA:1911,0
DA:1912,0
DA:1914,0
DA:1915,0
DA:1916,0
DA:1917,0
DA:1918,0
DA:1919,0
DA:1923,0
DA:1924,0
DA:1926,0
DA:1927,0
DA:1929,0
DA:1930,0
DA:1933,0
DA:1934,0
DA:1935,0
DA:1936,0
DA:1937,0
DA:1938,0
DA:1942,0
DA:1963,0
DA:1965,0
DA:1967,0
DA:1986,0
DA:1988,0
DA:2000,0
DA:2018,0
DA:2028,0
DA:2031,0
DA:2038,0
DA:2039,0
DA:2042,0
DA:2051,0
DA:2058,0
DA:2060,0
DA:2061,0
DA:2064,0
DA:2078,0
DA:2097,0
DA:2116,0
DA:2135,0
DA:2156,0
DA:2178,0
DA:2180,0
DA:2203,0
DA:2205,0
DA:2228,0
DA:2244,0
DA:2265,0
DA:2286,0
DA:2312,0
DA:2329,0
DA:2330,0
DA:2344,0
DA:2345,0
DA:2358,0
DA:2359,0
DA:2361,0
DA:2363,0
DA:2366,0
DA:2374,0
DA:2376,0
DA:2392,0
DA:2404,0
DA:2429,0
DA:2431,0
DA:2432,0
DA:2433,0
DA:2434,0
DA:2436,0
DA:2438,0
DA:2439,0
DA:2443,0
DA:2444,0
DA:2447,0
DA:2448,0
DA:2451,0
DA:2452,0
DA:2455,0
DA:2472,2
DA:2473,2
DA:2486,0
DA:2491,0
DA:2498,0
DA:2510,0
DA:2511,0
DA:2516,0
DA:2519,0
DA:2520,0
DA:2521,0
DA:2528,0
DA:2531,0
DA:2532,0
DA:2535,0
DA:2536,0
DA:2537,0
DA:2540,0
DA:2542,0
DA:2543,0
DA:2546,0
DA:2549,0
DA:2556,0
DA:2558,0
DA:2559,0
DA:2568,1
LF:407
LH:39
BRDA:19,0,0,1
BRDA:19,0,1,0
BRDA:27,1,0,0
BRDA:27,1,1,0
BRDA:46,2,0,0
BRDA:46,2,1,0
BRDA:46,2,2,0
BRDA:46,2,3,0
BRDA:46,2,4,0
BRDA:46,2,5,0
BRDA:80,3,0,0
BRDA:80,4,0,0
BRDA:80,5,0,1
BRDA:80,6,0,1
BRDA:84,7,0,0
BRDA:84,7,1,1
BRDA:91,8,0,0
BRDA:91,8,1,1
BRDA:209,9,0,0
BRDA:209,9,1,0
BRDA:236,10,0,0
BRDA:236,11,0,0
BRDA:236,12,0,0
BRDA:267,13,0,0
BRDA:267,13,1,0
BRDA:332,14,0,0
BRDA:332,14,1,0
BRDA:378,15,0,0
BRDA:379,16,0,0
BRDA:383,17,0,0
BRDA:383,17,1,0
BRDA:431,18,0,0
BRDA:431,18,1,0
BRDA:543,19,0,0
BRDA:555,20,0,0
BRDA:555,20,1,0
BRDA:557,21,0,0
BRDA:557,21,1,0
BRDA:573,22,0,0
BRDA:573,23,0,0
BRDA:595,24,0,0
BRDA:600,25,0,0
BRDA:600,25,1,0
BRDA:602,26,0,0
BRDA:602,26,1,0
BRDA:606,27,0,0
BRDA:606,27,1,0
BRDA:610,28,0,0
BRDA:610,28,1,0
BRDA:615,29,0,0
BRDA:615,29,1,0
BRDA:615,30,0,0
BRDA:615,30,1,0
BRDA:652,31,0,0
BRDA:652,31,1,0
BRDA:659,32,0,0
BRDA:659,32,1,0
BRDA:683,33,0,0
BRDA:683,33,1,0
BRDA:724,34,0,0
BRDA:724,34,1,0
BRDA:747,35,0,0
BRDA:747,35,1,0
BRDA:768,36,0,0
BRDA:768,37,0,0
BRDA:786,38,0,0
BRDA:786,38,1,0
BRDA:789,39,0,0
BRDA:789,39,1,0
BRDA:793,40,0,0
BRDA:793,40,1,0
BRDA:800,41,0,0
BRDA:800,41,1,0
BRDA:822,42,0,0
BRDA:822,42,1,0
BRDA:844,43,0,0
BRDA:844,43,1,0
BRDA:852,44,0,0
BRDA:852,44,1,0
BRDA:852,44,2,0
BRDA:852,44,3,0
BRDA:856,45,0,0
BRDA:856,45,1,0
BRDA:898,46,0,0
BRDA:921,47,0,0
BRDA:921,47,1,0
BRDA:964,48,0,0
BRDA:974,49,0,0
BRDA:974,49,1,0
BRDA:999,50,0,0
BRDA:999,50,1,0
BRDA:1039,51,0,0
BRDA:1040,52,0,0
BRDA:1040,52,1,0
BRDA:1040,53,0,0
BRDA:1040,53,1,0
BRDA:1073,54,0,0
BRDA:1073,54,1,0
BRDA:1093,55,0,0
BRDA:1093,55,1,0
BRDA:1159,56,0,0
BRDA:1159,57,0,0
BRDA:1160,58,0,0
BRDA:1160,58,1,0
BRDA:1171,59,0,0
BRDA:1171,59,1,0
BRDA:1173,60,0,0
BRDA:1173,60,1,0
BRDA:1222,61,0,0
BRDA:1225,62,0,0
BRDA:1225,62,1,0
BRDA:1227,63,0,0
BRDA:1227,63,1,0
BRDA:1271,64,0,0
BRDA:1290,65,0,0
BRDA:1291,66,0,0
BRDA:1291,66,1,0
BRDA:1296,67,0,0
BRDA:1296,67,1,0
BRDA:1297,68,0,0
BRDA:1297,68,1,0
BRDA:1352,69,0,0
BRDA:1352,69,1,0
BRDA:1407,70,0,0
BRDA:1407,71,0,0
BRDA:1432,72,0,0
BRDA:1432,73,0,0
BRDA:1457,74,0,0
BRDA:1482,75,0,0
BRDA:1482,75,1,0
BRDA:1648,76,0,0
BRDA:1649,77,0,0
BRDA:1649,77,1,0
BRDA:1676,78,0,0
BRDA:1676,78,1,0
BRDA:1703,79,0,0
BRDA:1704,80,0,0
BRDA:1704,80,1,0
BRDA:1716,81,0,0
BRDA:1716,81,1,0
BRDA:1716,82,0,0
BRDA:1716,82,1,0
BRDA:1735,83,0,0
BRDA:1737,84,0,0
BRDA:1737,84,1,0
BRDA:1737,84,2,0
BRDA:1739,85,0,0
BRDA:1739,85,1,0
BRDA:1742,86,0,0
BRDA:1742,86,1,0
BRDA:1753,87,0,0
BRDA:1753,87,1,0
BRDA:1785,88,0,0
BRDA:1785,88,1,0
BRDA:1843,89,0,0
BRDA:1843,90,0,0
BRDA:1843,91,0,0
BRDA:1867,92,0,0
BRDA:1867,93,0,0
BRDA:1867,94,0,0
BRDA:1903,95,0,0
BRDA:1903,96,0,0
BRDA:1903,97,0,0
BRDA:1908,98,0,0
BRDA:1908,98,1,0
BRDA:1911,99,0,0
BRDA:1911,99,1,0
BRDA:1911,100,0,0
BRDA:1911,100,1,0
BRDA:1912,101,0,0
BRDA:1912,101,1,0
BRDA:1914,102,0,0
BRDA:1914,102,1,0
BRDA:1916,103,0,0
BRDA:1916,103,1,0
BRDA:1918,104,0,0
BRDA:1918,104,1,0
BRDA:1923,105,0,0
BRDA:1923,105,1,0
BRDA:1926,106,0,0
BRDA:1926,106,1,0
BRDA:1929,107,0,0
BRDA:1929,107,1,0
BRDA:1929,108,0,0
BRDA:1929,108,1,0
BRDA:1933,109,0,0
BRDA:1933,109,1,0
BRDA:1935,110,0,0
BRDA:1935,110,1,0
BRDA:1937,111,0,0
BRDA:1937,111,1,0
BRDA:1962,112,0,0
BRDA:1962,113,0,0
BRDA:1963,114,0,0
BRDA:1963,114,1,0
BRDA:2028,115,0,0
BRDA:2028,115,1,0
BRDA:2038,116,0,0
BRDA:2038,116,1,0
BRDA:2058,117,0,0
BRDA:2058,117,1,0
BRDA:2178,118,0,0
BRDA:2178,118,1,0
BRDA:2202,119,0,0
BRDA:2243,120,0,0
BRDA:2264,121,0,0
BRDA:2285,122,0,0
BRDA:2330,123,0,0
BRDA:2330,123,1,0
BRDA:2343,124,0,0
BRDA:2361,125,0,0
BRDA:2361,125,1,0
BRDA:2361,126,0,0
BRDA:2361,126,1,0
BRDA:2374,127,0,0
BRDA:2374,127,1,0
BRDA:2391,128,0,0
BRDA:2391,129,0,0
BRDA:2428,130,0,0
BRDA:2428,131,0,0
BRDA:2431,132,0,0
BRDA:2431,132,1,0
BRDA:2432,133,0,0
BRDA:2432,133,1,0
BRDA:2438,134,0,0
BRDA:2438,134,1,0
BRDA:2443,135,0,0
BRDA:2443,135,1,0
BRDA:2447,136,0,0
BRDA:2447,136,1,0
BRDA:2451,137,0,0
BRDA:2451,137,1,0
BRDA:2516,138,0,0
BRDA:2516,138,1,0
BRDA:2519,139,0,0
BRDA:2519,139,1,0
BRDA:2535,140,0,0
BRDA:2535,140,1,0
BRDA:2536,141,0,0
BRDA:2536,141,1,0
BRDA:2542,142,0,0
BRDA:2542,142,1,0
BRDA:2558,143,0,0
BRDA:2558,143,1,0
BRF:244
BRH:5
end_of_record
TN:
SF:/Users/ktalmadge/dev/elv-client-js/src/ElvWallet.js
FN:13,(anonymous_0)
FN:27,(anonymous_1)
FN:46,(anonymous_2)
FN:65,(anonymous_3)
FN:87,(anonymous_4)
FN:110,(anonymous_5)
FN:134,(anonymous_6)
FN:152,(anonymous_7)
FN:162,(anonymous_8)
FNF:9
FNH:9
FNDA:2,(anonymous_0)
FNDA:2,(anonymous_1)
FNDA:2,(anonymous_2)
FNDA:3,(anonymous_3)
FNDA:9,(anonymous_4)
FNDA:2,(anonymous_5)
FNDA:1,(anonymous_6)
FNDA:3,(anonymous_7)
FNDA:1,(anonymous_8)
DA:1,1
DA:14,2
DA:15,2
DA:28,2
DA:47,2
DA:49,2
DA:66,3
DA:67,1
DA:70,3
DA:72,3
DA:88,9
DA:89,9
DA:91,9
DA:92,5
DA:95,9
DA:111,2
DA:113,2
DA:114,0
DA:117,2
DA:135,1
DA:137,1
DA:138,0
DA:141,1
DA:153,3
DA:163,1
DA:167,1
LF:26
LH:24
BRDA:66,0,0,1
BRDA:66,0,1,2
BRDA:91,1,0,5
BRDA:91,1,1,4
BRDA:111,2,0,2
BRDA:111,2,1,1
BRDA:113,3,0,0
BRDA:113,3,1,2
BRDA:135,4,0,1
BRDA:135,4,1,0
BRDA:137,5,0,0
BRDA:137,5,1,1
BRF:12
BRH:9
end_of_record
TN:
SF:/Users/ktalmadge/dev/elv-client-js/src/EthClient.js
FN:16,(anonymous_0)
FN:22,(anonymous_1)
FN:28,(anonymous_2)
FN:32,(anonymous_3)
FN:44,(anonymous_4)
FN:45,(anonymous_5)
FN:53,(anonymous_6)
FN:57,(anonymous_7)
FN:68,(anonymous_8)
FN:89,(anonymous_9)
FN:135,(anonymous_10)
FN:157,(anonymous_11)
FN:158,(anonymous_12)
FN:167,(anonymous_13)
FN:177,(anonymous_14)
FN:190,(anonymous_15)
FN:213,(anonymous_16)
FN:222,(anonymous_17)
FN:234,(anonymous_18)
FN:246,(anonymous_19)
FN:258,(anonymous_20)
FN:273,(anonymous_21)
FN:283,(anonymous_22)
FN:302,(anonymous_23)
FN:310,(anonymous_24)
FN:319,(anonymous_25)
FN:337,(anonymous_26)
FN:341,(anonymous_27)
FN:362,(anonymous_28)
FN:367,(anonymous_29)
FN:378,(anonymous_30)
FN:394,(anonymous_31)
FNF:32
FNH:1
FNDA:4,(anonymous_0)
FNDA:0,(anonymous_1)
FNDA:0,(anonymous_2)
FNDA:0,(anonymous_3)
FNDA:0,(anonymous_4)
FNDA:0,(anonymous_5)
FNDA:0,(anonymous_6)
FNDA:0,(anonymous_7)
FNDA:0,(anonymous_8)
FNDA:0,(anonymous_9)
FNDA:0,(anonymous_10)
FNDA:0,(anonymous_11)
FNDA:0,(anonymous_12)
FNDA:0,(anonymous_13)
FNDA:0,(anonymous_14)
FNDA:0,(anonymous_15)
FNDA:0,(anonymous_16)
FNDA:0,(anonymous_17)
FNDA:0,(anonymous_18)
FNDA:0,(anonymous_19)
FNDA:0,(anonymous_20)
FNDA:0,(anonymous_21)
FNDA:0,(anonymous_22)
FNDA:0,(anonymous_23)
FNDA:0,(anonymous_24)
FNDA:0,(anonymous_25)
FNDA:0,(anonymous_26)
FNDA:0,(anonymous_27)
FNDA:0,(anonymous_28)
FNDA:0,(anonymous_29)
FNDA:0,(anonymous_30)
FNDA:0,(anonymous_31)
DA:3,1
DA:4,1
DA:7,1
DA:8,1
DA:9,1
DA:11,1
DA:13,1
DA:17,4
DA:24,0
DA:25,0
DA:26,0
DA:28,0
DA:31,0
DA:32,0
DA:35,0
DA:37,0
DA:39,0
DA:45,0
DA:47,0
DA:50,0
DA:53,0
DA:58,0
DA:59,0
DA:62,0
DA:63,0
DA:75,0
DA:77,0
DA:79,0
DA:80,0
DA:82,0
DA:99,0
DA:101,0
DA:104,0
DA:106,0
DA:107,0
DA:108,0
DA:111,0
DA:112,0
DA:116,0
DA:117,0
DA:118,0
DA:119,0
DA:120,0
DA:122,0
DA:123,0
DA:124,0
DA:125,0
DA:127,0
DA:132,0
DA:143,0
DA:144,0
DA:147,0
DA:157,0
DA:158,0
DA:159,0
DA:164,0
DA:167,0
DA:168,0
DA:174,0
DA:178,0
DA:180,0
DA:181,0
DA:182,0
DA:183,0
DA:187,0
DA:199,0
DA:200,0
DA:202,0
DA:203,0
DA:205,0
DA:214,0
DA:223,0
DA:235,0
DA:247,0
DA:260,0
DA:262,0
DA:274,0
DA:284,0
DA:292,0
DA:303,0
DA:311,0
DA:317,0
DA:318,0
DA:320,0
DA:321,0
DA:326,0
DA:327,0
DA:333,0
DA:337,0
DA:342,0
DA:343,0
DA:344,0
DA:345,0
DA:346,0
DA:347,0
DA:348,0
DA:357,0
DA:363,0
DA:366,0
DA:367,0
DA:368,0
DA:372,0
DA:373,0
DA:374,0
DA:376,0
DA:377,0
DA:378,0
DA:379,0
DA:387,0
DA:390,0
DA:391,0
DA:393,0
DA:395,0
DA:396,0
DA:398,0
DA:406,0
DA:409,0
DA:413,1
LF:118
LH:9
BRDA:24,0,0,0
BRDA:24,0,1,0
BRDA:25,1,0,0
BRDA:25,1,1,0
BRDA:26,2,0,0
BRDA:26,2,1,0
BRDA:35,3,0,0
BRDA:35,3,1,0
BRDA:47,4,0,0
BRDA:47,4,1,0
BRDA:50,5,0,0
BRDA:50,5,1,0
BRDA:58,6,0,0
BRDA:58,6,1,0
BRDA:62,7,0,0
BRDA:62,7,1,0
BRDA:71,8,0,0
BRDA:72,9,0,0
BRDA:94,10,0,0
BRDA:96,11,0,0
BRDA:99,12,0,0
BRDA:99,12,1,0
BRDA:106,13,0,0
BRDA:106,13,1,0
BRDA:111,14,0,0
BRDA:111,14,1,0
BRDA:122,15,0,0
BRDA:122,15,1,0
BRDA:122,16,0,0
BRDA:122,16,1,0
BRDA:125,17,0,0
BRDA:125,17,1,0
BRDA:182,18,0,0
BRDA:182,18,1,0
BRDA:182,19,0,0
BRDA:182,19,1,0
BRDA:194,20,0,0
BRDA:260,21,0,0
BRDA:260,21,1,0
BRDA:283,22,0,0
BRDA:310,23,0,0
BRDA:310,24,0,0
BRDA:326,25,0,0
BRDA:326,25,1,0
BRDA:333,26,0,0
BRDA:333,26,1,0
BRDA:337,27,0,0
BRDA:337,27,1,0
BRDA:342,28,0,0
BRDA:342,28,1,0
BRDA:342,29,0,0
BRDA:342,29,1,0
BRDA:345,30,0,0
BRDA:345,30,1,0
BRDA:347,31,0,0
BRDA:347,31,1,0
BRDA:362,32,0,0
BRDA:368,33,0,0
BRDA:368,33,1,0
BRDA:376,34,0,0
BRDA:376,34,1,0
BRDA:390,35,0,0
BRDA:390,35,1,0
BRDA:395,36,0,0
BRDA:395,36,1,0
BRF:65
BRH:0
end_of_record
TN:
SF:/Users/ktalmadge/dev/elv-client-js/src/FrameClient.js
FN:35,(anonymous_0)
FN:43,(anonymous_1)
FN:60,(anonymous_2)
FN:90,(anonymous_3)
FN:95,(anonymous_4)
FN:114,(anonymous_5)
FN:135,(anonymous_6)
FN:136,(anonymous_7)
FN:141,(anonymous_8)
FN:147,(anonymous_9)
FN:159,(anonymous_10)
FN:180,(anonymous_11)
FN:212,(anonymous_12)
FN:226,(anonymous_13)
FN:308,(anonymous_14)
FNF:15
FNH:0
FNDA:0,(anonymous_0)
FNDA:0,(anonymous_1)
FNDA:0,(anonymous_2)
FNDA:0,(anonymous_3)
FNDA:0,(anonymous_4)
FNDA:0,(anonymous_5)
FNDA:0,(anonymous_6)
FNDA:0,(anonymous_7)
FNDA:0,(anonymous_8)
FNDA:0,(anonymous_9)
FNDA:0,(anonymous_10)
FNDA:0,(anonymous_11)
FNDA:0,(anonymous_12)
FNDA:0,(anonymous_13)
FNDA:0,(anonymous_14)
DA:1,0
DA:2,0
DA:36,0
DA:37,0
DA:39,0
DA:42,0
DA:43,0
DA:44,0
DA:45,0
DA:47,0
DA:57,0
DA:59,0
DA:60,0
DA:61,0
DA:62,0
DA:65,0
DA:66,0
DA:68,0
DA:92,0
DA:94,0
DA:95,0
DA:102,0
DA:104,0
DA:107,0
DA:115,0
DA:118,0
DA:120,0
DA:128,0
DA:129,0
DA:130,0
DA:131,0
DA:136,0
DA:141,0
DA:142,0
DA:143,0
DA:146,0
DA:147,0
DA:148,0
DA:150,0
DA:151,0
DA:158,0
DA:159,0
DA:160,0
DA:161,0
DA:163,0
DA:165,0
DA:166,0
DA:169,0
DA:172,0
DA:176,0
DA:180,0
DA:181,0
DA:182,0
DA:184,0
DA:185,0
DA:188,0
DA:189,0
DA:191,0
DA:194,0
DA:195,0
DA:197,0
DA:199,0
DA:200,0
DA:205,0
DA:207,0
DA:213,0
DA:227,0
DA:309,0
DA:328,0
LF:69
LH:0
BRDA:35,0,0,0
BRDA:35,1,0,0
BRDA:35,2,0,0
BRDA:44,3,0,0
BRDA:44,3,1,0
BRDA:45,4,0,0
BRDA:45,4,1,0
BRDA:61,5,0,0
BRDA:61,5,1,0
BRDA:61,6,0,0
BRDA:61,6,1,0
BRDA:65,7,0,0
BRDA:65,7,1,0
BRDA:66,8,0,0
BRDA:66,8,1,0
BRDA:94,9,0,0
BRDA:94,9,1,0
BRDA:114,10,0,0
BRDA:114,11,0,0
BRDA:118,12,0,0
BRDA:118,12,1,0
BRDA:128,13,0,0
BRDA:128,13,1,0
BRDA:129,14,0,0
BRDA:129,14,1,0
BRDA:130,15,0,0
BRDA:130,15,1,0
BRDA:142,16,0,0
BRDA:142,16,1,0
BRDA:146,17,0,0
BRDA:146,17,1,0
BRDA:151,18,0,0
BRDA:151,18,1,0
BRDA:158,19,0,0
BRDA:158,19,1,0
BRDA:165,20,0,0
BRDA:165,20,1,0
BRDA:165,21,0,0
BRDA:165,21,1,0
BRDA:184,22,0,0
BRDA:184,22,1,0
BRDA:184,23,0,0
BRDA:184,23,1,0
BRDA:188,24,0,0
BRDA:188,24,1,0
BRDA:195,25,0,0
BRDA:195,25,1,0
BRDA:200,26,0,0
BRDA:200,26,1,0
BRF:49
BRH:0
end_of_record
TN:
SF:/Users/ktalmadge/dev/elv-client-js/src/HttpClient.js
FN:1,(anonymous_0)
FN:10,(anonymous_1)
FN:14,(anonymous_2)
FN:25,(anonymous_3)
FN:48,(anonymous_4)
FN:59,(anonymous_5)
FNF:6
FNH:1
FNDA:0,(anonymous_0)
FNDA:1,(anonymous_1)
FNDA:0,(anonymous_2)
FNDA:0,(anonymous_3)
FNDA:0,(anonymous_4)
FNDA:0,(anonymous_5)
DA:1,1
DA:2,0
DA:3,0
DA:5,0
DA:11,1
DA:15,0
DA:16,0
DA:17,0
DA:19,0
DA:22,0
DA:26,0
DA:31,0
DA:36,0
DA:37,0
DA:38,0
DA:40,0
DA:44,0
DA:49,0
DA:60,0
DA:69,1
LF:20
LH:3
BRDA:1,0,0,0
BRDA:2,1,0,0
BRDA:2,1,1,0
BRDA:14,2,0,0
BRDA:16,3,0,0
BRDA:16,3,1,0
BRDA:25,4,0,0
BRDA:25,5,0,0
BRDA:25,6,0,0
BRDA:25,7,0,0
BRDA:36,8,0,0
BRDA:36,8,1,0
BRDA:36,9,0,0
BRDA:36,9,1,0
BRDA:37,10,0,0
BRDA:37,10,1,0
BRDA:59,11,0,0
BRF:17
BRH:0
end_of_record
TN:
SF:/Users/ktalmadge/dev/elv-client-js/src/Id.js
FN:6,(anonymous_0)
FNF:1
FNH:0
FNDA:0,(anonymous_0)
DA:3,0
DA:7,0
DA:8,0
DA:12,0
LF:4
LH:0
BRF:0
BRH:0
end_of_record
TN:
SF:/Users/ktalmadge/dev/elv-client-js/src/UserProfileClient.js
FN:4,(anonymous_0)
FN:63,(anonymous_1)
FN:77,(anonymous_2)
FN:105,(anonymous_3)
FN:115,(anonymous_4)
FN:119,(anonymous_5)
FN:131,(anonymous_6)
FN:143,(anonymous_7)
FN:159,(anonymous_8)
FN:179,(anonymous_9)
FN:200,(anonymous_10)
FN:219,(anonymous_11)
FN:239,(anonymous_12)
FN:255,(anonymous_13)
FN:274,(anonymous_14)
FN:292,(anonymous_15)
FN:307,(anonymous_16)
FN:333,(anonymous_17)
FN:338,(anonymous_18)
FN:347,(anonymous_19)
FN:383,(anonymous_20)
FN:435,(anonymous_21)
FN:438,(anonymous_22)
FN:441,(anonymous_23)
FN:455,(anonymous_24)
FN:463,(anonymous_25)
FN:472,(anonymous_26)
FN:484,(anonymous_27)
FNF:28
FNH:1
FNDA:0,(anonymous_0)
FNDA:4,(anonymous_1)
FNDA:0,(anonymous_2)
FNDA:0,(anonymous_3)
FNDA:0,(anonymous_4)
FNDA:0,(anonymous_5)
FNDA:0,(anonymous_6)
FNDA:0,(anonymous_7)
FNDA:0,(anonymous_8)
FNDA:0,(anonymous_9)
FNDA:0,(anonymous_10)
FNDA:0,(anonymous_11)
FNDA:0,(anonymous_12)
FNDA:0,(anonymous_13)
FNDA:0,(anonymous_14)
FNDA:0,(anonymous_15)
FNDA:0,(anonymous_16)
FNDA:0,(anonymous_17)
FNDA:0,(anonymous_18)
FNDA:0,(anonymous_19)
FNDA:0,(anonymous_20)
FNDA:0,(anonymous_21)
FNDA:0,(anonymous_22)
FNDA:0,(anonymous_23)
FNDA:0,(anonymous_24)
FNDA:0,(anonymous_25)
FNDA:0,(anonymous_26)
FNDA:0,(anonymous_27)
DA:1,1
DA:2,1
DA:4,1
DA:5,0
DA:7,0
DA:8,0
DA:13,0
DA:16,0
DA:64,4
DA:78,0
DA:79,0
DA:83,0
DA:89,0
DA:96,0
DA:97,0
DA:98,0
DA:101,0
DA:106,0
DA:107,0
DA:108,0
DA:116,0
DA:118,0
DA:119,0
DA:132,0
DA:144,0
DA:146,0
DA:160,0
DA:161,0
DA:164,0
DA:167,0
DA:168,0
DA:170,0
DA:180,0
DA:182,0
DA:184,0
DA:187,0
DA:188,0
DA:201,0
DA:203,0
DA:204,0
DA:206,0
DA:207,0
DA:220,0
DA:222,0
DA:224,0
DA:240,0
DA:241,0
DA:243,0
DA:245,0
DA:256,0
DA:257,0
DA:259,0
DA:261,0
DA:263,0
DA:264,0
DA:275,0
DA:276,0
DA:278,0
DA:280,0
DA:282,0
DA:283,0
DA:293,0
DA:294,0
DA:296,0
DA:298,0
DA:300,0
DA:301,0
DA:308,0
DA:309,0
DA:312,0
DA:313,0
DA:315,0
DA:334,0
DA:339,0
DA:340,0
DA:343,0
DA:348,0
DA:350,0
DA:351,0
DA:355,0
DA:356,0
DA:358,0
DA:359,0
DA:362,0
DA:363,0
DA:371,0
DA:379,0
DA:380,0
DA:381,0
DA:383,0
DA:384,0
DA:386,0
DA:387,0
DA:390,0
DA:398,0
DA:407,0
DA:436,0
DA:438,0
DA:439,0
DA:441,0
DA:442,0
DA:443,0
DA:444,0
DA:446,0
DA:454,0
DA:455,0
DA:456,0
DA:459,0
DA:464,0
DA:473,0
DA:483,0
DA:484,0
DA:488,1
LF:113
LH:5
BRDA:7,0,0,0
BRDA:7,0,1,0
BRDA:77,1,0,0
BRDA:77,2,0,0
BRDA:77,3,0,0
BRDA:78,4,0,0
BRDA:78,4,1,0
BRDA:96,5,0,0
BRDA:96,5,1,0
BRDA:106,6,0,0
BRDA:106,6,1,0
BRDA:107,7,0,0
BRDA:107,7,1,0
BRDA:132,8,0,0
BRDA:132,8,1,0
BRDA:144,9,0,0
BRDA:144,9,1,0
BRDA:164,10,0,0
BRDA:164,10,1,0
BRDA:168,11,0,0
BRDA:168,11,1,0
BRDA:200,12,0,0
BRDA:206,13,0,0
BRDA:206,13,1,0
BRDA:219,14,0,0
BRDA:219,15,0,0
BRDA:239,16,0,0
BRDA:239,17,0,0
BRDA:255,18,0,0
BRDA:255,19,0,0
BRDA:274,20,0,0
BRDA:274,21,0,0
BRDA:292,22,0,0
BRDA:308,23,0,0
BRDA:308,23,1,0
BRDA:334,24,0,0
BRDA:334,24,1,0
BRDA:350,25,0,0
BRDA:350,25,1,0
BRDA:356,26,0,0
BRDA:356,26,1,0
BRDA:379,27,0,0
BRDA:379,27,1,0
BRDA:379,28,0,0
BRDA:379,28,1,0
BRDA:384,29,0,0
BRDA:384,29,1,0
BRDA:442,30,0,0
BRDA:442,30,1,0
BRF:49
BRH:0
end_of_record
TN:
SF:/Users/ktalmadge/dev/elv-client-js/src/Utils.js
FN:25,(anonymous_0)
FN:39,(anonymous_1)
FN:50,(anonymous_2)
FN:64,(anonymous_3)
FN:76,(anonymous_4)
FN:87,(anonymous_5)
FN:98,(anonymous_6)
FN:109,(anonymous_7)
FN:123,(anonymous_8)
FN:138,(anonymous_9)
FN:139,(anonymous_10)
FN:146,(anonymous_11)
FN:158,(anonymous_12)
FN:178,(anonymous_13)
FN:197,(anonymous_14)
FNF:15
FNH:0
FNDA:0,(anonymous_0)
FNDA:0,(anonymous_1)
FNDA:0,(anonymous_2)
FNDA:0,(anonymous_3)
FNDA:0,(anonymous_4)
FNDA:0,(anonymous_5)
FNDA:0,(anonymous_6)
FNDA:0,(anonymous_7)
FNDA:0,(anonymous_8)
FNDA:0,(anonymous_9)
FNDA:0,(anonymous_10)
FNDA:0,(anonymous_11)
FNDA:0,(anonymous_12)
FNDA:0,(anonymous_13)
FNDA:0,(anonymous_14)
DA:1,1
DA:2,1
DA:12,1
DA:26,0
DA:27,0
DA:40,0
DA:51,0
DA:53,0
DA:54,0
DA:65,0
DA:66,0
DA:77,0
DA:88,0
DA:99,0
DA:110,0
DA:111,0
DA:124,0
DA:125,0
DA:128,0
DA:139,0
DA:140,0
DA:143,0
DA:148,0
DA:149,0
DA:159,0
DA:161,0
DA:164,0
DA:175,0
DA:178,0
DA:180,0
DA:183,0
DA:185,0
DA:198,0
DA:202,1
LF:34
LH:4
BRDA:51,0,0,0
BRDA:51,0,1,0
BRDA:51,1,0,0
BRDA:51,1,1,0
BRDA:53,2,0,0
BRDA:53,2,1,0
BRDA:124,3,0,0
BRDA:124,3,1,0
BRDA:124,4,0,0
BRDA:124,4,1,0
BRDA:159,5,0,0
BRDA:159,5,1,0
BRDA:164,6,0,0
BRDA:164,6,1,0
BRDA:164,6,2,0
BRDA:164,6,3,0
BRDA:164,6,4,0
BRDA:164,6,5,0
BRDA:164,6,6,0
BRDA:164,6,7,0
BRDA:164,6,8,0
BRDA:164,6,9,0
BRDA:164,6,10,0
BRDA:164,6,11,0
BRDA:164,6,12,0
BRDA:164,6,13,0
BRDA:164,6,14,0
BRDA:180,7,0,0
BRDA:180,7,1,0
BRDA:198,8,0,0
BRDA:198,8,1,0
BRF:31
BRH:0
end_of_record
